Building DAG of jobs...
Full Traceback (most recent call last):
  File "/opt/miniconda3/envs/snakemake/lib/python3.10/site-packages/snakemake/__init__.py", line 699, in snakemake
    success = workflow.execute(
  File "/opt/miniconda3/envs/snakemake/lib/python3.10/site-packages/snakemake/workflow.py", line 763, in execute
    dag.init()
  File "/opt/miniconda3/envs/snakemake/lib/python3.10/site-packages/snakemake/dag.py", line 179, in init
    job = self.update([job], progress=progress, create_inventory=True)
  File "/opt/miniconda3/envs/snakemake/lib/python3.10/site-packages/snakemake/dag.py", line 801, in update
    raise exceptions[0]
  File "/opt/miniconda3/envs/snakemake/lib/python3.10/site-packages/snakemake/dag.py", line 759, in update
    self.update_(
  File "/opt/miniconda3/envs/snakemake/lib/python3.10/site-packages/snakemake/dag.py", line 920, in update_
    raise MissingInputException(job.rule, missing_input)
snakemake.exceptions.MissingInputException: Missing input files for rule all:
test/qc/lib002_collect_wgs_metrics.txt
test/qc/lib001_collect_wgs_metrics.txt
test/qc/lib004_collect_wgs_metrics.txt
test/qc/lib003_collect_wgs_metrics.txt

MissingInputException in line 12 of /home/jeszyman/repos/cfdna-wgs/workflow/int_test.smk:
Missing input files for rule all:
test/qc/lib002_collect_wgs_metrics.txt
test/qc/lib001_collect_wgs_metrics.txt
test/qc/lib004_collect_wgs_metrics.txt
test/qc/lib003_collect_wgs_metrics.txt
unlocking
removed all locks
