Building DAG of jobs...
Using shell: /bin/bash
Provided cores: 4
Rules claiming more threads will be scaled down.
Job stats:
job      count    min threads    max threads
-----  -------  -------------  -------------
all          1              1              1
test         1              1              1
total        2              1              1

Select jobs to execute...

[Tue Apr 12 09:00:01 2022]
rule test:
    output: test/tmp2/banana2.txt
    jobid: 2
    wildcards: f=banana2
    resources: tmpdir=/tmp

[Tue Apr 12 09:00:01 2022]
Finished job 2.
1 of 2 steps (50%) done
Select jobs to execute...

[Tue Apr 12 09:00:01 2022]
localrule all:
    input: test/tmp2/apple2.txt, test/tmp2/banana2.txt
    jobid: 0
    resources: tmpdir=/tmp

[Tue Apr 12 09:00:01 2022]
Finished job 0.
2 of 2 steps (100%) done
Complete log: /home/jeszyman/repos/mpnst-preprocessing/.snakemake/log/2022-04-12T090001.020672.snakemake.log
