Building DAG of jobs...
Using shell: /bin/bash
Provided cores: 4
Rules claiming more threads will be scaled down.
Job stats:
job                   count    min threads    max threads
------------------  -------  -------------  -------------
read_preprocessing        1              1              1
total                     1              1              1

Select jobs to execute...

[Thu Apr  7 12:22:22 2022]
rule read_preprocessing:
    input: test/fastq/mpnst1_R1.fastq.gz, test/fastq/mpnst1_R2.fastq.gz
    output: test/processed-fastq/mpnst1_proc_R1.fastq.gz, test/processed-fastq/mpnst1_proc_R2.fastq.gz, test/unpaired-fastq/mpnst1_unpr_R1.fastq.gz, test/unpaired-fastq/mpnst1_unpr_R2.fastq.gz
    log: /home/jeszyman/repos/mpnst-preprocessing/test/logs/test.txt
    jobid: 0
    resources: tmpdir=/tmp

Activating singularity image /home/jeszyman/sing_containers/biotools.sif
Waiting at most 5 seconds for missing files.
MissingOutputException in line 4 of /home/jeszyman/repos/mpnst-preprocessing/workflow/read_qc.smk:
Job Missing files after 5 seconds:
test/processed-fastq/mpnst1_proc_R1.fastq.gz
test/processed-fastq/mpnst1_proc_R2.fastq.gz
test/unpaired-fastq/mpnst1_unpr_R1.fastq.gz
test/unpaired-fastq/mpnst1_unpr_R2.fastq.gz
This might be due to filesystem latency. If that is the case, consider to increase the wait time with --latency-wait.
Job id: 0 completed successfully, but some output files are missing. 0
Shutting down, this might take some time.
Exiting because a job execution failed. Look above for error message
Complete log: /home/jeszyman/repos/mpnst-preprocessing/.snakemake/log/2022-04-07T122222.391080.snakemake.log
