Building DAG of jobs...
Using shell: /bin/bash
Provided cores: 8
Rules claiming more threads will be scaled down.
Job stats:
job            count    min threads    max threads
-----------  -------  -------------  -------------
align              4              1              1
all                1              1              1
fastqc_proc        8              1              1
fastqc_raw         8              1              1
trimmomatic        4              1              1
total             25              1              1

Select jobs to execute...

[Thu Apr  7 15:21:31 2022]
rule trimmomatic:
    input: test/fastq/mpnst2_R1.fastq.gz, test/fastq/mpnst2_R2.fastq.gz
    output: test/processed-fastq/mpnst2_proc_R1.fastq.gz, test/unpaired-fastq/mpnst2_unpr_R1.fastq.gz, test/processed-fastq/mpnst2_proc_R2.fastq.gz, test/unpaired-fastq/mpnst2_unpr_R2.fastq.gz
    log: test/logs/trimmomatic_trimlog_mpnst2.log, test/logs/trimmomatic_mpnst2.log
    jobid: 4
    wildcards: fq_id=mpnst2
    resources: tmpdir=/tmp

Activating singularity image /home/jeszyman/sing_containers/biotools.sif

[Thu Apr  7 15:21:31 2022]
rule fastqc_raw:
    input: test/fastq/plex2_R2.fastq.gz
    output: test/qc/plex2_R2_fastqc.html, test/qc/plex2_R2_fastqc.zip
    log: test/logs/fastqc_raw_plex2_R2.log
    jobid: 6
    wildcards: fq_id=plex2, read=R2
    resources: tmpdir=/tmp

Activating singularity image /home/jeszyman/sing_containers/biotools.sif

[Thu Apr  7 15:21:31 2022]
rule trimmomatic:
    input: test/fastq/plex1_R1.fastq.gz, test/fastq/plex1_R2.fastq.gz
    output: test/processed-fastq/plex1_proc_R1.fastq.gz, test/unpaired-fastq/plex1_unpr_R1.fastq.gz, test/processed-fastq/plex1_proc_R2.fastq.gz, test/unpaired-fastq/plex1_unpr_R2.fastq.gz
    log: test/logs/trimmomatic_trimlog_plex1.log, test/logs/trimmomatic_plex1.log
    jobid: 2
    wildcards: fq_id=plex1
    resources: tmpdir=/tmp


Activating singularity image /home/jeszyman/sing_containers/biotools.sif
[Thu Apr  7 15:21:31 2022]
rule fastqc_raw:
    input: test/fastq/mpnst1_R1.fastq.gz
    output: test/qc/mpnst1_R1_fastqc.html, test/qc/mpnst1_R1_fastqc.zip
    log: test/logs/fastqc_raw_mpnst1_R1.log
    jobid: 9
    wildcards: fq_id=mpnst1, read=R1
    resources: tmpdir=/tmp

Activating singularity image /home/jeszyman/sing_containers/biotools.sif

[Thu Apr  7 15:21:31 2022]
rule fastqc_raw:
    input: test/fastq/mpnst2_R1.fastq.gz
    output: test/qc/mpnst2_R1_fastqc.html, test/qc/mpnst2_R1_fastqc.zip
    log: test/logs/fastqc_raw_mpnst2_R1.log
    jobid: 11
    wildcards: fq_id=mpnst2, read=R1
    resources: tmpdir=/tmp


[Thu Apr  7 15:21:31 2022]
rule fastqc_raw:
    input: test/fastq/plex1_R2.fastq.gz
    output: test/qc/plex1_R2_fastqc.html, test/qc/plex1_R2_fastqc.zip
    log: test/logs/fastqc_raw_plex1_R2.log
    jobid: 8
    wildcards: fq_id=plex1, read=R2
    resources: tmpdir=/tmp

Activating singularity image /home/jeszyman/sing_containers/biotools.sif
Activating singularity image /home/jeszyman/sing_containers/biotools.sif

[Thu Apr  7 15:21:31 2022]
rule fastqc_raw:
    input: test/fastq/plex1_R1.fastq.gz
    output: test/qc/plex1_R1_fastqc.html, test/qc/plex1_R1_fastqc.zip
    log: test/logs/fastqc_raw_plex1_R1.log
    jobid: 7
    wildcards: fq_id=plex1, read=R1
    resources: tmpdir=/tmp

Activating singularity image /home/jeszyman/sing_containers/biotools.sif

[Thu Apr  7 15:21:31 2022]
rule trimmomatic:
    input: test/fastq/plex2_R1.fastq.gz, test/fastq/plex2_R2.fastq.gz
    output: test/processed-fastq/plex2_proc_R1.fastq.gz, test/unpaired-fastq/plex2_unpr_R1.fastq.gz, test/processed-fastq/plex2_proc_R2.fastq.gz, test/unpaired-fastq/plex2_unpr_R2.fastq.gz
    log: test/logs/trimmomatic_trimlog_plex2.log, test/logs/trimmomatic_plex2.log
    jobid: 1
    wildcards: fq_id=plex2
    resources: tmpdir=/tmp

Activating singularity image /home/jeszyman/sing_containers/biotools.sif
[Thu Apr  7 15:21:35 2022]
Finished job 4.
1 of 25 steps (4%) done
Select jobs to execute...

[Thu Apr  7 15:21:35 2022]
rule fastqc_raw:
    input: test/fastq/mpnst2_R2.fastq.gz
    output: test/qc/mpnst2_R2_fastqc.html, test/qc/mpnst2_R2_fastqc.zip
    log: test/logs/fastqc_raw_mpnst2_R2.log
    jobid: 12
    wildcards: fq_id=mpnst2, read=R2
    resources: tmpdir=/tmp

Activating singularity image /home/jeszyman/sing_containers/biotools.sif
[Thu Apr  7 15:21:36 2022]
Finished job 2.
2 of 25 steps (8%) done
Select jobs to execute...

[Thu Apr  7 15:21:36 2022]
rule fastqc_proc:
    input: test/processed-fastq/plex1_proc_R2.fastq.gz
    output: test/qc/plex1_proc_R2_fastqc.html, test/qc/plex1_proc_R2_fastqc.zip
    log: test/logs/fastqc_raw_plex1_R2.log
    jobid: 16
    wildcards: fq_id=plex1, read=R2
    resources: tmpdir=/tmp

Activating singularity image /home/jeszyman/sing_containers/biotools.sif
[Thu Apr  7 15:21:36 2022]
Finished job 1.
3 of 25 steps (12%) done
Select jobs to execute...

[Thu Apr  7 15:21:36 2022]
rule fastqc_proc:
    input: test/processed-fastq/plex2_proc_R2.fastq.gz
    output: test/qc/plex2_proc_R2_fastqc.html, test/qc/plex2_proc_R2_fastqc.zip
    log: test/logs/fastqc_raw_plex2_R2.log
    jobid: 14
    wildcards: fq_id=plex2, read=R2
    resources: tmpdir=/tmp

Activating singularity image /home/jeszyman/sing_containers/biotools.sif
[Thu Apr  7 15:21:37 2022]
Finished job 6.
4 of 25 steps (16%) done
Select jobs to execute...

[Thu Apr  7 15:21:37 2022]
rule align:
    input: test/processed-fastq/plex2_proc_R1.fastq.gz, test/processed-fastq/plex2_proc_R2.fastq.gz
    output: test/bam/plex2.sam
    log: test/logs/align_plex2.log
    jobid: 21
    wildcards: fq_id=plex2
    resources: tmpdir=/tmp

RuleException in line 77 of /home/jeszyman/repos/mpnst-preprocessing/workflow/read_qc.smk:
NameError: The name 'fq_id' is unknown in this context. Did you mean 'wildcards.fq_id'?
