Building DAG of jobs...
Using shell: /bin/bash
Provided cores: 8
Rules claiming more threads will be scaled down.
Job stats:
job            count    min threads    max threads
-----------  -------  -------------  -------------
align              4              1              1
all                1              1              1
fastqc_proc        8              1              1
fastqc_raw         8              1              1
trimmomatic        4              1              1
total             25              1              1

Select jobs to execute...

[Thu Apr  7 15:23:35 2022]
rule trimmomatic:
    input: test/fastq/mpnst2_R1.fastq.gz, test/fastq/mpnst2_R2.fastq.gz
    output: test/processed-fastq/mpnst2_proc_R1.fastq.gz, test/unpaired-fastq/mpnst2_unpr_R1.fastq.gz, test/processed-fastq/mpnst2_proc_R2.fastq.gz, test/unpaired-fastq/mpnst2_unpr_R2.fastq.gz
    log: test/logs/trimmomatic_trimlog_mpnst2.log, test/logs/trimmomatic_mpnst2.log
    jobid: 4
    wildcards: fq_id=mpnst2
    resources: tmpdir=/tmp

Activating singularity image /home/jeszyman/sing_containers/biotools.sif

[Thu Apr  7 15:23:35 2022]
rule fastqc_raw:
    input: test/fastq/plex2_R2.fastq.gz
    output: test/qc/plex2_R2_fastqc.html, test/qc/plex2_R2_fastqc.zip
    log: test/logs/fastqc_raw_plex2_R2.log
    jobid: 6
    wildcards: fq_id=plex2, read=R2
    resources: tmpdir=/tmp

Activating singularity image /home/jeszyman/sing_containers/biotools.sif

[Thu Apr  7 15:23:35 2022]
rule trimmomatic:
    input: test/fastq/plex1_R1.fastq.gz, test/fastq/plex1_R2.fastq.gz
    output: test/processed-fastq/plex1_proc_R1.fastq.gz, test/unpaired-fastq/plex1_unpr_R1.fastq.gz, test/processed-fastq/plex1_proc_R2.fastq.gz, test/unpaired-fastq/plex1_unpr_R2.fastq.gz
    log: test/logs/trimmomatic_trimlog_plex1.log, test/logs/trimmomatic_plex1.log
    jobid: 2
    wildcards: fq_id=plex1
    resources: tmpdir=/tmp


Activating singularity image /home/jeszyman/sing_containers/biotools.sif
[Thu Apr  7 15:23:35 2022]
rule fastqc_raw:
    input: test/fastq/mpnst1_R1.fastq.gz
    output: test/qc/mpnst1_R1_fastqc.html, test/qc/mpnst1_R1_fastqc.zip
    log: test/logs/fastqc_raw_mpnst1_R1.log
    jobid: 9
    wildcards: fq_id=mpnst1, read=R1
    resources: tmpdir=/tmp

Activating singularity image /home/jeszyman/sing_containers/biotools.sif

[Thu Apr  7 15:23:35 2022]
rule fastqc_raw:
    input: test/fastq/mpnst2_R1.fastq.gz
    output: test/qc/mpnst2_R1_fastqc.html, test/qc/mpnst2_R1_fastqc.zip
    log: test/logs/fastqc_raw_mpnst2_R1.log
    jobid: 11
    wildcards: fq_id=mpnst2, read=R1
    resources: tmpdir=/tmp

Activating singularity image /home/jeszyman/sing_containers/biotools.sif

[Thu Apr  7 15:23:35 2022]
rule fastqc_raw:
    input: test/fastq/plex1_R2.fastq.gz
    output: test/qc/plex1_R2_fastqc.html, test/qc/plex1_R2_fastqc.zip
    log: test/logs/fastqc_raw_plex1_R2.log
    jobid: 8
    wildcards: fq_id=plex1, read=R2
    resources: tmpdir=/tmp

Activating singularity image /home/jeszyman/sing_containers/biotools.sif

[Thu Apr  7 15:23:35 2022]
rule fastqc_raw:
    input: test/fastq/plex1_R1.fastq.gz
    output: test/qc/plex1_R1_fastqc.html, test/qc/plex1_R1_fastqc.zip
    log: test/logs/fastqc_raw_plex1_R1.log
    jobid: 7
    wildcards: fq_id=plex1, read=R1
    resources: tmpdir=/tmp

Activating singularity image /home/jeszyman/sing_containers/biotools.sif

[Thu Apr  7 15:23:35 2022]
rule trimmomatic:
    input: test/fastq/plex2_R1.fastq.gz, test/fastq/plex2_R2.fastq.gz
    output: test/processed-fastq/plex2_proc_R1.fastq.gz, test/unpaired-fastq/plex2_unpr_R1.fastq.gz, test/processed-fastq/plex2_proc_R2.fastq.gz, test/unpaired-fastq/plex2_unpr_R2.fastq.gz
    log: test/logs/trimmomatic_trimlog_plex2.log, test/logs/trimmomatic_plex2.log
    jobid: 1
    wildcards: fq_id=plex2
    resources: tmpdir=/tmp

Activating singularity image /home/jeszyman/sing_containers/biotools.sif
Terminating processes on user request, this might take some time.
[Thu Apr  7 15:23:36 2022]
Error in rule fastqc_raw:
    jobid: 6
    output: test/qc/plex2_R2_fastqc.html, test/qc/plex2_R2_fastqc.zip
    log: test/logs/fastqc_raw_plex2_R2.log (check log file(s) for error message)
    shell:
        
	fastqc --outdir test/qc 	--quiet 	--threads 4 test/fastq/plex2_R2.fastq.gz &> test/logs/fastqc_raw_plex2_R2.log
        
        (one of the commands exited with non-zero exit code; note that snakemake uses bash strict mode!)

[Thu Apr  7 15:23:37 2022]
Error in rule trimmomatic:
    jobid: 1
    output: test/processed-fastq/plex2_proc_R1.fastq.gz, test/unpaired-fastq/plex2_unpr_R1.fastq.gz, test/processed-fastq/plex2_proc_R2.fastq.gz, test/unpaired-fastq/plex2_unpr_R2.fastq.gz
    log: test/logs/trimmomatic_trimlog_plex2.log, test/logs/trimmomatic_plex2.log (check log file(s) for error message)
    shell:
        
        workflow/scripts/trimmomatic.sh         4         test/logs/trimmomatic_trimlog_plex2.log         test/fastq/plex2_R1.fastq.gz         test/fastq/plex2_R2.fastq.gz         test/processed-fastq/plex2_proc_R1.fastq.gz         test/unpaired-fastq/plex2_unpr_R1.fastq.gz         test/processed-fastq/plex2_proc_R2.fastq.gz         test/unpaired-fastq/plex2_unpr_R2.fastq.gz         test/inputs/TruSeq3-PE.fa &> test/logs/trimmomatic_plex2.log
        
        (one of the commands exited with non-zero exit code; note that snakemake uses bash strict mode!)

[Thu Apr  7 15:23:37 2022]
Error in rule fastqc_raw:
    jobid: 7
    output: test/qc/plex1_R1_fastqc.html, test/qc/plex1_R1_fastqc.zip
    log: test/logs/fastqc_raw_plex1_R1.log (check log file(s) for error message)
    shell:
        
	fastqc --outdir test/qc 	--quiet 	--threads 4 test/fastq/plex1_R1.fastq.gz &> test/logs/fastqc_raw_plex1_R1.log
        
        (one of the commands exited with non-zero exit code; note that snakemake uses bash strict mode!)
[Thu Apr  7 15:23:37 2022]

[Thu Apr  7 15:23:37 2022]
[Thu Apr  7 15:23:37 2022]
Error in rule fastqc_raw:
[Thu Apr  7 15:23:37 2022]
Error in rule trimmomatic:
Error in rule fastqc_raw:
[Thu Apr  7 15:23:37 2022]
    jobid: 9
Error in rule trimmomatic:
    jobid: 4
    jobid: 11
Error in rule fastqc_raw:
    output: test/qc/mpnst1_R1_fastqc.html, test/qc/mpnst1_R1_fastqc.zip
    jobid: 2
    output: test/processed-fastq/mpnst2_proc_R1.fastq.gz, test/unpaired-fastq/mpnst2_unpr_R1.fastq.gz, test/processed-fastq/mpnst2_proc_R2.fastq.gz, test/unpaired-fastq/mpnst2_unpr_R2.fastq.gz
    output: test/qc/mpnst2_R1_fastqc.html, test/qc/mpnst2_R1_fastqc.zip
    jobid: 8
    log: test/logs/fastqc_raw_mpnst1_R1.log (check log file(s) for error message)
    output: test/processed-fastq/plex1_proc_R1.fastq.gz, test/unpaired-fastq/plex1_unpr_R1.fastq.gz, test/processed-fastq/plex1_proc_R2.fastq.gz, test/unpaired-fastq/plex1_unpr_R2.fastq.gz
    log: test/logs/trimmomatic_trimlog_mpnst2.log, test/logs/trimmomatic_mpnst2.log (check log file(s) for error message)
    log: test/logs/fastqc_raw_mpnst2_R1.log (check log file(s) for error message)
    output: test/qc/plex1_R2_fastqc.html, test/qc/plex1_R2_fastqc.zip
    shell:
        
	fastqc --outdir test/qc 	--quiet 	--threads 4 test/fastq/mpnst1_R1.fastq.gz &> test/logs/fastqc_raw_mpnst1_R1.log
        
        (one of the commands exited with non-zero exit code; note that snakemake uses bash strict mode!)
    log: test/logs/trimmomatic_trimlog_plex1.log, test/logs/trimmomatic_plex1.log (check log file(s) for error message)
    shell:
        
        workflow/scripts/trimmomatic.sh         4         test/logs/trimmomatic_trimlog_mpnst2.log         test/fastq/mpnst2_R1.fastq.gz         test/fastq/mpnst2_R2.fastq.gz         test/processed-fastq/mpnst2_proc_R1.fastq.gz         test/unpaired-fastq/mpnst2_unpr_R1.fastq.gz         test/processed-fastq/mpnst2_proc_R2.fastq.gz         test/unpaired-fastq/mpnst2_unpr_R2.fastq.gz         test/inputs/TruSeq3-PE.fa &> test/logs/trimmomatic_mpnst2.log
        
        (one of the commands exited with non-zero exit code; note that snakemake uses bash strict mode!)
    shell:
        
	fastqc --outdir test/qc 	--quiet 	--threads 4 test/fastq/mpnst2_R1.fastq.gz &> test/logs/fastqc_raw_mpnst2_R1.log
        
        (one of the commands exited with non-zero exit code; note that snakemake uses bash strict mode!)
    log: test/logs/fastqc_raw_plex1_R2.log (check log file(s) for error message)

    shell:
        
        workflow/scripts/trimmomatic.sh         4         test/logs/trimmomatic_trimlog_plex1.log         test/fastq/plex1_R1.fastq.gz         test/fastq/plex1_R2.fastq.gz         test/processed-fastq/plex1_proc_R1.fastq.gz         test/unpaired-fastq/plex1_unpr_R1.fastq.gz         test/processed-fastq/plex1_proc_R2.fastq.gz         test/unpaired-fastq/plex1_unpr_R2.fastq.gz         test/inputs/TruSeq3-PE.fa &> test/logs/trimmomatic_plex1.log
        
        (one of the commands exited with non-zero exit code; note that snakemake uses bash strict mode!)


    shell:
        
	fastqc --outdir test/qc 	--quiet 	--threads 4 test/fastq/plex1_R2.fastq.gz &> test/logs/fastqc_raw_plex1_R2.log
        
        (one of the commands exited with non-zero exit code; note that snakemake uses bash strict mode!)

Removing output files of failed job trimmomatic since they might be corrupted:
test/processed-fastq/mpnst2_proc_R1.fastq.gz, test/unpaired-fastq/mpnst2_unpr_R1.fastq.gz, test/processed-fastq/mpnst2_proc_R2.fastq.gz, test/unpaired-fastq/mpnst2_unpr_R2.fastq.gz

Removing output files of failed job trimmomatic since they might be corrupted:
test/processed-fastq/plex1_proc_R1.fastq.gz, test/unpaired-fastq/plex1_unpr_R1.fastq.gz, test/processed-fastq/plex1_proc_R2.fastq.gz, test/unpaired-fastq/plex1_unpr_R2.fastq.gz
Complete log: /home/jeszyman/repos/mpnst-preprocessing/.snakemake/log/2022-04-07T152334.817733.snakemake.log
