Building DAG of jobs...
Using shell: /bin/bash
Provided cores: 4
Rules claiming more threads will be scaled down.
Job stats:
job                   count    min threads    max threads
------------------  -------  -------------  -------------
read_preprocessing        1              1              1
total                     1              1              1

Select jobs to execute...

[Thu Apr  7 11:59:09 2022]
rule read_preprocessing:
    input: test/fastq/mpnst1_R1.fastq.gz, test/fastq/mpnst1_R2.fastq.gz
    log: /home/jeszyman/repos/mpnst-preprocessing/test/logs/test.txt
    jobid: 0
    resources: tmpdir=/tmp

Activating singularity image /home/jeszyman/sing_containers/biotools.sif
[Thu Apr  7 11:59:09 2022]
Finished job 0.
1 of 1 steps (100%) done
Complete log: /home/jeszyman/repos/mpnst-preprocessing/.snakemake/log/2022-04-07T115908.784271.snakemake.log
