Building DAG of jobs...
Using shell: /bin/bash
Provided cores: 4
Rules claiming more threads will be scaled down.
Job stats:
job                           count    min threads    max threads
--------------------------  -------  -------------  -------------
align                             4              1              1
alignment_processing              4              1              1
alignment_qc                      8              1              1
all                               1              1              1
downsample_bams                   8              1              1
fastqc                            8              1              1
multiqc                           1              1              1
picard_collect_wgs_metrics        4              1              1
symlink                           8              1              1
trimmomatic                       4              1              1
total                            50              1              1

Resources before job selection: {'_cores': 4, '_nodes': 9223372036854775807}
Ready jobs (8):
	symlink
	symlink
	symlink
	symlink
	symlink
	symlink
	symlink
	symlink
Select jobs to execute...
Selected jobs (4):
	symlink
	symlink
	symlink
	symlink
Resources after job selection: {'_cores': 0, '_nodes': 9223372036854775803}

[Tue Jun  7 09:40:43 2022]
rule symlink:
    input: test/inputs/lib003_R1.fastq.gz
    output: test/fastq/raw/lib003_R1.fastq.gz
    jobid: 5
    wildcards: library_id=lib003, read=R1
    resources: tmpdir=/tmp


        ln --force --relative --symbolic test/inputs/lib003_R1.fastq.gz test/fastq/raw/lib003_R1.fastq.gz
        
 singularity  exec --home /home/jeszyman/repos/cfdna-wgs --bind /home/jeszyman:/home/jeszyman --bind /mnt:/mnt /home/jeszyman/sing_containers/biotools.sif bash -c 'set -euo pipefail;  
        ln --force --relative --symbolic test/inputs/lib003_R1.fastq.gz test/fastq/raw/lib003_R1.fastq.gz'

Activating singularity image /home/jeszyman/sing_containers/biotools.sif
[Tue Jun  7 09:40:43 2022]
rule symlink:
    input: test/inputs/lib002_R1.fastq.gz
    output: test/fastq/raw/lib002_R1.fastq.gz
    jobid: 3
    wildcards: library_id=lib002, read=R1
    resources: tmpdir=/tmp


        ln --force --relative --symbolic test/inputs/lib002_R1.fastq.gz test/fastq/raw/lib002_R1.fastq.gz
        

[Tue Jun  7 09:40:43 2022]
rule symlink:
    input: test/inputs/lib001_R1.fastq.gz
    output: test/fastq/raw/lib001_R1.fastq.gz
    jobid: 1
    wildcards: library_id=lib001, read=R1
    resources: tmpdir=/tmp


        ln --force --relative --symbolic test/inputs/lib001_R1.fastq.gz test/fastq/raw/lib001_R1.fastq.gz
        
 singularity  exec --home /home/jeszyman/repos/cfdna-wgs --bind /home/jeszyman:/home/jeszyman --bind /mnt:/mnt /home/jeszyman/sing_containers/biotools.sif bash -c 'set -euo pipefail;  
        ln --force --relative --symbolic test/inputs/lib002_R1.fastq.gz test/fastq/raw/lib002_R1.fastq.gz'
Activating singularity image /home/jeszyman/sing_containers/biotools.sif

 singularity  exec --home /home/jeszyman/repos/cfdna-wgs --bind /home/jeszyman:/home/jeszyman --bind /mnt:/mnt /home/jeszyman/sing_containers/biotools.sif bash -c 'set -euo pipefail;  
        ln --force --relative --symbolic test/inputs/lib001_R1.fastq.gz test/fastq/raw/lib001_R1.fastq.gz'
[Tue Jun  7 09:40:43 2022]
Activating singularity image /home/jeszyman/sing_containers/biotools.sif
rule symlink:
    input: test/inputs/lib004_R1.fastq.gz
    output: test/fastq/raw/lib004_R1.fastq.gz
    jobid: 7
    wildcards: library_id=lib004, read=R1
    resources: tmpdir=/tmp


        ln --force --relative --symbolic test/inputs/lib004_R1.fastq.gz test/fastq/raw/lib004_R1.fastq.gz
        
 singularity  exec --home /home/jeszyman/repos/cfdna-wgs --bind /home/jeszyman:/home/jeszyman --bind /mnt:/mnt /home/jeszyman/sing_containers/biotools.sif bash -c 'set -euo pipefail;  
        ln --force --relative --symbolic test/inputs/lib004_R1.fastq.gz test/fastq/raw/lib004_R1.fastq.gz'
Activating singularity image /home/jeszyman/sing_containers/biotools.sif
[Tue Jun  7 09:40:43 2022]
Finished job 5.
1 of 50 steps (2%) done
Resources before job selection: {'_cores': 1, '_nodes': 9223372036854775804}
Ready jobs (4):
	symlink
	symlink
	symlink
	symlink
Select jobs to execute...
Selected jobs (1):
	symlink
Resources after job selection: {'_cores': 0, '_nodes': 9223372036854775803}

[Tue Jun  7 09:40:43 2022]
rule symlink:
    input: test/inputs/lib004_R2.fastq.gz
    output: test/fastq/raw/lib004_R2.fastq.gz
    jobid: 8
    wildcards: library_id=lib004, read=R2
    resources: tmpdir=/tmp


        ln --force --relative --symbolic test/inputs/lib004_R2.fastq.gz test/fastq/raw/lib004_R2.fastq.gz
        
 singularity  exec --home /home/jeszyman/repos/cfdna-wgs --bind /home/jeszyman:/home/jeszyman --bind /mnt:/mnt /home/jeszyman/sing_containers/biotools.sif bash -c 'set -euo pipefail;  
        ln --force --relative --symbolic test/inputs/lib004_R2.fastq.gz test/fastq/raw/lib004_R2.fastq.gz'
Activating singularity image /home/jeszyman/sing_containers/biotools.sif
[Tue Jun  7 09:40:44 2022]
Finished job 7.
2 of 50 steps (4%) done
Resources before job selection: {'_cores': 1, '_nodes': 9223372036854775804}
Ready jobs (3):
	symlink
	symlink
	symlink
Select jobs to execute...
Selected jobs (1):
	symlink
Resources after job selection: {'_cores': 0, '_nodes': 9223372036854775803}

[Tue Jun  7 09:40:44 2022]
rule symlink:
    input: test/inputs/lib003_R2.fastq.gz
    output: test/fastq/raw/lib003_R2.fastq.gz
    jobid: 6
    wildcards: library_id=lib003, read=R2
    resources: tmpdir=/tmp


        ln --force --relative --symbolic test/inputs/lib003_R2.fastq.gz test/fastq/raw/lib003_R2.fastq.gz
        
 singularity  exec --home /home/jeszyman/repos/cfdna-wgs --bind /home/jeszyman:/home/jeszyman --bind /mnt:/mnt /home/jeszyman/sing_containers/biotools.sif bash -c 'set -euo pipefail;  
        ln --force --relative --symbolic test/inputs/lib003_R2.fastq.gz test/fastq/raw/lib003_R2.fastq.gz'
Activating singularity image /home/jeszyman/sing_containers/biotools.sif
[Tue Jun  7 09:40:44 2022]
Finished job 3.
3 of 50 steps (6%) done
[Tue Jun  7 09:40:44 2022]
Finished job 1.
4 of 50 steps (8%) done
Resources before job selection: {'_cores': 2, '_nodes': 9223372036854775805}
Ready jobs (2):
	symlink
	symlink
Select jobs to execute...
Selected jobs (2):
	symlink
	symlink
Resources after job selection: {'_cores': 0, '_nodes': 9223372036854775803}

[Tue Jun  7 09:40:44 2022]
rule symlink:
    input: test/inputs/lib001_R2.fastq.gz
    output: test/fastq/raw/lib001_R2.fastq.gz
    jobid: 2
    wildcards: library_id=lib001, read=R2
    resources: tmpdir=/tmp


        ln --force --relative --symbolic test/inputs/lib001_R2.fastq.gz test/fastq/raw/lib001_R2.fastq.gz
        

[Tue Jun  7 09:40:44 2022]
rule symlink:
    input: test/inputs/lib002_R2.fastq.gz
    output: test/fastq/raw/lib002_R2.fastq.gz
    jobid: 4
    wildcards: library_id=lib002, read=R2
    resources: tmpdir=/tmp


        ln --force --relative --symbolic test/inputs/lib002_R2.fastq.gz test/fastq/raw/lib002_R2.fastq.gz
        
 singularity  exec --home /home/jeszyman/repos/cfdna-wgs --bind /home/jeszyman:/home/jeszyman --bind /mnt:/mnt /home/jeszyman/sing_containers/biotools.sif bash -c 'set -euo pipefail;  
        ln --force --relative --symbolic test/inputs/lib001_R2.fastq.gz test/fastq/raw/lib001_R2.fastq.gz'
Activating singularity image /home/jeszyman/sing_containers/biotools.sif
 singularity  exec --home /home/jeszyman/repos/cfdna-wgs --bind /home/jeszyman:/home/jeszyman --bind /mnt:/mnt /home/jeszyman/sing_containers/biotools.sif bash -c 'set -euo pipefail;  
        ln --force --relative --symbolic test/inputs/lib002_R2.fastq.gz test/fastq/raw/lib002_R2.fastq.gz'
Activating singularity image /home/jeszyman/sing_containers/biotools.sif
[Tue Jun  7 09:40:44 2022]
Finished job 8.
5 of 50 steps (10%) done
Resources before job selection: {'_cores': 1, '_nodes': 9223372036854775804}
Ready jobs (1):
	trimmomatic
Select jobs to execute...
Using greedy selector because only single job has to be scheduled.
Selected jobs (1):
	trimmomatic
Resources after job selection: {'_cores': 0, '_nodes': 9223372036854775803}

[Tue Jun  7 09:40:44 2022]
rule trimmomatic:
    input: test/fastq/raw/lib004_R1.fastq.gz, test/fastq/raw/lib004_R2.fastq.gz
    output: test/fastq/processed/lib004_proc_R1.fastq.gz, test/fastq/unpaired/lib004_unpr_R1.fastq.gz, test/fastq/processed/lib004_proc_R2.fastq.gz, test/fastq/unpaired/lib004_unpr_R2.fastq.gz
    log: test/logs/trimmomatic_trimlog_lib004.log, test/logs/trimmomatic_lib004.log
    jobid: 12
    wildcards: read_id=lib004
    resources: tmpdir=/tmp


        trimmomatic PE                     -threads 4                     -trimlog test/logs/trimmomatic_trimlog_lib004.log                     test/fastq/raw/lib004_R1.fastq.gz test/fastq/raw/lib004_R2.fastq.gz                     test/fastq/processed/lib004_proc_R1.fastq.gz test/fastq/unpaired/lib004_unpr_R1.fastq.gz                     test/fastq/processed/lib004_proc_R2.fastq.gz test/fastq/unpaired/lib004_unpr_R2.fastq.gz                     ILLUMINACLIP:test/inputs/TruSeq3-PE.fa:2:30:10                     LEADING:10 TRAILING:10 MAXINFO:50:0.97 MINLEN:20 &> test/logs/trimmomatic_lib004.log
        
 singularity  exec --home /home/jeszyman/repos/cfdna-wgs --bind /home/jeszyman:/home/jeszyman --bind /mnt:/mnt /home/jeszyman/sing_containers/biotools.sif bash -c 'set -euo pipefail;  
        trimmomatic PE                     -threads 4                     -trimlog test/logs/trimmomatic_trimlog_lib004.log                     test/fastq/raw/lib004_R1.fastq.gz test/fastq/raw/lib004_R2.fastq.gz                     test/fastq/processed/lib004_proc_R1.fastq.gz test/fastq/unpaired/lib004_unpr_R1.fastq.gz                     test/fastq/processed/lib004_proc_R2.fastq.gz test/fastq/unpaired/lib004_unpr_R2.fastq.gz                     ILLUMINACLIP:test/inputs/TruSeq3-PE.fa:2:30:10                     LEADING:10 TRAILING:10 MAXINFO:50:0.97 MINLEN:20 &> test/logs/trimmomatic_lib004.log'
Activating singularity image /home/jeszyman/sing_containers/biotools.sif
[Tue Jun  7 09:40:44 2022]
Finished job 6.
6 of 50 steps (12%) done
Resources before job selection: {'_cores': 1, '_nodes': 9223372036854775804}
Ready jobs (1):
	trimmomatic
Select jobs to execute...
Using greedy selector because only single job has to be scheduled.
Selected jobs (1):
	trimmomatic
Resources after job selection: {'_cores': 0, '_nodes': 9223372036854775803}

[Tue Jun  7 09:40:44 2022]
rule trimmomatic:
    input: test/fastq/raw/lib003_R1.fastq.gz, test/fastq/raw/lib003_R2.fastq.gz
    output: test/fastq/processed/lib003_proc_R1.fastq.gz, test/fastq/unpaired/lib003_unpr_R1.fastq.gz, test/fastq/processed/lib003_proc_R2.fastq.gz, test/fastq/unpaired/lib003_unpr_R2.fastq.gz
    log: test/logs/trimmomatic_trimlog_lib003.log, test/logs/trimmomatic_lib003.log
    jobid: 11
    wildcards: read_id=lib003
    resources: tmpdir=/tmp


        trimmomatic PE                     -threads 4                     -trimlog test/logs/trimmomatic_trimlog_lib003.log                     test/fastq/raw/lib003_R1.fastq.gz test/fastq/raw/lib003_R2.fastq.gz                     test/fastq/processed/lib003_proc_R1.fastq.gz test/fastq/unpaired/lib003_unpr_R1.fastq.gz                     test/fastq/processed/lib003_proc_R2.fastq.gz test/fastq/unpaired/lib003_unpr_R2.fastq.gz                     ILLUMINACLIP:test/inputs/TruSeq3-PE.fa:2:30:10                     LEADING:10 TRAILING:10 MAXINFO:50:0.97 MINLEN:20 &> test/logs/trimmomatic_lib003.log
        
 singularity  exec --home /home/jeszyman/repos/cfdna-wgs --bind /home/jeszyman:/home/jeszyman --bind /mnt:/mnt /home/jeszyman/sing_containers/biotools.sif bash -c 'set -euo pipefail;  
        trimmomatic PE                     -threads 4                     -trimlog test/logs/trimmomatic_trimlog_lib003.log                     test/fastq/raw/lib003_R1.fastq.gz test/fastq/raw/lib003_R2.fastq.gz                     test/fastq/processed/lib003_proc_R1.fastq.gz test/fastq/unpaired/lib003_unpr_R1.fastq.gz                     test/fastq/processed/lib003_proc_R2.fastq.gz test/fastq/unpaired/lib003_unpr_R2.fastq.gz                     ILLUMINACLIP:test/inputs/TruSeq3-PE.fa:2:30:10                     LEADING:10 TRAILING:10 MAXINFO:50:0.97 MINLEN:20 &> test/logs/trimmomatic_lib003.log'
Activating singularity image /home/jeszyman/sing_containers/biotools.sif
[Tue Jun  7 09:40:44 2022]
Finished job 2.
7 of 50 steps (14%) done
Resources before job selection: {'_cores': 1, '_nodes': 9223372036854775804}
Ready jobs (1):
	trimmomatic
Select jobs to execute...
Using greedy selector because only single job has to be scheduled.
Selected jobs (1):
	trimmomatic
Resources after job selection: {'_cores': 0, '_nodes': 9223372036854775803}

[Tue Jun  7 09:40:44 2022]
rule trimmomatic:
    input: test/fastq/raw/lib001_R1.fastq.gz, test/fastq/raw/lib001_R2.fastq.gz
    output: test/fastq/processed/lib001_proc_R1.fastq.gz, test/fastq/unpaired/lib001_unpr_R1.fastq.gz, test/fastq/processed/lib001_proc_R2.fastq.gz, test/fastq/unpaired/lib001_unpr_R2.fastq.gz
    log: test/logs/trimmomatic_trimlog_lib001.log, test/logs/trimmomatic_lib001.log
    jobid: 9
    wildcards: read_id=lib001
    resources: tmpdir=/tmp


        trimmomatic PE                     -threads 4                     -trimlog test/logs/trimmomatic_trimlog_lib001.log                     test/fastq/raw/lib001_R1.fastq.gz test/fastq/raw/lib001_R2.fastq.gz                     test/fastq/processed/lib001_proc_R1.fastq.gz test/fastq/unpaired/lib001_unpr_R1.fastq.gz                     test/fastq/processed/lib001_proc_R2.fastq.gz test/fastq/unpaired/lib001_unpr_R2.fastq.gz                     ILLUMINACLIP:test/inputs/TruSeq3-PE.fa:2:30:10                     LEADING:10 TRAILING:10 MAXINFO:50:0.97 MINLEN:20 &> test/logs/trimmomatic_lib001.log
        
 singularity  exec --home /home/jeszyman/repos/cfdna-wgs --bind /home/jeszyman:/home/jeszyman --bind /mnt:/mnt /home/jeszyman/sing_containers/biotools.sif bash -c 'set -euo pipefail;  
        trimmomatic PE                     -threads 4                     -trimlog test/logs/trimmomatic_trimlog_lib001.log                     test/fastq/raw/lib001_R1.fastq.gz test/fastq/raw/lib001_R2.fastq.gz                     test/fastq/processed/lib001_proc_R1.fastq.gz test/fastq/unpaired/lib001_unpr_R1.fastq.gz                     test/fastq/processed/lib001_proc_R2.fastq.gz test/fastq/unpaired/lib001_unpr_R2.fastq.gz                     ILLUMINACLIP:test/inputs/TruSeq3-PE.fa:2:30:10                     LEADING:10 TRAILING:10 MAXINFO:50:0.97 MINLEN:20 &> test/logs/trimmomatic_lib001.log'
Activating singularity image /home/jeszyman/sing_containers/biotools.sif
[Tue Jun  7 09:40:44 2022]
Finished job 4.
8 of 50 steps (16%) done
Resources before job selection: {'_cores': 1, '_nodes': 9223372036854775804}
Ready jobs (1):
	trimmomatic
Select jobs to execute...
Using greedy selector because only single job has to be scheduled.
Selected jobs (1):
	trimmomatic
Resources after job selection: {'_cores': 0, '_nodes': 9223372036854775803}

[Tue Jun  7 09:40:44 2022]
rule trimmomatic:
    input: test/fastq/raw/lib002_R1.fastq.gz, test/fastq/raw/lib002_R2.fastq.gz
    output: test/fastq/processed/lib002_proc_R1.fastq.gz, test/fastq/unpaired/lib002_unpr_R1.fastq.gz, test/fastq/processed/lib002_proc_R2.fastq.gz, test/fastq/unpaired/lib002_unpr_R2.fastq.gz
    log: test/logs/trimmomatic_trimlog_lib002.log, test/logs/trimmomatic_lib002.log
    jobid: 10
    wildcards: read_id=lib002
    resources: tmpdir=/tmp


        trimmomatic PE                     -threads 4                     -trimlog test/logs/trimmomatic_trimlog_lib002.log                     test/fastq/raw/lib002_R1.fastq.gz test/fastq/raw/lib002_R2.fastq.gz                     test/fastq/processed/lib002_proc_R1.fastq.gz test/fastq/unpaired/lib002_unpr_R1.fastq.gz                     test/fastq/processed/lib002_proc_R2.fastq.gz test/fastq/unpaired/lib002_unpr_R2.fastq.gz                     ILLUMINACLIP:test/inputs/TruSeq3-PE.fa:2:30:10                     LEADING:10 TRAILING:10 MAXINFO:50:0.97 MINLEN:20 &> test/logs/trimmomatic_lib002.log
        
 singularity  exec --home /home/jeszyman/repos/cfdna-wgs --bind /home/jeszyman:/home/jeszyman --bind /mnt:/mnt /home/jeszyman/sing_containers/biotools.sif bash -c 'set -euo pipefail;  
        trimmomatic PE                     -threads 4                     -trimlog test/logs/trimmomatic_trimlog_lib002.log                     test/fastq/raw/lib002_R1.fastq.gz test/fastq/raw/lib002_R2.fastq.gz                     test/fastq/processed/lib002_proc_R1.fastq.gz test/fastq/unpaired/lib002_unpr_R1.fastq.gz                     test/fastq/processed/lib002_proc_R2.fastq.gz test/fastq/unpaired/lib002_unpr_R2.fastq.gz                     ILLUMINACLIP:test/inputs/TruSeq3-PE.fa:2:30:10                     LEADING:10 TRAILING:10 MAXINFO:50:0.97 MINLEN:20 &> test/logs/trimmomatic_lib002.log'
Activating singularity image /home/jeszyman/sing_containers/biotools.sif
[Tue Jun  7 09:40:46 2022]
Finished job 12.
9 of 50 steps (18%) done
Resources before job selection: {'_cores': 1, '_nodes': 9223372036854775804}
Ready jobs (3):
	align
	fastqc
	fastqc
Select jobs to execute...
Selected jobs (1):
	fastqc
Resources after job selection: {'_cores': 0, '_nodes': 9223372036854775803}

[Tue Jun  7 09:40:46 2022]
rule fastqc:
    input: test/fastq/raw/lib004_R1.fastq.gz, test/fastq/processed/lib004_proc_R1.fastq.gz
    output: test/qc/lib004_R1_fastqc.html, test/qc/lib004_proc_R1_fastqc.html
    log: test/logs/fastqc_raw_lib004_R1.log, test/logs/fastqc_proc_lib004_R1.log
    jobid: 23
    wildcards: read_id=lib004, read=R1
    resources: tmpdir=/tmp


        fastqc --outdir test/qc         --quiet         --threads 4 test/fastq/raw/lib004_R1.fastq.gz &> test/logs/fastqc_raw_lib004_R1.log test/logs/fastqc_proc_lib004_R1.log
        fastqc --outdir test/qc         --quiet         --threads 4 test/fastq/processed/lib004_proc_R1.fastq.gz &> test/logs/fastqc_raw_lib004_R1.log test/logs/fastqc_proc_lib004_R1.log
        
 singularity  exec --home /home/jeszyman/repos/cfdna-wgs --bind /home/jeszyman:/home/jeszyman --bind /mnt:/mnt /home/jeszyman/sing_containers/biotools.sif bash -c 'set -euo pipefail;  
        fastqc --outdir test/qc         --quiet         --threads 4 test/fastq/raw/lib004_R1.fastq.gz &> test/logs/fastqc_raw_lib004_R1.log test/logs/fastqc_proc_lib004_R1.log
        fastqc --outdir test/qc         --quiet         --threads 4 test/fastq/processed/lib004_proc_R1.fastq.gz &> test/logs/fastqc_raw_lib004_R1.log test/logs/fastqc_proc_lib004_R1.log'
Activating singularity image /home/jeszyman/sing_containers/biotools.sif
[Tue Jun  7 09:40:46 2022]
Finished job 11.
10 of 50 steps (20%) done
Resources before job selection: {'_cores': 1, '_nodes': 9223372036854775804}
Ready jobs (5):
	align
	fastqc
	align
	fastqc
	fastqc
Select jobs to execute...
Selected jobs (1):
	fastqc
Resources after job selection: {'_cores': 0, '_nodes': 9223372036854775803}

[Tue Jun  7 09:40:47 2022]
rule fastqc:
    input: test/fastq/raw/lib003_R2.fastq.gz, test/fastq/processed/lib003_proc_R2.fastq.gz
    output: test/qc/lib003_R2_fastqc.html, test/qc/lib003_proc_R2_fastqc.html
    log: test/logs/fastqc_raw_lib003_R2.log, test/logs/fastqc_proc_lib003_R2.log
    jobid: 22
    wildcards: read_id=lib003, read=R2
    resources: tmpdir=/tmp


        fastqc --outdir test/qc         --quiet         --threads 4 test/fastq/raw/lib003_R2.fastq.gz &> test/logs/fastqc_raw_lib003_R2.log test/logs/fastqc_proc_lib003_R2.log
        fastqc --outdir test/qc         --quiet         --threads 4 test/fastq/processed/lib003_proc_R2.fastq.gz &> test/logs/fastqc_raw_lib003_R2.log test/logs/fastqc_proc_lib003_R2.log
        
 singularity  exec --home /home/jeszyman/repos/cfdna-wgs --bind /home/jeszyman:/home/jeszyman --bind /mnt:/mnt /home/jeszyman/sing_containers/biotools.sif bash -c 'set -euo pipefail;  
        fastqc --outdir test/qc         --quiet         --threads 4 test/fastq/raw/lib003_R2.fastq.gz &> test/logs/fastqc_raw_lib003_R2.log test/logs/fastqc_proc_lib003_R2.log
        fastqc --outdir test/qc         --quiet         --threads 4 test/fastq/processed/lib003_proc_R2.fastq.gz &> test/logs/fastqc_raw_lib003_R2.log test/logs/fastqc_proc_lib003_R2.log'
Activating singularity image /home/jeszyman/sing_containers/biotools.sif
[Tue Jun  7 09:40:47 2022]
Finished job 10.
11 of 50 steps (22%) done
Resources before job selection: {'_cores': 1, '_nodes': 9223372036854775804}
Ready jobs (7):
	fastqc
	align
	fastqc
	align
	fastqc
	align
	fastqc
Select jobs to execute...
Selected jobs (1):
	fastqc
Resources after job selection: {'_cores': 0, '_nodes': 9223372036854775803}

[Tue Jun  7 09:40:47 2022]
rule fastqc:
    input: test/fastq/raw/lib002_R2.fastq.gz, test/fastq/processed/lib002_proc_R2.fastq.gz
    output: test/qc/lib002_R2_fastqc.html, test/qc/lib002_proc_R2_fastqc.html
    log: test/logs/fastqc_raw_lib002_R2.log, test/logs/fastqc_proc_lib002_R2.log
    jobid: 20
    wildcards: read_id=lib002, read=R2
    resources: tmpdir=/tmp


        fastqc --outdir test/qc         --quiet         --threads 4 test/fastq/raw/lib002_R2.fastq.gz &> test/logs/fastqc_raw_lib002_R2.log test/logs/fastqc_proc_lib002_R2.log
        fastqc --outdir test/qc         --quiet         --threads 4 test/fastq/processed/lib002_proc_R2.fastq.gz &> test/logs/fastqc_raw_lib002_R2.log test/logs/fastqc_proc_lib002_R2.log
        
 singularity  exec --home /home/jeszyman/repos/cfdna-wgs --bind /home/jeszyman:/home/jeszyman --bind /mnt:/mnt /home/jeszyman/sing_containers/biotools.sif bash -c 'set -euo pipefail;  
        fastqc --outdir test/qc         --quiet         --threads 4 test/fastq/raw/lib002_R2.fastq.gz &> test/logs/fastqc_raw_lib002_R2.log test/logs/fastqc_proc_lib002_R2.log
        fastqc --outdir test/qc         --quiet         --threads 4 test/fastq/processed/lib002_proc_R2.fastq.gz &> test/logs/fastqc_raw_lib002_R2.log test/logs/fastqc_proc_lib002_R2.log'
Activating singularity image /home/jeszyman/sing_containers/biotools.sif
[Tue Jun  7 09:40:47 2022]
Finished job 9.
12 of 50 steps (24%) done
Resources before job selection: {'_cores': 1, '_nodes': 9223372036854775804}
Ready jobs (9):
	align
	fastqc
	fastqc
	align
	fastqc
	fastqc
	align
	align
	fastqc
Select jobs to execute...
Selected jobs (1):
	fastqc
Resources after job selection: {'_cores': 0, '_nodes': 9223372036854775803}

[Tue Jun  7 09:40:47 2022]
rule fastqc:
    input: test/fastq/raw/lib001_R2.fastq.gz, test/fastq/processed/lib001_proc_R2.fastq.gz
    output: test/qc/lib001_R2_fastqc.html, test/qc/lib001_proc_R2_fastqc.html
    log: test/logs/fastqc_raw_lib001_R2.log, test/logs/fastqc_proc_lib001_R2.log
    jobid: 18
    wildcards: read_id=lib001, read=R2
    resources: tmpdir=/tmp


        fastqc --outdir test/qc         --quiet         --threads 4 test/fastq/raw/lib001_R2.fastq.gz &> test/logs/fastqc_raw_lib001_R2.log test/logs/fastqc_proc_lib001_R2.log
        fastqc --outdir test/qc         --quiet         --threads 4 test/fastq/processed/lib001_proc_R2.fastq.gz &> test/logs/fastqc_raw_lib001_R2.log test/logs/fastqc_proc_lib001_R2.log
        
 singularity  exec --home /home/jeszyman/repos/cfdna-wgs --bind /home/jeszyman:/home/jeszyman --bind /mnt:/mnt /home/jeszyman/sing_containers/biotools.sif bash -c 'set -euo pipefail;  
        fastqc --outdir test/qc         --quiet         --threads 4 test/fastq/raw/lib001_R2.fastq.gz &> test/logs/fastqc_raw_lib001_R2.log test/logs/fastqc_proc_lib001_R2.log
        fastqc --outdir test/qc         --quiet         --threads 4 test/fastq/processed/lib001_proc_R2.fastq.gz &> test/logs/fastqc_raw_lib001_R2.log test/logs/fastqc_proc_lib001_R2.log'
Activating singularity image /home/jeszyman/sing_containers/biotools.sif
[Tue Jun  7 09:40:53 2022]
Finished job 22.
13 of 50 steps (26%) done
Resources before job selection: {'_cores': 1, '_nodes': 9223372036854775804}
Ready jobs (8):
	align
	fastqc
	fastqc
	align
	fastqc
	fastqc
	align
	align
Select jobs to execute...
Selected jobs (1):
	align
Resources after job selection: {'_cores': 0, '_nodes': 9223372036854775803}

[Tue Jun  7 09:40:53 2022]
rule align:
    input: test/fastq/processed/lib002_proc_R1.fastq.gz, test/fastq/processed/lib002_proc_R2.fastq.gz
    output: test/bam/lib002.sam
    log: test/logs/align_lib002.log
    jobid: 14
    wildcards: read_id=lib002
    resources: tmpdir=/tmp


        bwa mem -M -t 4 test/inputs/chr8 test/fastq/processed/lib002_proc_R1.fastq.gz test/fastq/processed/lib002_proc_R2.fastq.gz > test/bam/lib002.sam
	
 singularity  exec --home /home/jeszyman/repos/cfdna-wgs --bind /home/jeszyman:/home/jeszyman --bind /mnt:/mnt /home/jeszyman/sing_containers/biotools.sif bash -c 'set -euo pipefail;  
        bwa mem -M -t 4 test/inputs/chr8 test/fastq/processed/lib002_proc_R1.fastq.gz test/fastq/processed/lib002_proc_R2.fastq.gz > test/bam/lib002.sam'
Activating singularity image /home/jeszyman/sing_containers/biotools.sif
[Tue Jun  7 09:40:53 2022]
Finished job 23.
14 of 50 steps (28%) done
Resources before job selection: {'_cores': 1, '_nodes': 9223372036854775804}
Ready jobs (7):
	align
	fastqc
	fastqc
	align
	fastqc
	fastqc
	align
Select jobs to execute...
Selected jobs (1):
	align
Resources after job selection: {'_cores': 0, '_nodes': 9223372036854775803}

[Tue Jun  7 09:40:53 2022]
rule align:
    input: test/fastq/processed/lib004_proc_R1.fastq.gz, test/fastq/processed/lib004_proc_R2.fastq.gz
    output: test/bam/lib004.sam
    log: test/logs/align_lib004.log
    jobid: 16
    wildcards: read_id=lib004
    resources: tmpdir=/tmp


        bwa mem -M -t 4 test/inputs/chr8 test/fastq/processed/lib004_proc_R1.fastq.gz test/fastq/processed/lib004_proc_R2.fastq.gz > test/bam/lib004.sam
	
 singularity  exec --home /home/jeszyman/repos/cfdna-wgs --bind /home/jeszyman:/home/jeszyman --bind /mnt:/mnt /home/jeszyman/sing_containers/biotools.sif bash -c 'set -euo pipefail;  
        bwa mem -M -t 4 test/inputs/chr8 test/fastq/processed/lib004_proc_R1.fastq.gz test/fastq/processed/lib004_proc_R2.fastq.gz > test/bam/lib004.sam'
Activating singularity image /home/jeszyman/sing_containers/biotools.sif
[Tue Jun  7 09:40:54 2022]
Finished job 14.
15 of 50 steps (30%) done
Resources before job selection: {'_cores': 1, '_nodes': 9223372036854775804}
Ready jobs (7):
	align
	fastqc
	fastqc
	align
	fastqc
	fastqc
	alignment_processing
Select jobs to execute...
Selected jobs (1):
	alignment_processing
Resources after job selection: {'_cores': 0, '_nodes': 9223372036854775803}

[Tue Jun  7 09:40:54 2022]
rule alignment_processing:
    input: test/bam/lib002.sam
    output: test/bam/lib002_raw.bam, test/bam/lib002_dedup_unsort.bam, test/bam/lib002_dedup.bam, test/bam/lib002_dedup.bam.bai
    log: test/logs/alignment_processing_lib002.log
    jobid: 26
    wildcards: read_id=lib002
    resources: tmpdir=/tmp


        sambamba view -t 4 -S -f bam test/bam/lib002.sam > test/bam/lib002_raw.bam
        sambamba markdup -r -t 4 test/bam/lib002_raw.bam test/bam/lib002_dedup_unsort.bam
        sambamba sort -t 4 test/bam/lib002_dedup_unsort.bam -o test/bam/lib002_dedup.bam
        sambamba index -t 4 test/bam/lib002_dedup.bam
        
 singularity  exec --home /home/jeszyman/repos/cfdna-wgs --bind /home/jeszyman:/home/jeszyman --bind /mnt:/mnt /home/jeszyman/sing_containers/biotools.sif bash -c 'set -euo pipefail;  
        sambamba view -t 4 -S -f bam test/bam/lib002.sam > test/bam/lib002_raw.bam
        sambamba markdup -r -t 4 test/bam/lib002_raw.bam test/bam/lib002_dedup_unsort.bam
        sambamba sort -t 4 test/bam/lib002_dedup_unsort.bam -o test/bam/lib002_dedup.bam
        sambamba index -t 4 test/bam/lib002_dedup.bam'
Activating singularity image /home/jeszyman/sing_containers/biotools.sif
[Tue Jun  7 09:40:54 2022]
Finished job 20.
16 of 50 steps (32%) done
Resources before job selection: {'_cores': 1, '_nodes': 9223372036854775804}
Ready jobs (6):
	align
	fastqc
	fastqc
	align
	fastqc
	fastqc
Select jobs to execute...
Selected jobs (1):
	fastqc
Resources after job selection: {'_cores': 0, '_nodes': 9223372036854775803}

[Tue Jun  7 09:40:54 2022]
rule fastqc:
    input: test/fastq/raw/lib004_R2.fastq.gz, test/fastq/processed/lib004_proc_R2.fastq.gz
    output: test/qc/lib004_R2_fastqc.html, test/qc/lib004_proc_R2_fastqc.html
    log: test/logs/fastqc_raw_lib004_R2.log, test/logs/fastqc_proc_lib004_R2.log
    jobid: 24
    wildcards: read_id=lib004, read=R2
    resources: tmpdir=/tmp


        fastqc --outdir test/qc         --quiet         --threads 4 test/fastq/raw/lib004_R2.fastq.gz &> test/logs/fastqc_raw_lib004_R2.log test/logs/fastqc_proc_lib004_R2.log
        fastqc --outdir test/qc         --quiet         --threads 4 test/fastq/processed/lib004_proc_R2.fastq.gz &> test/logs/fastqc_raw_lib004_R2.log test/logs/fastqc_proc_lib004_R2.log
        
 singularity  exec --home /home/jeszyman/repos/cfdna-wgs --bind /home/jeszyman:/home/jeszyman --bind /mnt:/mnt /home/jeszyman/sing_containers/biotools.sif bash -c 'set -euo pipefail;  
        fastqc --outdir test/qc         --quiet         --threads 4 test/fastq/raw/lib004_R2.fastq.gz &> test/logs/fastqc_raw_lib004_R2.log test/logs/fastqc_proc_lib004_R2.log
        fastqc --outdir test/qc         --quiet         --threads 4 test/fastq/processed/lib004_proc_R2.fastq.gz &> test/logs/fastqc_raw_lib004_R2.log test/logs/fastqc_proc_lib004_R2.log'
Activating singularity image /home/jeszyman/sing_containers/biotools.sif
[Tue Jun  7 09:40:54 2022]
Finished job 18.
17 of 50 steps (34%) done
Resources before job selection: {'_cores': 1, '_nodes': 9223372036854775804}
Ready jobs (5):
	align
	fastqc
	fastqc
	align
	fastqc
Select jobs to execute...
Selected jobs (1):
	fastqc
Resources after job selection: {'_cores': 0, '_nodes': 9223372036854775803}

[Tue Jun  7 09:40:54 2022]
rule fastqc:
    input: test/fastq/raw/lib003_R1.fastq.gz, test/fastq/processed/lib003_proc_R1.fastq.gz
    output: test/qc/lib003_R1_fastqc.html, test/qc/lib003_proc_R1_fastqc.html
    log: test/logs/fastqc_raw_lib003_R1.log, test/logs/fastqc_proc_lib003_R1.log
    jobid: 21
    wildcards: read_id=lib003, read=R1
    resources: tmpdir=/tmp


        fastqc --outdir test/qc         --quiet         --threads 4 test/fastq/raw/lib003_R1.fastq.gz &> test/logs/fastqc_raw_lib003_R1.log test/logs/fastqc_proc_lib003_R1.log
        fastqc --outdir test/qc         --quiet         --threads 4 test/fastq/processed/lib003_proc_R1.fastq.gz &> test/logs/fastqc_raw_lib003_R1.log test/logs/fastqc_proc_lib003_R1.log
        
 singularity  exec --home /home/jeszyman/repos/cfdna-wgs --bind /home/jeszyman:/home/jeszyman --bind /mnt:/mnt /home/jeszyman/sing_containers/biotools.sif bash -c 'set -euo pipefail;  
        fastqc --outdir test/qc         --quiet         --threads 4 test/fastq/raw/lib003_R1.fastq.gz &> test/logs/fastqc_raw_lib003_R1.log test/logs/fastqc_proc_lib003_R1.log
        fastqc --outdir test/qc         --quiet         --threads 4 test/fastq/processed/lib003_proc_R1.fastq.gz &> test/logs/fastqc_raw_lib003_R1.log test/logs/fastqc_proc_lib003_R1.log'
Activating singularity image /home/jeszyman/sing_containers/biotools.sif
[Tue Jun  7 09:40:55 2022]
Finished job 16.
18 of 50 steps (36%) done
Resources before job selection: {'_cores': 1, '_nodes': 9223372036854775804}
Ready jobs (5):
	align
	fastqc
	fastqc
	align
	alignment_processing
Select jobs to execute...
Selected jobs (1):
	alignment_processing
Resources after job selection: {'_cores': 0, '_nodes': 9223372036854775803}

[Tue Jun  7 09:40:55 2022]
rule alignment_processing:
    input: test/bam/lib004.sam
    output: test/bam/lib004_raw.bam, test/bam/lib004_dedup_unsort.bam, test/bam/lib004_dedup.bam, test/bam/lib004_dedup.bam.bai
    log: test/logs/alignment_processing_lib004.log
    jobid: 28
    wildcards: read_id=lib004
    resources: tmpdir=/tmp


        sambamba view -t 4 -S -f bam test/bam/lib004.sam > test/bam/lib004_raw.bam
        sambamba markdup -r -t 4 test/bam/lib004_raw.bam test/bam/lib004_dedup_unsort.bam
        sambamba sort -t 4 test/bam/lib004_dedup_unsort.bam -o test/bam/lib004_dedup.bam
        sambamba index -t 4 test/bam/lib004_dedup.bam
        
 singularity  exec --home /home/jeszyman/repos/cfdna-wgs --bind /home/jeszyman:/home/jeszyman --bind /mnt:/mnt /home/jeszyman/sing_containers/biotools.sif bash -c 'set -euo pipefail;  
        sambamba view -t 4 -S -f bam test/bam/lib004.sam > test/bam/lib004_raw.bam
        sambamba markdup -r -t 4 test/bam/lib004_raw.bam test/bam/lib004_dedup_unsort.bam
        sambamba sort -t 4 test/bam/lib004_dedup_unsort.bam -o test/bam/lib004_dedup.bam
        sambamba index -t 4 test/bam/lib004_dedup.bam'
Activating singularity image /home/jeszyman/sing_containers/biotools.sif
Removing temporary output file test/bam/lib002_dedup_unsort.bam.
[Tue Jun  7 09:40:55 2022]
Finished job 26.
19 of 50 steps (38%) done
Resources before job selection: {'_cores': 1, '_nodes': 9223372036854775804}
Ready jobs (9):
	fastqc
	align
	fastqc
	alignment_qc
	align
	downsample_bams
	downsample_bams
	alignment_qc
	picard_collect_wgs_metrics
Select jobs to execute...
Selected jobs (1):
	picard_collect_wgs_metrics
Resources after job selection: {'_cores': 0, '_nodes': 9223372036854775803}

[Tue Jun  7 09:40:55 2022]
rule picard_collect_wgs_metrics:
    input: test/bam/lib002_dedup.bam
    output: test/qc/lib002_collect_wgs_metrics.txt
    jobid: 30
    wildcards: library_id=lib002
    resources: tmpdir=/tmp


        CollectWgsMetrics_wrapper.sh test/bam/lib002_dedup.bam test/inputs/chr8.fa test/qc/lib002_collect_wgs_metrics.txt
        
 singularity  exec --home /home/jeszyman/repos/cfdna-wgs --bind /home/jeszyman:/home/jeszyman --bind /mnt:/mnt /home/jeszyman/sing_containers/biotools.sif bash -c 'set -euo pipefail;  
        CollectWgsMetrics_wrapper.sh test/bam/lib002_dedup.bam test/inputs/chr8.fa test/qc/lib002_collect_wgs_metrics.txt'
Activating singularity image /home/jeszyman/sing_containers/biotools.sif
[Tue Jun  7 09:40:55 2022]
Error in rule picard_collect_wgs_metrics:
    jobid: 30
    output: test/qc/lib002_collect_wgs_metrics.txt
    shell:
        
        CollectWgsMetrics_wrapper.sh test/bam/lib002_dedup.bam test/inputs/chr8.fa test/qc/lib002_collect_wgs_metrics.txt
        
        (one of the commands exited with non-zero exit code; note that snakemake uses bash strict mode!)

Full Traceback (most recent call last):
  File "/opt/miniconda3/envs/snakemake/lib/python3.10/site-packages/snakemake/executors/__init__.py", line 593, in _callback
    raise ex
  File "/opt/miniconda3/envs/snakemake/lib/python3.10/concurrent/futures/thread.py", line 52, in run
    result = self.fn(*self.args, **self.kwargs)
  File "/opt/miniconda3/envs/snakemake/lib/python3.10/site-packages/snakemake/executors/__init__.py", line 579, in cached_or_run
    run_func(*args)
  File "/opt/miniconda3/envs/snakemake/lib/python3.10/site-packages/snakemake/executors/__init__.py", line 2461, in run_wrapper
    raise ex
  File "/opt/miniconda3/envs/snakemake/lib/python3.10/site-packages/snakemake/executors/__init__.py", line 2418, in run_wrapper
    run(
  File "/home/jeszyman/repos/cfdna-wgs/workflow/read_preprocess.smk", line 240, in __rule_picard_collect_wgs_metrics
  File "/opt/miniconda3/envs/snakemake/lib/python3.10/site-packages/snakemake/shell.py", line 266, in __new__
    raise sp.CalledProcessError(retcode, cmd)
subprocess.CalledProcessError: Command ' singularity  exec --home /home/jeszyman/repos/cfdna-wgs --bind /home/jeszyman:/home/jeszyman --bind /mnt:/mnt /home/jeszyman/sing_containers/biotools.sif bash -c 'set -euo pipefail;  
        CollectWgsMetrics_wrapper.sh test/bam/lib002_dedup.bam test/inputs/chr8.fa test/qc/lib002_collect_wgs_metrics.txt'' returned non-zero exit status 127.

Removing temporary output file test/bam/lib004_dedup_unsort.bam.
[Tue Jun  7 09:40:56 2022]
Finished job 28.
20 of 50 steps (40%) done
[Tue Jun  7 09:41:00 2022]
Finished job 24.
21 of 50 steps (42%) done
[Tue Jun  7 09:41:00 2022]
Finished job 21.
22 of 50 steps (44%) done
Shutting down, this might take some time.
Exiting because a job execution failed. Look above for error message
Complete log: /home/jeszyman/repos/cfdna-wgs/.snakemake/log/2022-06-07T094043.231886.snakemake.log
unlocking
removing lock
removing lock
removed all locks
