Building DAG of jobs...
Using shell: /bin/bash
Provided cores: 4
Rules claiming more threads will be scaled down.
Job stats:
job                     count    min threads    max threads
--------------------  -------  -------------  -------------
align                       4              1              1
alignment_processing        4              1              1
alignment_qc                8              1              1
all                         1              1              1
downsample_bams             8              1              1
fastqc                      8              1              1
multiqc                     1              1              1
trimmomatic                 4              1              1
total                      38              1              1

Select jobs to execute...

[Mon May  2 12:34:09 2022]
rule trimmomatic:
    input: test/fastq/mpnst2_R1.fastq.gz, test/fastq/mpnst2_R2.fastq.gz
    output: test/processed-fastq/mpnst2_proc_R1.fastq.gz, test/unpaired-fastq/mpnst2_unpr_R1.fastq.gz, test/processed-fastq/mpnst2_proc_R2.fastq.gz, test/unpaired-fastq/mpnst2_unpr_R2.fastq.gz
    log: test/logs/trimmomatic_trimlog_mpnst2.log, test/logs/trimmomatic_mpnst2.log
    jobid: 3
    wildcards: read_id=mpnst2
    resources: tmpdir=/tmp

Activating singularity image /home/jeszyman/sing_containers/biotools.sif

[Mon May  2 12:34:09 2022]
rule trimmomatic:
    input: test/fastq/plex1_R1.fastq.gz, test/fastq/plex1_R2.fastq.gz
    output: test/processed-fastq/plex1_proc_R1.fastq.gz, test/unpaired-fastq/plex1_unpr_R1.fastq.gz, test/processed-fastq/plex1_proc_R2.fastq.gz, test/unpaired-fastq/plex1_unpr_R2.fastq.gz
    log: test/logs/trimmomatic_trimlog_plex1.log, test/logs/trimmomatic_plex1.log
    jobid: 1
    wildcards: read_id=plex1
    resources: tmpdir=/tmp

Activating singularity image /home/jeszyman/sing_containers/biotools.sif

[Mon May  2 12:34:09 2022]
rule trimmomatic:
    input: test/fastq/mpnst1_R1.fastq.gz, test/fastq/mpnst1_R2.fastq.gz
    output: test/processed-fastq/mpnst1_proc_R1.fastq.gz, test/unpaired-fastq/mpnst1_unpr_R1.fastq.gz, test/processed-fastq/mpnst1_proc_R2.fastq.gz, test/unpaired-fastq/mpnst1_unpr_R2.fastq.gz
    log: test/logs/trimmomatic_trimlog_mpnst1.log, test/logs/trimmomatic_mpnst1.log
    jobid: 2
    wildcards: read_id=mpnst1
    resources: tmpdir=/tmp

Activating singularity image /home/jeszyman/sing_containers/biotools.sif

[Mon May  2 12:34:09 2022]
rule trimmomatic:
    input: test/fastq/plex2_R1.fastq.gz, test/fastq/plex2_R2.fastq.gz
    output: test/processed-fastq/plex2_proc_R1.fastq.gz, test/unpaired-fastq/plex2_unpr_R1.fastq.gz, test/processed-fastq/plex2_proc_R2.fastq.gz, test/unpaired-fastq/plex2_unpr_R2.fastq.gz
    log: test/logs/trimmomatic_trimlog_plex2.log, test/logs/trimmomatic_plex2.log
    jobid: 4
    wildcards: read_id=plex2
    resources: tmpdir=/tmp

Activating singularity image /home/jeszyman/sing_containers/biotools.sif
[Mon May  2 12:34:10 2022]
[Mon May  2 12:34:10 2022]
Error in rule trimmomatic:
[Mon May  2 12:34:10 2022]
[Mon May  2 12:34:10 2022]
Error in rule trimmomatic:
    jobid: 1
Error in rule trimmomatic:
Error in rule trimmomatic:
    jobid: 3
    output: test/processed-fastq/plex1_proc_R1.fastq.gz, test/unpaired-fastq/plex1_unpr_R1.fastq.gz, test/processed-fastq/plex1_proc_R2.fastq.gz, test/unpaired-fastq/plex1_unpr_R2.fastq.gz
    jobid: 2
    jobid: 4
    output: test/processed-fastq/mpnst2_proc_R1.fastq.gz, test/unpaired-fastq/mpnst2_unpr_R1.fastq.gz, test/processed-fastq/mpnst2_proc_R2.fastq.gz, test/unpaired-fastq/mpnst2_unpr_R2.fastq.gz
    log: test/logs/trimmomatic_trimlog_plex1.log, test/logs/trimmomatic_plex1.log (check log file(s) for error message)
    output: test/processed-fastq/mpnst1_proc_R1.fastq.gz, test/unpaired-fastq/mpnst1_unpr_R1.fastq.gz, test/processed-fastq/mpnst1_proc_R2.fastq.gz, test/unpaired-fastq/mpnst1_unpr_R2.fastq.gz
    output: test/processed-fastq/plex2_proc_R1.fastq.gz, test/unpaired-fastq/plex2_unpr_R1.fastq.gz, test/processed-fastq/plex2_proc_R2.fastq.gz, test/unpaired-fastq/plex2_unpr_R2.fastq.gz
    log: test/logs/trimmomatic_trimlog_mpnst2.log, test/logs/trimmomatic_mpnst2.log (check log file(s) for error message)
    shell:
        
        trimmomatic PE                     -threads 4                     -trimlog test/logs/trimmomatic_trimlog_plex1.log                     test/fastq/plex1_R1.fastq.gz test/fastq/plex1_R2.fastq.gz                     test/processed-fastq/plex1_proc_R1.fastq.gz test/unpaired-fastq/plex1_unpr_R1.fastq.gz                     test/processed-fastq/plex1_proc_R2.fastq.gz test/unpaired-fastq/plex1_unpr_R2.fastq.gz                     ILLUMINACLIP:test/inputs/TruSeq3-PE.fa:2:30:10                     LEADING:10 TRAILING:10 MAXINFO:50:0.97 MINLEN:20 &> test/logs/trimmomatic_plex1.log
        
        (one of the commands exited with non-zero exit code; note that snakemake uses bash strict mode!)
    log: test/logs/trimmomatic_trimlog_mpnst1.log, test/logs/trimmomatic_mpnst1.log (check log file(s) for error message)
    log: test/logs/trimmomatic_trimlog_plex2.log, test/logs/trimmomatic_plex2.log (check log file(s) for error message)
    shell:
        
        trimmomatic PE                     -threads 4                     -trimlog test/logs/trimmomatic_trimlog_mpnst2.log                     test/fastq/mpnst2_R1.fastq.gz test/fastq/mpnst2_R2.fastq.gz                     test/processed-fastq/mpnst2_proc_R1.fastq.gz test/unpaired-fastq/mpnst2_unpr_R1.fastq.gz                     test/processed-fastq/mpnst2_proc_R2.fastq.gz test/unpaired-fastq/mpnst2_unpr_R2.fastq.gz                     ILLUMINACLIP:test/inputs/TruSeq3-PE.fa:2:30:10                     LEADING:10 TRAILING:10 MAXINFO:50:0.97 MINLEN:20 &> test/logs/trimmomatic_mpnst2.log
        
        (one of the commands exited with non-zero exit code; note that snakemake uses bash strict mode!)

    shell:
        
        trimmomatic PE                     -threads 4                     -trimlog test/logs/trimmomatic_trimlog_mpnst1.log                     test/fastq/mpnst1_R1.fastq.gz test/fastq/mpnst1_R2.fastq.gz                     test/processed-fastq/mpnst1_proc_R1.fastq.gz test/unpaired-fastq/mpnst1_unpr_R1.fastq.gz                     test/processed-fastq/mpnst1_proc_R2.fastq.gz test/unpaired-fastq/mpnst1_unpr_R2.fastq.gz                     ILLUMINACLIP:test/inputs/TruSeq3-PE.fa:2:30:10                     LEADING:10 TRAILING:10 MAXINFO:50:0.97 MINLEN:20 &> test/logs/trimmomatic_mpnst1.log
        
        (one of the commands exited with non-zero exit code; note that snakemake uses bash strict mode!)
    shell:
        
        trimmomatic PE                     -threads 4                     -trimlog test/logs/trimmomatic_trimlog_plex2.log                     test/fastq/plex2_R1.fastq.gz test/fastq/plex2_R2.fastq.gz                     test/processed-fastq/plex2_proc_R1.fastq.gz test/unpaired-fastq/plex2_unpr_R1.fastq.gz                     test/processed-fastq/plex2_proc_R2.fastq.gz test/unpaired-fastq/plex2_unpr_R2.fastq.gz                     ILLUMINACLIP:test/inputs/TruSeq3-PE.fa:2:30:10                     LEADING:10 TRAILING:10 MAXINFO:50:0.97 MINLEN:20 &> test/logs/trimmomatic_plex2.log
        
        (one of the commands exited with non-zero exit code; note that snakemake uses bash strict mode!)



Shutting down, this might take some time.
Exiting because a job execution failed. Look above for error message
Complete log: /home/jszymanski/repos/cfdna-wgs/.snakemake/log/2022-05-02T123409.304538.snakemake.log
