Building DAG of jobs...
Using shell: /bin/bash
Provided cores: 4
Rules claiming more threads will be scaled down.
Job stats:
job       count    min threads    max threads
------  -------  -------------  -------------
all           1              1              1
fastqc        8              1              1
total         9              1              1

Select jobs to execute...

[Thu Apr  7 13:48:31 2022]
rule fastqc:
    input: test/fastq/plex1_R1.fastq.gz
    output: test/qc/plex1_R1_fastqc.html, test/qc/plex1_R1_fastqc.zip
    log: test/logs/fastqc_plex1_R1.log
    jobid: 3
    wildcards: fq_id=plex1, read=R1
    resources: tmpdir=/tmp

Activating singularity image /home/jeszyman/sing_containers/biotools.sif

[Thu Apr  7 13:48:31 2022]
rule fastqc:
    input: test/fastq/mpnst1_R1.fastq.gz
    output: test/qc/mpnst1_R1_fastqc.html, test/qc/mpnst1_R1_fastqc.zip
    log: test/logs/fastqc_mpnst1_R1.log
    jobid: 5
    wildcards: fq_id=mpnst1, read=R1
    resources: tmpdir=/tmp

Activating singularity image /home/jeszyman/sing_containers/biotools.sif

[Thu Apr  7 13:48:31 2022]
rule fastqc:
    input: test/fastq/mpnst2_R1.fastq.gz
    output: test/qc/mpnst2_R1_fastqc.html, test/qc/mpnst2_R1_fastqc.zip
    log: test/logs/fastqc_mpnst2_R1.log
    jobid: 7
    wildcards: fq_id=mpnst2, read=R1
    resources: tmpdir=/tmp

Activating singularity image /home/jeszyman/sing_containers/biotools.sif

[Thu Apr  7 13:48:31 2022]
rule fastqc:
    input: test/fastq/plex2_R1.fastq.gz
    output: test/qc/plex2_R1_fastqc.html, test/qc/plex2_R1_fastqc.zip
    log: test/logs/fastqc_plex2_R1.log
    jobid: 1
    wildcards: fq_id=plex2, read=R1
    resources: tmpdir=/tmp

Activating singularity image /home/jeszyman/sing_containers/biotools.sif
[Thu Apr  7 13:48:33 2022]
Finished job 7.
1 of 9 steps (11%) done
Select jobs to execute...

[Thu Apr  7 13:48:33 2022]
rule fastqc:
    input: test/fastq/plex1_R2.fastq.gz
    output: test/qc/plex1_R2_fastqc.html, test/qc/plex1_R2_fastqc.zip
    log: test/logs/fastqc_plex1_R2.log
    jobid: 4
    wildcards: fq_id=plex1, read=R2
    resources: tmpdir=/tmp

Activating singularity image /home/jeszyman/sing_containers/biotools.sif
[Thu Apr  7 13:48:34 2022]
Finished job 3.
2 of 9 steps (22%) done
Select jobs to execute...

[Thu Apr  7 13:48:34 2022]
rule fastqc:
    input: test/fastq/plex2_R2.fastq.gz
    output: test/qc/plex2_R2_fastqc.html, test/qc/plex2_R2_fastqc.zip
    log: test/logs/fastqc_plex2_R2.log
    jobid: 2
    wildcards: fq_id=plex2, read=R2
    resources: tmpdir=/tmp

Activating singularity image /home/jeszyman/sing_containers/biotools.sif
[Thu Apr  7 13:48:34 2022]
Finished job 5.
3 of 9 steps (33%) done
Select jobs to execute...
[Thu Apr  7 13:48:34 2022]
Finished job 1.
4 of 9 steps (44%) done

[Thu Apr  7 13:48:34 2022]
rule fastqc:
    input: test/fastq/mpnst2_R2.fastq.gz
    output: test/qc/mpnst2_R2_fastqc.html, test/qc/mpnst2_R2_fastqc.zip
    log: test/logs/fastqc_mpnst2_R2.log
    jobid: 8
    wildcards: fq_id=mpnst2, read=R2
    resources: tmpdir=/tmp

Select jobs to execute...
Activating singularity image /home/jeszyman/sing_containers/biotools.sif

[Thu Apr  7 13:48:35 2022]
rule fastqc:
    input: test/fastq/mpnst1_R2.fastq.gz
    output: test/qc/mpnst1_R2_fastqc.html, test/qc/mpnst1_R2_fastqc.zip
    log: test/logs/fastqc_mpnst1_R2.log
    jobid: 6
    wildcards: fq_id=mpnst1, read=R2
    resources: tmpdir=/tmp

Activating singularity image /home/jeszyman/sing_containers/biotools.sif
[Thu Apr  7 13:48:36 2022]
Finished job 4.
5 of 9 steps (56%) done
[Thu Apr  7 13:48:37 2022]
Finished job 8.
6 of 9 steps (67%) done
[Thu Apr  7 13:48:37 2022]
Finished job 6.
7 of 9 steps (78%) done
[Thu Apr  7 13:48:38 2022]
Finished job 2.
8 of 9 steps (89%) done
Select jobs to execute...

[Thu Apr  7 13:48:38 2022]
localrule all:
    input: test/qc/plex2_R1_fastqc.html, test/qc/plex2_R2_fastqc.html, test/qc/plex1_R1_fastqc.html, test/qc/plex1_R2_fastqc.html, test/qc/mpnst1_R1_fastqc.html, test/qc/mpnst1_R2_fastqc.html, test/qc/mpnst2_R1_fastqc.html, test/qc/mpnst2_R2_fastqc.html
    jobid: 0
    resources: tmpdir=/tmp

[Thu Apr  7 13:48:38 2022]
Finished job 0.
9 of 9 steps (100%) done
Complete log: /home/jeszyman/repos/mpnst-preprocessing/.snakemake/log/2022-04-07T134831.028787.snakemake.log
