Building DAG of jobs...
Using shell: /bin/bash
Provided cores: 4
Rules claiming more threads will be scaled down.
Job stats:
job            count    min threads    max threads
-----------  -------  -------------  -------------
all                1              1              1
trimmomatic        4              1              1
total              5              1              1

Select jobs to execute...

[Thu Apr  7 13:26:44 2022]
rule trimmomatic:
    input: test/fastq/plex1_R1.fastq.gz, test/fastq/plex1_R2.fastq.gz
    output: test/processed-fastq/plex1_proc_R1.fastq.gz, test/processed-fastq/plex1_proc_R2.fastq.gz, test/unpaired-fastq/plex1_unpr_R1.fastq.gz, test/unpaired-fastq/plex1_unpr_R2.fastq.gz
    log: test/logs/trimmomatic_trimlog_plex1.log
    jobid: 2
    wildcards: fq_id=plex1
    resources: tmpdir=/tmp

Activating singularity image /home/jeszyman/sing_containers/biotools.sif

[Thu Apr  7 13:26:44 2022]
rule trimmomatic:
    input: test/fastq/mpnst1_R1.fastq.gz, test/fastq/mpnst1_R2.fastq.gz
    output: test/processed-fastq/mpnst1_proc_R1.fastq.gz, test/processed-fastq/mpnst1_proc_R2.fastq.gz, test/unpaired-fastq/mpnst1_unpr_R1.fastq.gz, test/unpaired-fastq/mpnst1_unpr_R2.fastq.gz
    log: test/logs/trimmomatic_trimlog_mpnst1.log
    jobid: 3
    wildcards: fq_id=mpnst1
    resources: tmpdir=/tmp

Activating singularity image /home/jeszyman/sing_containers/biotools.sif

[Thu Apr  7 13:26:44 2022]
rule trimmomatic:
    input: test/fastq/mpnst2_R1.fastq.gz, test/fastq/mpnst2_R2.fastq.gz
    output: test/processed-fastq/mpnst2_proc_R1.fastq.gz, test/processed-fastq/mpnst2_proc_R2.fastq.gz, test/unpaired-fastq/mpnst2_unpr_R1.fastq.gz, test/unpaired-fastq/mpnst2_unpr_R2.fastq.gz
    log: test/logs/trimmomatic_trimlog_mpnst2.log
    jobid: 4
    wildcards: fq_id=mpnst2
    resources: tmpdir=/tmp

Activating singularity image /home/jeszyman/sing_containers/biotools.sif

[Thu Apr  7 13:26:44 2022]
rule trimmomatic:
    input: test/fastq/plex2_R1.fastq.gz, test/fastq/plex2_R2.fastq.gz
    output: test/processed-fastq/plex2_proc_R1.fastq.gz, test/processed-fastq/plex2_proc_R2.fastq.gz, test/unpaired-fastq/plex2_unpr_R1.fastq.gz, test/unpaired-fastq/plex2_unpr_R2.fastq.gz
    log: test/logs/trimmomatic_trimlog_plex2.log
    jobid: 1
    wildcards: fq_id=plex2
    resources: tmpdir=/tmp

Activating singularity image /home/jeszyman/sing_containers/biotools.sif
[Thu Apr  7 13:26:46 2022]
Finished job 2.
1 of 5 steps (20%) done
[Thu Apr  7 13:26:46 2022]
Finished job 1.
2 of 5 steps (40%) done
[Thu Apr  7 13:26:46 2022]
Finished job 4.
3 of 5 steps (60%) done
[Thu Apr  7 13:26:46 2022]
Finished job 3.
4 of 5 steps (80%) done
Select jobs to execute...

[Thu Apr  7 13:26:46 2022]
localrule all:
    input: test/processed-fastq/plex2_proc_R1.fastq.gz, test/processed-fastq/plex1_proc_R1.fastq.gz, test/processed-fastq/mpnst1_proc_R1.fastq.gz, test/processed-fastq/mpnst2_proc_R1.fastq.gz, test/processed-fastq/plex2_proc_R2.fastq.gz, test/processed-fastq/plex1_proc_R2.fastq.gz, test/processed-fastq/mpnst1_proc_R2.fastq.gz, test/processed-fastq/mpnst2_proc_R2.fastq.gz, test/unpaired-fastq/plex2_unpr_R1.fastq.gz, test/unpaired-fastq/plex1_unpr_R1.fastq.gz, test/unpaired-fastq/mpnst1_unpr_R1.fastq.gz, test/unpaired-fastq/mpnst2_unpr_R1.fastq.gz, test/unpaired-fastq/plex2_unpr_R2.fastq.gz, test/unpaired-fastq/plex1_unpr_R2.fastq.gz, test/unpaired-fastq/mpnst1_unpr_R2.fastq.gz, test/unpaired-fastq/mpnst2_unpr_R2.fastq.gz
    jobid: 0
    resources: tmpdir=/tmp

[Thu Apr  7 13:26:46 2022]
Finished job 0.
5 of 5 steps (100%) done
Complete log: /home/jeszyman/repos/mpnst-preprocessing/.snakemake/log/2022-04-07T132644.633821.snakemake.log
