Building DAG of jobs...
Using shell: /bin/bash
Provided cores: 8
Rules claiming more threads will be scaled down.
Job stats:
job                         count    min threads    max threads
------------------------  -------  -------------  -------------
all                             1              1              1
extract_cappseq_barcodes        2              1              1
fix_headers                     4              1              1
total                           7              1              1

Select jobs to execute...

[Tue Apr 12 10:45:52 2022]
rule extract_cappseq_barcodes:
    input: test/cappseq_fastq/capp1_R1.fastq.gz, test/cappseq_fastq/capp1_R2.fastq.gz
    output: test/cappseq_fastq/capp1_R1.fastq, test/cappseq_fastq/capp1_R2.fastq, test/extracted_fastq/capp1_R1.fastq, test/extracted_fastq/capp1_R2.fastq
    jobid: 2
    wildcards: read_id=capp1
    resources: tmpdir=/tmp


[Tue Apr 12 10:45:52 2022]
rule extract_cappseq_barcodes:
    input: test/cappseq_fastq/capp2_R1.fastq.gz, test/cappseq_fastq/capp2_R2.fastq.gz
    output: test/cappseq_fastq/capp2_R1.fastq, test/cappseq_fastq/capp2_R2.fastq, test/extracted_fastq/capp2_R1.fastq, test/extracted_fastq/capp2_R2.fastq
    jobid: 1
    wildcards: read_id=capp2
    resources: tmpdir=/tmp

Removing temporary output file test/cappseq_fastq/capp2_R1.fastq.
Removing temporary output file test/cappseq_fastq/capp2_R2.fastq.
[Tue Apr 12 10:45:52 2022]
Finished job 1.
1 of 7 steps (14%) done
Select jobs to execute...

[Tue Apr 12 10:45:52 2022]
rule fix_headers:
    input: test/extracted_fastq/capp2_R2.fastq
    output: test/extracted_fastq/capp2_extract_R2.fastq, test/extracted_fastq/capp2_extract_R2.fastq.gz
    jobid: 4
    wildcards: read_id=capp2, read=R2
    resources: tmpdir=/tmp

Removing temporary output file test/cappseq_fastq/capp1_R1.fastq.

[Tue Apr 12 10:45:52 2022]
rule fix_headers:
    input: test/extracted_fastq/capp2_R1.fastq
    output: test/extracted_fastq/capp2_extract_R1.fastq, test/extracted_fastq/capp2_extract_R1.fastq.gz
    jobid: 3
    wildcards: read_id=capp2, read=R1
    resources: tmpdir=/tmp
Removing temporary output file test/cappseq_fastq/capp1_R2.fastq.

[Tue Apr 12 10:45:52 2022]
Finished job 2.
2 of 7 steps (29%) done
Select jobs to execute...

[Tue Apr 12 10:45:52 2022]
rule fix_headers:
    input: test/extracted_fastq/capp1_R2.fastq
    output: test/extracted_fastq/capp1_extract_R2.fastq, test/extracted_fastq/capp1_extract_R2.fastq.gz
    jobid: 6
    wildcards: read_id=capp1, read=R2
    resources: tmpdir=/tmp


[Tue Apr 12 10:45:52 2022]
rule fix_headers:
    input: test/extracted_fastq/capp1_R1.fastq
    output: test/extracted_fastq/capp1_extract_R1.fastq, test/extracted_fastq/capp1_extract_R1.fastq.gz
    jobid: 5
    wildcards: read_id=capp1, read=R1
    resources: tmpdir=/tmp

[Tue Apr 12 10:45:52 2022]
Finished job 4.
3 of 7 steps (43%) done
[Tue Apr 12 10:45:53 2022]
Finished job 3.
4 of 7 steps (57%) done
[Tue Apr 12 10:45:53 2022]
Finished job 5.
5 of 7 steps (71%) done
[Tue Apr 12 10:45:53 2022]
Finished job 6.
6 of 7 steps (86%) done
Select jobs to execute...

[Tue Apr 12 10:45:53 2022]
localrule all:
    input: test/extracted_fastq/capp2_R1.fastq, test/extracted_fastq/capp2_R2.fastq, test/extracted_fastq/capp1_R1.fastq, test/extracted_fastq/capp1_R2.fastq, test/extracted_fastq/capp2_extract_R1.fastq.gz, test/extracted_fastq/capp2_extract_R2.fastq.gz, test/extracted_fastq/capp1_extract_R1.fastq.gz, test/extracted_fastq/capp1_extract_R2.fastq.gz
    jobid: 0
    resources: tmpdir=/tmp

[Tue Apr 12 10:45:53 2022]
Finished job 0.
7 of 7 steps (100%) done
Complete log: /home/jeszyman/repos/mpnst-preprocessing/.snakemake/log/2022-04-12T104551.961500.snakemake.log
