Building DAG of jobs...
Using shell: /bin/bash
Provided cores: 4
Rules claiming more threads will be scaled down.
Job stats:
job       count    min threads    max threads
------  -------  -------------  -------------
all           1              1              1
my_job        4              1              1
total         5              1              1

Select jobs to execute...

[Tue Apr 12 08:38:05 2022]
rule my_job:
    output: test/symlink/lib003_R1.fastq.gz
    jobid: 3
    wildcards: f=lib003
    resources: tmpdir=/tmp

InputFunctionException in line 18 of /home/jeszyman/repos/mpnst-preprocessing/workflow/test.smk:
Error:
  KeyError: 'lib003'
Wildcards:
  f=lib003
Traceback:
  File "/home/jeszyman/repos/mpnst-preprocessing/workflow/test.smk", line 22, in <lambda>
