Building DAG of jobs...
Using shell: /bin/bash
Provided cores: 8
Rules claiming more threads will be scaled down.
Job stats:
job            count    min threads    max threads
-----------  -------  -------------  -------------
all                1              1              1
fastqc_raw         8              1              1
rename             6              1              1
trimmomatic        2              1              1
total             17              1              1

Select jobs to execute...

[Tue Apr 12 12:20:42 2022]
rule rename:
    output: test/symlink_fastq/lib001_R1.fastq.gz, test/symlink_fastq/lib001_R2.fastq.gz
    jobid: 1
    wildcards: f=lib001
    resources: tmpdir=/tmp

Activating singularity image /home/jeszyman/sing_containers/biotools.sif

[Tue Apr 12 12:20:42 2022]
rule rename:
    output: test/symlink_fastq/lib003_R1.fastq.gz, test/symlink_fastq/lib003_R2.fastq.gz
    jobid: 3
    wildcards: f=lib003
    resources: tmpdir=/tmp


Activating singularity image /home/jeszyman/sing_containers/biotools.sif
[Tue Apr 12 12:20:42 2022]
rule rename:
    output: test/symlink_fastq/lib004_R1.fastq.gz, test/symlink_fastq/lib004_R2.fastq.gz
    jobid: 4
    wildcards: f=lib004
    resources: tmpdir=/tmp


[Tue Apr 12 12:20:42 2022]
rule rename:
    output: test/symlink_fastq/lib001_proc_R1.fastq.gz, test/symlink_fastq/lib001_proc_R2.fastq.gz
    jobid: 15
    wildcards: f=lib001_proc
    resources: tmpdir=/tmp

Activating singularity image /home/jeszyman/sing_containers/biotools.sif
InputFunctionException in line 20 of /home/jeszyman/repos/mpnst-preprocessing/workflow/TMPread_qc.smk:
Error:
  KeyError: 'lib001_proc'
Wildcards:
  f=lib001_proc
Traceback:
  File "/home/jeszyman/repos/mpnst-preprocessing/workflow/TMPread_qc.smk", line 22, in <lambda>
