Building DAG of jobs...
Using shell: /bin/bash
Provided cores: 4
Rules claiming more threads will be scaled down.
Job stats:
job            count    min threads    max threads
-----------  -------  -------------  -------------
all                1              1              1
trimmomatic        4              1              1
total              5              1              1

Select jobs to execute...

[Thu Apr  7 13:24:47 2022]
rule trimmomatic:
    input: test/fastq/plex2_R1.fastq.gz, test/fastq/plex2_R2.fastq.gz
    output: test/processed-fastq/plex2_proc_R1.fastq.gz, test/processed-fastq/plex2_proc_R2.fastq.gz, test/unpaired-fastq/plex2_unpr_R1.fastq.gz, test/unpaired-fastq/plex2_unpr_R2.fastq.gz
    log: test/logs/trimmomatic_trimlog_plex2.log
    jobid: 1
    wildcards: fq_id=plex2
    resources: tmpdir=/tmp

RuleException in line 12 of /home/jeszyman/repos/mpnst-preprocessing/workflow/read_qc.smk:
'Log' object has no attribute 'command_int'
