Building DAG of jobs...
Using shell: /bin/bash
Provided cores: 8
Rules claiming more threads will be scaled down.
Job stats:
job            count    min threads    max threads
-----------  -------  -------------  -------------
align              4              1              1
all                1              1              1
fastqc_proc        8              1              1
fastqc_raw         8              1              1
trimmomatic        4              1              1
total             25              1              1

Select jobs to execute...

[Thu Apr  7 15:19:43 2022]
rule trimmomatic:
    input: test/fastq/mpnst2_R1.fastq.gz, test/fastq/mpnst2_R2.fastq.gz
    output: test/processed-fastq/mpnst2_proc_R1.fastq.gz, test/unpaired-fastq/mpnst2_unpr_R1.fastq.gz, test/processed-fastq/mpnst2_proc_R2.fastq.gz, test/unpaired-fastq/mpnst2_unpr_R2.fastq.gz
    log: test/logs/trimmomatic_trimlog_mpnst2.log, test/logs/trimmomatic_mpnst2.log
    jobid: 4
    wildcards: fq_id=mpnst2
    resources: tmpdir=/tmp

Activating singularity image /home/jeszyman/sing_containers/biotools.sif

[Thu Apr  7 15:19:43 2022]
rule fastqc_raw:
    input: test/fastq/plex2_R2.fastq.gz
    output: test/qc/plex2_R2_fastqc.html, test/qc/plex2_R2_fastqc.zip
    log: test/logs/fastqc_raw_plex2_R2.log
    jobid: 6
    wildcards: fq_id=plex2, read=R2
    resources: tmpdir=/tmp


[Thu Apr  7 15:19:43 2022]
rule trimmomatic:
    input: test/fastq/plex1_R1.fastq.gz, test/fastq/plex1_R2.fastq.gz
    output: test/processed-fastq/plex1_proc_R1.fastq.gz, test/unpaired-fastq/plex1_unpr_R1.fastq.gz, test/processed-fastq/plex1_proc_R2.fastq.gz, test/unpaired-fastq/plex1_unpr_R2.fastq.gz
    log: test/logs/trimmomatic_trimlog_plex1.log, test/logs/trimmomatic_plex1.log
    jobid: 2
    wildcards: fq_id=plex1
    resources: tmpdir=/tmp

Activating singularity image /home/jeszyman/sing_containers/biotools.sif
Activating singularity image /home/jeszyman/sing_containers/biotools.sif

[Thu Apr  7 15:19:43 2022]
rule fastqc_raw:
    input: test/fastq/mpnst1_R1.fastq.gz
    output: test/qc/mpnst1_R1_fastqc.html, test/qc/mpnst1_R1_fastqc.zip
    log: test/logs/fastqc_raw_mpnst1_R1.log
    jobid: 9
    wildcards: fq_id=mpnst1, read=R1
    resources: tmpdir=/tmp

Activating singularity image /home/jeszyman/sing_containers/biotools.sif

[Thu Apr  7 15:19:43 2022]
rule fastqc_raw:
    input: test/fastq/mpnst2_R1.fastq.gz
    output: test/qc/mpnst2_R1_fastqc.html, test/qc/mpnst2_R1_fastqc.zip
    log: test/logs/fastqc_raw_mpnst2_R1.log
    jobid: 11
    wildcards: fq_id=mpnst2, read=R1
    resources: tmpdir=/tmp


Activating singularity image /home/jeszyman/sing_containers/biotools.sif
[Thu Apr  7 15:19:43 2022]
rule fastqc_raw:
    input: test/fastq/plex1_R2.fastq.gz
    output: test/qc/plex1_R2_fastqc.html, test/qc/plex1_R2_fastqc.zip
    log: test/logs/fastqc_raw_plex1_R2.log
    jobid: 8
    wildcards: fq_id=plex1, read=R2
    resources: tmpdir=/tmp

Activating singularity image /home/jeszyman/sing_containers/biotools.sif

[Thu Apr  7 15:19:43 2022]
rule fastqc_raw:
    input: test/fastq/plex1_R1.fastq.gz
    output: test/qc/plex1_R1_fastqc.html, test/qc/plex1_R1_fastqc.zip
    log: test/logs/fastqc_raw_plex1_R1.log
    jobid: 7
    wildcards: fq_id=plex1, read=R1
    resources: tmpdir=/tmp

Activating singularity image /home/jeszyman/sing_containers/biotools.sif

[Thu Apr  7 15:19:43 2022]
rule trimmomatic:
    input: test/fastq/plex2_R1.fastq.gz, test/fastq/plex2_R2.fastq.gz
    output: test/processed-fastq/plex2_proc_R1.fastq.gz, test/unpaired-fastq/plex2_unpr_R1.fastq.gz, test/processed-fastq/plex2_proc_R2.fastq.gz, test/unpaired-fastq/plex2_unpr_R2.fastq.gz
    log: test/logs/trimmomatic_trimlog_plex2.log, test/logs/trimmomatic_plex2.log
    jobid: 1
    wildcards: fq_id=plex2
    resources: tmpdir=/tmp

Activating singularity image /home/jeszyman/sing_containers/biotools.sif
[Thu Apr  7 15:19:47 2022]
Finished job 4.
1 of 25 steps (4%) done
Select jobs to execute...

[Thu Apr  7 15:19:47 2022]
rule fastqc_proc:
    input: test/processed-fastq/mpnst2_proc_R2.fastq.gz
    output: test/qc/mpnst2_proc_R2_fastqc.html, test/qc/mpnst2_proc_R2_fastqc.zip
    log: test/logs/fastqc_raw_mpnst2_R2.log
    jobid: 20
    wildcards: fq_id=mpnst2, read=R2
    resources: tmpdir=/tmp

Activating singularity image /home/jeszyman/sing_containers/biotools.sif
[Thu Apr  7 15:19:48 2022]
Finished job 1.
2 of 25 steps (8%) done
Select jobs to execute...

[Thu Apr  7 15:19:48 2022]
rule align:
    input: test/processed-fastq/plex2_proc_R1.fastq.gz, test/processed-fastq/plex2_proc_R2.fastq.gz
    output: test/bam/plex2.sam
    log: test/logs/align_plex2.log
    jobid: 21
    wildcards: fq_id=plex2
    resources: tmpdir=/tmp

Activating singularity image /home/jeszyman/sing_containers/biotools.sif
[Thu Apr  7 15:19:48 2022]
Finished job 2.
3 of 25 steps (12%) done
Select jobs to execute...

[Thu Apr  7 15:19:48 2022]
rule fastqc_raw:
    input: test/fastq/mpnst2_R2.fastq.gz
    output: test/qc/mpnst2_R2_fastqc.html, test/qc/mpnst2_R2_fastqc.zip
    log: test/logs/fastqc_raw_mpnst2_R2.log
    jobid: 12
    wildcards: fq_id=mpnst2, read=R2
    resources: tmpdir=/tmp

Activating singularity image /home/jeszyman/sing_containers/biotools.sif
[Thu Apr  7 15:19:48 2022]
Error in rule align:
    jobid: 21
    output: test/bam/plex2.sam
    log: test/logs/align_plex2.log (check log file(s) for error message)
    shell:
        
        RG="@RG	ID:plex2	LB:plex2	SM:plex2	PL:ILLUMINA"
        bwa mem -M -t 4 -R "$RG" test/ref/chr8 test/processed-fastq/plex2_proc_R1.fastq.gz test/processed-fastq/plex2_proc_R2.fastq.gz > test/bam/plex2.sam
	
        (one of the commands exited with non-zero exit code; note that snakemake uses bash strict mode!)

Removing output files of failed job align since they might be corrupted:
test/bam/plex2.sam
[Thu Apr  7 15:19:49 2022]
Finished job 6.
4 of 25 steps (16%) done
[Thu Apr  7 15:19:49 2022]
Finished job 11.
5 of 25 steps (20%) done
[Thu Apr  7 15:19:49 2022]
Finished job 9.
6 of 25 steps (24%) done
[Thu Apr  7 15:19:49 2022]
Finished job 7.
7 of 25 steps (28%) done
[Thu Apr  7 15:19:49 2022]
Finished job 8.
8 of 25 steps (32%) done
[Thu Apr  7 15:19:52 2022]
Finished job 20.
9 of 25 steps (36%) done
[Thu Apr  7 15:19:52 2022]
Finished job 12.
10 of 25 steps (40%) done
Shutting down, this might take some time.
Exiting because a job execution failed. Look above for error message
Complete log: /home/jeszyman/repos/mpnst-preprocessing/.snakemake/log/2022-04-07T151943.381515.snakemake.log
