Building DAG of jobs...
Using shell: /bin/bash
Provided cores: 4
Rules claiming more threads will be scaled down.
Job stats:
job       count    min threads    max threads
------  -------  -------------  -------------
all           1              1              1
fastqc        8              1              1
total         9              1              1

Select jobs to execute...

[Thu Apr  7 13:48:12 2022]
rule fastqc:
    input: test/fastq/plex1_R1.fastq.gz
    output: test/qc/plex1_R1_fastqc.html, test/qc/plex1_R1_fastqc.zip
    log: test/logs/fastqc_plex1_R1.log
    jobid: 3
    wildcards: fq_id=plex1, read=R1
    resources: tmpdir=/tmp

RuleException in line 9 of /home/jeszyman/repos/mpnst-preprocessing/workflow/read_qc.smk:
'InputFiles' object has no attribute 'raw'
