Building DAG of jobs...
Using shell: /bin/bash
Provided cores: 4
Rules claiming more threads will be scaled down.
Job stats:
job             count    min threads    max threads
------------  -------  -------------  -------------
alignment_qc        8              1              1
all                 1              1              1
total               9              1              1

Select jobs to execute...

[Wed Apr 13 12:40:30 2022]
rule alignment_qc:
    input: test/bam/lib001_dedup.bam
    output: test/qc/lib001_dedup_samstats.txt, test/qc/lib001_dedup_flagstat.txt
    jobid: 26
    wildcards: fq_id=lib001, bam_step=dedup
    resources: tmpdir=/tmp

Activating singularity image /home/jeszyman/sing_containers/biotools.sif

[Wed Apr 13 12:40:30 2022]
rule alignment_qc:
    input: test/bam/lib002_raw.bam
    output: test/qc/lib002_raw_samstats.txt, test/qc/lib002_raw_flagstat.txt
    jobid: 27
    wildcards: fq_id=lib002, bam_step=raw
    resources: tmpdir=/tmp

Activating singularity image /home/jeszyman/sing_containers/biotools.sif

[Wed Apr 13 12:40:30 2022]
rule alignment_qc:
    input: test/bam/lib003_raw.bam
    output: test/qc/lib003_raw_samstats.txt, test/qc/lib003_raw_flagstat.txt
    jobid: 29
    wildcards: fq_id=lib003, bam_step=raw
    resources: tmpdir=/tmp

Activating singularity image /home/jeszyman/sing_containers/biotools.sif

[Wed Apr 13 12:40:30 2022]
rule alignment_qc:
    input: test/bam/lib004_raw.bam
    output: test/qc/lib004_raw_samstats.txt, test/qc/lib004_raw_flagstat.txt
    jobid: 31
    wildcards: fq_id=lib004, bam_step=raw
    resources: tmpdir=/tmp

Activating singularity image /home/jeszyman/sing_containers/biotools.sif
[Wed Apr 13 12:40:30 2022]
Finished job 27.
1 of 9 steps (11%) done
Select jobs to execute...

[Wed Apr 13 12:40:30 2022]
rule alignment_qc:
    input: test/bam/lib004_dedup.bam
    output: test/qc/lib004_dedup_samstats.txt, test/qc/lib004_dedup_flagstat.txt
    jobid: 32
    wildcards: fq_id=lib004, bam_step=dedup
    resources: tmpdir=/tmp

Activating singularity image /home/jeszyman/sing_containers/biotools.sif
[Wed Apr 13 12:40:30 2022]
Finished job 29.
2 of 9 steps (22%) done
Select jobs to execute...

[Wed Apr 13 12:40:30 2022]
rule alignment_qc:
    input: test/bam/lib003_dedup.bam
    output: test/qc/lib003_dedup_samstats.txt, test/qc/lib003_dedup_flagstat.txt
    jobid: 30
    wildcards: fq_id=lib003, bam_step=dedup
    resources: tmpdir=/tmp

Activating singularity image /home/jeszyman/sing_containers/biotools.sif
[Wed Apr 13 12:40:30 2022]
Finished job 26.
3 of 9 steps (33%) done
[Wed Apr 13 12:40:30 2022]
Finished job 31.
4 of 9 steps (44%) done
Select jobs to execute...

[Wed Apr 13 12:40:31 2022]
rule alignment_qc:
    input: test/bam/lib001_raw.bam
    output: test/qc/lib001_raw_samstats.txt, test/qc/lib001_raw_flagstat.txt
    jobid: 25
    wildcards: fq_id=lib001, bam_step=raw
    resources: tmpdir=/tmp

Activating singularity image /home/jeszyman/sing_containers/biotools.sif

[Wed Apr 13 12:40:31 2022]
rule alignment_qc:
    input: test/bam/lib002_dedup.bam
    output: test/qc/lib002_dedup_samstats.txt, test/qc/lib002_dedup_flagstat.txt
    jobid: 28
    wildcards: fq_id=lib002, bam_step=dedup
    resources: tmpdir=/tmp

Activating singularity image /home/jeszyman/sing_containers/biotools.sif
[Wed Apr 13 12:40:31 2022]
Finished job 32.
5 of 9 steps (56%) done
[Wed Apr 13 12:40:31 2022]
Finished job 30.
6 of 9 steps (67%) done
[Wed Apr 13 12:40:31 2022]
Finished job 28.
7 of 9 steps (78%) done
[Wed Apr 13 12:40:31 2022]
Finished job 25.
8 of 9 steps (89%) done
Select jobs to execute...

[Wed Apr 13 12:40:31 2022]
localrule all:
    input: test/processed-fastq/lib001_proc_R1.fastq.gz, test/processed-fastq/lib001_proc_R2.fastq.gz, test/processed-fastq/lib002_proc_R1.fastq.gz, test/processed-fastq/lib002_proc_R2.fastq.gz, test/processed-fastq/lib003_proc_R1.fastq.gz, test/processed-fastq/lib003_proc_R2.fastq.gz, test/processed-fastq/lib004_proc_R1.fastq.gz, test/processed-fastq/lib004_proc_R2.fastq.gz, test/unpaired-fastq/lib001_unpr_R1.fastq.gz, test/unpaired-fastq/lib002_unpr_R1.fastq.gz, test/unpaired-fastq/lib003_unpr_R1.fastq.gz, test/unpaired-fastq/lib004_unpr_R1.fastq.gz, test/qc/lib001_R1_fastqc.html, test/qc/lib001_R2_fastqc.html, test/qc/lib002_R1_fastqc.html, test/qc/lib002_R2_fastqc.html, test/qc/lib003_R1_fastqc.html, test/qc/lib003_R2_fastqc.html, test/qc/lib004_R1_fastqc.html, test/qc/lib004_R2_fastqc.html, test/qc/lib001_proc_R1_fastqc.html, test/qc/lib001_proc_R2_fastqc.html, test/qc/lib002_proc_R1_fastqc.html, test/qc/lib002_proc_R2_fastqc.html, test/qc/lib003_proc_R1_fastqc.html, test/qc/lib003_proc_R2_fastqc.html, test/qc/lib004_proc_R1_fastqc.html, test/qc/lib004_proc_R2_fastqc.html, test/bam/lib001_dedup.bam, test/bam/lib002_dedup.bam, test/bam/lib003_dedup.bam, test/bam/lib004_dedup.bam, test/qc/lib001_raw_samstats.txt, test/qc/lib001_dedup_samstats.txt, test/qc/lib002_raw_samstats.txt, test/qc/lib002_dedup_samstats.txt, test/qc/lib003_raw_samstats.txt, test/qc/lib003_dedup_samstats.txt, test/qc/lib004_raw_samstats.txt, test/qc/lib004_dedup_samstats.txt, test/qc/lib001_raw_flagstat.txt, test/qc/lib001_dedup_flagstat.txt, test/qc/lib002_raw_flagstat.txt, test/qc/lib002_dedup_flagstat.txt, test/qc/lib003_raw_flagstat.txt, test/qc/lib003_dedup_flagstat.txt, test/qc/lib004_raw_flagstat.txt, test/qc/lib004_dedup_flagstat.txt
    jobid: 0
    resources: tmpdir=/tmp

[Wed Apr 13 12:40:31 2022]
Finished job 0.
9 of 9 steps (100%) done
Complete log: /home/jeszyman/repos/mpnst-preprocessing/.snakemake/log/2022-04-13T124029.636088.snakemake.log
