Building DAG of jobs...
Using shell: /bin/bash
Provided cores: 4
Rules claiming more threads will be scaled down.
Job stats:
job                     count    min threads    max threads
--------------------  -------  -------------  -------------
align                       4              1              1
alignment_processing        4              1              1
alignment_qc                4              1              1
all                         1              1              1
fastqc                      8              1              1
trimmomatic                 4              1              1
total                      25              1              1

Select jobs to execute...

[Fri Apr 29 10:03:27 2022]
rule trimmomatic:
    input: test/fastq/mpnst2_R1.fastq.gz, test/fastq/mpnst2_R2.fastq.gz
    output: test/processed-fastq/mpnst2_proc_R1.fastq.gz, test/unpaired-fastq/mpnst2_unpr_R1.fastq.gz, test/processed-fastq/mpnst2_proc_R2.fastq.gz, test/unpaired-fastq/mpnst2_unpr_R2.fastq.gz
    log: test/logs/trimmomatic_trimlog_mpnst2.log, test/logs/trimmomatic_mpnst2.log
    jobid: 4
    wildcards: read_id=mpnst2
    resources: tmpdir=/tmp

Activating singularity image /home/jeszyman/sing_containers/biotools.sif

[Fri Apr 29 10:03:27 2022]
rule trimmomatic:
    input: test/fastq/plex1_R1.fastq.gz, test/fastq/plex1_R2.fastq.gz
    output: test/processed-fastq/plex1_proc_R1.fastq.gz, test/unpaired-fastq/plex1_unpr_R1.fastq.gz, test/processed-fastq/plex1_proc_R2.fastq.gz, test/unpaired-fastq/plex1_unpr_R2.fastq.gz
    log: test/logs/trimmomatic_trimlog_plex1.log, test/logs/trimmomatic_plex1.log
    jobid: 2
    wildcards: read_id=plex1
    resources: tmpdir=/tmp

Activating singularity image /home/jeszyman/sing_containers/biotools.sif

[Fri Apr 29 10:03:27 2022]
rule trimmomatic:
    input: test/fastq/plex2_R1.fastq.gz, test/fastq/plex2_R2.fastq.gz
    output: test/processed-fastq/plex2_proc_R1.fastq.gz, test/unpaired-fastq/plex2_unpr_R1.fastq.gz, test/processed-fastq/plex2_proc_R2.fastq.gz, test/unpaired-fastq/plex2_unpr_R2.fastq.gz
    log: test/logs/trimmomatic_trimlog_plex2.log, test/logs/trimmomatic_plex2.log
    jobid: 1
    wildcards: read_id=plex2
    resources: tmpdir=/tmp

Activating singularity image /home/jeszyman/sing_containers/biotools.sif

[Fri Apr 29 10:03:28 2022]
rule trimmomatic:
    input: test/fastq/mpnst1_R1.fastq.gz, test/fastq/mpnst1_R2.fastq.gz
    output: test/processed-fastq/mpnst1_proc_R1.fastq.gz, test/unpaired-fastq/mpnst1_unpr_R1.fastq.gz, test/processed-fastq/mpnst1_proc_R2.fastq.gz, test/unpaired-fastq/mpnst1_unpr_R2.fastq.gz
    log: test/logs/trimmomatic_trimlog_mpnst1.log, test/logs/trimmomatic_mpnst1.log
    jobid: 3
    wildcards: read_id=mpnst1
    resources: tmpdir=/tmp

Activating singularity image /home/jeszyman/sing_containers/biotools.sif
[Fri Apr 29 10:03:31 2022]
Finished job 3.
1 of 25 steps (4%) done
Select jobs to execute...

[Fri Apr 29 10:03:31 2022]
rule align:
    input: test/processed-fastq/mpnst1_proc_R1.fastq.gz, test/processed-fastq/mpnst1_proc_R2.fastq.gz
    output: test/bam/mpnst1.sam
    log: test/logs/align_mpnst1.log
    jobid: 7
    wildcards: read_id=mpnst1
    resources: tmpdir=/tmp

Activating singularity image /home/jeszyman/sing_containers/biotools.sif
[Fri Apr 29 10:03:32 2022]
Finished job 1.
2 of 25 steps (8%) done
Select jobs to execute...

[Fri Apr 29 10:03:32 2022]
rule fastqc:
    input: test/fastq/plex2_R1.fastq.gz, test/processed-fastq/plex2_proc_R1.fastq.gz
    output: test/qc/plex2_R1_fastqc.html, test/qc/plex2_proc_R1_fastqc.html
    log: test/logs/fastqc_raw_plex2_R1.log, test/logs/fastqc_proc_plex2_R1.log
    jobid: 9
    wildcards: read_id=plex2, read=R1
    resources: tmpdir=/tmp

Activating singularity image /home/jeszyman/sing_containers/biotools.sif
[Fri Apr 29 10:03:32 2022]
Finished job 2.
3 of 25 steps (12%) done
Select jobs to execute...

[Fri Apr 29 10:03:32 2022]
rule fastqc:
    input: test/fastq/plex1_R1.fastq.gz, test/processed-fastq/plex1_proc_R1.fastq.gz
    output: test/qc/plex1_R1_fastqc.html, test/qc/plex1_proc_R1_fastqc.html
    log: test/logs/fastqc_raw_plex1_R1.log, test/logs/fastqc_proc_plex1_R1.log
    jobid: 11
    wildcards: read_id=plex1, read=R1
    resources: tmpdir=/tmp

Activating singularity image /home/jeszyman/sing_containers/biotools.sif
[Fri Apr 29 10:03:32 2022]
Finished job 4.
4 of 25 steps (16%) done
Select jobs to execute...

[Fri Apr 29 10:03:32 2022]
rule fastqc:
    input: test/fastq/mpnst2_R2.fastq.gz, test/processed-fastq/mpnst2_proc_R2.fastq.gz
    output: test/qc/mpnst2_R2_fastqc.html, test/qc/mpnst2_proc_R2_fastqc.html
    log: test/logs/fastqc_raw_mpnst2_R2.log, test/logs/fastqc_proc_mpnst2_R2.log
    jobid: 16
    wildcards: read_id=mpnst2, read=R2
    resources: tmpdir=/tmp

Activating singularity image /home/jeszyman/sing_containers/biotools.sif
[Fri Apr 29 10:03:33 2022]
Finished job 7.
5 of 25 steps (20%) done
Select jobs to execute...

[Fri Apr 29 10:03:33 2022]
rule fastqc:
    input: test/fastq/mpnst2_R1.fastq.gz, test/processed-fastq/mpnst2_proc_R1.fastq.gz
    output: test/qc/mpnst2_R1_fastqc.html, test/qc/mpnst2_proc_R1_fastqc.html
    log: test/logs/fastqc_raw_mpnst2_R1.log, test/logs/fastqc_proc_mpnst2_R1.log
    jobid: 15
    wildcards: read_id=mpnst2, read=R1
    resources: tmpdir=/tmp

Activating singularity image /home/jeszyman/sing_containers/biotools.sif
[Fri Apr 29 10:03:39 2022]
Finished job 9.
6 of 25 steps (24%) done
Select jobs to execute...

[Fri Apr 29 10:03:39 2022]
rule align:
    input: test/processed-fastq/plex2_proc_R1.fastq.gz, test/processed-fastq/plex2_proc_R2.fastq.gz
    output: test/bam/plex2.sam
    log: test/logs/align_plex2.log
    jobid: 5
    wildcards: read_id=plex2
    resources: tmpdir=/tmp

Activating singularity image /home/jeszyman/sing_containers/biotools.sif
[Fri Apr 29 10:03:39 2022]
Finished job 11.
7 of 25 steps (28%) done
Select jobs to execute...

[Fri Apr 29 10:03:39 2022]
rule fastqc:
    input: test/fastq/mpnst1_R1.fastq.gz, test/processed-fastq/mpnst1_proc_R1.fastq.gz
    output: test/qc/mpnst1_R1_fastqc.html, test/qc/mpnst1_proc_R1_fastqc.html
    log: test/logs/fastqc_raw_mpnst1_R1.log, test/logs/fastqc_proc_mpnst1_R1.log
    jobid: 13
    wildcards: read_id=mpnst1, read=R1
    resources: tmpdir=/tmp

Activating singularity image /home/jeszyman/sing_containers/biotools.sif
[Fri Apr 29 10:03:39 2022]
Finished job 16.
8 of 25 steps (32%) done
Select jobs to execute...

[Fri Apr 29 10:03:39 2022]
rule alignment_processing:
    input: test/bam/mpnst1.sam
    output: test/bam/mpnst1_raw.bam, test/bam/mpnst1_dedup_unsort.bam, test/bam/mpnst1_dedup.bam, test/bam/mpnst1_dedup.bam.bai
    log: test/logs/alignment_processing_mpnst1.log
    jobid: 19
    wildcards: read_id=mpnst1
    resources: tmpdir=/tmp

Activating singularity image /home/jeszyman/sing_containers/biotools.sif
[Fri Apr 29 10:03:40 2022]
Finished job 5.
9 of 25 steps (36%) done
Select jobs to execute...

[Fri Apr 29 10:03:40 2022]
rule alignment_processing:
    input: test/bam/plex2.sam
    output: test/bam/plex2_raw.bam, test/bam/plex2_dedup_unsort.bam, test/bam/plex2_dedup.bam, test/bam/plex2_dedup.bam.bai
    log: test/logs/alignment_processing_plex2.log
    jobid: 17
    wildcards: read_id=plex2
    resources: tmpdir=/tmp

Activating singularity image /home/jeszyman/sing_containers/biotools.sif
Removing temporary output file test/bam/mpnst1_dedup_unsort.bam.
[Fri Apr 29 10:03:40 2022]
Finished job 19.
10 of 25 steps (40%) done
Select jobs to execute...

[Fri Apr 29 10:03:40 2022]
rule alignment_qc:
    input: test/bam/mpnst1_dedup.bam
    output: test/qc/mpnst1_dedup_samstats.txt, test/qc/mpnst1_dedup_flagstat.txt
    jobid: 23
    wildcards: read_id=mpnst1, bam_step=dedup
    resources: tmpdir=/tmp

Activating singularity image /home/jeszyman/sing_containers/biotools.sif
[Fri Apr 29 10:03:41 2022]
Finished job 15.
11 of 25 steps (44%) done
Select jobs to execute...

[Fri Apr 29 10:03:41 2022]
rule fastqc:
    input: test/fastq/plex2_R2.fastq.gz, test/processed-fastq/plex2_proc_R2.fastq.gz
    output: test/qc/plex2_R2_fastqc.html, test/qc/plex2_proc_R2_fastqc.html
    log: test/logs/fastqc_raw_plex2_R2.log, test/logs/fastqc_proc_plex2_R2.log
    jobid: 10
    wildcards: read_id=plex2, read=R2
    resources: tmpdir=/tmp

Activating singularity image /home/jeszyman/sing_containers/biotools.sif
[Fri Apr 29 10:03:41 2022]
Finished job 23.
12 of 25 steps (48%) done
Select jobs to execute...

[Fri Apr 29 10:03:41 2022]
rule align:
    input: test/processed-fastq/mpnst2_proc_R1.fastq.gz, test/processed-fastq/mpnst2_proc_R2.fastq.gz
    output: test/bam/mpnst2.sam
    log: test/logs/align_mpnst2.log
    jobid: 8
    wildcards: read_id=mpnst2
    resources: tmpdir=/tmp

Activating singularity image /home/jeszyman/sing_containers/biotools.sif
Removing temporary output file test/bam/plex2_dedup_unsort.bam.
[Fri Apr 29 10:03:42 2022]
Finished job 17.
13 of 25 steps (52%) done
Select jobs to execute...

[Fri Apr 29 10:03:42 2022]
rule alignment_qc:
    input: test/bam/plex2_dedup.bam
    output: test/qc/plex2_dedup_samstats.txt, test/qc/plex2_dedup_flagstat.txt
    jobid: 21
    wildcards: read_id=plex2, bam_step=dedup
    resources: tmpdir=/tmp

Activating singularity image /home/jeszyman/sing_containers/biotools.sif
[Fri Apr 29 10:03:42 2022]
Finished job 8.
14 of 25 steps (56%) done
Select jobs to execute...

[Fri Apr 29 10:03:42 2022]
rule alignment_processing:
    input: test/bam/mpnst2.sam
    output: test/bam/mpnst2_raw.bam, test/bam/mpnst2_dedup_unsort.bam, test/bam/mpnst2_dedup.bam, test/bam/mpnst2_dedup.bam.bai
    log: test/logs/alignment_processing_mpnst2.log
    jobid: 20
    wildcards: read_id=mpnst2
    resources: tmpdir=/tmp

Activating singularity image /home/jeszyman/sing_containers/biotools.sif
[Fri Apr 29 10:03:43 2022]
Finished job 21.
15 of 25 steps (60%) done
Select jobs to execute...

[Fri Apr 29 10:03:43 2022]
rule align:
    input: test/processed-fastq/plex1_proc_R1.fastq.gz, test/processed-fastq/plex1_proc_R2.fastq.gz
    output: test/bam/plex1.sam
    log: test/logs/align_plex1.log
    jobid: 6
    wildcards: read_id=plex1
    resources: tmpdir=/tmp

Activating singularity image /home/jeszyman/sing_containers/biotools.sif
Removing temporary output file test/bam/mpnst2_dedup_unsort.bam.
[Fri Apr 29 10:03:44 2022]
Finished job 20.
16 of 25 steps (64%) done
Select jobs to execute...

[Fri Apr 29 10:03:44 2022]
rule alignment_qc:
    input: test/bam/mpnst2_dedup.bam
    output: test/qc/mpnst2_dedup_samstats.txt, test/qc/mpnst2_dedup_flagstat.txt
    jobid: 24
    wildcards: read_id=mpnst2, bam_step=dedup
    resources: tmpdir=/tmp

Activating singularity image /home/jeszyman/sing_containers/biotools.sif
[Fri Apr 29 10:03:44 2022]
Finished job 6.
17 of 25 steps (68%) done
Select jobs to execute...

[Fri Apr 29 10:03:44 2022]
rule fastqc:
    input: test/fastq/mpnst1_R2.fastq.gz, test/processed-fastq/mpnst1_proc_R2.fastq.gz
    output: test/qc/mpnst1_R2_fastqc.html, test/qc/mpnst1_proc_R2_fastqc.html
    log: test/logs/fastqc_raw_mpnst1_R2.log, test/logs/fastqc_proc_mpnst1_R2.log
    jobid: 14
    wildcards: read_id=mpnst1, read=R2
    resources: tmpdir=/tmp

Activating singularity image /home/jeszyman/sing_containers/biotools.sif
[Fri Apr 29 10:03:44 2022]
Finished job 24.
18 of 25 steps (72%) done
Select jobs to execute...

[Fri Apr 29 10:03:44 2022]
rule alignment_processing:
    input: test/bam/plex1.sam
    output: test/bam/plex1_raw.bam, test/bam/plex1_dedup_unsort.bam, test/bam/plex1_dedup.bam, test/bam/plex1_dedup.bam.bai
    log: test/logs/alignment_processing_plex1.log
    jobid: 18
    wildcards: read_id=plex1
    resources: tmpdir=/tmp

Activating singularity image /home/jeszyman/sing_containers/biotools.sif
Removing temporary output file test/bam/plex1_dedup_unsort.bam.
[Fri Apr 29 10:03:47 2022]
Finished job 18.
19 of 25 steps (76%) done
Select jobs to execute...

[Fri Apr 29 10:03:47 2022]
rule fastqc:
    input: test/fastq/plex1_R2.fastq.gz, test/processed-fastq/plex1_proc_R2.fastq.gz
    output: test/qc/plex1_R2_fastqc.html, test/qc/plex1_proc_R2_fastqc.html
    log: test/logs/fastqc_raw_plex1_R2.log, test/logs/fastqc_proc_plex1_R2.log
    jobid: 12
    wildcards: read_id=plex1, read=R2
    resources: tmpdir=/tmp

Activating singularity image /home/jeszyman/sing_containers/biotools.sif
[Fri Apr 29 10:03:48 2022]
Finished job 13.
20 of 25 steps (80%) done
Select jobs to execute...

[Fri Apr 29 10:03:48 2022]
rule alignment_qc:
    input: test/bam/plex1_dedup.bam
    output: test/qc/plex1_dedup_samstats.txt, test/qc/plex1_dedup_flagstat.txt
    jobid: 22
    wildcards: read_id=plex1, bam_step=dedup
    resources: tmpdir=/tmp

Activating singularity image /home/jeszyman/sing_containers/biotools.sif
[Fri Apr 29 10:03:48 2022]
Finished job 22.
21 of 25 steps (84%) done
[Fri Apr 29 10:03:49 2022]
Finished job 10.
22 of 25 steps (88%) done
[Fri Apr 29 10:03:53 2022]
Finished job 14.
23 of 25 steps (92%) done
[Fri Apr 29 10:03:55 2022]
Finished job 12.
24 of 25 steps (96%) done
Select jobs to execute...

[Fri Apr 29 10:03:55 2022]
localrule all:
    input: test/processed-fastq/plex2_proc_R1.fastq.gz, test/processed-fastq/plex2_proc_R2.fastq.gz, test/processed-fastq/plex1_proc_R1.fastq.gz, test/processed-fastq/plex1_proc_R2.fastq.gz, test/processed-fastq/mpnst1_proc_R1.fastq.gz, test/processed-fastq/mpnst1_proc_R2.fastq.gz, test/processed-fastq/mpnst2_proc_R1.fastq.gz, test/processed-fastq/mpnst2_proc_R2.fastq.gz, test/unpaired-fastq/plex2_unpr_R1.fastq.gz, test/unpaired-fastq/plex1_unpr_R1.fastq.gz, test/unpaired-fastq/mpnst1_unpr_R1.fastq.gz, test/unpaired-fastq/mpnst2_unpr_R1.fastq.gz, test/bam/plex2.sam, test/bam/plex1.sam, test/bam/mpnst1.sam, test/bam/mpnst2.sam, test/qc/plex2_R1_fastqc.html, test/qc/plex2_R2_fastqc.html, test/qc/plex1_R1_fastqc.html, test/qc/plex1_R2_fastqc.html, test/qc/mpnst1_R1_fastqc.html, test/qc/mpnst1_R2_fastqc.html, test/qc/mpnst2_R1_fastqc.html, test/qc/mpnst2_R2_fastqc.html, test/qc/plex2_proc_R1_fastqc.html, test/qc/plex2_proc_R2_fastqc.html, test/qc/plex1_proc_R1_fastqc.html, test/qc/plex1_proc_R2_fastqc.html, test/qc/mpnst1_proc_R1_fastqc.html, test/qc/mpnst1_proc_R2_fastqc.html, test/qc/mpnst2_proc_R1_fastqc.html, test/qc/mpnst2_proc_R2_fastqc.html, test/bam/plex2_dedup.bam, test/bam/plex1_dedup.bam, test/bam/mpnst1_dedup.bam, test/bam/mpnst2_dedup.bam, test/bam/plex2_dedup.bam.bai, test/bam/plex1_dedup.bam.bai, test/bam/mpnst1_dedup.bam.bai, test/bam/mpnst2_dedup.bam.bai, test/qc/plex2_dedup_samstats.txt, test/qc/plex1_dedup_samstats.txt, test/qc/mpnst1_dedup_samstats.txt, test/qc/mpnst2_dedup_samstats.txt, test/qc/plex2_dedup_flagstat.txt, test/qc/plex1_dedup_flagstat.txt, test/qc/mpnst1_dedup_flagstat.txt, test/qc/mpnst2_dedup_flagstat.txt
    jobid: 0
    resources: tmpdir=/tmp

[Fri Apr 29 10:03:55 2022]
Finished job 0.
25 of 25 steps (100%) done
Complete log: /home/jeszyman/repos/cfdna-wgs/.snakemake/log/2022-04-29T100327.741293.snakemake.log
