Building DAG of jobs...
Using shell: /bin/bash
Provided cores: 4
Rules claiming more threads will be scaled down.
Job stats:
job            count    min threads    max threads
-----------  -------  -------------  -------------
all                1              1              1
fastqc_raw         8              1              1
trimmomatic        4              1              1
total             13              1              1

Select jobs to execute...

[Thu Apr  7 13:57:20 2022]
rule fastqc_raw:
    input: test/fastq/plex1_R2.fastq.gz
    output: test/qc/plex1_R2_fastqc.html, test/qc/plex1_R2_fastqc.zip
    log: test/logs/fastqc_raw_plex1_R2.log
    jobid: 8
    wildcards: fq_id=plex1, read=R2
    resources: tmpdir=/tmp

Activating singularity image /home/jeszyman/sing_containers/biotools.sif

[Thu Apr  7 13:57:20 2022]
rule fastqc_raw:
    input: test/fastq/plex1_R1.fastq.gz
    output: test/qc/plex1_R1_fastqc.html, test/qc/plex1_R1_fastqc.zip
    log: test/logs/fastqc_raw_plex1_R1.log
    jobid: 7
    wildcards: fq_id=plex1, read=R1
    resources: tmpdir=/tmp


[Thu Apr  7 13:57:20 2022]
rule trimmomatic:
    input: test/fastq/mpnst1_R1.fastq.gz, test/fastq/mpnst1_R2.fastq.gz
    output: test/processed-fastq/mpnst1_proc_R1.fastq.gz, test/processed-fastq/mpnst1_proc_R2.fastq.gz, test/unpaired-fastq/mpnst1_unpr_R1.fastq.gz, test/unpaired-fastq/mpnst1_unpr_R2.fastq.gz
    log: test/logs/trimmomatic_trimlog_mpnst1.log, test/logs/trimmomatic_mpnst1.log
    jobid: 3
    wildcards: fq_id=mpnst1
    resources: tmpdir=/tmp

Activating singularity image /home/jeszyman/sing_containers/biotools.sif
Activating singularity image /home/jeszyman/sing_containers/biotools.sif

[Thu Apr  7 13:57:20 2022]
rule fastqc_raw:
    input: test/fastq/mpnst2_R1.fastq.gz
    output: test/qc/mpnst2_R1_fastqc.html, test/qc/mpnst2_R1_fastqc.zip
    log: test/logs/fastqc_raw_mpnst2_R1.log
    jobid: 11
    wildcards: fq_id=mpnst2, read=R1
    resources: tmpdir=/tmp

Activating singularity image /home/jeszyman/sing_containers/biotools.sif
[Thu Apr  7 13:57:23 2022]
Finished job 3.
1 of 13 steps (8%) done
Select jobs to execute...

[Thu Apr  7 13:57:23 2022]
rule fastqc_raw:
    input: test/fastq/plex2_R2.fastq.gz
    output: test/qc/plex2_R2_fastqc.html, test/qc/plex2_R2_fastqc.zip
    log: test/logs/fastqc_raw_plex2_R2.log
    jobid: 6
    wildcards: fq_id=plex2, read=R2
    resources: tmpdir=/tmp

Activating singularity image /home/jeszyman/sing_containers/biotools.sif
[Thu Apr  7 13:57:24 2022]
Finished job 8.
2 of 13 steps (15%) done
Select jobs to execute...

[Thu Apr  7 13:57:24 2022]
rule trimmomatic:
    input: test/fastq/mpnst2_R1.fastq.gz, test/fastq/mpnst2_R2.fastq.gz
    output: test/processed-fastq/mpnst2_proc_R1.fastq.gz, test/processed-fastq/mpnst2_proc_R2.fastq.gz, test/unpaired-fastq/mpnst2_unpr_R1.fastq.gz, test/unpaired-fastq/mpnst2_unpr_R2.fastq.gz
    log: test/logs/trimmomatic_trimlog_mpnst2.log, test/logs/trimmomatic_mpnst2.log
    jobid: 4
    wildcards: fq_id=mpnst2
    resources: tmpdir=/tmp

Activating singularity image /home/jeszyman/sing_containers/biotools.sif
[Thu Apr  7 13:57:24 2022]
Finished job 11.
3 of 13 steps (23%) done
Select jobs to execute...

[Thu Apr  7 13:57:24 2022]
rule trimmomatic:
    input: test/fastq/plex1_R1.fastq.gz, test/fastq/plex1_R2.fastq.gz
    output: test/processed-fastq/plex1_proc_R1.fastq.gz, test/processed-fastq/plex1_proc_R2.fastq.gz, test/unpaired-fastq/plex1_unpr_R1.fastq.gz, test/unpaired-fastq/plex1_unpr_R2.fastq.gz
    log: test/logs/trimmomatic_trimlog_plex1.log, test/logs/trimmomatic_plex1.log
    jobid: 2
    wildcards: fq_id=plex1
    resources: tmpdir=/tmp

Activating singularity image /home/jeszyman/sing_containers/biotools.sif
[Thu Apr  7 13:57:25 2022]
Finished job 7.
4 of 13 steps (31%) done
Select jobs to execute...

[Thu Apr  7 13:57:25 2022]
rule trimmomatic:
    input: test/fastq/plex2_R1.fastq.gz, test/fastq/plex2_R2.fastq.gz
    output: test/processed-fastq/plex2_proc_R1.fastq.gz, test/processed-fastq/plex2_proc_R2.fastq.gz, test/unpaired-fastq/plex2_unpr_R1.fastq.gz, test/unpaired-fastq/plex2_unpr_R2.fastq.gz
    log: test/logs/trimmomatic_trimlog_plex2.log, test/logs/trimmomatic_plex2.log
    jobid: 1
    wildcards: fq_id=plex2
    resources: tmpdir=/tmp

Activating singularity image /home/jeszyman/sing_containers/biotools.sif
[Thu Apr  7 13:57:27 2022]
Finished job 4.
5 of 13 steps (38%) done
Select jobs to execute...

[Thu Apr  7 13:57:27 2022]
rule fastqc_raw:
    input: test/fastq/mpnst1_R1.fastq.gz
    output: test/qc/mpnst1_R1_fastqc.html, test/qc/mpnst1_R1_fastqc.zip
    log: test/logs/fastqc_raw_mpnst1_R1.log
    jobid: 9
    wildcards: fq_id=mpnst1, read=R1
    resources: tmpdir=/tmp

Activating singularity image /home/jeszyman/sing_containers/biotools.sif
[Thu Apr  7 13:57:27 2022]
Finished job 2.
6 of 13 steps (46%) done
Select jobs to execute...

[Thu Apr  7 13:57:27 2022]
rule fastqc_raw:
    input: test/fastq/mpnst2_R2.fastq.gz
    output: test/qc/mpnst2_R2_fastqc.html, test/qc/mpnst2_R2_fastqc.zip
    log: test/logs/fastqc_raw_mpnst2_R2.log
    jobid: 12
    wildcards: fq_id=mpnst2, read=R2
    resources: tmpdir=/tmp

Activating singularity image /home/jeszyman/sing_containers/biotools.sif
[Thu Apr  7 13:57:28 2022]
Finished job 6.
7 of 13 steps (54%) done
Select jobs to execute...

[Thu Apr  7 13:57:28 2022]
rule fastqc_raw:
    input: test/fastq/plex2_R1.fastq.gz
    output: test/qc/plex2_R1_fastqc.html, test/qc/plex2_R1_fastqc.zip
    log: test/logs/fastqc_raw_plex2_R1.log
    jobid: 5
    wildcards: fq_id=plex2, read=R1
    resources: tmpdir=/tmp

Activating singularity image /home/jeszyman/sing_containers/biotools.sif
[Thu Apr  7 13:57:29 2022]
Finished job 1.
8 of 13 steps (62%) done
Select jobs to execute...

[Thu Apr  7 13:57:29 2022]
rule fastqc_raw:
    input: test/fastq/mpnst1_R2.fastq.gz
    output: test/qc/mpnst1_R2_fastqc.html, test/qc/mpnst1_R2_fastqc.zip
    log: test/logs/fastqc_raw_mpnst1_R2.log
    jobid: 10
    wildcards: fq_id=mpnst1, read=R2
    resources: tmpdir=/tmp

Activating singularity image /home/jeszyman/sing_containers/biotools.sif
[Thu Apr  7 13:57:31 2022]
Finished job 9.
9 of 13 steps (69%) done
[Thu Apr  7 13:57:31 2022]
Finished job 12.
10 of 13 steps (77%) done
[Thu Apr  7 13:57:32 2022]
Finished job 5.
11 of 13 steps (85%) done
[Thu Apr  7 13:57:32 2022]
Finished job 10.
12 of 13 steps (92%) done
Select jobs to execute...

[Thu Apr  7 13:57:32 2022]
localrule all:
    input: test/processed-fastq/plex2_proc_R1.fastq.gz, test/processed-fastq/plex1_proc_R1.fastq.gz, test/processed-fastq/mpnst1_proc_R1.fastq.gz, test/processed-fastq/mpnst2_proc_R1.fastq.gz, test/processed-fastq/plex2_proc_R2.fastq.gz, test/processed-fastq/plex1_proc_R2.fastq.gz, test/processed-fastq/mpnst1_proc_R2.fastq.gz, test/processed-fastq/mpnst2_proc_R2.fastq.gz, test/unpaired-fastq/plex2_unpr_R1.fastq.gz, test/unpaired-fastq/plex1_unpr_R1.fastq.gz, test/unpaired-fastq/mpnst1_unpr_R1.fastq.gz, test/unpaired-fastq/mpnst2_unpr_R1.fastq.gz, test/unpaired-fastq/plex2_unpr_R2.fastq.gz, test/unpaired-fastq/plex1_unpr_R2.fastq.gz, test/unpaired-fastq/mpnst1_unpr_R2.fastq.gz, test/unpaired-fastq/mpnst2_unpr_R2.fastq.gz, test/qc/plex2_R1_fastqc.html, test/qc/plex2_R2_fastqc.html, test/qc/plex1_R1_fastqc.html, test/qc/plex1_R2_fastqc.html, test/qc/mpnst1_R1_fastqc.html, test/qc/mpnst1_R2_fastqc.html, test/qc/mpnst2_R1_fastqc.html, test/qc/mpnst2_R2_fastqc.html
    jobid: 0
    resources: tmpdir=/tmp

[Thu Apr  7 13:57:32 2022]
Finished job 0.
13 of 13 steps (100%) done
Complete log: /home/jeszyman/repos/mpnst-preprocessing/.snakemake/log/2022-04-07T135720.723747.snakemake.log
