Building DAG of jobs...
Using shell: /bin/bash
Provided cores: 4
Rules claiming more threads will be scaled down.
Job stats:
job            count    min threads    max threads
-----------  -------  -------------  -------------
align              4              1              1
all                1              1              1
trimmomatic        4              1              1
total              9              1              1

Select jobs to execute...

[Fri Apr 29 09:56:14 2022]
rule trimmomatic:
    input: test/fastq/plex1_R1.fastq.gz, test/fastq/plex1_R2.fastq.gz
    output: test/processed-fastq/plex1_proc_R1.fastq.gz, test/unpaired-fastq/plex1_unpr_R1.fastq.gz, test/processed-fastq/plex1_proc_R2.fastq.gz, test/unpaired-fastq/plex1_unpr_R2.fastq.gz
    log: test/logs/trimmomatic_trimlog_plex1.log, test/logs/trimmomatic_plex1.log
    jobid: 2
    wildcards: read_id=plex1
    resources: tmpdir=/tmp

Activating singularity image /home/jeszyman/sing_containers/biotools.sif

[Fri Apr 29 09:56:14 2022]
rule trimmomatic:
    input: test/fastq/mpnst1_R1.fastq.gz, test/fastq/mpnst1_R2.fastq.gz
    output: test/processed-fastq/mpnst1_proc_R1.fastq.gz, test/unpaired-fastq/mpnst1_unpr_R1.fastq.gz, test/processed-fastq/mpnst1_proc_R2.fastq.gz, test/unpaired-fastq/mpnst1_unpr_R2.fastq.gz
    log: test/logs/trimmomatic_trimlog_mpnst1.log, test/logs/trimmomatic_mpnst1.log
    jobid: 3
    wildcards: read_id=mpnst1
    resources: tmpdir=/tmp

Activating singularity image /home/jeszyman/sing_containers/biotools.sif

[Fri Apr 29 09:56:14 2022]
rule trimmomatic:
    input: test/fastq/plex2_R1.fastq.gz, test/fastq/plex2_R2.fastq.gz
    output: test/processed-fastq/plex2_proc_R1.fastq.gz, test/unpaired-fastq/plex2_unpr_R1.fastq.gz, test/processed-fastq/plex2_proc_R2.fastq.gz, test/unpaired-fastq/plex2_unpr_R2.fastq.gz
    log: test/logs/trimmomatic_trimlog_plex2.log, test/logs/trimmomatic_plex2.log
    jobid: 1
    wildcards: read_id=plex2
    resources: tmpdir=/tmp

Activating singularity image /home/jeszyman/sing_containers/biotools.sif

[Fri Apr 29 09:56:14 2022]
rule trimmomatic:
    input: test/fastq/mpnst2_R1.fastq.gz, test/fastq/mpnst2_R2.fastq.gz
    output: test/processed-fastq/mpnst2_proc_R1.fastq.gz, test/unpaired-fastq/mpnst2_unpr_R1.fastq.gz, test/processed-fastq/mpnst2_proc_R2.fastq.gz, test/unpaired-fastq/mpnst2_unpr_R2.fastq.gz
    log: test/logs/trimmomatic_trimlog_mpnst2.log, test/logs/trimmomatic_mpnst2.log
    jobid: 4
    wildcards: read_id=mpnst2
    resources: tmpdir=/tmp

Activating singularity image /home/jeszyman/sing_containers/biotools.sif
[Fri Apr 29 09:56:18 2022]
Finished job 3.
1 of 9 steps (11%) done
Select jobs to execute...

[Fri Apr 29 09:56:18 2022]
rule align:
    input: test/processed-fastq/mpnst1_proc_R1.fastq.gz, test/processed-fastq/mpnst1_proc_R2.fastq.gz
    output: test/bam/mpnst1.sam
    log: test/logs/align_mpnst1.log
    jobid: 7
    wildcards: read_id=mpnst1
    resources: tmpdir=/tmp

Activating singularity image /home/jeszyman/sing_containers/biotools.sif
[Fri Apr 29 09:56:18 2022]
Finished job 4.
2 of 9 steps (22%) done
Select jobs to execute...

[Fri Apr 29 09:56:18 2022]
rule align:
    input: test/processed-fastq/mpnst2_proc_R1.fastq.gz, test/processed-fastq/mpnst2_proc_R2.fastq.gz
    output: test/bam/mpnst2.sam
    log: test/logs/align_mpnst2.log
    jobid: 8
    wildcards: read_id=mpnst2
    resources: tmpdir=/tmp

Activating singularity image /home/jeszyman/sing_containers/biotools.sif
[Fri Apr 29 09:56:18 2022]
Finished job 2.
3 of 9 steps (33%) done
Select jobs to execute...

[Fri Apr 29 09:56:18 2022]
rule align:
    input: test/processed-fastq/plex1_proc_R1.fastq.gz, test/processed-fastq/plex1_proc_R2.fastq.gz
    output: test/bam/plex1.sam
    log: test/logs/align_plex1.log
    jobid: 6
    wildcards: read_id=plex1
    resources: tmpdir=/tmp

Activating singularity image /home/jeszyman/sing_containers/biotools.sif
[Fri Apr 29 09:56:18 2022]
Finished job 1.
4 of 9 steps (44%) done
Select jobs to execute...

[Fri Apr 29 09:56:18 2022]
rule align:
    input: test/processed-fastq/plex2_proc_R1.fastq.gz, test/processed-fastq/plex2_proc_R2.fastq.gz
    output: test/bam/plex2.sam
    log: test/logs/align_plex2.log
    jobid: 5
    wildcards: read_id=plex2
    resources: tmpdir=/tmp

Activating singularity image /home/jeszyman/sing_containers/biotools.sif
[Fri Apr 29 09:56:20 2022]
Finished job 8.
5 of 9 steps (56%) done
[Fri Apr 29 09:56:20 2022]
Finished job 5.
6 of 9 steps (67%) done
[Fri Apr 29 09:56:20 2022]
Finished job 6.
7 of 9 steps (78%) done
[Fri Apr 29 09:56:21 2022]
Finished job 7.
8 of 9 steps (89%) done
Select jobs to execute...

[Fri Apr 29 09:56:21 2022]
localrule all:
    input: test/processed-fastq/plex2_proc_R1.fastq.gz, test/processed-fastq/plex2_proc_R2.fastq.gz, test/processed-fastq/plex1_proc_R1.fastq.gz, test/processed-fastq/plex1_proc_R2.fastq.gz, test/processed-fastq/mpnst1_proc_R1.fastq.gz, test/processed-fastq/mpnst1_proc_R2.fastq.gz, test/processed-fastq/mpnst2_proc_R1.fastq.gz, test/processed-fastq/mpnst2_proc_R2.fastq.gz, test/unpaired-fastq/plex2_unpr_R1.fastq.gz, test/unpaired-fastq/plex1_unpr_R1.fastq.gz, test/unpaired-fastq/mpnst1_unpr_R1.fastq.gz, test/unpaired-fastq/mpnst2_unpr_R1.fastq.gz, test/bam/plex2.sam, test/bam/plex1.sam, test/bam/mpnst1.sam, test/bam/mpnst2.sam
    jobid: 0
    resources: tmpdir=/tmp

[Fri Apr 29 09:56:21 2022]
Finished job 0.
9 of 9 steps (100%) done
Complete log: /home/jeszyman/repos/cfdna-wgs/.snakemake/log/2022-04-29T095614.194416.snakemake.log
