Building DAG of jobs...
Using shell: /bin/bash
Provided cores: 8
Rules claiming more threads will be scaled down.
Job stats:
job                         count    min threads    max threads
------------------------  -------  -------------  -------------
all                             1              1              1
extract_cappseq_barcodes        2              1              1
fix_headers                     4              1              1
total                           7              1              1

Select jobs to execute...

[Tue Apr 12 10:36:11 2022]
rule extract_cappseq_barcodes:
    input: test/cappseq_fastq/capp1_R1.fastq.gz, test/cappseq_fastq/capp1_R2.fastq.gz
    output: test/cappseq_fastq/capp1_R1.fastq, test/cappseq_fastq/capp1_R2.fastq, test/extracted_fastq/capp1_R1.fastq, test/extracted_fastq/capp1_R2.fastq
    jobid: 2
    wildcards: read_id=capp1
    resources: tmpdir=/tmp


[Tue Apr 12 10:36:11 2022]
rule extract_cappseq_barcodes:
    input: test/cappseq_fastq/capp2_R1.fastq.gz, test/cappseq_fastq/capp2_R2.fastq.gz
    output: test/cappseq_fastq/capp2_R1.fastq, test/cappseq_fastq/capp2_R2.fastq, test/extracted_fastq/capp2_R1.fastq, test/extracted_fastq/capp2_R2.fastq
    jobid: 1
    wildcards: read_id=capp2
    resources: tmpdir=/tmp

Removing temporary output file test/cappseq_fastq/capp1_R1.fastq.
Removing temporary output file test/cappseq_fastq/capp1_R2.fastq.
[Tue Apr 12 10:36:12 2022]
Finished job 2.
1 of 7 steps (14%) done
Select jobs to execute...
Removing temporary output file test/cappseq_fastq/capp2_R1.fastq.
Removing temporary output file test/cappseq_fastq/capp2_R2.fastq.
[Tue Apr 12 10:36:12 2022]
Finished job 1.
2 of 7 steps (29%) done

[Tue Apr 12 10:36:12 2022]
rule fix_headers:
    input: test/extracted_fastq/capp1_R2.fastq
    output: test/extracted_fastq/capp1_extract_R2.fastq, test/extracted_fastq/capp1_extract_R2.fastq.gz
    jobid: 6
    wildcards: read_id=capp1, read=R2
    resources: tmpdir=/tmp

