Building DAG of jobs...
Using shell: /bin/bash
Provided cores: 4
Rules claiming more threads will be scaled down.
Job stats:
job                     count    min threads    max threads
--------------------  -------  -------------  -------------
align                       4              1              1
alignment_processing        4              1              1
alignment_qc                8              1              1
all                         1              1              1
downsample_bams             8              1              1
fastqc                      8              1              1
multiqc                     1              1              1
rename                      4              1              1
trimmomatic                 4              1              1
total                      42              1              1

Select jobs to execute...

[Tue Apr 26 10:07:41 2022]
rule rename:
    output: test/symlink-fastq/lib001_R1.fastq.gz, test/symlink-fastq/lib001_R2.fastq.gz
    jobid: 2
    wildcards: f=lib001
    resources: tmpdir=/tmp

Activating singularity image /home/jeszyman/sing_containers/biotools.sif

[Tue Apr 26 10:07:41 2022]
rule rename:
    output: test/symlink-fastq/lib002_R1.fastq.gz, test/symlink-fastq/lib002_R2.fastq.gz
    jobid: 4
    wildcards: f=lib002
    resources: tmpdir=/tmp


[Tue Apr 26 10:07:41 2022]
rule rename:
    output: test/symlink-fastq/lib003_R1.fastq.gz, test/symlink-fastq/lib003_R2.fastq.gz
    jobid: 6
    wildcards: f=lib003
    resources: tmpdir=/tmp

Activating singularity image /home/jeszyman/sing_containers/biotools.sif
Activating singularity image /home/jeszyman/sing_containers/biotools.sif

[Tue Apr 26 10:07:41 2022]
rule rename:
    output: test/symlink-fastq/lib004_R1.fastq.gz, test/symlink-fastq/lib004_R2.fastq.gz
    jobid: 8
    wildcards: f=lib004
    resources: tmpdir=/tmp

Activating singularity image /home/jeszyman/sing_containers/biotools.sif
[Tue Apr 26 10:07:41 2022]
Error in rule rename:
    jobid: 2
    output: test/symlink-fastq/lib001_R1.fastq.gz, test/symlink-fastq/lib001_R2.fastq.gz
    shell:
        
        if [ -f test/symlink-fastq/lib001_R1.fastq.gz ]; then \rm test/symlink-fastq/lib001_R1.fastq.gz; fi
        if [ -f test/symlink-fastq/lib001_R2.fastq.gz ]; then \rm test/symlink-fastq/lib001_R2.fastq.gz; fi
        ln -s --relative "test/fastq/mpnst1_R1.fastq.gz" test/symlink-fastq/lib001_R1.fastq.gz
        ln -s --relative "test/fastq/mpnst1_R2.fastq.gz" test/symlink-fastq/lib001_R2.fastq.gz
        
        (one of the commands exited with non-zero exit code; note that snakemake uses bash strict mode!)

[Tue Apr 26 10:07:41 2022]
Error in rule rename:
[Tue Apr 26 10:07:41 2022]
    jobid: 8
Error in rule rename:
    output: test/symlink-fastq/lib004_R1.fastq.gz, test/symlink-fastq/lib004_R2.fastq.gz
    jobid: 4
    shell:
        
        if [ -f test/symlink-fastq/lib004_R1.fastq.gz ]; then \rm test/symlink-fastq/lib004_R1.fastq.gz; fi
        if [ -f test/symlink-fastq/lib004_R2.fastq.gz ]; then \rm test/symlink-fastq/lib004_R2.fastq.gz; fi
        ln -s --relative "test/fastq/plex2_R1.fastq.gz" test/symlink-fastq/lib004_R1.fastq.gz
        ln -s --relative "test/fastq/plex2_R2.fastq.gz" test/symlink-fastq/lib004_R2.fastq.gz
        
        (one of the commands exited with non-zero exit code; note that snakemake uses bash strict mode!)
    output: test/symlink-fastq/lib002_R1.fastq.gz, test/symlink-fastq/lib002_R2.fastq.gz

    shell:
        
        if [ -f test/symlink-fastq/lib002_R1.fastq.gz ]; then \rm test/symlink-fastq/lib002_R1.fastq.gz; fi
        if [ -f test/symlink-fastq/lib002_R2.fastq.gz ]; then \rm test/symlink-fastq/lib002_R2.fastq.gz; fi
        ln -s --relative "test/fastq/mpnst2_R1.fastq.gz" test/symlink-fastq/lib002_R1.fastq.gz
        ln -s --relative "test/fastq/mpnst2_R2.fastq.gz" test/symlink-fastq/lib002_R2.fastq.gz
        
        (one of the commands exited with non-zero exit code; note that snakemake uses bash strict mode!)

[Tue Apr 26 10:07:41 2022]
Error in rule rename:
    jobid: 6
    output: test/symlink-fastq/lib003_R1.fastq.gz, test/symlink-fastq/lib003_R2.fastq.gz
    shell:
        
        if [ -f test/symlink-fastq/lib003_R1.fastq.gz ]; then \rm test/symlink-fastq/lib003_R1.fastq.gz; fi
        if [ -f test/symlink-fastq/lib003_R2.fastq.gz ]; then \rm test/symlink-fastq/lib003_R2.fastq.gz; fi
        ln -s --relative "test/fastq/plex1_R1.fastq.gz" test/symlink-fastq/lib003_R1.fastq.gz
        ln -s --relative "test/fastq/plex1_R2.fastq.gz" test/symlink-fastq/lib003_R2.fastq.gz
        
        (one of the commands exited with non-zero exit code; note that snakemake uses bash strict mode!)

Shutting down, this might take some time.
Exiting because a job execution failed. Look above for error message
Complete log: /home/jeszyman/repos/cfdna-wgs/.snakemake/log/2022-04-26T100738.170659.snakemake.log
