Building DAG of jobs...
Using shell: /bin/bash
Provided cores: 4
Rules claiming more threads will be scaled down.
Job stats:
job                            count    min threads    max threads
---------------------------  -------  -------------  -------------
all                                1              1              1
deeptools_bamprfragmentsize        4              1              1
total                              5              1              1

Resources before job selection: {'_cores': 4, '_nodes': 9223372036854775807}
Ready jobs (4):
	deeptools_bamprfragmentsize
	deeptools_bamprfragmentsize
	deeptools_bamprfragmentsize
	deeptools_bamprfragmentsize
Select jobs to execute...
Selected jobs (4):
	deeptools_bamprfragmentsize
	deeptools_bamprfragmentsize
	deeptools_bamprfragmentsize
	deeptools_bamprfragmentsize
Resources after job selection: {'_cores': 0, '_nodes': 9223372036854775803}

[Tue Jun  7 13:30:34 2022]
rule deeptools_bamprfragmentsize:
    input: test/bam/lib001_dedup.bam
    output: test/qc/lib001_deeptools_frag_lengths.txt
    jobid: 50
    wildcards: library_id=lib001
    resources: tmpdir=/tmp


        workflow/scripts/bamPEFragmentSize_wrapper.sh         test/bam/lib001_dedup.bam         4         test/inputs/hg38-blacklist.v2.bed         test/qc/lib001_deeptools_frag_lengths.txt
        
 singularity  exec --home /home/jeszyman/repos/cfdna-wgs --bind /home/jeszyman:/home/jeszyman --bind /mnt:/mnt /home/jeszyman/sing_containers/biotools.sif bash -c 'set -euo pipefail;  
        workflow/scripts/bamPEFragmentSize_wrapper.sh         test/bam/lib001_dedup.bam         4         test/inputs/hg38-blacklist.v2.bed         test/qc/lib001_deeptools_frag_lengths.txt'

[Tue Jun  7 13:30:34 2022]
Activating singularity image /home/jeszyman/sing_containers/biotools.sif
rule deeptools_bamprfragmentsize:
    input: test/bam/lib004_dedup.bam
    output: test/qc/lib004_deeptools_frag_lengths.txt
    jobid: 53
    wildcards: library_id=lib004
    resources: tmpdir=/tmp


        workflow/scripts/bamPEFragmentSize_wrapper.sh         test/bam/lib004_dedup.bam         4         test/inputs/hg38-blacklist.v2.bed         test/qc/lib004_deeptools_frag_lengths.txt
        

[Tue Jun  7 13:30:34 2022]
rule deeptools_bamprfragmentsize:
    input: test/bam/lib003_dedup.bam
    output: test/qc/lib003_deeptools_frag_lengths.txt
    jobid: 52
    wildcards: library_id=lib003
    resources: tmpdir=/tmp


        workflow/scripts/bamPEFragmentSize_wrapper.sh         test/bam/lib003_dedup.bam         4         test/inputs/hg38-blacklist.v2.bed         test/qc/lib003_deeptools_frag_lengths.txt
        
 singularity  exec --home /home/jeszyman/repos/cfdna-wgs --bind /home/jeszyman:/home/jeszyman --bind /mnt:/mnt /home/jeszyman/sing_containers/biotools.sif bash -c 'set -euo pipefail;  
        workflow/scripts/bamPEFragmentSize_wrapper.sh         test/bam/lib004_dedup.bam         4         test/inputs/hg38-blacklist.v2.bed         test/qc/lib004_deeptools_frag_lengths.txt'
Activating singularity image /home/jeszyman/sing_containers/biotools.sif
 singularity  exec --home /home/jeszyman/repos/cfdna-wgs --bind /home/jeszyman:/home/jeszyman --bind /mnt:/mnt /home/jeszyman/sing_containers/biotools.sif bash -c 'set -euo pipefail;  
        workflow/scripts/bamPEFragmentSize_wrapper.sh         test/bam/lib003_dedup.bam         4         test/inputs/hg38-blacklist.v2.bed         test/qc/lib003_deeptools_frag_lengths.txt'
Activating singularity image /home/jeszyman/sing_containers/biotools.sif

[Tue Jun  7 13:30:34 2022]
rule deeptools_bamprfragmentsize:
    input: test/bam/lib002_dedup.bam
    output: test/qc/lib002_deeptools_frag_lengths.txt
    jobid: 51
    wildcards: library_id=lib002
    resources: tmpdir=/tmp


        workflow/scripts/bamPEFragmentSize_wrapper.sh         test/bam/lib002_dedup.bam         4         test/inputs/hg38-blacklist.v2.bed         test/qc/lib002_deeptools_frag_lengths.txt
        
 singularity  exec --home /home/jeszyman/repos/cfdna-wgs --bind /home/jeszyman:/home/jeszyman --bind /mnt:/mnt /home/jeszyman/sing_containers/biotools.sif bash -c 'set -euo pipefail;  
        workflow/scripts/bamPEFragmentSize_wrapper.sh         test/bam/lib002_dedup.bam         4         test/inputs/hg38-blacklist.v2.bed         test/qc/lib002_deeptools_frag_lengths.txt'
Activating singularity image /home/jeszyman/sing_containers/biotools.sif
[Tue Jun  7 13:30:39 2022]
Finished job 50.
1 of 5 steps (20%) done
[Tue Jun  7 13:30:39 2022]
Finished job 53.
2 of 5 steps (40%) done
[Tue Jun  7 13:30:39 2022]
Finished job 52.
3 of 5 steps (60%) done
[Tue Jun  7 13:30:40 2022]
Finished job 51.
4 of 5 steps (80%) done
Resources before job selection: {'_cores': 4, '_nodes': 9223372036854775807}
Ready jobs (1):
	all
Select jobs to execute...
Using greedy selector because only single job has to be scheduled.
Selected jobs (1):
	all
Resources after job selection: {'_cores': 3, '_nodes': 9223372036854775806}

[Tue Jun  7 13:30:40 2022]
localrule all:
    input: test/fastq/raw/lib001_R1.fastq.gz, test/fastq/raw/lib001_R2.fastq.gz, test/fastq/raw/lib002_R1.fastq.gz, test/fastq/raw/lib002_R2.fastq.gz, test/fastq/raw/lib003_R1.fastq.gz, test/fastq/raw/lib003_R2.fastq.gz, test/fastq/raw/lib004_R1.fastq.gz, test/fastq/raw/lib004_R2.fastq.gz, test/fastq/processed/lib001_proc_R1.fastq.gz, test/fastq/processed/lib001_proc_R2.fastq.gz, test/fastq/processed/lib002_proc_R1.fastq.gz, test/fastq/processed/lib002_proc_R2.fastq.gz, test/fastq/processed/lib003_proc_R1.fastq.gz, test/fastq/processed/lib003_proc_R2.fastq.gz, test/fastq/processed/lib004_proc_R1.fastq.gz, test/fastq/processed/lib004_proc_R2.fastq.gz, test/fastq/unpaired/lib001_unpr_R1.fastq.gz, test/fastq/unpaired/lib002_unpr_R1.fastq.gz, test/fastq/unpaired/lib003_unpr_R1.fastq.gz, test/fastq/unpaired/lib004_unpr_R1.fastq.gz, test/bam/lib001.sam, test/bam/lib002.sam, test/bam/lib003.sam, test/bam/lib004.sam, test/qc/lib001_R1_fastqc.html, test/qc/lib001_R2_fastqc.html, test/qc/lib002_R1_fastqc.html, test/qc/lib002_R2_fastqc.html, test/qc/lib003_R1_fastqc.html, test/qc/lib003_R2_fastqc.html, test/qc/lib004_R1_fastqc.html, test/qc/lib004_R2_fastqc.html, test/qc/lib001_proc_R1_fastqc.html, test/qc/lib001_proc_R2_fastqc.html, test/qc/lib002_proc_R1_fastqc.html, test/qc/lib002_proc_R2_fastqc.html, test/qc/lib003_proc_R1_fastqc.html, test/qc/lib003_proc_R2_fastqc.html, test/qc/lib004_proc_R1_fastqc.html, test/qc/lib004_proc_R2_fastqc.html, test/bam/lib001_dedup.bam, test/bam/lib002_dedup.bam, test/bam/lib003_dedup.bam, test/bam/lib004_dedup.bam, test/qc/lib001_collect_wgs_metrics.txt, test/qc/lib002_collect_wgs_metrics.txt, test/qc/lib003_collect_wgs_metrics.txt, test/qc/lib004_collect_wgs_metrics.txt, test/bam/lib001_dedup.bam.bai, test/bam/lib002_dedup.bam.bai, test/bam/lib003_dedup.bam.bai, test/bam/lib004_dedup.bam.bai, test/qc/lib001_dedup_samstats.txt, test/qc/lib001_raw_samstats.txt, test/qc/lib002_dedup_samstats.txt, test/qc/lib002_raw_samstats.txt, test/qc/lib003_dedup_samstats.txt, test/qc/lib003_raw_samstats.txt, test/qc/lib004_dedup_samstats.txt, test/qc/lib004_raw_samstats.txt, test/qc/lib001_dedup_flagstat.txt, test/qc/lib001_raw_flagstat.txt, test/qc/lib002_dedup_flagstat.txt, test/qc/lib002_raw_flagstat.txt, test/qc/lib003_dedup_flagstat.txt, test/qc/lib003_raw_flagstat.txt, test/qc/lib004_dedup_flagstat.txt, test/qc/lib004_raw_flagstat.txt, test/bam/lib001_ds10.bam, test/bam/lib001_ds20.bam, test/bam/lib002_ds10.bam, test/bam/lib002_ds20.bam, test/bam/lib003_ds10.bam, test/bam/lib003_ds20.bam, test/bam/lib004_ds10.bam, test/bam/lib004_ds20.bam, test/qc/all_qc.html, test/qc/lib001_deeptools_frag_lengths.txt, test/qc/lib002_deeptools_frag_lengths.txt, test/qc/lib003_deeptools_frag_lengths.txt, test/qc/lib004_deeptools_frag_lengths.txt
    jobid: 0
    resources: tmpdir=/tmp

[Tue Jun  7 13:30:40 2022]
Finished job 0.
5 of 5 steps (100%) done
Complete log: /home/jeszyman/repos/cfdna-wgs/.snakemake/log/2022-06-07T133034.183547.snakemake.log
unlocking
removing lock
removing lock
removed all locks
