Config file ./config/common.yaml is extended by additional config specified via the command line.
Building DAG of jobs...
Using shell: /bin/bash
Provided cores: 40
Rules claiming more threads will be scaled down.
Job stats:
job          count    min threads    max threads
---------  -------  -------------  -------------
get_fasta        1              1              1
total            1              1              1

Select jobs to execute...

[Tue Apr  5 14:40:51 2022]
rule get_fasta:
    output: /mnt/ris/aadel/mpnst/inputs/GCA_000001405.15_GRCh38_no_alt_analysis_set.fna.fai, /mnt/ris/aadel/mpnst/inputs/GCA_000001405.15_GRCh38_no_alt_analysis_set.fna.bwa_index.tar.gz
    jobid: 0
    resources: tmpdir=/tmp

[Tue Apr  5 14:46:13 2022]
Finished job 0.
1 of 1 steps (100%) done
Complete log: /drive3/users/jszymanski/repos/mpnst-preprocessing/.snakemake/log/2022-04-05T144050.534665.snakemake.log
