Building DAG of jobs...
Using shell: /bin/bash
Provided cores: 4
Rules claiming more threads will be scaled down.
Job stats:
job            count    min threads    max threads
-----------  -------  -------------  -------------
all                1              1              1
trimmomatic        4              1              1
total              5              1              1

Resources before job selection: {'_cores': 4, '_nodes': 9223372036854775807}
Ready jobs (4):
	trimmomatic
	trimmomatic
	trimmomatic
	trimmomatic
Select jobs to execute...
Selected jobs (4):
	trimmomatic
	trimmomatic
	trimmomatic
	trimmomatic
Resources after job selection: {'_cores': 0, '_nodes': 9223372036854775803}

[Tue May 31 12:07:31 2022]
rule trimmomatic:
    input: test/fastq/raw/lib003_R1.fastq.gz, test/fastq/raw/lib003_R2.fastq.gz
    output: test/fastq/processed/lib003_proc_R1.fastq.gz, test/fastq/unpaired/lib003_unpr_R1.fastq.gz, test/fastq/processed/lib003_proc_R2.fastq.gz, testfastq/unpaired/lib003_unpr_R2.fastq.gz
    log: testlogs/trimmomatic_trimlog_lib003.log, testlogs/trimmomatic_lib003.log
    jobid: 11
    wildcards: read_id=lib003
    resources: tmpdir=/tmp


        trimmomatic PE                     -threads 4                     -trimlog testlogs/trimmomatic_trimlog_lib003.log                     test/fastq/raw/lib003_R1.fastq.gz test/fastq/raw/lib003_R2.fastq.gz                     test/fastq/processed/lib003_proc_R1.fastq.gz test/fastq/unpaired/lib003_unpr_R1.fastq.gz                     test/fastq/processed/lib003_proc_R2.fastq.gz testfastq/unpaired/lib003_unpr_R2.fastq.gz                     ILLUMINACLIP:test/inputs/TruSeq3-PE.fa:2:30:10                     LEADING:10 TRAILING:10 MAXINFO:50:0.97 MINLEN:20 &> testlogs/trimmomatic_lib003.log
        
 singularity  exec --home /home/jeszyman/repos/cfdna-wgs --bind /home/jeszyman:/home/jeszyman --bind /mnt:/mnt --bind /opt/miniconda3/envs/snakemake/lib/python3.9/site-packages:/mnt/snakemake /home/jeszyman/sing_containers/biotools.sif bash -c 'trimmomatic PE                     -threads 4                     -trimlog testlogs/trimmomatic_trimlog_lib003.log                     test/fastq/raw/lib003_R1.fastq.gz test/fastq/raw/lib003_R2.fastq.gz                     test/fastq/processed/lib003_proc_R1.fastq.gz test/fastq/unpaired/lib003_unpr_R1.fastq.gz                     test/fastq/processed/lib003_proc_R2.fastq.gz testfastq/unpaired/lib003_unpr_R2.fastq.gz                     ILLUMINACLIP:test/inputs/TruSeq3-PE.fa:2:30:10                     LEADING:10 TRAILING:10 MAXINFO:50:0.97 MINLEN:20 &> testlogs/trimmomatic_lib003.log'
Activating singularity image /home/jeszyman/sing_containers/biotools.sif

[Tue May 31 12:07:31 2022]
rule trimmomatic:
    input: test/fastq/raw/lib004_R1.fastq.gz, test/fastq/raw/lib004_R2.fastq.gz
    output: test/fastq/processed/lib004_proc_R1.fastq.gz, test/fastq/unpaired/lib004_unpr_R1.fastq.gz, test/fastq/processed/lib004_proc_R2.fastq.gz, testfastq/unpaired/lib004_unpr_R2.fastq.gz
    log: testlogs/trimmomatic_trimlog_lib004.log, testlogs/trimmomatic_lib004.log
    jobid: 12
    wildcards: read_id=lib004
    resources: tmpdir=/tmp


        trimmomatic PE                     -threads 4                     -trimlog testlogs/trimmomatic_trimlog_lib004.log                     test/fastq/raw/lib004_R1.fastq.gz test/fastq/raw/lib004_R2.fastq.gz                     test/fastq/processed/lib004_proc_R1.fastq.gz test/fastq/unpaired/lib004_unpr_R1.fastq.gz                     test/fastq/processed/lib004_proc_R2.fastq.gz testfastq/unpaired/lib004_unpr_R2.fastq.gz                     ILLUMINACLIP:test/inputs/TruSeq3-PE.fa:2:30:10                     LEADING:10 TRAILING:10 MAXINFO:50:0.97 MINLEN:20 &> testlogs/trimmomatic_lib004.log
        
 singularity  exec --home /home/jeszyman/repos/cfdna-wgs --bind /home/jeszyman:/home/jeszyman --bind /mnt:/mnt --bind /opt/miniconda3/envs/snakemake/lib/python3.9/site-packages:/mnt/snakemake /home/jeszyman/sing_containers/biotools.sif bash -c 'trimmomatic PE                     -threads 4                     -trimlog testlogs/trimmomatic_trimlog_lib004.log                     test/fastq/raw/lib004_R1.fastq.gz test/fastq/raw/lib004_R2.fastq.gz                     test/fastq/processed/lib004_proc_R1.fastq.gz test/fastq/unpaired/lib004_unpr_R1.fastq.gz                     test/fastq/processed/lib004_proc_R2.fastq.gz testfastq/unpaired/lib004_unpr_R2.fastq.gz                     ILLUMINACLIP:test/inputs/TruSeq3-PE.fa:2:30:10                     LEADING:10 TRAILING:10 MAXINFO:50:0.97 MINLEN:20 &> testlogs/trimmomatic_lib004.log'

Activating singularity image /home/jeszyman/sing_containers/biotools.sif
[Tue May 31 12:07:31 2022]
rule trimmomatic:
    input: test/fastq/raw/lib002_R1.fastq.gz, test/fastq/raw/lib002_R2.fastq.gz
    output: test/fastq/processed/lib002_proc_R1.fastq.gz, test/fastq/unpaired/lib002_unpr_R1.fastq.gz, test/fastq/processed/lib002_proc_R2.fastq.gz, testfastq/unpaired/lib002_unpr_R2.fastq.gz
    log: testlogs/trimmomatic_trimlog_lib002.log, testlogs/trimmomatic_lib002.log
    jobid: 10
    wildcards: read_id=lib002
    resources: tmpdir=/tmp


        trimmomatic PE                     -threads 4                     -trimlog testlogs/trimmomatic_trimlog_lib002.log                     test/fastq/raw/lib002_R1.fastq.gz test/fastq/raw/lib002_R2.fastq.gz                     test/fastq/processed/lib002_proc_R1.fastq.gz test/fastq/unpaired/lib002_unpr_R1.fastq.gz                     test/fastq/processed/lib002_proc_R2.fastq.gz testfastq/unpaired/lib002_unpr_R2.fastq.gz                     ILLUMINACLIP:test/inputs/TruSeq3-PE.fa:2:30:10                     LEADING:10 TRAILING:10 MAXINFO:50:0.97 MINLEN:20 &> testlogs/trimmomatic_lib002.log
        
 singularity  exec --home /home/jeszyman/repos/cfdna-wgs --bind /home/jeszyman:/home/jeszyman --bind /mnt:/mnt --bind /opt/miniconda3/envs/snakemake/lib/python3.9/site-packages:/mnt/snakemake /home/jeszyman/sing_containers/biotools.sif bash -c 'trimmomatic PE                     -threads 4                     -trimlog testlogs/trimmomatic_trimlog_lib002.log                     test/fastq/raw/lib002_R1.fastq.gz test/fastq/raw/lib002_R2.fastq.gz                     test/fastq/processed/lib002_proc_R1.fastq.gz test/fastq/unpaired/lib002_unpr_R1.fastq.gz                     test/fastq/processed/lib002_proc_R2.fastq.gz testfastq/unpaired/lib002_unpr_R2.fastq.gz                     ILLUMINACLIP:test/inputs/TruSeq3-PE.fa:2:30:10                     LEADING:10 TRAILING:10 MAXINFO:50:0.97 MINLEN:20 &> testlogs/trimmomatic_lib002.log'
Activating singularity image /home/jeszyman/sing_containers/biotools.sif

[Tue May 31 12:07:31 2022]
rule trimmomatic:
    input: test/fastq/raw/lib001_R1.fastq.gz, test/fastq/raw/lib001_R2.fastq.gz
    output: test/fastq/processed/lib001_proc_R1.fastq.gz, test/fastq/unpaired/lib001_unpr_R1.fastq.gz, test/fastq/processed/lib001_proc_R2.fastq.gz, testfastq/unpaired/lib001_unpr_R2.fastq.gz
    log: testlogs/trimmomatic_trimlog_lib001.log, testlogs/trimmomatic_lib001.log
    jobid: 9
    wildcards: read_id=lib001
    resources: tmpdir=/tmp


        trimmomatic PE                     -threads 4                     -trimlog testlogs/trimmomatic_trimlog_lib001.log                     test/fastq/raw/lib001_R1.fastq.gz test/fastq/raw/lib001_R2.fastq.gz                     test/fastq/processed/lib001_proc_R1.fastq.gz test/fastq/unpaired/lib001_unpr_R1.fastq.gz                     test/fastq/processed/lib001_proc_R2.fastq.gz testfastq/unpaired/lib001_unpr_R2.fastq.gz                     ILLUMINACLIP:test/inputs/TruSeq3-PE.fa:2:30:10                     LEADING:10 TRAILING:10 MAXINFO:50:0.97 MINLEN:20 &> testlogs/trimmomatic_lib001.log
        
 singularity  exec --home /home/jeszyman/repos/cfdna-wgs --bind /home/jeszyman:/home/jeszyman --bind /mnt:/mnt --bind /opt/miniconda3/envs/snakemake/lib/python3.9/site-packages:/mnt/snakemake /home/jeszyman/sing_containers/biotools.sif bash -c 'trimmomatic PE                     -threads 4                     -trimlog testlogs/trimmomatic_trimlog_lib001.log                     test/fastq/raw/lib001_R1.fastq.gz test/fastq/raw/lib001_R2.fastq.gz                     test/fastq/processed/lib001_proc_R1.fastq.gz test/fastq/unpaired/lib001_unpr_R1.fastq.gz                     test/fastq/processed/lib001_proc_R2.fastq.gz testfastq/unpaired/lib001_unpr_R2.fastq.gz                     ILLUMINACLIP:test/inputs/TruSeq3-PE.fa:2:30:10                     LEADING:10 TRAILING:10 MAXINFO:50:0.97 MINLEN:20 &> testlogs/trimmomatic_lib001.log'
Activating singularity image /home/jeszyman/sing_containers/biotools.sif
[Tue May 31 12:07:34 2022]
Finished job 11.
1 of 5 steps (20%) done
[Tue May 31 12:07:35 2022]
Finished job 9.
2 of 5 steps (40%) done
[Tue May 31 12:07:35 2022]
Finished job 10.
3 of 5 steps (60%) done
[Tue May 31 12:07:35 2022]
Finished job 12.
4 of 5 steps (80%) done
Resources before job selection: {'_cores': 4, '_nodes': 9223372036854775807}
Ready jobs (1):
	all
Select jobs to execute...
Selected jobs (1):
	all
Resources after job selection: {'_cores': 3, '_nodes': 9223372036854775806}

[Tue May 31 12:07:35 2022]
localrule all:
    input: test/fastq/raw/lib001_R1.fastq.gz, test/fastq/raw/lib001_R2.fastq.gz, test/fastq/raw/lib002_R1.fastq.gz, test/fastq/raw/lib002_R2.fastq.gz, test/fastq/raw/lib003_R1.fastq.gz, test/fastq/raw/lib003_R2.fastq.gz, test/fastq/raw/lib004_R1.fastq.gz, test/fastq/raw/lib004_R2.fastq.gz, test/fastq/processed/lib001_proc_R1.fastq.gz, test/fastq/processed/lib001_proc_R2.fastq.gz, test/fastq/processed/lib002_proc_R1.fastq.gz, test/fastq/processed/lib002_proc_R2.fastq.gz, test/fastq/processed/lib003_proc_R1.fastq.gz, test/fastq/processed/lib003_proc_R2.fastq.gz, test/fastq/processed/lib004_proc_R1.fastq.gz, test/fastq/processed/lib004_proc_R2.fastq.gz
    jobid: 0
    resources: tmpdir=/tmp

[Tue May 31 12:07:35 2022]
Finished job 0.
5 of 5 steps (100%) done
Complete log: /home/jeszyman/repos/cfdna-wgs/.snakemake/log/2022-05-31T120730.948510.snakemake.log
unlocking
removing lock
removing lock
removed all locks
