Building DAG of jobs...
Using shell: /bin/bash
Provided cores: 4
Rules claiming more threads will be scaled down.
Job stats:
job            count    min threads    max threads
-----------  -------  -------------  -------------
all                1              1              1
fastqc_proc        8              1              1
fastqc_raw         8              1              1
trimmomatic        4              1              1
total             21              1              1

Select jobs to execute...

[Thu Apr  7 14:15:20 2022]
rule trimmomatic:
    input: test/fastq/plex1_R1.fastq.gz, test/fastq/plex1_R2.fastq.gz
    output: test/processed-fastq/plex1_proc_R1.fastq.gz, test/unpaired-fastq/plex1_unpr_R1.fastq.gz, test/processed-fastq/plex1_proc_R2.fastq.gz, test/unpaired-fastq/plex1_unpr_R2.fastq.gz
    log: test/logs/trimmomatic_trimlog_plex1.log, test/logs/trimmomatic_plex1.log
    jobid: 2
    wildcards: fq_id=plex1
    resources: tmpdir=/tmp

Activating singularity image /home/jeszyman/sing_containers/biotools.sif

[Thu Apr  7 14:15:20 2022]
rule fastqc_raw:
    input: test/fastq/plex2_R1.fastq.gz
    output: test/qc/plex2_R1_fastqc.html, test/qc/plex2_R1_fastqc.zip
    log: test/logs/fastqc_raw_plex2_R1.log
    jobid: 5
    wildcards: fq_id=plex2, read=R1
    resources: tmpdir=/tmp


[Thu Apr  7 14:15:20 2022]
rule trimmomatic:
    input: test/fastq/mpnst2_R1.fastq.gz, test/fastq/mpnst2_R2.fastq.gz
    output: test/processed-fastq/mpnst2_proc_R1.fastq.gz, test/unpaired-fastq/mpnst2_unpr_R1.fastq.gz, test/processed-fastq/mpnst2_proc_R2.fastq.gz, test/unpaired-fastq/mpnst2_unpr_R2.fastq.gz
    log: test/logs/trimmomatic_trimlog_mpnst2.log, test/logs/trimmomatic_mpnst2.log
    jobid: 4
    wildcards: fq_id=mpnst2
    resources: tmpdir=/tmp
Activating singularity image /home/jeszyman/sing_containers/biotools.sif

Activating singularity image /home/jeszyman/sing_containers/biotools.sif

[Thu Apr  7 14:15:20 2022]
rule fastqc_raw:
    input: test/fastq/mpnst2_R2.fastq.gz
    output: test/qc/mpnst2_R2_fastqc.html, test/qc/mpnst2_R2_fastqc.zip
    log: test/logs/fastqc_raw_mpnst2_R2.log
    jobid: 12
    wildcards: fq_id=mpnst2, read=R2
    resources: tmpdir=/tmp

Activating singularity image /home/jeszyman/sing_containers/biotools.sif
[Thu Apr  7 14:15:22 2022]
Finished job 4.
1 of 21 steps (5%) done
Select jobs to execute...

[Thu Apr  7 14:15:22 2022]
rule fastqc_proc:
    input: test/processed-fastq/mpnst2_proc_R2.fastq.gz
    output: test/qc/mpnst2_proc_R2_fastqc.html, test/qc/mpnst2_proc_R2_fastqc.zip
    log: test/logs/fastqc_raw_mpnst2_R2.log
    jobid: 20
    wildcards: fq_id=mpnst2, read=R2
    resources: tmpdir=/tmp

Activating singularity image /home/jeszyman/sing_containers/biotools.sif
[Thu Apr  7 14:15:22 2022]
Finished job 2.
2 of 21 steps (10%) done
Select jobs to execute...

[Thu Apr  7 14:15:22 2022]
rule fastqc_raw:
    input: test/fastq/mpnst1_R2.fastq.gz
    output: test/qc/mpnst1_R2_fastqc.html, test/qc/mpnst1_R2_fastqc.zip
    log: test/logs/fastqc_raw_mpnst1_R2.log
    jobid: 10
    wildcards: fq_id=mpnst1, read=R2
    resources: tmpdir=/tmp

Activating singularity image /home/jeszyman/sing_containers/biotools.sif
[Thu Apr  7 14:15:24 2022]
Finished job 12.
3 of 21 steps (14%) done
Select jobs to execute...

[Thu Apr  7 14:15:24 2022]
rule fastqc_proc:
    input: test/processed-fastq/mpnst2_proc_R1.fastq.gz
    output: test/qc/mpnst2_proc_R1_fastqc.html, test/qc/mpnst2_proc_R1_fastqc.zip
    log: test/logs/fastqc_raw_mpnst2_R1.log
    jobid: 19
    wildcards: fq_id=mpnst2, read=R1
    resources: tmpdir=/tmp

Activating singularity image /home/jeszyman/sing_containers/biotools.sif
[Thu Apr  7 14:15:24 2022]
Finished job 5.
4 of 21 steps (19%) done
Select jobs to execute...

[Thu Apr  7 14:15:25 2022]
rule trimmomatic:
    input: test/fastq/mpnst1_R1.fastq.gz, test/fastq/mpnst1_R2.fastq.gz
    output: test/processed-fastq/mpnst1_proc_R1.fastq.gz, test/unpaired-fastq/mpnst1_unpr_R1.fastq.gz, test/processed-fastq/mpnst1_proc_R2.fastq.gz, test/unpaired-fastq/mpnst1_unpr_R2.fastq.gz
    log: test/logs/trimmomatic_trimlog_mpnst1.log, test/logs/trimmomatic_mpnst1.log
    jobid: 3
    wildcards: fq_id=mpnst1
    resources: tmpdir=/tmp

Activating singularity image /home/jeszyman/sing_containers/biotools.sif
[Thu Apr  7 14:15:26 2022]
Finished job 20.
5 of 21 steps (24%) done
Select jobs to execute...

[Thu Apr  7 14:15:26 2022]
rule fastqc_raw:
    input: test/fastq/plex1_R2.fastq.gz
    output: test/qc/plex1_R2_fastqc.html, test/qc/plex1_R2_fastqc.zip
    log: test/logs/fastqc_raw_plex1_R2.log
    jobid: 8
    wildcards: fq_id=plex1, read=R2
    resources: tmpdir=/tmp

Activating singularity image /home/jeszyman/sing_containers/biotools.sif
[Thu Apr  7 14:15:26 2022]
Finished job 10.
6 of 21 steps (29%) done
Select jobs to execute...

[Thu Apr  7 14:15:26 2022]
rule trimmomatic:
    input: test/fastq/plex2_R1.fastq.gz, test/fastq/plex2_R2.fastq.gz
    output: test/processed-fastq/plex2_proc_R1.fastq.gz, test/unpaired-fastq/plex2_unpr_R1.fastq.gz, test/processed-fastq/plex2_proc_R2.fastq.gz, test/unpaired-fastq/plex2_unpr_R2.fastq.gz
    log: test/logs/trimmomatic_trimlog_plex2.log, test/logs/trimmomatic_plex2.log
    jobid: 1
    wildcards: fq_id=plex2
    resources: tmpdir=/tmp

Activating singularity image /home/jeszyman/sing_containers/biotools.sif
[Thu Apr  7 14:15:26 2022]
Finished job 3.
7 of 21 steps (33%) done
Select jobs to execute...

[Thu Apr  7 14:15:26 2022]
rule fastqc_proc:
    input: test/processed-fastq/mpnst1_proc_R2.fastq.gz
    output: test/qc/mpnst1_proc_R2_fastqc.html, test/qc/mpnst1_proc_R2_fastqc.zip
    log: test/logs/fastqc_raw_mpnst1_R2.log
    jobid: 18
    wildcards: fq_id=mpnst1, read=R2
    resources: tmpdir=/tmp

Activating singularity image /home/jeszyman/sing_containers/biotools.sif
[Thu Apr  7 14:15:27 2022]
Finished job 19.
8 of 21 steps (38%) done
Select jobs to execute...

[Thu Apr  7 14:15:27 2022]
rule fastqc_proc:
    input: test/processed-fastq/mpnst1_proc_R1.fastq.gz
    output: test/qc/mpnst1_proc_R1_fastqc.html, test/qc/mpnst1_proc_R1_fastqc.zip
    log: test/logs/fastqc_raw_mpnst1_R1.log
    jobid: 17
    wildcards: fq_id=mpnst1, read=R1
    resources: tmpdir=/tmp

Activating singularity image /home/jeszyman/sing_containers/biotools.sif
[Thu Apr  7 14:15:28 2022]
Finished job 1.
9 of 21 steps (43%) done
Select jobs to execute...

[Thu Apr  7 14:15:28 2022]
rule fastqc_proc:
    input: test/processed-fastq/plex2_proc_R1.fastq.gz
    output: test/qc/plex2_proc_R1_fastqc.html, test/qc/plex2_proc_R1_fastqc.zip
    log: test/logs/fastqc_raw_plex2_R1.log
    jobid: 13
    wildcards: fq_id=plex2, read=R1
    resources: tmpdir=/tmp

Activating singularity image /home/jeszyman/sing_containers/biotools.sif
[Thu Apr  7 14:15:30 2022]
Finished job 8.
10 of 21 steps (48%) done
Select jobs to execute...

[Thu Apr  7 14:15:30 2022]
rule fastqc_proc:
    input: test/processed-fastq/plex1_proc_R1.fastq.gz
    output: test/qc/plex1_proc_R1_fastqc.html, test/qc/plex1_proc_R1_fastqc.zip
    log: test/logs/fastqc_raw_plex1_R1.log
    jobid: 15
    wildcards: fq_id=plex1, read=R1
    resources: tmpdir=/tmp

Activating singularity image /home/jeszyman/sing_containers/biotools.sif
[Thu Apr  7 14:15:30 2022]
Finished job 18.
11 of 21 steps (52%) done
Select jobs to execute...

[Thu Apr  7 14:15:30 2022]
rule fastqc_raw:
    input: test/fastq/plex2_R2.fastq.gz
    output: test/qc/plex2_R2_fastqc.html, test/qc/plex2_R2_fastqc.zip
    log: test/logs/fastqc_raw_plex2_R2.log
    jobid: 6
    wildcards: fq_id=plex2, read=R2
    resources: tmpdir=/tmp

Activating singularity image /home/jeszyman/sing_containers/biotools.sif
[Thu Apr  7 14:15:31 2022]
Finished job 17.
12 of 21 steps (57%) done
Select jobs to execute...

[Thu Apr  7 14:15:31 2022]
rule fastqc_raw:
    input: test/fastq/mpnst2_R1.fastq.gz
    output: test/qc/mpnst2_R1_fastqc.html, test/qc/mpnst2_R1_fastqc.zip
    log: test/logs/fastqc_raw_mpnst2_R1.log
    jobid: 11
    wildcards: fq_id=mpnst2, read=R1
    resources: tmpdir=/tmp

Activating singularity image /home/jeszyman/sing_containers/biotools.sif
[Thu Apr  7 14:15:32 2022]
Finished job 13.
13 of 21 steps (62%) done
Select jobs to execute...

[Thu Apr  7 14:15:32 2022]
rule fastqc_raw:
    input: test/fastq/mpnst1_R1.fastq.gz
    output: test/qc/mpnst1_R1_fastqc.html, test/qc/mpnst1_R1_fastqc.zip
    log: test/logs/fastqc_raw_mpnst1_R1.log
    jobid: 9
    wildcards: fq_id=mpnst1, read=R1
    resources: tmpdir=/tmp

Activating singularity image /home/jeszyman/sing_containers/biotools.sif
[Thu Apr  7 14:15:33 2022]
Finished job 15.
14 of 21 steps (67%) done
Select jobs to execute...

[Thu Apr  7 14:15:33 2022]
rule fastqc_raw:
    input: test/fastq/plex1_R1.fastq.gz
    output: test/qc/plex1_R1_fastqc.html, test/qc/plex1_R1_fastqc.zip
    log: test/logs/fastqc_raw_plex1_R1.log
    jobid: 7
    wildcards: fq_id=plex1, read=R1
    resources: tmpdir=/tmp

Activating singularity image /home/jeszyman/sing_containers/biotools.sif
[Thu Apr  7 14:15:34 2022]
Finished job 6.
15 of 21 steps (71%) done
Select jobs to execute...

[Thu Apr  7 14:15:34 2022]
rule fastqc_proc:
    input: test/processed-fastq/plex2_proc_R2.fastq.gz
    output: test/qc/plex2_proc_R2_fastqc.html, test/qc/plex2_proc_R2_fastqc.zip
    log: test/logs/fastqc_raw_plex2_R2.log
    jobid: 14
    wildcards: fq_id=plex2, read=R2
    resources: tmpdir=/tmp

Activating singularity image /home/jeszyman/sing_containers/biotools.sif
[Thu Apr  7 14:15:35 2022]
Finished job 11.
16 of 21 steps (76%) done
Select jobs to execute...

[Thu Apr  7 14:15:35 2022]
rule fastqc_proc:
    input: test/processed-fastq/plex1_proc_R2.fastq.gz
    output: test/qc/plex1_proc_R2_fastqc.html, test/qc/plex1_proc_R2_fastqc.zip
    log: test/logs/fastqc_raw_plex1_R2.log
    jobid: 16
    wildcards: fq_id=plex1, read=R2
    resources: tmpdir=/tmp

Activating singularity image /home/jeszyman/sing_containers/biotools.sif
[Thu Apr  7 14:15:36 2022]
Finished job 9.
17 of 21 steps (81%) done
[Thu Apr  7 14:15:37 2022]
Finished job 7.
18 of 21 steps (86%) done
[Thu Apr  7 14:15:37 2022]
Finished job 14.
19 of 21 steps (90%) done
[Thu Apr  7 14:15:38 2022]
Finished job 16.
20 of 21 steps (95%) done
Select jobs to execute...

[Thu Apr  7 14:15:38 2022]
localrule all:
    input: test/processed-fastq/plex2_proc_R1.fastq.gz, test/processed-fastq/plex1_proc_R1.fastq.gz, test/processed-fastq/mpnst1_proc_R1.fastq.gz, test/processed-fastq/mpnst2_proc_R1.fastq.gz, test/processed-fastq/plex2_proc_R2.fastq.gz, test/processed-fastq/plex1_proc_R2.fastq.gz, test/processed-fastq/mpnst1_proc_R2.fastq.gz, test/processed-fastq/mpnst2_proc_R2.fastq.gz, test/unpaired-fastq/plex2_unpr_R1.fastq.gz, test/unpaired-fastq/plex1_unpr_R1.fastq.gz, test/unpaired-fastq/mpnst1_unpr_R1.fastq.gz, test/unpaired-fastq/mpnst2_unpr_R1.fastq.gz, test/unpaired-fastq/plex2_unpr_R2.fastq.gz, test/unpaired-fastq/plex1_unpr_R2.fastq.gz, test/unpaired-fastq/mpnst1_unpr_R2.fastq.gz, test/unpaired-fastq/mpnst2_unpr_R2.fastq.gz, test/qc/plex2_R1_fastqc.html, test/qc/plex2_R2_fastqc.html, test/qc/plex1_R1_fastqc.html, test/qc/plex1_R2_fastqc.html, test/qc/mpnst1_R1_fastqc.html, test/qc/mpnst1_R2_fastqc.html, test/qc/mpnst2_R1_fastqc.html, test/qc/mpnst2_R2_fastqc.html, test/qc/plex2_proc_R1_fastqc.html, test/qc/plex2_proc_R2_fastqc.html, test/qc/plex1_proc_R1_fastqc.html, test/qc/plex1_proc_R2_fastqc.html, test/qc/mpnst1_proc_R1_fastqc.html, test/qc/mpnst1_proc_R2_fastqc.html, test/qc/mpnst2_proc_R1_fastqc.html, test/qc/mpnst2_proc_R2_fastqc.html
    jobid: 0
    resources: tmpdir=/tmp

[Thu Apr  7 14:15:38 2022]
Finished job 0.
21 of 21 steps (100%) done
Complete log: /home/jeszyman/repos/mpnst-preprocessing/.snakemake/log/2022-04-07T141520.031408.snakemake.log
