Config file ./config/common.yaml is extended by additional config specified via the command line.
Building DAG of jobs...
MissingInputException in line 6 of /drive3/users/jszymanski/repos/mpnst-preprocessing/workflows/cappseq.smk:
Missing input files for rule all:
/mnt/ris/aadel/mpnst/cappseq/renamenew_HiSeq-19_L006001_AGGT_R1.fastq.gz
/mnt/ris/aadel/mpnst/cappseq/renamenew_HiSeq28_Undetermined_R6000204_L006001_TCCT_R2.fastq.gz
/mnt/ris/aadel/mpnst/cappseq/renamenew_HiSeq-19_L006_R1_001_GCTA.fastq.gz
/mnt/ris/aadel/mpnst/cappseq/renamenew_HiSeq39_Undetermined_R6000281_L005_R1_001_ACAC.fastq.gz
/mnt/ris/aadel/mpnst/cappseq/renamenew_HiSeq41_Undetermined_R6000281_L007_R2_001_AGGT.fastq.gz
/mnt/ris/aadel/mpnst/cappseq/renamenew_HiSeq15_L002001_CGAT_R2.fastq.gz
/mnt/ris/aadel/mpnst/cappseq/renamenew_HiSeqW54_Undetermined_R6000373_L007_R2_CGAT.fastq.gz
/mnt/ris/aadel/mpnst/cappseq/renamenew_HiSeq11_R1_GAAG.fastq.gz
/mnt/ris/aadel/mpnst/cappseq/renamenew_HiSeqW36_Undetermined_R6000244_L008_R1_001_AGGT.fastq.gz
/mnt/ris/aadel/mpnst/cappseq/renamenew_HiSeq15_L002001_GAAG_R1.fastq.gz
/mnt/ris/aadel/mpnst/cappseq/renamenew_HiSeq-W45_Undetermined_R6000324_L005_R1_001_TGTG.fastq.gz
/mnt/ris/aadel/mpnst/cappseq/renamenew_HiSeq28_Undetermined_R6000204_L006001_GCTA_R1.fastq.gz
/mnt/ris/aadel/mpnst/cappseq/renamenew_HiSeqW55_Undetermined_R6000373_L008_R2_CACA.fastq.gz
/mnt/ris/aadel/mpnst/cappseq/renamenew_HiSeq-19_L006001_GCTA_R1.fastq.gz
/mnt/ris/aadel/mpnst/cappseq/renamenew_HiSeq11GTGT_R2.fastq.gz
/mnt/ris/aadel/mpnst/cappseq/renamenew_HiSeq-W46_Undetermined_R6000324_L006_R2_001_GCTA.fastq.gz
/mnt/ris/aadel/mpnst/cappseq/renamenew_HiSeqW54_Undetermined_R6000373_L007_R1_TGTG.fastq.gz
/mnt/ris/aadel/mpnst/cappseq/renamenew_HiSeq28_Undetermined_R6000204_L006_R1_001_ATCG.fastq.gz
/mnt/ris/aadel/mpnst/cappseq/renamenew_HiSeq15_L002_R1_001_TAGC.fastq.gz
/mnt/ris/aadel/mpnst/cappseq/renamenew_HiSeq-20_L007001_AGGT_R1.fastq.gz
/mnt/ris/aadel/mpnst/cappseq/renamenew_HiSeq28_Undetermined_R6000204_L006001_GAAG_R1.fastq.gz
/mnt/ris/aadel/mpnst/cappseq/renamenew_HiSeq28_Undetermined_R6000204_L006001_TGTG_R1.fastq.gz
/mnt/ris/aadel/mpnst/cappseq/renameHiSeq-W46_Undetermined_R6000324_L006_R2_001_TAGC.fastq.gz
/mnt/ris/aadel/mpnst/cappseq/renameHiSeq-W46_Undetermined_R6000324_L006_R2_001_AGGT.fastq.gz
/mnt/ris/aadel/mpnst/cappseq/renamenew_HiSeq28_Undetermined_R6000204_L006_R2_001_CTTC.fastq.gz
/mnt/ris/aadel/mpnst/cappseq/renamenew_HiSeq-W48_Undetermined_R6000324_L008_R2_001_GAAG.fastq.gz
/mnt/ris/aadel/mpnst/cappseq/renamenew_HiSeq11_R2_GTGT.fastq.gz
/mnt/ris/aadel/mpnst/cappseq/renameHiSeq-W44_Undetermined_R6000324_L004_R1_001_GAAG.fastq.gz
/mnt/ris/aadel/mpnst/cappseq/renamenew_HiSeq-20_L007001_TAGC_R2.fastq.gz
/mnt/ris/aadel/mpnst/cappseq/renameHiSeq-W48_Undetermined_R6000324_L008_R2_001_CACA.fastq.gz
/mnt/ris/aadel/mpnst/cappseq/renamenew_HiSeq-19_L006001_GTGT_R1.fastq.gz
/mnt/ris/aadel/mpnst/cappseq/renamenew_HiSeqW55_Undetermined_R6000373_L008_R1_CGAT.fastq.gz
/mnt/ris/aadel/mpnst/cappseq/renamenew_HiSeq-W44_Undetermined_R6000324_L004_R1_001_GAAG.fastq.gz
/mnt/ris/aadel/mpnst/cappseq/renamenew_HiSeqW54_Undetermined_R6000373_L007_R2_ACAC.fastq.gz
/mnt/ris/aadel/mpnst/cappseq/renamenew_HiSeq-19_L006_R1_001_AGGT.fastq.gz
/mnt/ris/aadel/mpnst/cappseq/renamenew_HiSeq28_Undetermined_R6000204_L006001_TAGC_R2.fastq.gz
/mnt/ris/aadel/mpnst/cappseq/renamenew_HiSeq-19_L006_R1_001_GAAG.fastq.gz
/mnt/ris/aadel/mpnst/cappseq/renamenew_HiSeq-20_L007_R2_001_CTTC.fastq.gz
/mnt/ris/aadel/mpnst/cappseq/renamenew_HiSeq38_Undetermined_R6000281_L004001_GCTA_R1.fastq.gz
/mnt/ris/aadel/mpnst/cappseq/renamenew_HiSeq28_Undetermined_R6000204_L006001_ATCG_R2.fastq.gz
/mnt/ris/aadel/mpnst/cappseq/renamenew_HiSeq-W44_Undetermined_R6000324_L004_R1_001_ATCG.fastq.gz
/mnt/ris/aadel/mpnst/cappseq/renamenew_HiSeq-19_L006_R2_001_CTTC.fastq.gz
/mnt/ris/aadel/mpnst/cappseq/renamenew_HiSeq39_Undetermined_R6000281_L005001_ACAC_R1.fastq.gz
/mnt/ris/aadel/mpnst/cappseq/renamenew_HiSeq39_Undetermined_R6000281_L005001_ACAC_R2.fastq.gz
/mnt/ris/aadel/mpnst/cappseq/renamenew_HiSeqW36_Undetermined_R6000244_L008_R1_001_TCCT.fastq.gz
/mnt/ris/aadel/mpnst/cappseq/renameNF570_R2.fastq.gz
/mnt/ris/aadel/mpnst/cappseq/renamenew_HiSeqW72_Undetermined_R6000482_L001_R2_CACA.fastq.gz
/mnt/ris/aadel/mpnst/cappseq/renamenew_HiSeq28_Undetermined_R6000204_L006001_GTGT_R1.fastq.gz
/mnt/ris/aadel/mpnst/cappseq/renamenew_HiSeqW31_Undetermined_R6000232_L005_R1_001_CACA.fastq.gz
/mnt/ris/aadel/mpnst/cappseq/renamenew_HiSeqW54_Undetermined_R6000373_L007_R1_GCTA.fastq.gz
/mnt/ris/aadel/mpnst/cappseq/renamenew_HiSeq-19_L006_R2_001_AGGT.fastq.gz
/mnt/ris/aadel/mpnst/cappseq/renamenew_HiSeqW72_Undetermined_R6000482_L001_R1_ATCG.fastq.gz
/mnt/ris/aadel/mpnst/cappseq/renamenew_HiSeqW72_Undetermined_R6000482_L001_R1_CACA.fastq.gz
/mnt/ris/aadel/mpnst/cappseq/renamenew_HiSeqW35_Undetermined_R6000244_L007_R2_001_CACA.fastq.gz
/mnt/ris/aadel/mpnst/cappseq/renamenew_HiSeq28_Undetermined_R6000204_L006001_CTTC_R2.fastq.gz
/mnt/ris/aadel/mpnst/cappseq/renameHiSeq-W44_Undetermined_R6000324_L004_R2_001_CACA.fastq.gz
/mnt/ris/aadel/mpnst/cappseq/renamenew_HiSeq15_L002_R1_001_GAAG.fastq.gz
/mnt/ris/aadel/mpnst/cappseq/renameHiSeq-W45_Undetermined_R6000324_L005_R1_001_TAGC.fastq.gz
/mnt/ris/aadel/mpnst/cappseq/renameNF570_R1.fastq.gz
/mnt/ris/aadel/mpnst/cappseq/renamenew_HiSeq42_Undetermined_R6000281_L008_R1_001_ATCG.fastq.gz
/mnt/ris/aadel/mpnst/cappseq/renameHiSeq-W46_Undetermined_R6000324_L006_R1_001_.fastq.gz
/mnt/ris/aadel/mpnst/cappseq/renamenew_HiSeqW31_Undetermined_R6000232_L005_R2_001_ATCG.fastq.gz
/mnt/ris/aadel/mpnst/cappseq/renamenew_HiSeqW54_Undetermined_R6000373_L007_R2_GCTA.fastq.gz
/mnt/ris/aadel/mpnst/cappseq/renamenew_HiSeq-20_L007001_AGGT_R2.fastq.gz
/mnt/ris/aadel/mpnst/cappseq/renamenew_HiSeq-20_L007001_CTTC_R2.fastq.gz
/mnt/ris/aadel/mpnst/cappseq/renamenew_HiSeq28_Undetermined_R6000204_L006001_ACAC_R1.fastq.gz
/mnt/ris/aadel/mpnst/cappseq/renamenew_HiSeqW36_Undetermined_R6000244_L008_R1_001_TAGC.fastq.gz
/mnt/ris/aadel/mpnst/cappseq/renameHiSeq-W46_Undetermined_R6000324_L006_R2_001_GCTA.fastq.gz
/mnt/ris/aadel/mpnst/cappseq/renamenew_HiSeq28_Undetermined_R6000204_L006001_GCTA_R2.fastq.gz
/mnt/ris/aadel/mpnst/cappseq/renamenew_HiSeq28_Undetermined_R6000204_L006_R2_001_TGTG.fastq.gz
/mnt/ris/aadel/mpnst/cappseq/renamenew_HiSeq28_Undetermined_R6000204_L006_R2_001_AGGT.fastq.gz
/mnt/ris/aadel/mpnst/cappseq/renameHiSeq-W47_Undetermined_R6000324_L007_R2_001_TGTG.fastq.gz
/mnt/ris/aadel/mpnst/cappseq/renameHiSeq-W48_Undetermined_R6000324_L008_R1_001_GAAG.fastq.gz
/mnt/ris/aadel/mpnst/cappseq/renameHiSeq-W44_Undetermined_R6000324_L004_R2_001_ATCG.fastq.gz
/mnt/ris/aadel/mpnst/cappseq/renamenew_HiSeqW36_Undetermined_R6000244_L008_R2_001_CTTC.fastq.gz
/mnt/ris/aadel/mpnst/cappseq/renamenew_HiSeq40_Undetermined_R6000281_L006_R2_001_CACA.fastq.gz
/mnt/ris/aadel/mpnst/cappseq/renamenew_HiSeqW34_Undetermined_R6000244_L006_R2_001_ATCG.fastq.gz
/mnt/ris/aadel/mpnst/cappseq/renamenew_HiSeq-19_L006001_CTTC_R1.fastq.gz
/mnt/ris/aadel/mpnst/cappseq/renamenew_HiSeqW54_Undetermined_R6000373_L007_R1_CACA.fastq.gz
/mnt/ris/aadel/mpnst/cappseq/renamenew_HiSeq-20_L007_R1_001_TAGC.fastq.gz
/mnt/ris/aadel/mpnst/cappseq/renameHiSeq-W46_Undetermined_R6000324_L006_R1_001_AGGT.fastq.gz
/mnt/ris/aadel/mpnst/cappseq/renameHiSeq-W46_Undetermined_R6000324_L006_R1_001_GTGT.fastq.gz
/mnt/ris/aadel/mpnst/cappseq/renamenew_HiSeq-W45_Undetermined_R6000324_L005_R1_001_GAAG.fastq.gz
/mnt/ris/aadel/mpnst/cappseq/renamenew_HiSeqW36_Undetermined_R6000244_L008_R2_001_ACAC.fastq.gz
/mnt/ris/aadel/mpnst/cappseq/renamenew_HiSeq-W44_Undetermined_R6000324_L004_R2_001_AGGT.fastq.gz
/mnt/ris/aadel/mpnst/cappseq/renamenew_HiSeq28_Undetermined_R6000204_L006_R1_001_GAAG.fastq.gz
/mnt/ris/aadel/mpnst/cappseq/renamenew_HiSeqW72_Undetermined_R6000482_L001_R1_AGGT.fastq.gz
/mnt/ris/aadel/mpnst/cappseq/renameHiSeq-W46_Undetermined_R6000324_L006_R1_001_TCCT.fastq.gz
/mnt/ris/aadel/mpnst/cappseq/renamenew_HiSeqW54_Undetermined_R6000373_L007_R1_TCCT.fastq.gz
/mnt/ris/aadel/mpnst/cappseq/renamenew_HiSeq28_Undetermined_R6000204_L006_R1_001_TGTG.fastq.gz
/mnt/ris/aadel/mpnst/cappseq/renamenew_HiSeq11_R1_TAGC.fastq.gz
/mnt/ris/aadel/mpnst/cappseq/renameHiSeq-W46_Undetermined_R6000324_L006_R1_001_CACA.fastq.gz
/mnt/ris/aadel/mpnst/cappseq/renamenew_HiSeq-W46_Undetermined_R6000324_L006_R1_001_GTGT.fastq.gz
/mnt/ris/aadel/mpnst/cappseq/renamenew_HiSeq28_Undetermined_R6000204_L006001_CACA_R2.fastq.gz
/mnt/ris/aadel/mpnst/cappseq/renamenew_HiSeqW31_Undetermined_R6000232_L005_R2_001_GCTA.fastq.gz
/mnt/ris/aadel/mpnst/cappseq/renamenew_HiSeq42_Undetermined_R6000281_L008_R2_001_TGTG.fastq.gz
/mnt/ris/aadel/mpnst/cappseq/renamenew_HiSeqW31_Undetermined_R6000232_L005_R2_001_GAAG.fastq.gz
/mnt/ris/aadel/mpnst/cappseq/renamenew_HiSeq-19_L006_R1_001_GTGT.fastq.gz
/mnt/ris/aadel/mpnst/cappseq/renameHiSeq-W45_Undetermined_R6000324_L005_R2_001_GAAG.fastq.gz
/mnt/ris/aadel/mpnst/cappseq/renamenew_HiSeq-20_L007_R1_001_ATCG.fastq.gz
/mnt/ris/aadel/mpnst/cappseq/renamenew_HiSeqW54_Undetermined_R6000373_L007_R2_GAAG.fastq.gz
/mnt/ris/aadel/mpnst/cappseq/renamenew_HiSeq42_Undetermined_R6000281_L008_R2_001_GTGT.fastq.gz
/mnt/ris/aadel/mpnst/cappseq/renamenew_HiSeq-20_L007_R1_001_TCCT.fastq.gz
/mnt/ris/aadel/mpnst/cappseq/renamenew_HiSeq42_Undetermined_R6000281_L008_R2_001_TAGC.fastq.gz
/mnt/ris/aadel/mpnst/cappseq/renameHiSeq-W47_Undetermined_R6000324_L007_R1_001_ACAC.fastq.gz
/mnt/ris/aadel/mpnst/cappseq/renamenew_HiSeq-W47_Undetermined_R6000324_L007_R2_001_GCTA.fastq.gz
/mnt/ris/aadel/mpnst/cappseq/renamenew_HiSeq-W46_Undetermined_R6000324_L006_R1_001_TCCT.fastq.gz
/mnt/ris/aadel/mpnst/cappseq/renamenew_HiSeq39_Undetermined_R6000281_L005_R2_001_CGAT.fastq.gz
/mnt/ris/aadel/mpnst/cappseq/renamenew_HiSeq-W45_Undetermined_R6000324_L005_R1_001_GCTA.fastq.gz
/mnt/ris/aadel/mpnst/cappseq/renamenew_HiSeq-W44_Undetermined_R6000324_L004_R1_001_CTTC.fastq.gz
/mnt/ris/aadel/mpnst/cappseq/renameHiSeq-W47_Undetermined_R6000324_L007_R1_001_GCTA.fastq.gz
/mnt/ris/aadel/mpnst/cappseq/renamenew_HiSeq28_Undetermined_R6000204_L006001_ATCG_R1.fastq.gz
/mnt/ris/aadel/mpnst/cappseq/renamenew_HiSeq38_Undetermined_R6000281_L004_R1_001_ATCG.fastq.gz
/mnt/ris/aadel/mpnst/cappseq/renamenew_HiSeq41_Undetermined_R6000281_L007_R1_001_AGGT.fastq.gz
/mnt/ris/aadel/mpnst/cappseq/renamenew_HiSeqW34_Undetermined_R6000244_L006_R1_001_ATCG.fastq.gz
/mnt/ris/aadel/mpnst/cappseq/renamenew_HiSeq-19_L006001_CTTC_R2.fastq.gz
/mnt/ris/aadel/mpnst/cappseq/renamenew_HiSeqW72_Undetermined_R6000482_L001_R2_ACAC.fastq.gz
/mnt/ris/aadel/mpnst/cappseq/renamenew_HiSeq40_Undetermined_R6000281_L006_R2_001_GTGT.fastq.gz
/mnt/ris/aadel/mpnst/cappseq/renamenew_HiSeqW54_Undetermined_R6000373_L007_R1_TAGC.fastq.gz
/mnt/ris/aadel/mpnst/cappseq/renamenew_HiSeqW55_Undetermined_R6000373_L008_R1_CACA.fastq.gz
/mnt/ris/aadel/mpnst/cappseq/renameHiSeq-W45_Undetermined_R6000324_L005_R2_001_ATCG.fastq.gz
/mnt/ris/aadel/mpnst/cappseq/renameHiSeq-W48_Undetermined_R6000324_L008_R1_001_CACA.fastq.gz
/mnt/ris/aadel/mpnst/cappseq/renamenew_HiSeqW43_Undetermined_R6000292_L004_R1_001_ACAC.fastq.gz
/mnt/ris/aadel/mpnst/cappseq/renamenew_HiSeq28_Undetermined_R6000204_L006001_GTGT_R2.fastq.gz
/mnt/ris/aadel/mpnst/cappseq/renamenew_HiSeq-20_L007_R2_001_AGGT.fastq.gz
/mnt/ris/aadel/mpnst/cappseq/renamenew_HiSeqW43_Undetermined_R6000292_L004_R2_001_ACAC.fastq.gz
/mnt/ris/aadel/mpnst/cappseq/renameHiSeq-W44_Undetermined_R6000324_L004_R1_001_CTTC.fastq.gz
/mnt/ris/aadel/mpnst/cappseq/renamenew_HiSeqW54_Undetermined_R6000373_L007_R2_GTGT.fastq.gz
/mnt/ris/aadel/mpnst/cappseq/renamenew_HiSeqW36_Undetermined_R6000244_L008_R1_001_CTTC.fastq.gz
/mnt/ris/aadel/mpnst/cappseq/renamenew_HiSeq39_Undetermined_R6000281_L005_R2_001_ACAC.fastq.gz
/mnt/ris/aadel/mpnst/cappseq/renamenew_HiSeq42_Undetermined_R6000281_L008_R2_001_ATCG.fastq.gz
/mnt/ris/aadel/mpnst/cappseq/renameHiSeq-W44_Undetermined_R6000324_L004_R2_001_TGTG.fastq.gz
/mnt/ris/aadel/mpnst/cappseq/renameHiSeq-W44_Undetermined_R6000324_L004_R1_001_ATCG.fastq.gz
/mnt/ris/aadel/mpnst/cappseq/renamenew_HiSeq28_Undetermined_R6000204_L006_R1_001_GTGT.fastq.gz
/mnt/ris/aadel/mpnst/cappseq/renamenew_HiSeq-W45_Undetermined_R6000324_L005_R2_001_CGAT.fastq.gz
/mnt/ris/aadel/mpnst/cappseq/renamenew_HiSeq11_R2_CGAT.fastq.gz
/mnt/ris/aadel/mpnst/cappseq/renamenew_HiSeq-W47_Undetermined_R6000324_L007_R2_001_ACAC.fastq.gz
/mnt/ris/aadel/mpnst/cappseq/renamenew_HiSeqW34_Undetermined_R6000244_L006_R1_001_GTGT.fastq.gz
/mnt/ris/aadel/mpnst/cappseq/renamenew_HiSeq11GAAG_R1.fastq.gz
/mnt/ris/aadel/mpnst/cappseq/renamenew_HiSeq-W44_Undetermined_R6000324_L004_R2_001_CGAT.fastq.gz
/mnt/ris/aadel/mpnst/cappseq/renamenew_HiSeq40_Undetermined_R6000281_L006_R2_001_TGTG.fastq.gz
/mnt/ris/aadel/mpnst/cappseq/renamenew_HiSeq11TAGC_R1.fastq.gz
/mnt/ris/aadel/mpnst/cappseq/renamenew_HiSeq-W48_Undetermined_R6000324_L008_R2_001_CACA.fastq.gz
/mnt/ris/aadel/mpnst/cappseq/renamenew_HiSeq39_Undetermined_R6000281_L005_R1_001_CGAT.fastq.gz
/mnt/ris/aadel/mpnst/cappseq/renamenew_HiSeqW35_Undetermined_R6000244_L007_R1_001_GCTA.fastq.gz
/mnt/ris/aadel/mpnst/cappseq/renamenew_HiSeqW31_Undetermined_R6000232_L005_R2_001_TAGC.fastq.gz
/mnt/ris/aadel/mpnst/cappseq/renamenew_HiSeq28_Undetermined_R6000204_L006_R2_001_ACAC.fastq.gz
/mnt/ris/aadel/mpnst/cappseq/renamenew_HiSeq-20_L007001_TCCT_R1.fastq.gz
/mnt/ris/aadel/mpnst/cappseq/renamenew_HiSeq-W44_Undetermined_R6000324_L004_R2_001_GAAG.fastq.gz
/mnt/ris/aadel/mpnst/cappseq/renamenew_HiSeqW43_Undetermined_R6000292_L004_R1_001_TCCT.fastq.gz
/mnt/ris/aadel/mpnst/cappseq/renamenew_HiSeqW31_Undetermined_R6000232_L005_R2_001_CACA.fastq.gz
/mnt/ris/aadel/mpnst/cappseq/renamenew_HiSeq28_Undetermined_R6000204_L006_R1_001_GCTA.fastq.gz
/mnt/ris/aadel/mpnst/cappseq/renamenew_HiSeq28_Undetermined_R6000204_L006_R1_001_CACA.fastq.gz
/mnt/ris/aadel/mpnst/cappseq/renamenew_HiSeq-W45_Undetermined_R6000324_L005_R2_001_TAGC.fastq.gz
/mnt/ris/aadel/mpnst/cappseq/renamenew_HiSeq-W47_Undetermined_R6000324_L007_R1_001_TGTG.fastq.gz
/mnt/ris/aadel/mpnst/cappseq/renamenew_HiSeq41_Undetermined_R6000281_L007_R2_001_GAAG.fastq.gz
/mnt/ris/aadel/mpnst/cappseq/renamenew_HiSeq42_Undetermined_R6000281_L008_R1_001_TAGC.fastq.gz
/mnt/ris/aadel/mpnst/cappseq/renamenew_HiSeq15_L002001_GAAG_R2.fastq.gz
/mnt/ris/aadel/mpnst/cappseq/renamenew_HiSeq15_L002_R1_001_ATCG.fastq.gz
/mnt/ris/aadel/mpnst/cappseq/renameHiSeq-W45_Undetermined_R6000324_L005_R2_001_CGAT.fastq.gz
/mnt/ris/aadel/mpnst/cappseq/renamenew_HiSeq-W45_Undetermined_R6000324_L005_R2_001_GCTA.fastq.gz
/mnt/ris/aadel/mpnst/cappseq/renamenew_HiSeqW72_Undetermined_R6000482_L001_R2_ATCG.fastq.gz
/mnt/ris/aadel/mpnst/cappseq/renamenew_HiSeq11_R2_ACAC.fastq.gz
/mnt/ris/aadel/mpnst/cappseq/renamenew_HiSeq-20_L007_R1_001_GTGT.fastq.gz
/mnt/ris/aadel/mpnst/cappseq/renamenew_HiSeq11_R1_ACAC.fastq.gz
/mnt/ris/aadel/mpnst/cappseq/renamenew_HiSeq15_L002_R2_001_ATCG.fastq.gz
/mnt/ris/aadel/mpnst/cappseq/renamenew_HiSeq28_Undetermined_R6000204_L006001_CTTC_R1.fastq.gz
/mnt/ris/aadel/mpnst/cappseq/renamenew_HiSeq-W45_Undetermined_R6000324_L005_R2_001_CACA.fastq.gz
/mnt/ris/aadel/mpnst/cappseq/renamenew_HiSeq-20_L007001_GTGT_R2.fastq.gz
/mnt/ris/aadel/mpnst/cappseq/renamenew_HiSeq-W48_Undetermined_R6000324_L008_R2_001_CGAT.fastq.gz
/mnt/ris/aadel/mpnst/cappseq/renamenew_HiSeq40_Undetermined_R6000281_L006_R1_001_GTGT.fastq.gz
/mnt/ris/aadel/mpnst/cappseq/renameHiSeq-W46_Undetermined_R6000324_L006_R2_001_TCCT.fastq.gz
/mnt/ris/aadel/mpnst/cappseq/renamenew_HiSeqW55_Undetermined_R6000373_L008_R2_AGGT.fastq.gz
/mnt/ris/aadel/mpnst/cappseq/renameHiSeq-W46_Undetermined_R6000324_L006_R1_001_TGTG.fastq.gz
/mnt/ris/aadel/mpnst/cappseq/renamenew_HiSeqW35_Undetermined_R6000244_L007_R2_001_TAGC.fastq.gz
/mnt/ris/aadel/mpnst/cappseq/renamenew_HiSeqW43_Undetermined_R6000292_L004_R2_001_TGTG.fastq.gz
/mnt/ris/aadel/mpnst/cappseq/renamenew_HiSeq-W44_Undetermined_R6000324_L004_R2_001_GCTA.fastq.gz
/mnt/ris/aadel/mpnst/cappseq/renamenew_HiSeq-W45_Undetermined_R6000324_L005_R1_001_CACA.fastq.gz
/mnt/ris/aadel/mpnst/cappseq/renameHiSeq-W46_Undetermined_R6000324_L006_R2_001_TGTG.fastq.gz
/mnt/ris/aadel/mpnst/cappseq/renamenew_HiSeqW36_Undetermined_R6000244_L008_R1_001_ACAC.fastq.gz
/mnt/ris/aadel/mpnst/cappseq/renamenew_HiSeq28_Undetermined_R6000204_L006001_GAAG_R2.fastq.gz
/mnt/ris/aadel/mpnst/cappseq/renamenew_HiSeq-20_L007_R2_001_ATCG.fastq.gz
/mnt/ris/aadel/mpnst/cappseq/renamenew_HiSeqW35_Undetermined_R6000244_L007_R1_001_TAGC.fastq.gz
/mnt/ris/aadel/mpnst/cappseq/renamenew_HiSeq-W45_Undetermined_R6000324_L005_R1_001_TAGC.fastq.gz
/mnt/ris/aadel/mpnst/cappseq/renamenew_HiSeq15_L002_R2_001_ACAC.fastq.gz
/mnt/ris/aadel/mpnst/cappseq/renameHiSeq-W47_Undetermined_R6000324_L007_R2_001_TAGC.fastq.gz
/mnt/ris/aadel/mpnst/cappseq/renamenew_HiSeqW30_Undetermined_R6000232_L006_R2_001_TCCT.fastq.gz
/mnt/ris/aadel/mpnst/cappseq/renamenew_HiSeq11ACAC_R2.fastq.gz
/mnt/ris/aadel/mpnst/cappseq/renamenew_HiSeqW55_Undetermined_R6000373_L008_R2_CGAT.fastq.gz
/mnt/ris/aadel/mpnst/cappseq/renamenew_HiSeq-W44_Undetermined_R6000324_L004_R1_001_CACA.fastq.gz
/mnt/ris/aadel/mpnst/cappseq/renamenew_HiSeq11GAAG_R2.fastq.gz
/mnt/ris/aadel/mpnst/cappseq/renameHiSeq-W44_Undetermined_R6000324_L004_R2_001_CGAT.fastq.gz
/mnt/ris/aadel/mpnst/cappseq/renameHiSeq-W44_Undetermined_R6000324_L004_R1_001_AGGT.fastq.gz
/mnt/ris/aadel/mpnst/cappseq/renamenew_HiSeq-W44_Undetermined_R6000324_L004_R2_001_CACA.fastq.gz
/mnt/ris/aadel/mpnst/cappseq/renamenew_HiSeq-W47_Undetermined_R6000324_L007_R1_001_ACAC.fastq.gz
/mnt/ris/aadel/mpnst/cappseq/renamenew_HiSeqW43_Undetermined_R6000292_L004_R2_001_TCCT.fastq.gz
/mnt/ris/aadel/mpnst/cappseq/renamenew_HiSeq15_L002001_TAGC_R1.fastq.gz
/mnt/ris/aadel/mpnst/cappseq/renamenew_HiSeq-19_L006001_GAAG_R2.fastq.gz
/mnt/ris/aadel/mpnst/cappseq/renamenew_HiSeq-19_L006_R2_001_GAAG.fastq.gz
/mnt/ris/aadel/mpnst/cappseq/renamenew_HiSeq-W46_Undetermined_R6000324_L006_R1_001_TAGC.fastq.gz
/mnt/ris/aadel/mpnst/cappseq/renameHiSeq-W48_Undetermined_R6000324_L008_R2_001_CGAT.fastq.gz
/mnt/ris/aadel/mpnst/cappseq/renamenew_HiSeq11_R1_CGAT.fastq.gz
/mnt/ris/aadel/mpnst/cappseq/renamenew_HiSeqW31_Undetermined_R6000232_L005_R1_001_ATCG.fastq.gz
/mnt/ris/aadel/mpnst/cappseq/renamenew_HiSeq-W48_Undetermined_R6000324_L008_R1_001_CACA.fastq.gz
/mnt/ris/aadel/mpnst/cappseq/renameHiSeq-W44_Undetermined_R6000324_L004_R2_001_AGGT.fastq.gz
/mnt/ris/aadel/mpnst/cappseq/renamenew_HiSeq28_Undetermined_R6000204_L006001_TCCT_R1.fastq.gz
/mnt/ris/aadel/mpnst/cappseq/renamenew_HiSeqW31_Undetermined_R6000232_L005_R1_001_TAGC.fastq.gz
/mnt/ris/aadel/mpnst/cappseq/renameHiSeq-W46_Undetermined_R6000324_L006_R2_001_GTGT.fastq.gz
/mnt/ris/aadel/mpnst/cappseq/renamenew_HiSeqW54_Undetermined_R6000373_L007_R1_ATCG.fastq.gz
/mnt/ris/aadel/mpnst/cappseq/renamenew_HiSeq-W46_Undetermined_R6000324_L006_R2_001_TAGC.fastq.gz
/mnt/ris/aadel/mpnst/cappseq/renameHiSeq-W45_Undetermined_R6000324_L005_R1_001_ATCG.fastq.gz
/mnt/ris/aadel/mpnst/cappseq/renamenew_HiSeq-W44_Undetermined_R6000324_L004_R2_001_ATCG.fastq.gz
/mnt/ris/aadel/mpnst/cappseq/renamenew_HiSeqW72_Undetermined_R6000482_L001_R2_GAAG.fastq.gz
/mnt/ris/aadel/mpnst/cappseq/renameNF189_R2.fastq.gz
/mnt/ris/aadel/mpnst/cappseq/renamenew_HiSeqW72_Undetermined_R6000482_L001_R1_CTTC.fastq.gz
/mnt/ris/aadel/mpnst/cappseq/renamenew_HiSeq-W45_Undetermined_R6000324_L005_R1_001_ATCG.fastq.gz
/mnt/ris/aadel/mpnst/cappseq/renamenew_HiSeqW54_Undetermined_R6000373_L007_R1_GTGT.fastq.gz
/mnt/ris/aadel/mpnst/cappseq/renamenew_HiSeq15_L002_R2_001_GAAG.fastq.gz
/mnt/ris/aadel/mpnst/cappseq/renamenew_HiSeq-W46_Undetermined_R6000324_L006_R2_001_GTGT.fastq.gz
/mnt/ris/aadel/mpnst/cappseq/renamenew_HiSeq15_L002_R1_001_GTGT.fastq.gz
/mnt/ris/aadel/mpnst/cappseq/renamenew_HiSeq-20_L007_R2_001_TCCT.fastq.gz
/mnt/ris/aadel/mpnst/cappseq/renameHiSeq-W45_Undetermined_R6000324_L005_R2_001_TAGC.fastq.gz
/mnt/ris/aadel/mpnst/cappseq/renamenew_HiSeq28_Undetermined_R6000204_L006001_CACA_R1.fastq.gz
/mnt/ris/aadel/mpnst/cappseq/renamenew_HiSeq-19_L006001_ACAC_R2.fastq.gz
/mnt/ris/aadel/mpnst/cappseq/renamenew_HiSeq15_L002001_ACAC_R2.fastq.gz
/mnt/ris/aadel/mpnst/cappseq/renamenew_HiSeq-20_L007001_ATCG_R2.fastq.gz
/mnt/ris/aadel/mpnst/cappseq/renamenew_HiSeq15_L002001_ATCG_R2.fastq.gz
/mnt/ris/aadel/mpnst/cappseq/renamenew_HiSeqW43_Undetermined_R6000292_L004_R1_001_GTGT.fastq.gz
/mnt/ris/aadel/mpnst/cappseq/renameHiSeq-W44_Undetermined_R6000324_L004_R1_001_CGAT.fastq.gz
/mnt/ris/aadel/mpnst/cappseq/renamenew_HiSeqW30_Undetermined_R6000232_L006_R2_001_ATCG.fastq.gz
/mnt/ris/aadel/mpnst/cappseq/renamenew_HiSeq28_Undetermined_R6000204_L006001_TAGC_R1.fastq.gz
/mnt/ris/aadel/mpnst/cappseq/renamenew_HiSeq28_Undetermined_R6000204_L006001_TGTG_R2.fastq.gz
/mnt/ris/aadel/mpnst/cappseq/renameHiSeq-W46_Undetermined_R6000324_L006_R2_001_CACA.fastq.gz
/mnt/ris/aadel/mpnst/cappseq/renameHiSeq-W45_Undetermined_R6000324_L005_R1_001_GCTA.fastq.gz
/mnt/ris/aadel/mpnst/cappseq/renamenew_HiSeqW31_Undetermined_R6000232_L005_R1_001_TGTG.fastq.gz
/mnt/ris/aadel/mpnst/cappseq/renamenew_HiSeqW55_Undetermined_R6000373_L008_R1_TCCT.fastq.gz
/mnt/ris/aadel/mpnst/cappseq/renamenew_HiSeq42_Undetermined_R6000281_L008_R1_001_TGTG.fastq.gz
/mnt/ris/aadel/mpnst/cappseq/renamenew_HiSeqW34_Undetermined_R6000244_L006_R1_001_TGTG.fastq.gz
/mnt/ris/aadel/mpnst/cappseq/renamenew_HiSeq28_Undetermined_R6000204_L006_R1_001_TAGC.fastq.gz
/mnt/ris/aadel/mpnst/cappseq/renameHiSeq-W45_Undetermined_R6000324_L005_R1_001_GAAG.fastq.gz
/mnt/ris/aadel/mpnst/cappseq/renamenew_HiSeq-W46_Undetermined_R6000324_L006_R1_001_AGGT.fastq.gz
/mnt/ris/aadel/mpnst/cappseq/renameHiSeq-W44_Undetermined_R6000324_L004_R1_001_GCTA.fastq.gz
/mnt/ris/aadel/mpnst/cappseq/renamenew_HiSeqW54_Undetermined_R6000373_L007_R2_TCCT.fastq.gz
/mnt/ris/aadel/mpnst/cappseq/renamenew_HiSeq15_L002001_ATCG_R1.fastq.gz
/mnt/ris/aadel/mpnst/cappseq/renamenew_HiSeq-W47_Undetermined_R6000324_L007_R1_001_GCTA.fastq.gz
/mnt/ris/aadel/mpnst/cappseq/renameHiSeq-W44_Undetermined_R6000324_L004_R2_001_GAAG.fastq.gz
/mnt/ris/aadel/mpnst/cappseq/renamenew_HiSeq-19_L006001_ACAC_R1.fastq.gz
/mnt/ris/aadel/mpnst/cappseq/renamenew_HiSeq-W45_Undetermined_R6000324_L005_R1_001_CGAT.fastq.gz
/mnt/ris/aadel/mpnst/cappseq/renamenew_HiSeq11_R2_TAGC.fastq.gz
/mnt/ris/aadel/mpnst/cappseq/renamenew_HiSeq-W47_Undetermined_R6000324_L007_R2_001_TAGC.fastq.gz
/mnt/ris/aadel/mpnst/cappseq/renamenew_HiSeq41_Undetermined_R6000281_L007_R2_001_CTTC.fastq.gz
/mnt/ris/aadel/mpnst/cappseq/renamenew_HiSeq-W44_Undetermined_R6000324_L004_R2_001_TGTG.fastq.gz
/mnt/ris/aadel/mpnst/cappseq/renamenew_HiSeq39_Undetermined_R6000281_L005_R1_001_TCCT.fastq.gz
/mnt/ris/aadel/mpnst/cappseq/renamenew_HiSeqW30_Undetermined_R6000232_L006_R2_001_TAGC.fastq.gz
/mnt/ris/aadel/mpnst/cappseq/renamenew_HiSeq28_Undetermined_R6000204_L006_R2_001_GTGT.fastq.gz
/mnt/ris/aadel/mpnst/cappseq/renamenew_HiSeqW35_Undetermined_R6000244_L007_R1_001_CACA.fastq.gz
/mnt/ris/aadel/mpnst/cappseq/renamenew_HiSeq38_Undetermined_R6000281_L004001_ATCG_R1.fastq.gz
/mnt/ris/aadel/mpnst/cappseq/renamenew_HiSeqW72_Undetermined_R6000482_L001_R2_CTTC.fastq.gz
/mnt/ris/aadel/mpnst/cappseq/renamenew_HiSeq-W48_Undetermined_R6000324_L008_R1_001_GAAG.fastq.gz
/mnt/ris/aadel/mpnst/cappseq/renamenew_HiSeq-W46_Undetermined_R6000324_L006_R2_001_AGGT.fastq.gz
/mnt/ris/aadel/mpnst/cappseq/renamenew_HiSeq38_Undetermined_R6000281_L004_R2_001_ATCG.fastq.gz
/mnt/ris/aadel/mpnst/cappseq/renamenew_HiSeqW72_Undetermined_R6000482_L001_R1_GAAG.fastq.gz
/mnt/ris/aadel/mpnst/cappseq/renamenew_HiSeqW54_Undetermined_R6000373_L007_R1_CTTC.fastq.gz
/mnt/ris/aadel/mpnst/cappseq/renamenew_HiSeq28_Undetermined_R6000204_L006001_AGGT_R1.fastq.gz
/mnt/ris/aadel/mpnst/cappseq/renamenew_HiSeqW72_Undetermined_R6000482_L001_R2_GTGT.fastq.gz
/mnt/ris/aadel/mpnst/cappseq/renamenew_HiSeqW72_Undetermined_R6000482_L001_R1_ACAC.fastq.gz
/mnt/ris/aadel/mpnst/cappseq/renamenew_HiSeq38_Undetermined_R6000281_L004_R1_001_TAGC.fastq.gz
/mnt/ris/aadel/mpnst/cappseq/renameHiSeq-W44_Undetermined_R6000324_L004_R1_001_TGTG.fastq.gz
/mnt/ris/aadel/mpnst/cappseq/renamenew_HiSeq11TAGC_R2.fastq.gz
/mnt/ris/aadel/mpnst/cappseq/renamenew_HiSeq15_L002_R1_001_CGAT.fastq.gz
/mnt/ris/aadel/mpnst/cappseq/renameHiSeq-W46_Undetermined_R6000324_L006_R1_001_CGAT.fastq.gz
/mnt/ris/aadel/mpnst/cappseq/renamenew_HiSeq15_L002_R2_001_TAGC.fastq.gz
/mnt/ris/aadel/mpnst/cappseq/renamenew_HiSeq15_L002001_GTGT_R1.fastq.gz
/mnt/ris/aadel/mpnst/cappseq/renamenew_HiSeqW36_Undetermined_R6000244_L008_R2_001_AGGT.fastq.gz
/mnt/ris/aadel/mpnst/cappseq/renamenew_HiSeq11_R2_GAAG.fastq.gz
/mnt/ris/aadel/mpnst/cappseq/renameHiSeq-W47_Undetermined_R6000324_L007_R1_001_TAGC.fastq.gz
/mnt/ris/aadel/mpnst/cappseq/renamenew_HiSeq15_L002_R2_001_CGAT.fastq.gz
/mnt/ris/aadel/mpnst/cappseq/renameHiSeq-W44_Undetermined_R6000324_L004_R2_001_GCTA.fastq.gz
/mnt/ris/aadel/mpnst/cappseq/renamenew_HiSeqW54_Undetermined_R6000373_L007_R2_TGTG.fastq.gz
/mnt/ris/aadel/mpnst/cappseq/renamenew_HiSeq39_Undetermined_R6000281_L005_R2_001_TCCT.fastq.gz
/mnt/ris/aadel/mpnst/cappseq/renamenew_HiSeq11CGAT_R1.fastq.gz
/mnt/ris/aadel/mpnst/cappseq/renamenew_HiSeq41_Undetermined_R6000281_L007_R1_001_GAAG.fastq.gz
/mnt/ris/aadel/mpnst/cappseq/renamenew_HiSeq-19_L006_R2_001_ACAC.fastq.gz
/mnt/ris/aadel/mpnst/cappseq/renamenew_HiSeqW54_Undetermined_R6000373_L007_R2_CTTC.fastq.gz
/mnt/ris/aadel/mpnst/cappseq/renamenew_HiSeqW54_Undetermined_R6000373_L007_R1_CGAT.fastq.gz
/mnt/ris/aadel/mpnst/cappseq/renamenew_HiSeqW72_Undetermined_R6000482_L001_R1_GTGT.fastq.gz
/mnt/ris/aadel/mpnst/cappseq/renamenew_HiSeq28_Undetermined_R6000204_L006_R2_001_CACA.fastq.gz
/mnt/ris/aadel/mpnst/cappseq/renameHiSeq-W47_Undetermined_R6000324_L007_R2_001_GCTA.fastq.gz
/mnt/ris/aadel/mpnst/cappseq/renamenew_HiSeqW30_Undetermined_R6000232_L006_R1_001_TAGC.fastq.gz
/mnt/ris/aadel/mpnst/cappseq/renamenew_HiSeqW54_Undetermined_R6000373_L007_R2_ATCG.fastq.gz
/mnt/ris/aadel/mpnst/cappseq/renamenew_HiSeq-20_L007001_TAGC_R1.fastq.gz
/mnt/ris/aadel/mpnst/cappseq/renameHiSeq-W45_Undetermined_R6000324_L005_R2_001_TGTG.fastq.gz
/mnt/ris/aadel/mpnst/cappseq/renamenew_HiSeq-W45_Undetermined_R6000324_L005_R2_001_GAAG.fastq.gz
/mnt/ris/aadel/mpnst/cappseq/renameHiSeq-W44_Undetermined_R6000324_L004_R1_001_CACA.fastq.gz
/mnt/ris/aadel/mpnst/cappseq/renamenew_HiSeq-19_L006_R1_001_ACAC.fastq.gz
/mnt/ris/aadel/mpnst/cappseq/renamenew_HiSeq42_Undetermined_R6000281_L008_R1_001_GCTA.fastq.gz
/mnt/ris/aadel/mpnst/cappseq/renameHiSeq-W45_Undetermined_R6000324_L005_R2_001_CTTC.fastq.gz
/mnt/ris/aadel/mpnst/cappseq/renamenew_HiSeq-W46_Undetermined_R6000324_L006_R2_001_TCCT.fastq.gz
/mnt/ris/aadel/mpnst/cappseq/renameHiSeq-W45_Undetermined_R6000324_L005_R2_001_GCTA.fastq.gz
/mnt/ris/aadel/mpnst/cappseq/renamenew_HiSeqW31_Undetermined_R6000232_L005_R1_001_GCTA.fastq.gz
/mnt/ris/aadel/mpnst/cappseq/renameNF189_R1.fastq.gz
/mnt/ris/aadel/mpnst/cappseq/renamenew_HiSeqW54_Undetermined_R6000373_L007_R1_ACAC.fastq.gz
/mnt/ris/aadel/mpnst/cappseq/renamenew_HiSeq-20_L007_R1_001_AGGT.fastq.gz
/mnt/ris/aadel/mpnst/cappseq/renamenew_HiSeq-W46_Undetermined_R6000324_L006_R1_001_TGTG.fastq.gz
/mnt/ris/aadel/mpnst/cappseq/renamenew_HiSeq42_Undetermined_R6000281_L008_R2_001_GCTA.fastq.gz
/mnt/ris/aadel/mpnst/cappseq/renameHiSeq-W45_Undetermined_R6000324_L005_R1_001_CTTC.fastq.gz
/mnt/ris/aadel/mpnst/cappseq/renamenew_HiSeq-W46_Undetermined_R6000324_L006_R1_001_CGAT.fastq.gz
/mnt/ris/aadel/mpnst/cappseq/renamenew_HiSeqW36_Undetermined_R6000244_L008_R2_001_TAGC.fastq.gz
/mnt/ris/aadel/mpnst/cappseq/renameHiSeq-W46_Undetermined_R6000324_L006_R1_001_TAGC.fastq.gz
/mnt/ris/aadel/mpnst/cappseq/renamenew_HiSeqW72_Undetermined_R6000482_L001_R2_CGAT.fastq.gz
/mnt/ris/aadel/mpnst/cappseq/renamenew_HiSeq-W44_Undetermined_R6000324_L004_R1_001_GCTA.fastq.gz
/mnt/ris/aadel/mpnst/cappseq/renameHiSeq-W46_Undetermined_R6000324_L006_R2_001_CGAT.fastq.gz
/mnt/ris/aadel/mpnst/cappseq/renamenew_HiSeq-W45_Undetermined_R6000324_L005_R2_001_CTTC.fastq.gz
/mnt/ris/aadel/mpnst/cappseq/renameHiSeq-W46_Undetermined_R6000324_L006_R1_001_GCTA.fastq.gz
/mnt/ris/aadel/mpnst/cappseq/renamenew_HiSeq-W45_Undetermined_R6000324_L005_R2_001_TGTG.fastq.gz
/mnt/ris/aadel/mpnst/cappseq/renamenew_HiSeq-19_L006001_GCTA_R2.fastq.gz
/mnt/ris/aadel/mpnst/cappseq/renamenew_HiSeqW43_Undetermined_R6000292_L004_R2_001_GTGT.fastq.gz
/mnt/ris/aadel/mpnst/cappseq/renamenew_HiSeq11ACAC_R1.fastq.gz
/mnt/ris/aadel/mpnst/cappseq/renamenew_HiSeq-W47_Undetermined_R6000324_L007_R1_001_TAGC.fastq.gz
/mnt/ris/aadel/mpnst/cappseq/renamenew_HiSeq15_L002001_GTGT_R2.fastq.gz
/mnt/ris/aadel/mpnst/cappseq/renamenew_HiSeq-W44_Undetermined_R6000324_L004_R1_001_AGGT.fastq.gz
/mnt/ris/aadel/mpnst/cappseq/renamenew_HiSeq15_L002_R1_001_ACAC.fastq.gz
/mnt/ris/aadel/mpnst/cappseq/renamenew_HiSeqW72_Undetermined_R6000482_L001_R2_TGTG.fastq.gz
/mnt/ris/aadel/mpnst/cappseq/renamenew_HiSeq-19_L006001_GTGT_R2.fastq.gz
/mnt/ris/aadel/mpnst/cappseq/renamenew_HiSeqW55_Undetermined_R6000373_L008_R2_GCTA.fastq.gz
/mnt/ris/aadel/mpnst/cappseq/renamenew_HiSeqW31_Undetermined_R6000232_L005_R2_001_TGTG.fastq.gz
/mnt/ris/aadel/mpnst/cappseq/renamenew_HiSeq-19_L006_R2_001_GCTA.fastq.gz
/mnt/ris/aadel/mpnst/cappseq/renamenew_HiSeq15_L002_R2_001_GTGT.fastq.gz
/mnt/ris/aadel/mpnst/cappseq/renamenew_HiSeq-W45_Undetermined_R6000324_L005_R2_001_ATCG.fastq.gz
/mnt/ris/aadel/mpnst/cappseq/renamenew_HiSeq-19_L006_R2_001_GTGT.fastq.gz
/mnt/ris/aadel/mpnst/cappseq/renameHiSeq-W45_Undetermined_R6000324_L005_R2_001_CACA.fastq.gz
/mnt/ris/aadel/mpnst/cappseq/renamenew_HiSeq38_Undetermined_R6000281_L004001_TAGC_R1.fastq.gz
/mnt/ris/aadel/mpnst/cappseq/renamenew_HiSeqW72_Undetermined_R6000482_L001_R1_TGTG.fastq.gz
/mnt/ris/aadel/mpnst/cappseq/renamenew_HiSeq28_Undetermined_R6000204_L006_R2_001_GAAG.fastq.gz
/mnt/ris/aadel/mpnst/cappseq/renamenew_HiSeq-20_L007_R2_001_TAGC.fastq.gz
/mnt/ris/aadel/mpnst/cappseq/renamenew_HiSeq15_L002001_ACAC_R1.fastq.gz
/mnt/ris/aadel/mpnst/cappseq/renamenew_HiSeq28_Undetermined_R6000204_L006_R2_001_GCTA.fastq.gz
/mnt/ris/aadel/mpnst/cappseq/renamenew_HiSeq-W46_Undetermined_R6000324_L006_R1_001_GCTA.fastq.gz
/mnt/ris/aadel/mpnst/cappseq/renamenew_HiSeqW30_Undetermined_R6000232_L006_R1_001_TCCT.fastq.gz
/mnt/ris/aadel/mpnst/cappseq/renamenew_HiSeqW31_Undetermined_R6000232_L005_R1_001_GAAG.fastq.gz
/mnt/ris/aadel/mpnst/cappseq/renamenew_HiSeqW34_Undetermined_R6000244_L006_R2_001_TGTG.fastq.gz
/mnt/ris/aadel/mpnst/cappseq/renameHiSeq-W45_Undetermined_R6000324_L005_R1_001_CACA.fastq.gz
/mnt/ris/aadel/mpnst/cappseq/renamenew_HiSeqW35_Undetermined_R6000244_L007_R2_001_GCTA.fastq.gz
/mnt/ris/aadel/mpnst/cappseq/renamenew_HiSeqW43_Undetermined_R6000292_L004_R1_001_TGTG.fastq.gz
/mnt/ris/aadel/mpnst/cappseq/renamenew_HiSeq28_Undetermined_R6000204_L006_R2_001_TCCT.fastq.gz
/mnt/ris/aadel/mpnst/cappseq/renamenew_HiSeq38_Undetermined_R6000281_L004_R2_001_GCTA.fastq.gz
/mnt/ris/aadel/mpnst/cappseq/renamenew_HiSeqW55_Undetermined_R6000373_L008_R2_TGTG.fastq.gz
/mnt/ris/aadel/mpnst/cappseq/renamenew_HiSeq41_Undetermined_R6000281_L007_R1_001_CTTC.fastq.gz
/mnt/ris/aadel/mpnst/cappseq/renamenew_HiSeq-W45_Undetermined_R6000324_L005_R1_001_CTTC.fastq.gz
/mnt/ris/aadel/mpnst/cappseq/renamenew_HiSeq-W44_Undetermined_R6000324_L004_R2_001_CTTC.fastq.gz
/mnt/ris/aadel/mpnst/cappseq/renamenew_HiSeq11_R1_GTGT.fastq.gz
/mnt/ris/aadel/mpnst/cappseq/renamenew_HiSeq-W46_Undetermined_R6000324_L006_R2_001_CGAT.fastq.gz
/mnt/ris/aadel/mpnst/cappseq/renamenew_HiSeq40_Undetermined_R6000281_L006_R1_001_TGTG.fastq.gz
/mnt/ris/aadel/mpnst/cappseq/renamenew_HiSeq28_Undetermined_R6000204_L006_R2_001_TAGC.fastq.gz
/mnt/ris/aadel/mpnst/cappseq/renamenew_HiSeq-W46_Undetermined_R6000324_L006_R2_001_TGTG.fastq.gz
/mnt/ris/aadel/mpnst/cappseq/renamenew_HiSeqW72_Undetermined_R6000482_L001_R2_AGGT.fastq.gz
/mnt/ris/aadel/mpnst/cappseq/renamenew_HiSeq-W44_Undetermined_R6000324_L004_R1_001_TGTG.fastq.gz
/mnt/ris/aadel/mpnst/cappseq/renamenew_HiSeqW72_Undetermined_R6000482_L001_R1_GCTA.fastq.gz
/mnt/ris/aadel/mpnst/cappseq/renameHiSeq-W46_Undetermined_R6000324_L006_R2_001_.fastq.gz
/mnt/ris/aadel/mpnst/cappseq/renamenew_HiSeq-20_L007001_ATCG_R1.fastq.gz
/mnt/ris/aadel/mpnst/cappseq/renamenew_HiSeqW72_Undetermined_R6000482_L001_R2_TCCT.fastq.gz
/mnt/ris/aadel/mpnst/cappseq/renamenew_HiSeq-20_L007001_GTGT_R1.fastq.gz
/mnt/ris/aadel/mpnst/cappseq/renamenew_HiSeqW55_Undetermined_R6000373_L008_R1_TGTG.fastq.gz
/mnt/ris/aadel/mpnst/cappseq/renamenew_HiSeqW54_Undetermined_R6000373_L007_R2_CACA.fastq.gz
/mnt/ris/aadel/mpnst/cappseq/renamenew_HiSeq-W48_Undetermined_R6000324_L008_R1_001_CGAT.fastq.gz
/mnt/ris/aadel/mpnst/cappseq/renamenew_HiSeqW30_Undetermined_R6000232_L006_R1_001_ATCG.fastq.gz
/mnt/ris/aadel/mpnst/cappseq/renamenew_HiSeqW36_Undetermined_R6000244_L008_R2_001_TCCT.fastq.gz
/mnt/ris/aadel/mpnst/cappseq/renamenew_HiSeq40_Undetermined_R6000281_L006_R1_001_CACA.fastq.gz
/mnt/ris/aadel/mpnst/cappseq/renamenew_HiSeq-20_L007001_CTTC_R1.fastq.gz
/mnt/ris/aadel/mpnst/cappseq/renamenew_HiSeq38_Undetermined_R6000281_L004_R1_001_GCTA.fastq.gz
/mnt/ris/aadel/mpnst/cappseq/renamenew_HiSeq11CGAT_R2.fastq.gz
/mnt/ris/aadel/mpnst/cappseq/renamenew_HiSeq-W47_Undetermined_R6000324_L007_R2_001_TGTG.fastq.gz
/mnt/ris/aadel/mpnst/cappseq/renamenew_HiSeqW72_Undetermined_R6000482_L001_R1_CGAT.fastq.gz
/mnt/ris/aadel/mpnst/cappseq/renamenew_HiSeq28_Undetermined_R6000204_L006_R1_001_ACAC.fastq.gz
/mnt/ris/aadel/mpnst/cappseq/renamenew_HiSeq42_Undetermined_R6000281_L008_R1_001_GTGT.fastq.gz
/mnt/ris/aadel/mpnst/cappseq/renameHiSeq-W45_Undetermined_R6000324_L005_R1_001_CGAT.fastq.gz
/mnt/ris/aadel/mpnst/cappseq/renameHiSeq-W44_Undetermined_R6000324_L004_R2_001_CTTC.fastq.gz
/mnt/ris/aadel/mpnst/cappseq/renameHiSeq-W47_Undetermined_R6000324_L007_R2_001_ACAC.fastq.gz
/mnt/ris/aadel/mpnst/cappseq/renamenew_HiSeq28_Undetermined_R6000204_L006_R1_001_TCCT.fastq.gz
/mnt/ris/aadel/mpnst/cappseq/renamenew_HiSeqW55_Undetermined_R6000373_L008_R2_TCCT.fastq.gz
/mnt/ris/aadel/mpnst/cappseq/renamenew_HiSeqW72_Undetermined_R6000482_L001_R1_TCCT.fastq.gz
/mnt/ris/aadel/mpnst/cappseq/renamenew_HiSeq28_Undetermined_R6000204_L006_R1_001_AGGT.fastq.gz
/mnt/ris/aadel/mpnst/cappseq/renamenew_HiSeq11GTGT_R1.fastq.gz
/mnt/ris/aadel/mpnst/cappseq/renamenew_HiSeqW55_Undetermined_R6000373_L008_R1_AGGT.fastq.gz
/mnt/ris/aadel/mpnst/cappseq/renamenew_HiSeq-19_L006_R1_001_CTTC.fastq.gz
/mnt/ris/aadel/mpnst/cappseq/renamenew_HiSeq-20_L007001_TCCT_R2.fastq.gz
/mnt/ris/aadel/mpnst/cappseq/renameHiSeq-W48_Undetermined_R6000324_L008_R1_001_CGAT.fastq.gz
/mnt/ris/aadel/mpnst/cappseq/renamenew_HiSeqW54_Undetermined_R6000373_L007_R2_TAGC.fastq.gz
/mnt/ris/aadel/mpnst/cappseq/renamenew_HiSeq-19_L006001_GAAG_R1.fastq.gz
/mnt/ris/aadel/mpnst/cappseq/renamenew_HiSeq38_Undetermined_R6000281_L004_R2_001_TAGC.fastq.gz
/mnt/ris/aadel/mpnst/cappseq/renamenew_HiSeq15_L002001_TAGC_R2.fastq.gz
/mnt/ris/aadel/mpnst/cappseq/renamenew_HiSeqW34_Undetermined_R6000244_L006_R2_001_GTGT.fastq.gz
/mnt/ris/aadel/mpnst/cappseq/renamenew_HiSeq-20_L007_R2_001_GTGT.fastq.gz
/mnt/ris/aadel/mpnst/cappseq/renamenew_HiSeq28_Undetermined_R6000204_L006_R1_001_CTTC.fastq.gz
/mnt/ris/aadel/mpnst/cappseq/renamenew_HiSeq28_Undetermined_R6000204_L006_R2_001_ATCG.fastq.gz
/mnt/ris/aadel/mpnst/cappseq/renameHiSeq-W45_Undetermined_R6000324_L005_R1_001_TGTG.fastq.gz
/mnt/ris/aadel/mpnst/cappseq/renamenew_HiSeq28_Undetermined_R6000204_L006001_ACAC_R2.fastq.gz
/mnt/ris/aadel/mpnst/cappseq/renamenew_HiSeq-20_L007_R1_001_CTTC.fastq.gz
/mnt/ris/aadel/mpnst/cappseq/renamenew_HiSeq28_Undetermined_R6000204_L006001_AGGT_R2.fastq.gz
/mnt/ris/aadel/mpnst/cappseq/renamenew_HiSeqW72_Undetermined_R6000482_L001_R2_GCTA.fastq.gz
/mnt/ris/aadel/mpnst/cappseq/renamenew_HiSeq-19_L006001_AGGT_R2.fastq.gz
/mnt/ris/aadel/mpnst/cappseq/renamenew_HiSeqW55_Undetermined_R6000373_L008_R1_GCTA.fastq.gz
/mnt/ris/aadel/mpnst/cappseq/renameHiSeq-W48_Undetermined_R6000324_L008_R2_001_GAAG.fastq.gz
/mnt/ris/aadel/mpnst/cappseq/renamenew_HiSeqW54_Undetermined_R6000373_L007_R1_GAAG.fastq.gz
/mnt/ris/aadel/mpnst/cappseq/renamenew_HiSeq15_L002001_CGAT_R1.fastq.gz
/mnt/ris/aadel/mpnst/cappseq/renameHiSeq-W47_Undetermined_R6000324_L007_R1_001_TGTG.fastq.gz
/mnt/ris/aadel/mpnst/cappseq/renamenew_HiSeq-W44_Undetermined_R6000324_L004_R1_001_CGAT.fastq.gz
