Building DAG of jobs...
Using shell: /bin/bash
Provided cores: 8
Rules claiming more threads will be scaled down.
Job stats:
job                         count    min threads    max threads
------------------------  -------  -------------  -------------
all                             1              1              1
extract_cappseq_barcodes        2              1              1
total                           3              1              1

Select jobs to execute...

[Tue Apr 12 10:22:48 2022]
rule extract_cappseq_barcodes:
    input: test/cappseq_fastq/capp1_R1.fastq.gz, test/cappseq_fastq/capp1_R2.fastq.gz
    output: test/cappseq_fastq/capp1_R1.fastq, test/cappseq_fastq/capp1_R2.fastq, extracted_fastq/capp1_R1.fastq, extracted_fastq/capp1_R2.fastq
    jobid: 2
    wildcards: read_id=capp1
    resources: tmpdir=/tmp


[Tue Apr 12 10:22:48 2022]
rule extract_cappseq_barcodes:
    input: test/cappseq_fastq/capp2_R1.fastq.gz, test/cappseq_fastq/capp2_R2.fastq.gz
    output: test/cappseq_fastq/capp2_R1.fastq, test/cappseq_fastq/capp2_R2.fastq, extracted_fastq/capp2_R1.fastq, extracted_fastq/capp2_R2.fastq
    jobid: 1
    wildcards: read_id=capp2
    resources: tmpdir=/tmp

Waiting at most 5 seconds for missing files.
MissingOutputException in line 9 of /home/jeszyman/repos/mpnst-preprocessing/workflow/cappseq.smk:
Job Missing files after 5 seconds:
test/cappseq_fastq/capp2_R1.fastq
test/cappseq_fastq/capp2_R2.fastq
This might be due to filesystem latency. If that is the case, consider to increase the wait time with --latency-wait.
Job id: 1 completed successfully, but some output files are missing. 1
Removing output files of failed job extract_cappseq_barcodes since they might be corrupted:
extracted_fastq/capp2_R1.fastq, extracted_fastq/capp2_R2.fastq
Waiting at most 5 seconds for missing files.
MissingOutputException in line 9 of /home/jeszyman/repos/mpnst-preprocessing/workflow/cappseq.smk:
Job Missing files after 5 seconds:
test/cappseq_fastq/capp1_R1.fastq
test/cappseq_fastq/capp1_R2.fastq
This might be due to filesystem latency. If that is the case, consider to increase the wait time with --latency-wait.
Job id: 2 completed successfully, but some output files are missing. 2
Removing output files of failed job extract_cappseq_barcodes since they might be corrupted:
extracted_fastq/capp1_R1.fastq, extracted_fastq/capp1_R2.fastq
Shutting down, this might take some time.
Exiting because a job execution failed. Look above for error message
Complete log: /home/jeszyman/repos/mpnst-preprocessing/.snakemake/log/2022-04-12T102248.254576.snakemake.log
