Building DAG of jobs...
Relative file path './test/qc/plex2_R1_fastqc.html' starts with './'. This is redundant and strongly discouraged. It can also lead to inconsistent results of the file-matching approach used by Snakemake. You can simply omit the './' for relative file paths.
Relative file path './test/qc/plex1_R2_fastqc.html' starts with './'. This is redundant and strongly discouraged. It can also lead to inconsistent results of the file-matching approach used by Snakemake. You can simply omit the './' for relative file paths.
Relative file path './test/qc/plex1_R1_fastqc.html' starts with './'. This is redundant and strongly discouraged. It can also lead to inconsistent results of the file-matching approach used by Snakemake. You can simply omit the './' for relative file paths.
Relative file path './test/qc/plex2_R2_fastqc.html' starts with './'. This is redundant and strongly discouraged. It can also lead to inconsistent results of the file-matching approach used by Snakemake. You can simply omit the './' for relative file paths.
Relative file path './test/qc/mpnst1_R1_fastqc.html' starts with './'. This is redundant and strongly discouraged. It can also lead to inconsistent results of the file-matching approach used by Snakemake. You can simply omit the './' for relative file paths.
Relative file path './test/qc/mpnst2_R1_fastqc.html' starts with './'. This is redundant and strongly discouraged. It can also lead to inconsistent results of the file-matching approach used by Snakemake. You can simply omit the './' for relative file paths.
Relative file path './test/qc/mpnst1_R2_fastqc.html' starts with './'. This is redundant and strongly discouraged. It can also lead to inconsistent results of the file-matching approach used by Snakemake. You can simply omit the './' for relative file paths.
Relative file path './test/qc/plex2_R1_fastqc.zip' starts with './'. This is redundant and strongly discouraged. It can also lead to inconsistent results of the file-matching approach used by Snakemake. You can simply omit the './' for relative file paths.
Relative file path './test/qc/plex1_R2_fastqc.zip' starts with './'. This is redundant and strongly discouraged. It can also lead to inconsistent results of the file-matching approach used by Snakemake. You can simply omit the './' for relative file paths.
Relative file path './test/qc/plex1_R1_fastqc.zip' starts with './'. This is redundant and strongly discouraged. It can also lead to inconsistent results of the file-matching approach used by Snakemake. You can simply omit the './' for relative file paths.
Relative file path './test/qc/plex2_R2_fastqc.zip' starts with './'. This is redundant and strongly discouraged. It can also lead to inconsistent results of the file-matching approach used by Snakemake. You can simply omit the './' for relative file paths.
Relative file path './test/qc/mpnst1_R1_fastqc.zip' starts with './'. This is redundant and strongly discouraged. It can also lead to inconsistent results of the file-matching approach used by Snakemake. You can simply omit the './' for relative file paths.
Relative file path './test/qc/mpnst2_R1_fastqc.zip' starts with './'. This is redundant and strongly discouraged. It can also lead to inconsistent results of the file-matching approach used by Snakemake. You can simply omit the './' for relative file paths.
Relative file path './test/qc/mpnst1_R2_fastqc.zip' starts with './'. This is redundant and strongly discouraged. It can also lead to inconsistent results of the file-matching approach used by Snakemake. You can simply omit the './' for relative file paths.
Relative file path './test/fastq/plex2_R1.fastq.gz' starts with './'. This is redundant and strongly discouraged. It can also lead to inconsistent results of the file-matching approach used by Snakemake. You can simply omit the './' for relative file paths.
Relative file path './test/qc/plex2_R1_fastqc.html' starts with './'. This is redundant and strongly discouraged. It can also lead to inconsistent results of the file-matching approach used by Snakemake. You can simply omit the './' for relative file paths.
Relative file path './test/qc/plex2_R1_fastqc.zip' starts with './'. This is redundant and strongly discouraged. It can also lead to inconsistent results of the file-matching approach used by Snakemake. You can simply omit the './' for relative file paths.
Relative file path './test/logs/fastqc_plex2_R1.log' starts with './'. This is redundant and strongly discouraged. It can also lead to inconsistent results of the file-matching approach used by Snakemake. You can simply omit the './' for relative file paths.
Relative file path './test/fastq/plex1_R2.fastq.gz' starts with './'. This is redundant and strongly discouraged. It can also lead to inconsistent results of the file-matching approach used by Snakemake. You can simply omit the './' for relative file paths.
Relative file path './test/qc/plex1_R2_fastqc.html' starts with './'. This is redundant and strongly discouraged. It can also lead to inconsistent results of the file-matching approach used by Snakemake. You can simply omit the './' for relative file paths.
Relative file path './test/qc/plex1_R2_fastqc.zip' starts with './'. This is redundant and strongly discouraged. It can also lead to inconsistent results of the file-matching approach used by Snakemake. You can simply omit the './' for relative file paths.
Relative file path './test/logs/fastqc_plex1_R2.log' starts with './'. This is redundant and strongly discouraged. It can also lead to inconsistent results of the file-matching approach used by Snakemake. You can simply omit the './' for relative file paths.
Relative file path './test/fastq/plex1_R1.fastq.gz' starts with './'. This is redundant and strongly discouraged. It can also lead to inconsistent results of the file-matching approach used by Snakemake. You can simply omit the './' for relative file paths.
Relative file path './test/qc/plex1_R1_fastqc.html' starts with './'. This is redundant and strongly discouraged. It can also lead to inconsistent results of the file-matching approach used by Snakemake. You can simply omit the './' for relative file paths.
Relative file path './test/qc/plex1_R1_fastqc.zip' starts with './'. This is redundant and strongly discouraged. It can also lead to inconsistent results of the file-matching approach used by Snakemake. You can simply omit the './' for relative file paths.
Relative file path './test/logs/fastqc_plex1_R1.log' starts with './'. This is redundant and strongly discouraged. It can also lead to inconsistent results of the file-matching approach used by Snakemake. You can simply omit the './' for relative file paths.
Relative file path './test/fastq/plex2_R2.fastq.gz' starts with './'. This is redundant and strongly discouraged. It can also lead to inconsistent results of the file-matching approach used by Snakemake. You can simply omit the './' for relative file paths.
Relative file path './test/qc/plex2_R2_fastqc.html' starts with './'. This is redundant and strongly discouraged. It can also lead to inconsistent results of the file-matching approach used by Snakemake. You can simply omit the './' for relative file paths.
Relative file path './test/qc/plex2_R2_fastqc.zip' starts with './'. This is redundant and strongly discouraged. It can also lead to inconsistent results of the file-matching approach used by Snakemake. You can simply omit the './' for relative file paths.
Relative file path './test/logs/fastqc_plex2_R2.log' starts with './'. This is redundant and strongly discouraged. It can also lead to inconsistent results of the file-matching approach used by Snakemake. You can simply omit the './' for relative file paths.
Relative file path './test/fastq/mpnst1_R1.fastq.gz' starts with './'. This is redundant and strongly discouraged. It can also lead to inconsistent results of the file-matching approach used by Snakemake. You can simply omit the './' for relative file paths.
Relative file path './test/qc/mpnst1_R1_fastqc.html' starts with './'. This is redundant and strongly discouraged. It can also lead to inconsistent results of the file-matching approach used by Snakemake. You can simply omit the './' for relative file paths.
Relative file path './test/qc/mpnst1_R1_fastqc.zip' starts with './'. This is redundant and strongly discouraged. It can also lead to inconsistent results of the file-matching approach used by Snakemake. You can simply omit the './' for relative file paths.
Relative file path './test/logs/fastqc_mpnst1_R1.log' starts with './'. This is redundant and strongly discouraged. It can also lead to inconsistent results of the file-matching approach used by Snakemake. You can simply omit the './' for relative file paths.
Relative file path './test/fastq/mpnst2_R1.fastq.gz' starts with './'. This is redundant and strongly discouraged. It can also lead to inconsistent results of the file-matching approach used by Snakemake. You can simply omit the './' for relative file paths.
Relative file path './test/qc/mpnst2_R1_fastqc.html' starts with './'. This is redundant and strongly discouraged. It can also lead to inconsistent results of the file-matching approach used by Snakemake. You can simply omit the './' for relative file paths.
Relative file path './test/qc/mpnst2_R1_fastqc.zip' starts with './'. This is redundant and strongly discouraged. It can also lead to inconsistent results of the file-matching approach used by Snakemake. You can simply omit the './' for relative file paths.
Relative file path './test/logs/fastqc_mpnst2_R1.log' starts with './'. This is redundant and strongly discouraged. It can also lead to inconsistent results of the file-matching approach used by Snakemake. You can simply omit the './' for relative file paths.
Relative file path './test/fastq/mpnst1_R2.fastq.gz' starts with './'. This is redundant and strongly discouraged. It can also lead to inconsistent results of the file-matching approach used by Snakemake. You can simply omit the './' for relative file paths.
Relative file path './test/qc/mpnst1_R2_fastqc.html' starts with './'. This is redundant and strongly discouraged. It can also lead to inconsistent results of the file-matching approach used by Snakemake. You can simply omit the './' for relative file paths.
Relative file path './test/qc/mpnst1_R2_fastqc.zip' starts with './'. This is redundant and strongly discouraged. It can also lead to inconsistent results of the file-matching approach used by Snakemake. You can simply omit the './' for relative file paths.
Relative file path './test/logs/fastqc_mpnst1_R2.log' starts with './'. This is redundant and strongly discouraged. It can also lead to inconsistent results of the file-matching approach used by Snakemake. You can simply omit the './' for relative file paths.
Relative file path './test/logs/fastqc_plex2_R1.log' starts with './'. This is redundant and strongly discouraged. It can also lead to inconsistent results of the file-matching approach used by Snakemake. You can simply omit the './' for relative file paths.
Relative file path './test/logs/fastqc_plex1_R2.log' starts with './'. This is redundant and strongly discouraged. It can also lead to inconsistent results of the file-matching approach used by Snakemake. You can simply omit the './' for relative file paths.
Relative file path './test/logs/fastqc_plex1_R1.log' starts with './'. This is redundant and strongly discouraged. It can also lead to inconsistent results of the file-matching approach used by Snakemake. You can simply omit the './' for relative file paths.
Relative file path './test/logs/fastqc_plex2_R2.log' starts with './'. This is redundant and strongly discouraged. It can also lead to inconsistent results of the file-matching approach used by Snakemake. You can simply omit the './' for relative file paths.
Relative file path './test/logs/fastqc_mpnst1_R1.log' starts with './'. This is redundant and strongly discouraged. It can also lead to inconsistent results of the file-matching approach used by Snakemake. You can simply omit the './' for relative file paths.
Relative file path './test/logs/fastqc_mpnst2_R1.log' starts with './'. This is redundant and strongly discouraged. It can also lead to inconsistent results of the file-matching approach used by Snakemake. You can simply omit the './' for relative file paths.
Relative file path './test/logs/fastqc_mpnst1_R2.log' starts with './'. This is redundant and strongly discouraged. It can also lead to inconsistent results of the file-matching approach used by Snakemake. You can simply omit the './' for relative file paths.
Using shell: /bin/bash
Provided cores: 8
Rules claiming more threads will be scaled down.
Job stats:
job       count    min threads    max threads
------  -------  -------------  -------------
all           1              1              1
fastqc        7              1              1
total         8              1              1

Select jobs to execute...

[Thu Apr  7 09:32:20 2022]
rule fastqc:
    input: ./test/fastq/plex1_R1.fastq.gz
    output: ./test/qc/plex1_R1_fastqc.html, ./test/qc/plex1_R1_fastqc.zip
    log: ./test/logs/fastqc_plex1_R1.log
    jobid: 3
    wildcards: fq_id=plex1_R1
    resources: tmpdir=/tmp

Activating singularity image /home/jeszyman/sing_containers/biotools.sif

[Thu Apr  7 09:32:20 2022]
rule fastqc:
    input: ./test/fastq/mpnst1_R1.fastq.gz
    output: ./test/qc/mpnst1_R1_fastqc.html, ./test/qc/mpnst1_R1_fastqc.zip
    log: ./test/logs/fastqc_mpnst1_R1.log
    jobid: 5
    wildcards: fq_id=mpnst1_R1
    resources: tmpdir=/tmp


[Thu Apr  7 09:32:20 2022]
rule fastqc:
    input: ./test/fastq/mpnst1_R2.fastq.gz
    output: ./test/qc/mpnst1_R2_fastqc.html, ./test/qc/mpnst1_R2_fastqc.zip
    log: ./test/logs/fastqc_mpnst1_R2.log
    jobid: 7
    wildcards: fq_id=mpnst1_R2
    resources: tmpdir=/tmp
Activating singularity image /home/jeszyman/sing_containers/biotools.sif

Activating singularity image /home/jeszyman/sing_containers/biotools.sif

[Thu Apr  7 09:32:20 2022]
rule fastqc:
    input: ./test/fastq/plex2_R1.fastq.gz
    output: ./test/qc/plex2_R1_fastqc.html, ./test/qc/plex2_R1_fastqc.zip
    log: ./test/logs/fastqc_plex2_R1.log
    jobid: 1
    wildcards: fq_id=plex2_R1
    resources: tmpdir=/tmp

Activating singularity image /home/jeszyman/sing_containers/biotools.sif

[Thu Apr  7 09:32:20 2022]
rule fastqc:
    input: ./test/fastq/plex1_R2.fastq.gz
    output: ./test/qc/plex1_R2_fastqc.html, ./test/qc/plex1_R2_fastqc.zip
    log: ./test/logs/fastqc_plex1_R2.log
    jobid: 2
    wildcards: fq_id=plex1_R2
    resources: tmpdir=/tmp

Activating singularity image /home/jeszyman/sing_containers/biotools.sif

[Thu Apr  7 09:32:20 2022]
rule fastqc:
    input: ./test/fastq/plex2_R2.fastq.gz
    output: ./test/qc/plex2_R2_fastqc.html, ./test/qc/plex2_R2_fastqc.zip
    log: ./test/logs/fastqc_plex2_R2.log
    jobid: 4
    wildcards: fq_id=plex2_R2
    resources: tmpdir=/tmp

Activating singularity image /home/jeszyman/sing_containers/biotools.sif

[Thu Apr  7 09:32:20 2022]
rule fastqc:
    input: ./test/fastq/mpnst2_R1.fastq.gz
    output: ./test/qc/mpnst2_R1_fastqc.html, ./test/qc/mpnst2_R1_fastqc.zip
    log: ./test/logs/fastqc_mpnst2_R1.log
    jobid: 6
    wildcards: fq_id=mpnst2_R1
    resources: tmpdir=/tmp

Activating singularity image /home/jeszyman/sing_containers/biotools.sif
[Thu Apr  7 09:32:23 2022]
Finished job 3.
1 of 8 steps (12%) done
[Thu Apr  7 09:32:23 2022]
Finished job 5.
2 of 8 steps (25%) done
[Thu Apr  7 09:32:24 2022]
Finished job 6.
3 of 8 steps (38%) done
[Thu Apr  7 09:32:25 2022]
Finished job 7.
4 of 8 steps (50%) done
[Thu Apr  7 09:32:25 2022]
Finished job 2.
5 of 8 steps (62%) done
[Thu Apr  7 09:32:25 2022]
Finished job 1.
6 of 8 steps (75%) done
[Thu Apr  7 09:32:25 2022]
Finished job 4.
7 of 8 steps (88%) done
Select jobs to execute...

[Thu Apr  7 09:32:25 2022]
localrule all:
    input: ./test/qc/plex2_R1_fastqc.html, ./test/qc/plex1_R2_fastqc.html, ./test/qc/plex1_R1_fastqc.html, ./test/qc/plex2_R2_fastqc.html, ./test/qc/mpnst1_R1_fastqc.html, ./test/qc/mpnst2_R1_fastqc.html, ./test/qc/mpnst1_R2_fastqc.html, ./test/qc/plex2_R1_fastqc.zip, ./test/qc/plex1_R2_fastqc.zip, ./test/qc/plex1_R1_fastqc.zip, ./test/qc/plex2_R2_fastqc.zip, ./test/qc/mpnst1_R1_fastqc.zip, ./test/qc/mpnst2_R1_fastqc.zip, ./test/qc/mpnst1_R2_fastqc.zip
    jobid: 0
    resources: tmpdir=/tmp

[Thu Apr  7 09:32:25 2022]
Finished job 0.
8 of 8 steps (100%) done
Complete log: /home/jeszyman/repos/mpnst-preprocessing/.snakemake/log/2022-04-07T093219.856063.snakemake.log
