Building DAG of jobs...
Using shell: /bin/bash
Provided cores: 8
Rules claiming more threads will be scaled down.
Job stats:
job                     count    min threads    max threads
--------------------  -------  -------------  -------------
alignment_processing        4              1              1
all                         1              1              1
total                       5              1              1

Select jobs to execute...

[Tue Apr 12 16:44:30 2022]
rule alignment_processing:
    input: test/bam/lib001.sam
    output: test/bam/lib001.bam, test/bam/lib001_dedup.bam, test/bam/lib001_dedup_sort.bam, test/bam/lib001_dedup_sort.bam.bai
    log: test/logs/alignment_processing_lib001.log
    jobid: 17
    wildcards: fq_id=lib001
    resources: tmpdir=/tmp

Activating singularity image /home/jeszyman/sing_containers/biotools.sif

[Tue Apr 12 16:44:30 2022]
rule alignment_processing:
    input: test/bam/lib002.sam
    output: test/bam/lib002.bam, test/bam/lib002_dedup.bam, test/bam/lib002_dedup_sort.bam, test/bam/lib002_dedup_sort.bam.bai
    log: test/logs/alignment_processing_lib002.log
    jobid: 19
    wildcards: fq_id=lib002
    resources: tmpdir=/tmp

Activating singularity image /home/jeszyman/sing_containers/biotools.sif

[Tue Apr 12 16:44:30 2022]
rule alignment_processing:
    input: test/bam/lib003.sam
    output: test/bam/lib003.bam, test/bam/lib003_dedup.bam, test/bam/lib003_dedup_sort.bam, test/bam/lib003_dedup_sort.bam.bai
    log: test/logs/alignment_processing_lib003.log
    jobid: 21
    wildcards: fq_id=lib003
    resources: tmpdir=/tmp


[Tue Apr 12 16:44:30 2022]
rule alignment_processing:
    input: test/bam/lib004.sam
    output: test/bam/lib004.bam, test/bam/lib004_dedup.bam, test/bam/lib004_dedup_sort.bam, test/bam/lib004_dedup_sort.bam.bai
    log: test/logs/alignment_processing_lib004.log
    jobid: 23
    wildcards: fq_id=lib004
    resources: tmpdir=/tmp

Activating singularity image /home/jeszyman/sing_containers/biotools.sif
Activating singularity image /home/jeszyman/sing_containers/biotools.sif
[Tue Apr 12 16:44:34 2022]
Finished job 17.
1 of 5 steps (20%) done
[Tue Apr 12 16:44:34 2022]
Finished job 19.
2 of 5 steps (40%) done
[Tue Apr 12 16:44:35 2022]
Finished job 23.
3 of 5 steps (60%) done
[Tue Apr 12 16:44:35 2022]
Finished job 21.
4 of 5 steps (80%) done
Select jobs to execute...

[Tue Apr 12 16:44:35 2022]
localrule all:
    input: test/processed-fastq/lib001_proc_R1.fastq.gz, test/processed-fastq/lib001_proc_R2.fastq.gz, test/processed-fastq/lib002_proc_R1.fastq.gz, test/processed-fastq/lib002_proc_R2.fastq.gz, test/processed-fastq/lib003_proc_R1.fastq.gz, test/processed-fastq/lib003_proc_R2.fastq.gz, test/processed-fastq/lib004_proc_R1.fastq.gz, test/processed-fastq/lib004_proc_R2.fastq.gz, test/unpaired-fastq/lib001_unpr_R1.fastq.gz, test/unpaired-fastq/lib002_unpr_R1.fastq.gz, test/unpaired-fastq/lib003_unpr_R1.fastq.gz, test/unpaired-fastq/lib004_unpr_R1.fastq.gz, test/qc/lib001_R1_fastqc.html, test/qc/lib001_R2_fastqc.html, test/qc/lib002_R1_fastqc.html, test/qc/lib002_R2_fastqc.html, test/qc/lib003_R1_fastqc.html, test/qc/lib003_R2_fastqc.html, test/qc/lib004_R1_fastqc.html, test/qc/lib004_R2_fastqc.html, test/qc/lib001_proc_R1_fastqc.html, test/qc/lib001_proc_R2_fastqc.html, test/qc/lib002_proc_R1_fastqc.html, test/qc/lib002_proc_R2_fastqc.html, test/qc/lib003_proc_R1_fastqc.html, test/qc/lib003_proc_R2_fastqc.html, test/qc/lib004_proc_R1_fastqc.html, test/qc/lib004_proc_R2_fastqc.html, test/bam/lib001_dedup_sort.bam, test/bam/lib002_dedup_sort.bam, test/bam/lib003_dedup_sort.bam, test/bam/lib004_dedup_sort.bam
    jobid: 0
    resources: tmpdir=/tmp

[Tue Apr 12 16:44:35 2022]
Finished job 0.
5 of 5 steps (100%) done
Complete log: /home/jeszyman/repos/mpnst-preprocessing/.snakemake/log/2022-04-12T164430.180446.snakemake.log
