Config file ./config/common.yaml is extended by additional config specified via the command line.
Building DAG of jobs...
MissingInputException in line 6 of /drive3/users/jszymanski/repos/mpnst-preprocessing/workflow/cappseq.smk:
Missing input files for rule all:
/mnt/ris/aadel/mpnst/cappseq/extractednew_HiSeqW72_Undetermined_R6000482_L001_CACA_R1.fastq
/mnt/ris/aadel/mpnst/cappseq/extractednew_HiSeq-W47_Undetermined_R6000324_L007_001_TAGC_R1.fastq
/mnt/ris/aadel/mpnst/cappseq/extractednew_HiSeq-W46_Undetermined_R6000324_L006_001_AGGT_R2.fastq
/mnt/ris/aadel/mpnst/cappseq/extractednew_HiSeq-20_L007001_ATCG_R2.fastq
/mnt/ris/aadel/mpnst/cappseq/extractednew_HiSeqW35_Undetermined_R6000244_L007_001_TAGC_R2.fastq
/mnt/ris/aadel/mpnst/cappseq/extractednew_HiSeqW54_Undetermined_R6000373_L007_ACAC_R2.fastq
/mnt/ris/aadel/mpnst/cappseq/extractednew_HiSeq28_Undetermined_R6000204_L006001_GAAG_R1.fastq
/mnt/ris/aadel/mpnst/cappseq/extractednew_HiSeq-20_L007001_CTTC_R1.fastq
/mnt/ris/aadel/mpnst/cappseq/extractednew_HiSeq-W45_Undetermined_R6000324_L005_001_CACA_R2.fastq
/mnt/ris/aadel/mpnst/cappseq/extractednew_HiSeqW34_Undetermined_R6000244_L006_001_GTGT_R2.fastq
/mnt/ris/aadel/mpnst/cappseq/extractednew_HiSeq15_L002001_ATCG_R2.fastq
/mnt/ris/aadel/mpnst/cappseq/extractednew_HiSeqW72_Undetermined_R6000482_L001_TGTG_R2.fastq
/mnt/ris/aadel/mpnst/cappseq/extractednew_HiSeq39_Undetermined_R6000281_L005_001_TCCT_R2.fastq
/mnt/ris/aadel/mpnst/cappseq/extractednew_HiSeq-W45_Undetermined_R6000324_L005_001_TAGC_R1.fastq
/mnt/ris/aadel/mpnst/cappseq/extractednew_HiSeq41_Undetermined_R6000281_L007_001_AGGT_R1.fastq
/mnt/ris/aadel/mpnst/cappseq/extractednew_HiSeq-19_L006001_GAAG_R1.fastq
/mnt/ris/aadel/mpnst/cappseq/extractednew_HiSeqW54_Undetermined_R6000373_L007_CACA_R1.fastq
/mnt/ris/aadel/mpnst/cappseq/extractednew_HiSeqW31_Undetermined_R6000232_L005_001_TAGC_R2.fastq
/mnt/ris/aadel/mpnst/cappseq/extractednew_HiSeqW35_Undetermined_R6000244_L007_001_GCTA_R2.fastq
/mnt/ris/aadel/mpnst/cappseq/extractednew_HiSeqW72_Undetermined_R6000482_L001_AGGT_R1.fastq
/mnt/ris/aadel/mpnst/cappseq/extractednew_HiSeq28_Undetermined_R6000204_L006001_GCTA_R2.fastq
/mnt/ris/aadel/mpnst/cappseq/extractednew_HiSeq-W46_Undetermined_R6000324_L006_001_TAGC_R2.fastq
/mnt/ris/aadel/mpnst/cappseq/extractednew_HiSeq15_L002001_TAGC_R1.fastq
/mnt/ris/aadel/mpnst/cappseq/extractednew_HiSeq-19_L006001_CTTC_R2.fastq
/mnt/ris/aadel/mpnst/cappseq/extractednew_HiSeq-W44_Undetermined_R6000324_L004_001_CTTC_R2.fastq
/mnt/ris/aadel/mpnst/cappseq/extractednew_HiSeqW55_Undetermined_R6000373_L008_TGTG_R2.fastq
/mnt/ris/aadel/mpnst/cappseq/extractednew_HiSeq15_L002001_ATCG_R1.fastq
/mnt/ris/aadel/mpnst/cappseq/extractednew_HiSeq39_Undetermined_R6000281_L005_001_ACAC_R2.fastq
/mnt/ris/aadel/mpnst/cappseq/extractednew_HiSeq40_Undetermined_R6000281_L006_001_GTGT_R2.fastq
/mnt/ris/aadel/mpnst/cappseq/extractednew_HiSeq11TAGC_R2.fastq
/mnt/ris/aadel/mpnst/cappseq/extractednew_HiSeqW72_Undetermined_R6000482_L001_TCCT_R1.fastq
/mnt/ris/aadel/mpnst/cappseq/extractednew_HiSeq-19_L006001_GAAG_R2.fastq
/mnt/ris/aadel/mpnst/cappseq/extractednew_HiSeq-W46_Undetermined_R6000324_L006_001_TCCT_R1.fastq
/mnt/ris/aadel/mpnst/cappseq/extractednew_HiSeqW31_Undetermined_R6000232_L005_001_TGTG_R2.fastq
/mnt/ris/aadel/mpnst/cappseq/extractednew_HiSeqW43_Undetermined_R6000292_L004_001_TGTG_R1.fastq
/mnt/ris/aadel/mpnst/cappseq/extractednew_HiSeq15_L002001_CGAT_R2.fastq
/mnt/ris/aadel/mpnst/cappseq/extractednew_HiSeqW72_Undetermined_R6000482_L001_CACA_R2.fastq
/mnt/ris/aadel/mpnst/cappseq/extractednew_HiSeq-W46_Undetermined_R6000324_L006_001_AGGT_R1.fastq
/mnt/ris/aadel/mpnst/cappseq/extractednew_HiSeq15_L002001_GAAG_R2.fastq
/mnt/ris/aadel/mpnst/cappseq/extractednew_HiSeq-W44_Undetermined_R6000324_L004_001_TGTG_R2.fastq
/mnt/ris/aadel/mpnst/cappseq/extractednew_HiSeq-W44_Undetermined_R6000324_L004_001_GAAG_R2.fastq
/mnt/ris/aadel/mpnst/cappseq/extractednew_HiSeq41_Undetermined_R6000281_L007_001_CTTC_R2.fastq
/mnt/ris/aadel/mpnst/cappseq/extractednew_HiSeq-W48_Undetermined_R6000324_L008_001_CACA_R1.fastq
/mnt/ris/aadel/mpnst/cappseq/extractednew_HiSeq-W47_Undetermined_R6000324_L007_001_TGTG_R2.fastq
/mnt/ris/aadel/mpnst/cappseq/extractednew_HiSeq-20_L007001_AGGT_R2.fastq
/mnt/ris/aadel/mpnst/cappseq/extractednew_HiSeq-W47_Undetermined_R6000324_L007_001_TAGC_R2.fastq
/mnt/ris/aadel/mpnst/cappseq/extractednew_HiSeqW34_Undetermined_R6000244_L006_001_TGTG_R1.fastq
/mnt/ris/aadel/mpnst/cappseq/extractednew_HiSeqW30_Undetermined_R6000232_L006_001_TCCT_R2.fastq
/mnt/ris/aadel/mpnst/cappseq/extractednew_HiSeq28_Undetermined_R6000204_L006001_TGTG_R1.fastq
/mnt/ris/aadel/mpnst/cappseq/extractednew_HiSeqW55_Undetermined_R6000373_L008_AGGT_R2.fastq
/mnt/ris/aadel/mpnst/cappseq/extractednew_HiSeq-19_L006001_GCTA_R2.fastq
/mnt/ris/aadel/mpnst/cappseq/extractednew_HiSeq39_Undetermined_R6000281_L005_001_CGAT_R2.fastq
/mnt/ris/aadel/mpnst/cappseq/extractednew_HiSeqW54_Undetermined_R6000373_L007_TCCT_R1.fastq
/mnt/ris/aadel/mpnst/cappseq/extractednew_HiSeq-W47_Undetermined_R6000324_L007_001_ACAC_R1.fastq
/mnt/ris/aadel/mpnst/cappseq/extractednew_HiSeq11GAAG_R1.fastq
/mnt/ris/aadel/mpnst/cappseq/extractednew_HiSeqW43_Undetermined_R6000292_L004_001_ACAC_R2.fastq
/mnt/ris/aadel/mpnst/cappseq/extractednew_HiSeq15_L002001_GTGT_R2.fastq
/mnt/ris/aadel/mpnst/cappseq/extractednew_HiSeqW34_Undetermined_R6000244_L006_001_GTGT_R1.fastq
/mnt/ris/aadel/mpnst/cappseq/extractednew_HiSeq11GAAG_R2.fastq
/mnt/ris/aadel/mpnst/cappseq/extractednew_HiSeq-W45_Undetermined_R6000324_L005_001_GCTA_R2.fastq
/mnt/ris/aadel/mpnst/cappseq/extractednew_HiSeq-W45_Undetermined_R6000324_L005_001_ATCG_R2.fastq
/mnt/ris/aadel/mpnst/cappseq/extractednew_HiSeq-19_L006001_GTGT_R2.fastq
/mnt/ris/aadel/mpnst/cappseq/extractednew_HiSeq-20_L007001_GTGT_R1.fastq
/mnt/ris/aadel/mpnst/cappseq/extractednew_HiSeqW43_Undetermined_R6000292_L004_001_GTGT_R1.fastq
/mnt/ris/aadel/mpnst/cappseq/extractednew_HiSeq-W45_Undetermined_R6000324_L005_001_CGAT_R2.fastq
/mnt/ris/aadel/mpnst/cappseq/extractednew_HiSeqW31_Undetermined_R6000232_L005_001_GAAG_R2.fastq
/mnt/ris/aadel/mpnst/cappseq/extractednew_HiSeq-W46_Undetermined_R6000324_L006_001_GCTA_R1.fastq
/mnt/ris/aadel/mpnst/cappseq/extractednew_HiSeq41_Undetermined_R6000281_L007_001_CTTC_R1.fastq
/mnt/ris/aadel/mpnst/cappseq/extractednew_HiSeq15_L002001_CGAT_R1.fastq
/mnt/ris/aadel/mpnst/cappseq/extractednew_HiSeqW54_Undetermined_R6000373_L007_GAAG_R1.fastq
/mnt/ris/aadel/mpnst/cappseq/extractednew_HiSeqW36_Undetermined_R6000244_L008_001_CTTC_R1.fastq
/mnt/ris/aadel/mpnst/cappseq/extractednew_HiSeq-W45_Undetermined_R6000324_L005_001_CGAT_R1.fastq
/mnt/ris/aadel/mpnst/cappseq/extractednew_HiSeq-W45_Undetermined_R6000324_L005_001_TGTG_R2.fastq
/mnt/ris/aadel/mpnst/cappseq/extractednew_HiSeq-20_L007001_ATCG_R1.fastq
/mnt/ris/aadel/mpnst/cappseq/extractednew_HiSeqW55_Undetermined_R6000373_L008_TGTG_R1.fastq
/mnt/ris/aadel/mpnst/cappseq/extractednew_HiSeq-19_L006001_GTGT_R1.fastq
/mnt/ris/aadel/mpnst/cappseq/extractednew_HiSeq28_Undetermined_R6000204_L006001_TCCT_R2.fastq
/mnt/ris/aadel/mpnst/cappseq/extractednew_HiSeq-20_L007001_TAGC_R2.fastq
/mnt/ris/aadel/mpnst/cappseq/extractednew_HiSeqW31_Undetermined_R6000232_L005_001_TGTG_R1.fastq
/mnt/ris/aadel/mpnst/cappseq/extractednew_HiSeq-W44_Undetermined_R6000324_L004_001_TGTG_R1.fastq
/mnt/ris/aadel/mpnst/cappseq/extractednew_HiSeqW30_Undetermined_R6000232_L006_001_ATCG_R1.fastq
/mnt/ris/aadel/mpnst/cappseq/extractednew_HiSeq28_Undetermined_R6000204_L006001_GTGT_R1.fastq
/mnt/ris/aadel/mpnst/cappseq/extractednew_HiSeq-20_L007001_GTGT_R2.fastq
/mnt/ris/aadel/mpnst/cappseq/extractednew_HiSeq-W45_Undetermined_R6000324_L005_001_CTTC_R2.fastq
/mnt/ris/aadel/mpnst/cappseq/extractednew_HiSeq-W46_Undetermined_R6000324_L006_001_TCCT_R2.fastq
/mnt/ris/aadel/mpnst/cappseq/extractednew_HiSeq28_Undetermined_R6000204_L006001_TCCT_R1.fastq
/mnt/ris/aadel/mpnst/cappseq/extractednew_HiSeqW55_Undetermined_R6000373_L008_GCTA_R1.fastq
/mnt/ris/aadel/mpnst/cappseq/extractednew_HiSeq41_Undetermined_R6000281_L007_001_GAAG_R1.fastq
/mnt/ris/aadel/mpnst/cappseq/extractednew_HiSeq-W44_Undetermined_R6000324_L004_001_AGGT_R2.fastq
/mnt/ris/aadel/mpnst/cappseq/extractednew_HiSeq-W48_Undetermined_R6000324_L008_001_GAAG_R2.fastq
/mnt/ris/aadel/mpnst/cappseq/extractednew_HiSeq-W46_Undetermined_R6000324_L006_001_TGTG_R2.fastq
/mnt/ris/aadel/mpnst/cappseq/extractednew_HiSeqW54_Undetermined_R6000373_L007_ACAC_R1.fastq
/mnt/ris/aadel/mpnst/cappseq/extractednew_HiSeqW36_Undetermined_R6000244_L008_001_TAGC_R1.fastq
/mnt/ris/aadel/mpnst/cappseq/extractednew_HiSeqW31_Undetermined_R6000232_L005_001_GCTA_R2.fastq
/mnt/ris/aadel/mpnst/cappseq/extractednew_HiSeqW36_Undetermined_R6000244_L008_001_TCCT_R1.fastq
/mnt/ris/aadel/mpnst/cappseq/extractednew_HiSeq-19_L006001_AGGT_R2.fastq
/mnt/ris/aadel/mpnst/cappseq/extractednew_HiSeqW72_Undetermined_R6000482_L001_ACAC_R2.fastq
/mnt/ris/aadel/mpnst/cappseq/extractednew_HiSeqW72_Undetermined_R6000482_L001_ATCG_R2.fastq
/mnt/ris/aadel/mpnst/cappseq/extractednew_HiSeq28_Undetermined_R6000204_L006001_ACAC_R1.fastq
/mnt/ris/aadel/mpnst/cappseq/extractednew_HiSeq-W45_Undetermined_R6000324_L005_001_CTTC_R1.fastq
/mnt/ris/aadel/mpnst/cappseq/extractednew_HiSeqW54_Undetermined_R6000373_L007_CTTC_R2.fastq
/mnt/ris/aadel/mpnst/cappseq/extractednew_HiSeq38_Undetermined_R6000281_L004001_TAGC_R1.fastq
/mnt/ris/aadel/mpnst/cappseq/extractednew_HiSeq28_Undetermined_R6000204_L006001_ATCG_R2.fastq
/mnt/ris/aadel/mpnst/cappseq/extractednew_HiSeqW31_Undetermined_R6000232_L005_001_CACA_R2.fastq
/mnt/ris/aadel/mpnst/cappseq/extractednew_HiSeq-19_L006001_CTTC_R1.fastq
/mnt/ris/aadel/mpnst/cappseq/extractednew_HiSeq-20_L007001_AGGT_R1.fastq
/mnt/ris/aadel/mpnst/cappseq/extractednew_HiSeqW55_Undetermined_R6000373_L008_TCCT_R2.fastq
/mnt/ris/aadel/mpnst/cappseq/extractednew_HiSeqW43_Undetermined_R6000292_L004_001_ACAC_R1.fastq
/mnt/ris/aadel/mpnst/cappseq/extractednew_HiSeq-W47_Undetermined_R6000324_L007_001_GCTA_R2.fastq
/mnt/ris/aadel/mpnst/cappseq/extractednew_HiSeqW30_Undetermined_R6000232_L006_001_TAGC_R1.fastq
/mnt/ris/aadel/mpnst/cappseq/extractednew_HiSeq15_L002001_ACAC_R2.fastq
/mnt/ris/aadel/mpnst/cappseq/extractednew_HiSeq-W44_Undetermined_R6000324_L004_001_CGAT_R2.fastq
/mnt/ris/aadel/mpnst/cappseq/extractednew_HiSeq-19_L006001_GCTA_R1.fastq
/mnt/ris/aadel/mpnst/cappseq/extractednew_HiSeq28_Undetermined_R6000204_L006001_GCTA_R1.fastq
/mnt/ris/aadel/mpnst/cappseq/extractednew_HiSeq-W44_Undetermined_R6000324_L004_001_ATCG_R1.fastq
/mnt/ris/aadel/mpnst/cappseq/extractednew_HiSeqW54_Undetermined_R6000373_L007_GCTA_R2.fastq
/mnt/ris/aadel/mpnst/cappseq/extractednew_HiSeqW54_Undetermined_R6000373_L007_GAAG_R2.fastq
/mnt/ris/aadel/mpnst/cappseq/extractednew_HiSeq-W48_Undetermined_R6000324_L008_001_GAAG_R1.fastq
/mnt/ris/aadel/mpnst/cappseq/extractednew_HiSeq-W45_Undetermined_R6000324_L005_001_GAAG_R1.fastq
/mnt/ris/aadel/mpnst/cappseq/extractednew_HiSeqW36_Undetermined_R6000244_L008_001_ACAC_R1.fastq
/mnt/ris/aadel/mpnst/cappseq/extractednew_HiSeqW54_Undetermined_R6000373_L007_GTGT_R2.fastq
/mnt/ris/aadel/mpnst/cappseq/extractednew_HiSeqW72_Undetermined_R6000482_L001_CGAT_R2.fastq
/mnt/ris/aadel/mpnst/cappseq/extractednew_HiSeqW54_Undetermined_R6000373_L007_TGTG_R2.fastq
/mnt/ris/aadel/mpnst/cappseq/extractednew_HiSeq-W46_Undetermined_R6000324_L006_001_GCTA_R2.fastq
/mnt/ris/aadel/mpnst/cappseq/extractednew_HiSeqW54_Undetermined_R6000373_L007_CGAT_R2.fastq
/mnt/ris/aadel/mpnst/cappseq/extractednew_HiSeq40_Undetermined_R6000281_L006_001_CACA_R1.fastq
/mnt/ris/aadel/mpnst/cappseq/extractednew_HiSeqW72_Undetermined_R6000482_L001_CGAT_R1.fastq
/mnt/ris/aadel/mpnst/cappseq/extractednew_HiSeqW43_Undetermined_R6000292_L004_001_GTGT_R2.fastq
/mnt/ris/aadel/mpnst/cappseq/extractednew_HiSeqW72_Undetermined_R6000482_L001_CTTC_R1.fastq
/mnt/ris/aadel/mpnst/cappseq/extractednew_HiSeq40_Undetermined_R6000281_L006_001_GTGT_R1.fastq
/mnt/ris/aadel/mpnst/cappseq/extractednew_HiSeqW35_Undetermined_R6000244_L007_001_TAGC_R1.fastq
/mnt/ris/aadel/mpnst/cappseq/extractednew_HiSeqW36_Undetermined_R6000244_L008_001_TCCT_R2.fastq
/mnt/ris/aadel/mpnst/cappseq/extractednew_HiSeqW31_Undetermined_R6000232_L005_001_GCTA_R1.fastq
/mnt/ris/aadel/mpnst/cappseq/extractednew_HiSeqW54_Undetermined_R6000373_L007_TGTG_R1.fastq
/mnt/ris/aadel/mpnst/cappseq/extractednew_HiSeq-W44_Undetermined_R6000324_L004_001_GCTA_R2.fastq
/mnt/ris/aadel/mpnst/cappseq/extractednew_HiSeqW30_Undetermined_R6000232_L006_001_ATCG_R2.fastq
/mnt/ris/aadel/mpnst/cappseq/extractednew_HiSeqW72_Undetermined_R6000482_L001_ATCG_R1.fastq
/mnt/ris/aadel/mpnst/cappseq/extractednew_HiSeq-W47_Undetermined_R6000324_L007_001_TGTG_R1.fastq
/mnt/ris/aadel/mpnst/cappseq/extractednew_HiSeq-W44_Undetermined_R6000324_L004_001_GCTA_R1.fastq
/mnt/ris/aadel/mpnst/cappseq/extractednew_HiSeqW34_Undetermined_R6000244_L006_001_TGTG_R2.fastq
/mnt/ris/aadel/mpnst/cappseq/extractednew_HiSeq28_Undetermined_R6000204_L006001_TAGC_R2.fastq
/mnt/ris/aadel/mpnst/cappseq/extractednew_HiSeq-W45_Undetermined_R6000324_L005_001_GCTA_R1.fastq
/mnt/ris/aadel/mpnst/cappseq/extractednew_HiSeqW35_Undetermined_R6000244_L007_001_CACA_R2.fastq
/mnt/ris/aadel/mpnst/cappseq/extractednew_HiSeqW72_Undetermined_R6000482_L001_AGGT_R2.fastq
/mnt/ris/aadel/mpnst/cappseq/extractednew_HiSeq-W46_Undetermined_R6000324_L006_001_CGAT_R2.fastq
/mnt/ris/aadel/mpnst/cappseq/extractednew_HiSeqW54_Undetermined_R6000373_L007_GCTA_R1.fastq
/mnt/ris/aadel/mpnst/cappseq/extractednew_HiSeqW55_Undetermined_R6000373_L008_GCTA_R2.fastq
/mnt/ris/aadel/mpnst/cappseq/extractednew_HiSeq-W45_Undetermined_R6000324_L005_001_GAAG_R2.fastq
/mnt/ris/aadel/mpnst/cappseq/extractednew_HiSeq41_Undetermined_R6000281_L007_001_AGGT_R2.fastq
/mnt/ris/aadel/mpnst/cappseq/extractednew_HiSeq-W46_Undetermined_R6000324_L006_001_TGTG_R1.fastq
/mnt/ris/aadel/mpnst/cappseq/extractednew_HiSeqW55_Undetermined_R6000373_L008_CACA_R1.fastq
/mnt/ris/aadel/mpnst/cappseq/extractednew_HiSeq-W44_Undetermined_R6000324_L004_001_CACA_R1.fastq
/mnt/ris/aadel/mpnst/cappseq/extractednew_HiSeqW36_Undetermined_R6000244_L008_001_CTTC_R2.fastq
/mnt/ris/aadel/mpnst/cappseq/extractednew_HiSeqW43_Undetermined_R6000292_L004_001_TGTG_R2.fastq
/mnt/ris/aadel/mpnst/cappseq/extractednew_HiSeq-W47_Undetermined_R6000324_L007_001_GCTA_R1.fastq
/mnt/ris/aadel/mpnst/cappseq/extractednew_HiSeq15_L002001_TAGC_R2.fastq
/mnt/ris/aadel/mpnst/cappseq/extractednew_HiSeqW31_Undetermined_R6000232_L005_001_CACA_R1.fastq
/mnt/ris/aadel/mpnst/cappseq/extractednew_HiSeq-W44_Undetermined_R6000324_L004_001_CACA_R2.fastq
/mnt/ris/aadel/mpnst/cappseq/extractednew_HiSeq38_Undetermined_R6000281_L004001_ATCG_R1.fastq
/mnt/ris/aadel/mpnst/cappseq/extractednew_HiSeqW72_Undetermined_R6000482_L001_GTGT_R1.fastq
/mnt/ris/aadel/mpnst/cappseq/extractednew_HiSeq-W44_Undetermined_R6000324_L004_001_ATCG_R2.fastq
/mnt/ris/aadel/mpnst/cappseq/extractednew_HiSeqW35_Undetermined_R6000244_L007_001_GCTA_R1.fastq
/mnt/ris/aadel/mpnst/cappseq/extractednew_HiSeqW72_Undetermined_R6000482_L001_TGTG_R1.fastq
/mnt/ris/aadel/mpnst/cappseq/extractednew_HiSeq-20_L007001_TCCT_R2.fastq
/mnt/ris/aadel/mpnst/cappseq/extractednew_HiSeq40_Undetermined_R6000281_L006_001_TGTG_R1.fastq
/mnt/ris/aadel/mpnst/cappseq/extractednew_HiSeq15_L002001_GTGT_R1.fastq
/mnt/ris/aadel/mpnst/cappseq/extractednew_HiSeqW72_Undetermined_R6000482_L001_GTGT_R2.fastq
/mnt/ris/aadel/mpnst/cappseq/extractednew_HiSeqW36_Undetermined_R6000244_L008_001_TAGC_R2.fastq
/mnt/ris/aadel/mpnst/cappseq/extractednew_HiSeq-W45_Undetermined_R6000324_L005_001_TAGC_R2.fastq
/mnt/ris/aadel/mpnst/cappseq/extractednew_HiSeq-W46_Undetermined_R6000324_L006_001_CGAT_R1.fastq
/mnt/ris/aadel/mpnst/cappseq/extractednew_HiSeq11GTGT_R1.fastq
/mnt/ris/aadel/mpnst/cappseq/extractednew_HiSeq-W46_Undetermined_R6000324_L006_001_GTGT_R2.fastq
/mnt/ris/aadel/mpnst/cappseq/extractednew_HiSeqW34_Undetermined_R6000244_L006_001_ATCG_R2.fastq
/mnt/ris/aadel/mpnst/cappseq/extractednew_HiSeqW54_Undetermined_R6000373_L007_CGAT_R1.fastq
/mnt/ris/aadel/mpnst/cappseq/extractednew_HiSeqW54_Undetermined_R6000373_L007_CACA_R2.fastq
/mnt/ris/aadel/mpnst/cappseq/extractednew_HiSeq28_Undetermined_R6000204_L006001_GAAG_R2.fastq
/mnt/ris/aadel/mpnst/cappseq/extractednew_HiSeq-W45_Undetermined_R6000324_L005_001_CACA_R1.fastq
/mnt/ris/aadel/mpnst/cappseq/extractednew_HiSeqW43_Undetermined_R6000292_L004_001_TCCT_R2.fastq
/mnt/ris/aadel/mpnst/cappseq/extractednew_HiSeq-W47_Undetermined_R6000324_L007_001_ACAC_R2.fastq
/mnt/ris/aadel/mpnst/cappseq/extractednew_HiSeqW72_Undetermined_R6000482_L001_ACAC_R1.fastq
/mnt/ris/aadel/mpnst/cappseq/extractednew_HiSeqW55_Undetermined_R6000373_L008_CACA_R2.fastq
/mnt/ris/aadel/mpnst/cappseq/extractednew_HiSeqW72_Undetermined_R6000482_L001_GAAG_R1.fastq
/mnt/ris/aadel/mpnst/cappseq/extractednew_HiSeq-W48_Undetermined_R6000324_L008_001_CGAT_R1.fastq
/mnt/ris/aadel/mpnst/cappseq/extractednew_HiSeq15_L002001_GAAG_R1.fastq
/mnt/ris/aadel/mpnst/cappseq/extractednew_HiSeqW54_Undetermined_R6000373_L007_CTTC_R1.fastq
/mnt/ris/aadel/mpnst/cappseq/extractednew_HiSeqW55_Undetermined_R6000373_L008_CGAT_R2.fastq
/mnt/ris/aadel/mpnst/cappseq/extractednew_HiSeqW36_Undetermined_R6000244_L008_001_ACAC_R2.fastq
/mnt/ris/aadel/mpnst/cappseq/extractednew_HiSeq-W44_Undetermined_R6000324_L004_001_CGAT_R1.fastq
/mnt/ris/aadel/mpnst/cappseq/extractednew_HiSeqW54_Undetermined_R6000373_L007_TAGC_R2.fastq
/mnt/ris/aadel/mpnst/cappseq/extractednew_HiSeqW31_Undetermined_R6000232_L005_001_GAAG_R1.fastq
/mnt/ris/aadel/mpnst/cappseq/extractednew_HiSeq28_Undetermined_R6000204_L006001_CTTC_R2.fastq
/mnt/ris/aadel/mpnst/cappseq/extractednew_HiSeq-20_L007001_CTTC_R2.fastq
/mnt/ris/aadel/mpnst/cappseq/extractednew_HiSeq-19_L006001_AGGT_R1.fastq
/mnt/ris/aadel/mpnst/cappseq/extractednew_HiSeqW55_Undetermined_R6000373_L008_CGAT_R1.fastq
/mnt/ris/aadel/mpnst/cappseq/extractednew_HiSeq-W46_Undetermined_R6000324_L006_001_GTGT_R1.fastq
/mnt/ris/aadel/mpnst/cappseq/extractednew_HiSeq28_Undetermined_R6000204_L006001_CACA_R2.fastq
/mnt/ris/aadel/mpnst/cappseq/extractednew_HiSeq28_Undetermined_R6000204_L006001_ACAC_R2.fastq
/mnt/ris/aadel/mpnst/cappseq/extractednew_HiSeqW54_Undetermined_R6000373_L007_TAGC_R1.fastq
/mnt/ris/aadel/mpnst/cappseq/extractednew_HiSeqW36_Undetermined_R6000244_L008_001_AGGT_R2.fastq
/mnt/ris/aadel/mpnst/cappseq/extractednew_HiSeqW54_Undetermined_R6000373_L007_GTGT_R1.fastq
/mnt/ris/aadel/mpnst/cappseq/extractednew_HiSeq-W45_Undetermined_R6000324_L005_001_TGTG_R1.fastq
/mnt/ris/aadel/mpnst/cappseq/extractednew_HiSeqW54_Undetermined_R6000373_L007_TCCT_R2.fastq
/mnt/ris/aadel/mpnst/cappseq/extractednew_HiSeq-W48_Undetermined_R6000324_L008_001_CACA_R2.fastq
/mnt/ris/aadel/mpnst/cappseq/extractednew_HiSeq41_Undetermined_R6000281_L007_001_GAAG_R2.fastq
/mnt/ris/aadel/mpnst/cappseq/extractednew_HiSeqW55_Undetermined_R6000373_L008_TCCT_R1.fastq
/mnt/ris/aadel/mpnst/cappseq/extractednew_HiSeq28_Undetermined_R6000204_L006001_AGGT_R2.fastq
/mnt/ris/aadel/mpnst/cappseq/extractednew_HiSeq11ACAC_R1.fastq
/mnt/ris/aadel/mpnst/cappseq/extractednew_HiSeqW55_Undetermined_R6000373_L008_AGGT_R1.fastq
/mnt/ris/aadel/mpnst/cappseq/extractednew_HiSeqW31_Undetermined_R6000232_L005_001_ATCG_R1.fastq
/mnt/ris/aadel/mpnst/cappseq/extractednew_HiSeq11CGAT_R1.fastq
/mnt/ris/aadel/mpnst/cappseq/extractednew_HiSeq-W44_Undetermined_R6000324_L004_001_CTTC_R1.fastq
/mnt/ris/aadel/mpnst/cappseq/extractednew_HiSeq40_Undetermined_R6000281_L006_001_TGTG_R2.fastq
/mnt/ris/aadel/mpnst/cappseq/extractednew_HiSeqW72_Undetermined_R6000482_L001_GCTA_R2.fastq
/mnt/ris/aadel/mpnst/cappseq/extractednew_HiSeq-W48_Undetermined_R6000324_L008_001_CGAT_R2.fastq
/mnt/ris/aadel/mpnst/cappseq/extractednew_HiSeqW72_Undetermined_R6000482_L001_GAAG_R2.fastq
/mnt/ris/aadel/mpnst/cappseq/extractednew_HiSeq39_Undetermined_R6000281_L005_001_TCCT_R1.fastq
/mnt/ris/aadel/mpnst/cappseq/extractednew_HiSeq11ACAC_R2.fastq
/mnt/ris/aadel/mpnst/cappseq/extractednew_HiSeq28_Undetermined_R6000204_L006001_TAGC_R1.fastq
/mnt/ris/aadel/mpnst/cappseq/extractednew_HiSeq-20_L007001_TCCT_R1.fastq
/mnt/ris/aadel/mpnst/cappseq/extractednew_HiSeq-W44_Undetermined_R6000324_L004_001_GAAG_R1.fastq
/mnt/ris/aadel/mpnst/cappseq/extractednew_HiSeq28_Undetermined_R6000204_L006001_CTTC_R1.fastq
/mnt/ris/aadel/mpnst/cappseq/extractednew_HiSeq11GTGT_R2.fastq
/mnt/ris/aadel/mpnst/cappseq/extractednew_HiSeqW30_Undetermined_R6000232_L006_001_TCCT_R1.fastq
/mnt/ris/aadel/mpnst/cappseq/extractednew_HiSeq28_Undetermined_R6000204_L006001_CACA_R1.fastq
/mnt/ris/aadel/mpnst/cappseq/extractednew_HiSeqW43_Undetermined_R6000292_L004_001_TCCT_R1.fastq
/mnt/ris/aadel/mpnst/cappseq/extractednew_HiSeq-20_L007001_TAGC_R1.fastq
/mnt/ris/aadel/mpnst/cappseq/extractednew_HiSeqW54_Undetermined_R6000373_L007_ATCG_R1.fastq
/mnt/ris/aadel/mpnst/cappseq/extractednew_HiSeqW36_Undetermined_R6000244_L008_001_AGGT_R1.fastq
/mnt/ris/aadel/mpnst/cappseq/extractednew_HiSeq28_Undetermined_R6000204_L006001_AGGT_R1.fastq
/mnt/ris/aadel/mpnst/cappseq/extractednew_HiSeq28_Undetermined_R6000204_L006001_TGTG_R2.fastq
/mnt/ris/aadel/mpnst/cappseq/extractednew_HiSeq15_L002001_ACAC_R1.fastq
/mnt/ris/aadel/mpnst/cappseq/extractednew_HiSeq-W46_Undetermined_R6000324_L006_001_TAGC_R1.fastq
/mnt/ris/aadel/mpnst/cappseq/extractednew_HiSeqW72_Undetermined_R6000482_L001_CTTC_R2.fastq
/mnt/ris/aadel/mpnst/cappseq/extractednew_HiSeqW31_Undetermined_R6000232_L005_001_ATCG_R2.fastq
/mnt/ris/aadel/mpnst/cappseq/extractednew_HiSeq28_Undetermined_R6000204_L006001_GTGT_R2.fastq
/mnt/ris/aadel/mpnst/cappseq/extractednew_HiSeq39_Undetermined_R6000281_L005_001_CGAT_R1.fastq
/mnt/ris/aadel/mpnst/cappseq/extractednew_HiSeqW72_Undetermined_R6000482_L001_TCCT_R2.fastq
/mnt/ris/aadel/mpnst/cappseq/extractednew_HiSeq38_Undetermined_R6000281_L004001_GCTA_R1.fastq
/mnt/ris/aadel/mpnst/cappseq/extractednew_HiSeqW72_Undetermined_R6000482_L001_GCTA_R1.fastq
/mnt/ris/aadel/mpnst/cappseq/extractednew_HiSeq-W45_Undetermined_R6000324_L005_001_ATCG_R1.fastq
/mnt/ris/aadel/mpnst/cappseq/extractednew_HiSeq-W44_Undetermined_R6000324_L004_001_AGGT_R1.fastq
/mnt/ris/aadel/mpnst/cappseq/extractednew_HiSeq40_Undetermined_R6000281_L006_001_CACA_R2.fastq
/mnt/ris/aadel/mpnst/cappseq/extractednew_HiSeqW31_Undetermined_R6000232_L005_001_TAGC_R1.fastq
/mnt/ris/aadel/mpnst/cappseq/extractednew_HiSeqW54_Undetermined_R6000373_L007_ATCG_R2.fastq
/mnt/ris/aadel/mpnst/cappseq/extractednew_HiSeq28_Undetermined_R6000204_L006001_ATCG_R1.fastq
/mnt/ris/aadel/mpnst/cappseq/extractednew_HiSeqW30_Undetermined_R6000232_L006_001_TAGC_R2.fastq
/mnt/ris/aadel/mpnst/cappseq/extractednew_HiSeq11CGAT_R2.fastq
/mnt/ris/aadel/mpnst/cappseq/extractednew_HiSeqW35_Undetermined_R6000244_L007_001_CACA_R1.fastq
/mnt/ris/aadel/mpnst/cappseq/extractednew_HiSeq39_Undetermined_R6000281_L005_001_ACAC_R1.fastq
/mnt/ris/aadel/mpnst/cappseq/extractednew_HiSeqW34_Undetermined_R6000244_L006_001_ATCG_R1.fastq
/mnt/ris/aadel/mpnst/cappseq/extractednew_HiSeq11TAGC_R1.fastq
