Building DAG of jobs...
Using shell: /bin/bash
Provided cores: 8
Rules claiming more threads will be scaled down.
Job stats:
job       count    min threads    max threads
------  -------  -------------  -------------
all           1              1              1
rename        4              1              1
total         5              1              1

Select jobs to execute...

[Tue Apr 12 12:02:53 2022]
rule rename:
    output: test/symlink_fastq/lib003_R1.fastq.gz, test/symlink_fastq/lib003_R2.fastq.gz
    jobid: 3
    wildcards: f=lib003
    resources: tmpdir=/tmp

Activating singularity image /home/jeszyman/sing_containers/biotools.sif

[Tue Apr 12 12:02:53 2022]
rule rename:
    output: test/symlink_fastq/lib004_R1.fastq.gz, test/symlink_fastq/lib004_R2.fastq.gz
    jobid: 4
    wildcards: f=lib004
    resources: tmpdir=/tmp


[Tue Apr 12 12:02:53 2022]
rule rename:
    output: test/symlink_fastq/lib001_R1.fastq.gz, test/symlink_fastq/lib001_R2.fastq.gz
    jobid: 1
    wildcards: f=lib001
    resources: tmpdir=/tmp

Activating singularity image /home/jeszyman/sing_containers/biotools.sif
Activating singularity image /home/jeszyman/sing_containers/biotools.sif

[Tue Apr 12 12:02:53 2022]
rule rename:
    output: test/symlink_fastq/lib002_R1.fastq.gz, test/symlink_fastq/lib002_R2.fastq.gz
    jobid: 2
    wildcards: f=lib002
    resources: tmpdir=/tmp

Activating singularity image /home/jeszyman/sing_containers/biotools.sif
[Tue Apr 12 12:02:53 2022]
Finished job 3.
1 of 5 steps (20%) done
[Tue Apr 12 12:02:53 2022]
Finished job 1.
2 of 5 steps (40%) done
[Tue Apr 12 12:02:53 2022]
Finished job 4.
3 of 5 steps (60%) done
[Tue Apr 12 12:02:53 2022]
Finished job 2.
4 of 5 steps (80%) done
Select jobs to execute...

[Tue Apr 12 12:02:53 2022]
localrule all:
    input: test/symlink_fastq/lib001_R1.fastq.gz, test/symlink_fastq/lib001_R2.fastq.gz, test/symlink_fastq/lib002_R1.fastq.gz, test/symlink_fastq/lib002_R2.fastq.gz, test/symlink_fastq/lib003_R1.fastq.gz, test/symlink_fastq/lib003_R2.fastq.gz, test/symlink_fastq/lib004_R1.fastq.gz, test/symlink_fastq/lib004_R2.fastq.gz
    jobid: 0
    resources: tmpdir=/tmp

[Tue Apr 12 12:02:53 2022]
Finished job 0.
5 of 5 steps (100%) done
Complete log: /home/jeszyman/repos/mpnst-preprocessing/.snakemake/log/2022-04-12T120252.887482.snakemake.log
