Building DAG of jobs...
Using shell: /bin/bash
Provided cores: 8
Rules claiming more threads will be scaled down.
Job stats:
job            count    min threads    max threads
-----------  -------  -------------  -------------
align              4              1              1
all                1              1              1
fastqc_proc        8              1              1
fastqc_raw         8              1              1
trimmomatic        4              1              1
total             25              1              1

Select jobs to execute...

[Thu Apr  7 15:10:48 2022]
rule trimmomatic:
    input: test/fastq/mpnst2_R1.fastq.gz, test/fastq/mpnst2_R2.fastq.gz
    output: test/processed-fastq/mpnst2_proc_R1.fastq.gz, test/unpaired-fastq/mpnst2_unpr_R1.fastq.gz, test/processed-fastq/mpnst2_proc_R2.fastq.gz, test/unpaired-fastq/mpnst2_unpr_R2.fastq.gz
    log: test/logs/trimmomatic_trimlog_mpnst2.log, test/logs/trimmomatic_mpnst2.log
    jobid: 4
    wildcards: fq_id=mpnst2
    resources: tmpdir=/tmp

Activating singularity image /home/jeszyman/sing_containers/biotools.sif

[Thu Apr  7 15:10:48 2022]
rule fastqc_raw:
    input: test/fastq/plex2_R2.fastq.gz
    output: test/qc/plex2_R2_fastqc.html, test/qc/plex2_R2_fastqc.zip
    log: test/logs/fastqc_raw_plex2_R2.log
    jobid: 6
    wildcards: fq_id=plex2, read=R2
    resources: tmpdir=/tmp


[Thu Apr  7 15:10:48 2022]
rule trimmomatic:
    input: test/fastq/plex1_R1.fastq.gz, test/fastq/plex1_R2.fastq.gz
    output: test/processed-fastq/plex1_proc_R1.fastq.gz, test/unpaired-fastq/plex1_unpr_R1.fastq.gz, test/processed-fastq/plex1_proc_R2.fastq.gz, test/unpaired-fastq/plex1_unpr_R2.fastq.gz
    log: test/logs/trimmomatic_trimlog_plex1.log, test/logs/trimmomatic_plex1.log
    jobid: 2
    wildcards: fq_id=plex1
    resources: tmpdir=/tmp
Activating singularity image /home/jeszyman/sing_containers/biotools.sif

Activating singularity image /home/jeszyman/sing_containers/biotools.sif

[Thu Apr  7 15:10:48 2022]
rule fastqc_raw:
    input: test/fastq/mpnst1_R1.fastq.gz
    output: test/qc/mpnst1_R1_fastqc.html, test/qc/mpnst1_R1_fastqc.zip
    log: test/logs/fastqc_raw_mpnst1_R1.log
    jobid: 9
    wildcards: fq_id=mpnst1, read=R1
    resources: tmpdir=/tmp

Activating singularity image /home/jeszyman/sing_containers/biotools.sif

[Thu Apr  7 15:10:48 2022]
rule fastqc_raw:
    input: test/fastq/mpnst2_R1.fastq.gz
    output: test/qc/mpnst2_R1_fastqc.html, test/qc/mpnst2_R1_fastqc.zip
    log: test/logs/fastqc_raw_mpnst2_R1.log
    jobid: 11
    wildcards: fq_id=mpnst2, read=R1
    resources: tmpdir=/tmp

Activating singularity image /home/jeszyman/sing_containers/biotools.sif

[Thu Apr  7 15:10:48 2022]
rule fastqc_raw:
    input: test/fastq/plex1_R2.fastq.gz
    output: test/qc/plex1_R2_fastqc.html, test/qc/plex1_R2_fastqc.zip
    log: test/logs/fastqc_raw_plex1_R2.log
    jobid: 8
    wildcards: fq_id=plex1, read=R2
    resources: tmpdir=/tmp

Activating singularity image /home/jeszyman/sing_containers/biotools.sif

[Thu Apr  7 15:10:48 2022]
rule fastqc_raw:
    input: test/fastq/plex1_R1.fastq.gz
    output: test/qc/plex1_R1_fastqc.html, test/qc/plex1_R1_fastqc.zip
    log: test/logs/fastqc_raw_plex1_R1.log
    jobid: 7
    wildcards: fq_id=plex1, read=R1
    resources: tmpdir=/tmp

Activating singularity image /home/jeszyman/sing_containers/biotools.sif

[Thu Apr  7 15:10:48 2022]
rule trimmomatic:
    input: test/fastq/plex2_R1.fastq.gz, test/fastq/plex2_R2.fastq.gz
    output: test/processed-fastq/plex2_proc_R1.fastq.gz, test/unpaired-fastq/plex2_unpr_R1.fastq.gz, test/processed-fastq/plex2_proc_R2.fastq.gz, test/unpaired-fastq/plex2_unpr_R2.fastq.gz
    log: test/logs/trimmomatic_trimlog_plex2.log, test/logs/trimmomatic_plex2.log
    jobid: 1
    wildcards: fq_id=plex2
    resources: tmpdir=/tmp

Activating singularity image /home/jeszyman/sing_containers/biotools.sif
[Thu Apr  7 15:10:52 2022]
Finished job 4.
1 of 25 steps (4%) done
Select jobs to execute...

[Thu Apr  7 15:10:53 2022]
rule fastqc_raw:
    input: test/fastq/mpnst2_R2.fastq.gz
    output: test/qc/mpnst2_R2_fastqc.html, test/qc/mpnst2_R2_fastqc.zip
    log: test/logs/fastqc_raw_mpnst2_R2.log
    jobid: 12
    wildcards: fq_id=mpnst2, read=R2
    resources: tmpdir=/tmp

Activating singularity image /home/jeszyman/sing_containers/biotools.sif
[Thu Apr  7 15:10:53 2022]
Finished job 2.
2 of 25 steps (8%) done
Select jobs to execute...

[Thu Apr  7 15:10:53 2022]
rule fastqc_proc:
    input: test/processed-fastq/plex1_proc_R2.fastq.gz
    output: test/qc/plex1_proc_R2_fastqc.html, test/qc/plex1_proc_R2_fastqc.zip
    log: test/logs/fastqc_raw_plex1_R2.log
    jobid: 16
    wildcards: fq_id=plex1, read=R2
    resources: tmpdir=/tmp

Activating singularity image /home/jeszyman/sing_containers/biotools.sif
[Thu Apr  7 15:10:54 2022]
Finished job 1.
3 of 25 steps (12%) done
Select jobs to execute...

[Thu Apr  7 15:10:54 2022]
rule fastqc_proc:
    input: test/processed-fastq/plex2_proc_R2.fastq.gz
    output: test/qc/plex2_proc_R2_fastqc.html, test/qc/plex2_proc_R2_fastqc.zip
    log: test/logs/fastqc_raw_plex2_R2.log
    jobid: 14
    wildcards: fq_id=plex2, read=R2
    resources: tmpdir=/tmp

Activating singularity image /home/jeszyman/sing_containers/biotools.sif
[Thu Apr  7 15:10:55 2022]
Finished job 11.
4 of 25 steps (16%) done
Select jobs to execute...

[Thu Apr  7 15:10:55 2022]
rule align:
    input: test/processed-fastq/plex2_proc_R1.fastq.gz, test/processed-fastq/plex2_proc_R2.fastq.gz
    output: test/bam/plex2.sam
    log: test/logs/align_plex2.log
    jobid: 21
    wildcards: fq_id=plex2
    resources: tmpdir=/tmp

Activating singularity image /home/jeszyman/sing_containers/biotools.sif
[Thu Apr  7 15:10:55 2022]
Finished job 7.
5 of 25 steps (20%) done
Select jobs to execute...

[Thu Apr  7 15:10:55 2022]
rule fastqc_proc:
    input: test/processed-fastq/plex2_proc_R1.fastq.gz
    output: test/qc/plex2_proc_R1_fastqc.html, test/qc/plex2_proc_R1_fastqc.zip
    log: test/logs/fastqc_raw_plex2_R1.log
    jobid: 13
    wildcards: fq_id=plex2, read=R1
    resources: tmpdir=/tmp

Activating singularity image /home/jeszyman/sing_containers/biotools.sif
[Thu Apr  7 15:10:55 2022]
Finished job 6.
6 of 25 steps (24%) done
Select jobs to execute...

[Thu Apr  7 15:10:55 2022]
rule fastqc_proc:
    input: test/processed-fastq/plex1_proc_R1.fastq.gz
    output: test/qc/plex1_proc_R1_fastqc.html, test/qc/plex1_proc_R1_fastqc.zip
    log: test/logs/fastqc_raw_plex1_R1.log
    jobid: 15
    wildcards: fq_id=plex1, read=R1
    resources: tmpdir=/tmp

Activating singularity image /home/jeszyman/sing_containers/biotools.sif
[Thu Apr  7 15:10:55 2022]
Finished job 9.
7 of 25 steps (28%) done
Select jobs to execute...

[Thu Apr  7 15:10:55 2022]
rule fastqc_raw:
    input: test/fastq/plex2_R1.fastq.gz
    output: test/qc/plex2_R1_fastqc.html, test/qc/plex2_R1_fastqc.zip
    log: test/logs/fastqc_raw_plex2_R1.log
    jobid: 5
    wildcards: fq_id=plex2, read=R1
    resources: tmpdir=/tmp

Activating singularity image /home/jeszyman/sing_containers/biotools.sif
[Thu Apr  7 15:10:55 2022]
Finished job 8.
8 of 25 steps (32%) done
Select jobs to execute...

[Thu Apr  7 15:10:55 2022]
rule fastqc_raw:
    input: test/fastq/mpnst1_R2.fastq.gz
    output: test/qc/mpnst1_R2_fastqc.html, test/qc/mpnst1_R2_fastqc.zip
    log: test/logs/fastqc_raw_mpnst1_R2.log
    jobid: 10
    wildcards: fq_id=mpnst1, read=R2
    resources: tmpdir=/tmp

Activating singularity image /home/jeszyman/sing_containers/biotools.sif
[Thu Apr  7 15:10:56 2022]
Finished job 21.
9 of 25 steps (36%) done
Select jobs to execute...

[Thu Apr  7 15:10:56 2022]
rule trimmomatic:
    input: test/fastq/mpnst1_R1.fastq.gz, test/fastq/mpnst1_R2.fastq.gz
    output: test/processed-fastq/mpnst1_proc_R1.fastq.gz, test/unpaired-fastq/mpnst1_unpr_R1.fastq.gz, test/processed-fastq/mpnst1_proc_R2.fastq.gz, test/unpaired-fastq/mpnst1_unpr_R2.fastq.gz
    log: test/logs/trimmomatic_trimlog_mpnst1.log, test/logs/trimmomatic_mpnst1.log
    jobid: 3
    wildcards: fq_id=mpnst1
    resources: tmpdir=/tmp

Activating singularity image /home/jeszyman/sing_containers/biotools.sif
[Thu Apr  7 15:10:58 2022]
Finished job 12.
10 of 25 steps (40%) done
Select jobs to execute...

[Thu Apr  7 15:10:58 2022]
rule fastqc_proc:
    input: test/processed-fastq/mpnst2_proc_R2.fastq.gz
    output: test/qc/mpnst2_proc_R2_fastqc.html, test/qc/mpnst2_proc_R2_fastqc.zip
    log: test/logs/fastqc_raw_mpnst2_R2.log
    jobid: 20
    wildcards: fq_id=mpnst2, read=R2
    resources: tmpdir=/tmp

Activating singularity image /home/jeszyman/sing_containers/biotools.sif
[Thu Apr  7 15:10:58 2022]
Finished job 16.
11 of 25 steps (44%) done
Select jobs to execute...

[Thu Apr  7 15:10:58 2022]
rule fastqc_proc:
    input: test/processed-fastq/mpnst2_proc_R1.fastq.gz
    output: test/qc/mpnst2_proc_R1_fastqc.html, test/qc/mpnst2_proc_R1_fastqc.zip
    log: test/logs/fastqc_raw_mpnst2_R1.log
    jobid: 19
    wildcards: fq_id=mpnst2, read=R1
    resources: tmpdir=/tmp

Activating singularity image /home/jeszyman/sing_containers/biotools.sif
[Thu Apr  7 15:10:59 2022]
Finished job 14.
12 of 25 steps (48%) done
Select jobs to execute...

[Thu Apr  7 15:10:59 2022]
rule align:
    input: test/processed-fastq/plex1_proc_R1.fastq.gz, test/processed-fastq/plex1_proc_R2.fastq.gz
    output: test/bam/plex1.sam
    log: test/logs/align_plex1.log
    jobid: 22
    wildcards: fq_id=plex1
    resources: tmpdir=/tmp

Activating singularity image /home/jeszyman/sing_containers/biotools.sif
[Thu Apr  7 15:11:00 2022]
Finished job 3.
13 of 25 steps (52%) done
Select jobs to execute...

[Thu Apr  7 15:11:00 2022]
rule fastqc_proc:
    input: test/processed-fastq/mpnst1_proc_R2.fastq.gz
    output: test/qc/mpnst1_proc_R2_fastqc.html, test/qc/mpnst1_proc_R2_fastqc.zip
    log: test/logs/fastqc_raw_mpnst1_R2.log
    jobid: 18
    wildcards: fq_id=mpnst1, read=R2
    resources: tmpdir=/tmp

Activating singularity image /home/jeszyman/sing_containers/biotools.sif
[Thu Apr  7 15:11:01 2022]
Finished job 13.
14 of 25 steps (56%) done
Select jobs to execute...
[Thu Apr  7 15:11:01 2022]
Finished job 15.
15 of 25 steps (60%) done

[Thu Apr  7 15:11:01 2022]
rule align:
    input: test/processed-fastq/mpnst2_proc_R1.fastq.gz, test/processed-fastq/mpnst2_proc_R2.fastq.gz
    output: test/bam/mpnst2.sam
    log: test/logs/align_mpnst2.log
    jobid: 24
    wildcards: fq_id=mpnst2
    resources: tmpdir=/tmp

Select jobs to execute...
Activating singularity image /home/jeszyman/sing_containers/biotools.sif

[Thu Apr  7 15:11:01 2022]
rule align:
    input: test/processed-fastq/mpnst1_proc_R1.fastq.gz, test/processed-fastq/mpnst1_proc_R2.fastq.gz
    output: test/bam/mpnst1.sam
    log: test/logs/align_mpnst1.log
    jobid: 23
    wildcards: fq_id=mpnst1
    resources: tmpdir=/tmp

Activating singularity image /home/jeszyman/sing_containers/biotools.sif
[Thu Apr  7 15:11:01 2022]
Finished job 22.
16 of 25 steps (64%) done
Select jobs to execute...

[Thu Apr  7 15:11:01 2022]
rule fastqc_proc:
    input: test/processed-fastq/mpnst1_proc_R1.fastq.gz
    output: test/qc/mpnst1_proc_R1_fastqc.html, test/qc/mpnst1_proc_R1_fastqc.zip
    log: test/logs/fastqc_raw_mpnst1_R1.log
    jobid: 17
    wildcards: fq_id=mpnst1, read=R1
    resources: tmpdir=/tmp

Activating singularity image /home/jeszyman/sing_containers/biotools.sif
[Thu Apr  7 15:11:02 2022]
Finished job 10.
17 of 25 steps (68%) done
[Thu Apr  7 15:11:02 2022]
Finished job 5.
18 of 25 steps (72%) done
[Thu Apr  7 15:11:02 2022]
Finished job 24.
19 of 25 steps (76%) done
[Thu Apr  7 15:11:04 2022]
Finished job 20.
20 of 25 steps (80%) done
[Thu Apr  7 15:11:04 2022]
Finished job 23.
21 of 25 steps (84%) done
[Thu Apr  7 15:11:04 2022]
Finished job 19.
22 of 25 steps (88%) done
[Thu Apr  7 15:11:05 2022]
Finished job 18.
23 of 25 steps (92%) done
[Thu Apr  7 15:11:06 2022]
Finished job 17.
24 of 25 steps (96%) done
Select jobs to execute...

[Thu Apr  7 15:11:06 2022]
localrule all:
    input: test/processed-fastq/plex2_proc_R1.fastq.gz, test/processed-fastq/plex1_proc_R1.fastq.gz, test/processed-fastq/mpnst1_proc_R1.fastq.gz, test/processed-fastq/mpnst2_proc_R1.fastq.gz, test/processed-fastq/plex2_proc_R2.fastq.gz, test/processed-fastq/plex1_proc_R2.fastq.gz, test/processed-fastq/mpnst1_proc_R2.fastq.gz, test/processed-fastq/mpnst2_proc_R2.fastq.gz, test/unpaired-fastq/plex2_unpr_R1.fastq.gz, test/unpaired-fastq/plex1_unpr_R1.fastq.gz, test/unpaired-fastq/mpnst1_unpr_R1.fastq.gz, test/unpaired-fastq/mpnst2_unpr_R1.fastq.gz, test/unpaired-fastq/plex2_unpr_R2.fastq.gz, test/unpaired-fastq/plex1_unpr_R2.fastq.gz, test/unpaired-fastq/mpnst1_unpr_R2.fastq.gz, test/unpaired-fastq/mpnst2_unpr_R2.fastq.gz, test/qc/plex2_R1_fastqc.html, test/qc/plex2_R2_fastqc.html, test/qc/plex1_R1_fastqc.html, test/qc/plex1_R2_fastqc.html, test/qc/mpnst1_R1_fastqc.html, test/qc/mpnst1_R2_fastqc.html, test/qc/mpnst2_R1_fastqc.html, test/qc/mpnst2_R2_fastqc.html, test/qc/plex2_proc_R1_fastqc.html, test/qc/plex2_proc_R2_fastqc.html, test/qc/plex1_proc_R1_fastqc.html, test/qc/plex1_proc_R2_fastqc.html, test/qc/mpnst1_proc_R1_fastqc.html, test/qc/mpnst1_proc_R2_fastqc.html, test/qc/mpnst2_proc_R1_fastqc.html, test/qc/mpnst2_proc_R2_fastqc.html, test/bam/plex2.sam, test/bam/plex1.sam, test/bam/mpnst1.sam, test/bam/mpnst2.sam
    jobid: 0
    resources: tmpdir=/tmp

[Thu Apr  7 15:11:06 2022]
Finished job 0.
25 of 25 steps (100%) done
Complete log: /home/jeszyman/repos/mpnst-preprocessing/.snakemake/log/2022-04-07T151048.682085.snakemake.log
