Building DAG of jobs...
IncompleteFilesException:
The files below seem to be incomplete. If you are sure that certain files are not incomplete, mark them as complete with

    snakemake --cleanup-metadata <filenames>

To re-generate the files rerun your command with the --rerun-incomplete flag.
Incomplete files:
test/processed-fastq/lib001_proc_R1.fastq.gz
test/unpaired-fastq/lib001_unpr_R1.fastq.gz
test/processed-fastq/lib001_proc_R2.fastq.gz
test/unpaired-fastq/lib001_unpr_R2.fastq.gz
test/processed-fastq/lib002_proc_R1.fastq.gz
test/unpaired-fastq/lib002_unpr_R1.fastq.gz
test/processed-fastq/lib002_proc_R2.fastq.gz
test/unpaired-fastq/lib002_unpr_R2.fastq.gz
test/processed-fastq/lib003_proc_R1.fastq.gz
test/unpaired-fastq/lib003_unpr_R1.fastq.gz
test/processed-fastq/lib003_proc_R2.fastq.gz
test/unpaired-fastq/lib003_unpr_R2.fastq.gz
test/symlink_fastq/lib004_R1.fastq.gz
test/symlink_fastq/lib004_R2.fastq.gz
