Building DAG of jobs...
Using shell: /bin/bash
Provided cores: 4
Rules claiming more threads will be scaled down.
Job stats:
job      count    min threads    max threads
-----  -------  -------------  -------------
all          1              1              1
test2        4              1              1
total        5              1              1

Select jobs to execute...

[Tue Apr 12 09:23:24 2022]
rule test2:
    output: test/tmp2/lib002_R1.fastq.gz
    jobid: 4
    wildcards: f=lib002
    resources: tmpdir=/tmp


[Tue Apr 12 09:23:24 2022]
rule test2:
    output: test/tmp2/lib003_R1.fastq.gz
    jobid: 5
    wildcards: f=lib003
    resources: tmpdir=/tmp


[Tue Apr 12 09:23:24 2022]
rule test2:
    output: test/tmp2/lib001_R1.fastq.gz
    jobid: 3
    wildcards: f=lib001
    resources: tmpdir=/tmp

[Tue Apr 12 09:23:24 2022]
Finished job 4.
1 of 5 steps (20%) done

[Tue Apr 12 09:23:24 2022]
rule test2:
    output: test/tmp2/lib004_R1.fastq.gz
    jobid: 6
    wildcards: f=lib004
    resources: tmpdir=/tmp

[Tue Apr 12 09:23:24 2022]
Finished job 5.
2 of 5 steps (40%) done
[Tue Apr 12 09:23:24 2022]
Finished job 3.
3 of 5 steps (60%) done
[Tue Apr 12 09:23:24 2022]
Finished job 6.
4 of 5 steps (80%) done
Select jobs to execute...

[Tue Apr 12 09:23:24 2022]
localrule all:
    input: test/tmp2/apple2.txt, test/tmp2/banana2.txt, test/tmp2/lib001_R1.fastq.gz, test/tmp2/lib002_R1.fastq.gz, test/tmp2/lib003_R1.fastq.gz, test/tmp2/lib004_R1.fastq.gz
    jobid: 0
    resources: tmpdir=/tmp

[Tue Apr 12 09:23:24 2022]
Finished job 0.
5 of 5 steps (100%) done
Complete log: /home/jeszyman/repos/mpnst-preprocessing/.snakemake/log/2022-04-12T092324.115239.snakemake.log
