Building DAG of jobs...
Using shell: /bin/bash
Provided cores: 4
Rules claiming more threads will be scaled down.
Job stats:
job        count    min threads    max threads
-------  -------  -------------  -------------
all            1              1              1
fastqc         8              1              1
multiqc        1              1              1
total         10              1              1

Select jobs to execute...

[Wed Apr 13 13:02:58 2022]
rule fastqc:
    input: test/symlink-fastq/lib001_R1.fastq.gz, test/processed-fastq/lib001_proc_R1.fastq.gz
    output: test/qc/lib001_R1_fastqc.html, test/qc/lib001_proc_R1_fastqc.html
    log: test/logs/fastqc_raw_lib001_R1.log, test/logs/fastqc_proc_lib001_R1.log
    jobid: 9
    wildcards: read_id=lib001, read=R1
    resources: tmpdir=/tmp

Activating singularity image /home/jeszyman/sing_containers/biotools.sif

[Wed Apr 13 13:02:58 2022]
rule fastqc:
    input: test/symlink-fastq/lib002_R1.fastq.gz, test/processed-fastq/lib002_proc_R1.fastq.gz
    output: test/qc/lib002_R1_fastqc.html, test/qc/lib002_proc_R1_fastqc.html
    log: test/logs/fastqc_raw_lib002_R1.log, test/logs/fastqc_proc_lib002_R1.log
    jobid: 11
    wildcards: read_id=lib002, read=R1
    resources: tmpdir=/tmp

Activating singularity image /home/jeszyman/sing_containers/biotools.sif

[Wed Apr 13 13:02:58 2022]
rule fastqc:
    input: test/symlink-fastq/lib002_R2.fastq.gz, test/processed-fastq/lib002_proc_R2.fastq.gz
    output: test/qc/lib002_R2_fastqc.html, test/qc/lib002_proc_R2_fastqc.html
    log: test/logs/fastqc_raw_lib002_R2.log, test/logs/fastqc_proc_lib002_R2.log
    jobid: 12
    wildcards: read_id=lib002, read=R2
    resources: tmpdir=/tmp

Activating singularity image /home/jeszyman/sing_containers/biotools.sif

[Wed Apr 13 13:02:58 2022]
rule fastqc:
    input: test/symlink-fastq/lib003_R2.fastq.gz, test/processed-fastq/lib003_proc_R2.fastq.gz
    output: test/qc/lib003_R2_fastqc.html, test/qc/lib003_proc_R2_fastqc.html
    log: test/logs/fastqc_raw_lib003_R2.log, test/logs/fastqc_proc_lib003_R2.log
    jobid: 14
    wildcards: read_id=lib003, read=R2
    resources: tmpdir=/tmp

Activating singularity image /home/jeszyman/sing_containers/biotools.sif
[Wed Apr 13 13:03:11 2022]
Finished job 11.
1 of 10 steps (10%) done
Select jobs to execute...

[Wed Apr 13 13:03:11 2022]
rule fastqc:
    input: test/symlink-fastq/lib004_R1.fastq.gz, test/processed-fastq/lib004_proc_R1.fastq.gz
    output: test/qc/lib004_R1_fastqc.html, test/qc/lib004_proc_R1_fastqc.html
    log: test/logs/fastqc_raw_lib004_R1.log, test/logs/fastqc_proc_lib004_R1.log
    jobid: 15
    wildcards: read_id=lib004, read=R1
    resources: tmpdir=/tmp

Activating singularity image /home/jeszyman/sing_containers/biotools.sif
[Wed Apr 13 13:03:13 2022]
Finished job 14.
2 of 10 steps (20%) done
Select jobs to execute...

[Wed Apr 13 13:03:13 2022]
rule fastqc:
    input: test/symlink-fastq/lib003_R1.fastq.gz, test/processed-fastq/lib003_proc_R1.fastq.gz
    output: test/qc/lib003_R1_fastqc.html, test/qc/lib003_proc_R1_fastqc.html
    log: test/logs/fastqc_raw_lib003_R1.log, test/logs/fastqc_proc_lib003_R1.log
    jobid: 13
    wildcards: read_id=lib003, read=R1
    resources: tmpdir=/tmp

Activating singularity image /home/jeszyman/sing_containers/biotools.sif
[Wed Apr 13 13:03:13 2022]
Finished job 12.
3 of 10 steps (30%) done
Select jobs to execute...

[Wed Apr 13 13:03:13 2022]
rule fastqc:
    input: test/symlink-fastq/lib004_R2.fastq.gz, test/processed-fastq/lib004_proc_R2.fastq.gz
    output: test/qc/lib004_R2_fastqc.html, test/qc/lib004_proc_R2_fastqc.html
    log: test/logs/fastqc_raw_lib004_R2.log, test/logs/fastqc_proc_lib004_R2.log
    jobid: 16
    wildcards: read_id=lib004, read=R2
    resources: tmpdir=/tmp

Activating singularity image /home/jeszyman/sing_containers/biotools.sif
[Wed Apr 13 13:03:14 2022]
Finished job 9.
4 of 10 steps (40%) done
Select jobs to execute...

[Wed Apr 13 13:03:14 2022]
rule multiqc:
    input: test/qc/lib001_raw_samstats.txt, test/qc/lib001_dedup_samstats.txt, test/qc/lib002_raw_samstats.txt, test/qc/lib002_dedup_samstats.txt, test/qc/lib003_raw_samstats.txt, test/qc/lib003_dedup_samstats.txt, test/qc/lib004_raw_samstats.txt, test/qc/lib004_dedup_samstats.txt, test/qc/lib001_raw_flagstat.txt, test/qc/lib001_dedup_flagstat.txt, test/qc/lib002_raw_flagstat.txt, test/qc/lib002_dedup_flagstat.txt, test/qc/lib003_raw_flagstat.txt, test/qc/lib003_dedup_flagstat.txt, test/qc/lib004_raw_flagstat.txt, test/qc/lib004_dedup_flagstat.txt
    output: test/qc/all_qc.html
    jobid: 25
    resources: tmpdir=/tmp

Activating singularity image /home/jeszyman/sing_containers/biotools.sif
[Wed Apr 13 13:03:25 2022]
Finished job 15.
5 of 10 steps (50%) done
Select jobs to execute...

[Wed Apr 13 13:03:25 2022]
rule fastqc:
    input: test/symlink-fastq/lib001_R2.fastq.gz, test/processed-fastq/lib001_proc_R2.fastq.gz
    output: test/qc/lib001_R2_fastqc.html, test/qc/lib001_proc_R2_fastqc.html
    log: test/logs/fastqc_raw_lib001_R2.log, test/logs/fastqc_proc_lib001_R2.log
    jobid: 10
    wildcards: read_id=lib001, read=R2
    resources: tmpdir=/tmp

Activating singularity image /home/jeszyman/sing_containers/biotools.sif
[Wed Apr 13 13:03:26 2022]
Finished job 16.
6 of 10 steps (60%) done
[Wed Apr 13 13:03:28 2022]
Finished job 13.
7 of 10 steps (70%) done
[Wed Apr 13 13:03:31 2022]
Finished job 25.
8 of 10 steps (80%) done
[Wed Apr 13 13:03:33 2022]
Finished job 10.
9 of 10 steps (90%) done
Select jobs to execute...

[Wed Apr 13 13:03:33 2022]
localrule all:
    input: test/processed-fastq/lib001_proc_R1.fastq.gz, test/processed-fastq/lib001_proc_R2.fastq.gz, test/processed-fastq/lib002_proc_R1.fastq.gz, test/processed-fastq/lib002_proc_R2.fastq.gz, test/processed-fastq/lib003_proc_R1.fastq.gz, test/processed-fastq/lib003_proc_R2.fastq.gz, test/processed-fastq/lib004_proc_R1.fastq.gz, test/processed-fastq/lib004_proc_R2.fastq.gz, test/unpaired-fastq/lib001_unpr_R1.fastq.gz, test/unpaired-fastq/lib002_unpr_R1.fastq.gz, test/unpaired-fastq/lib003_unpr_R1.fastq.gz, test/unpaired-fastq/lib004_unpr_R1.fastq.gz, test/qc/lib001_R1_fastqc.html, test/qc/lib001_R2_fastqc.html, test/qc/lib002_R1_fastqc.html, test/qc/lib002_R2_fastqc.html, test/qc/lib003_R1_fastqc.html, test/qc/lib003_R2_fastqc.html, test/qc/lib004_R1_fastqc.html, test/qc/lib004_R2_fastqc.html, test/qc/lib001_proc_R1_fastqc.html, test/qc/lib001_proc_R2_fastqc.html, test/qc/lib002_proc_R1_fastqc.html, test/qc/lib002_proc_R2_fastqc.html, test/qc/lib003_proc_R1_fastqc.html, test/qc/lib003_proc_R2_fastqc.html, test/qc/lib004_proc_R1_fastqc.html, test/qc/lib004_proc_R2_fastqc.html, test/bam/lib001_dedup.bam, test/bam/lib002_dedup.bam, test/bam/lib003_dedup.bam, test/bam/lib004_dedup.bam, test/qc/all_qc.html
    jobid: 0
    resources: tmpdir=/tmp

[Wed Apr 13 13:03:33 2022]
Finished job 0.
10 of 10 steps (100%) done
Complete log: /home/jeszyman/repos/mpnst-preprocessing/.snakemake/log/2022-04-13T130257.779689.snakemake.log
