Building DAG of jobs...
Using shell: /bin/bash
Provided cores: 4
Rules claiming more threads will be scaled down.
Job stats:
job                     count    min threads    max threads
--------------------  -------  -------------  -------------
align                       4              1              1
alignment_processing        4              1              1
all                         1              1              1
downsample_bams             8              1              1
fastqc                      8              1              1
trimmomatic                 4              1              1
total                      29              1              1

Select jobs to execute...

[Tue Apr 26 13:26:30 2022]
rule trimmomatic:
    input: test/fastq/plex1_R1.fastq.gz, test/fastq/plex1_R2.fastq.gz
    output: test/processed-fastq/plex1_proc_R1.fastq.gz, test/unpaired-fastq/plex1_unpr_R1.fastq.gz, test/processed-fastq/plex1_proc_R2.fastq.gz, test/unpaired-fastq/plex1_unpr_R2.fastq.gz
    log: test/logs/trimmomatic_trimlog_plex1.log, test/logs/trimmomatic_plex1.log
    jobid: 2
    wildcards: read_id=plex1
    resources: tmpdir=/tmp

Activating singularity image /home/jeszyman/sing_containers/biotools.sif

[Tue Apr 26 13:26:30 2022]
rule trimmomatic:
    input: test/fastq/mpnst1_R1.fastq.gz, test/fastq/mpnst1_R2.fastq.gz
    output: test/processed-fastq/mpnst1_proc_R1.fastq.gz, test/unpaired-fastq/mpnst1_unpr_R1.fastq.gz, test/processed-fastq/mpnst1_proc_R2.fastq.gz, test/unpaired-fastq/mpnst1_unpr_R2.fastq.gz
    log: test/logs/trimmomatic_trimlog_mpnst1.log, test/logs/trimmomatic_mpnst1.log
    jobid: 3
    wildcards: read_id=mpnst1
    resources: tmpdir=/tmp


[Tue Apr 26 13:26:30 2022]
Activating singularity image /home/jeszyman/sing_containers/biotools.sif
rule trimmomatic:
    input: test/fastq/plex2_R1.fastq.gz, test/fastq/plex2_R2.fastq.gz
    output: test/processed-fastq/plex2_proc_R1.fastq.gz, test/unpaired-fastq/plex2_unpr_R1.fastq.gz, test/processed-fastq/plex2_proc_R2.fastq.gz, test/unpaired-fastq/plex2_unpr_R2.fastq.gz
    log: test/logs/trimmomatic_trimlog_plex2.log, test/logs/trimmomatic_plex2.log
    jobid: 1
    wildcards: read_id=plex2
    resources: tmpdir=/tmp

Activating singularity image /home/jeszyman/sing_containers/biotools.sif

[Tue Apr 26 13:26:30 2022]
rule trimmomatic:
    input: test/fastq/mpnst2_R1.fastq.gz, test/fastq/mpnst2_R2.fastq.gz
    output: test/processed-fastq/mpnst2_proc_R1.fastq.gz, test/unpaired-fastq/mpnst2_unpr_R1.fastq.gz, test/processed-fastq/mpnst2_proc_R2.fastq.gz, test/unpaired-fastq/mpnst2_unpr_R2.fastq.gz
    log: test/logs/trimmomatic_trimlog_mpnst2.log, test/logs/trimmomatic_mpnst2.log
    jobid: 4
    wildcards: read_id=mpnst2
    resources: tmpdir=/tmp

Activating singularity image /home/jeszyman/sing_containers/biotools.sif
[Tue Apr 26 13:26:34 2022]
Finished job 2.
1 of 29 steps (3%) done
Select jobs to execute...

[Tue Apr 26 13:26:34 2022]
rule fastqc:
    input: test/fastq/plex1_R1.fastq.gz, test/processed-fastq/plex1_proc_R1.fastq.gz
    output: test/qc/plex1_R1_fastqc.html, test/qc/plex1_proc_R1_fastqc.html
    log: test/logs/fastqc_raw_plex1_R1.log, test/logs/fastqc_proc_plex1_R1.log
    jobid: 23
    wildcards: read_id=plex1, read=R1
    resources: tmpdir=/tmp

Activating singularity image /home/jeszyman/sing_containers/biotools.sif
[Tue Apr 26 13:26:34 2022]
Finished job 4.
2 of 29 steps (7%) done
Select jobs to execute...

[Tue Apr 26 13:26:34 2022]
rule align:
    input: test/processed-fastq/mpnst2_proc_R1.fastq.gz, test/processed-fastq/mpnst2_proc_R2.fastq.gz
    output: test/bam/mpnst2.sam
    log: test/logs/align_mpnst2.log
    jobid: 12
    wildcards: read_id=mpnst2
    resources: tmpdir=/tmp

Activating singularity image /home/jeszyman/sing_containers/biotools.sif
[Tue Apr 26 13:26:34 2022]
Finished job 3.
3 of 29 steps (10%) done
Select jobs to execute...

[Tue Apr 26 13:26:34 2022]
rule fastqc:
    input: test/fastq/mpnst1_R2.fastq.gz, test/processed-fastq/mpnst1_proc_R2.fastq.gz
    output: test/qc/mpnst1_R2_fastqc.html, test/qc/mpnst1_proc_R2_fastqc.html
    log: test/logs/fastqc_raw_mpnst1_R2.log, test/logs/fastqc_proc_mpnst1_R2.log
    jobid: 26
    wildcards: read_id=mpnst1, read=R2
    resources: tmpdir=/tmp

Activating singularity image /home/jeszyman/sing_containers/biotools.sif
[Tue Apr 26 13:26:34 2022]
Finished job 1.
4 of 29 steps (14%) done
Select jobs to execute...

[Tue Apr 26 13:26:34 2022]
rule align:
    input: test/processed-fastq/plex2_proc_R1.fastq.gz, test/processed-fastq/plex2_proc_R2.fastq.gz
    output: test/bam/plex2.sam
    log: test/logs/align_plex2.log
    jobid: 6
    wildcards: read_id=plex2
    resources: tmpdir=/tmp

Activating singularity image /home/jeszyman/sing_containers/biotools.sif
[Tue Apr 26 13:26:36 2022]
Finished job 12.
5 of 29 steps (17%) done
Select jobs to execute...

[Tue Apr 26 13:26:36 2022]
rule fastqc:
    input: test/fastq/mpnst2_R2.fastq.gz, test/processed-fastq/mpnst2_proc_R2.fastq.gz
    output: test/qc/mpnst2_R2_fastqc.html, test/qc/mpnst2_proc_R2_fastqc.html
    log: test/logs/fastqc_raw_mpnst2_R2.log, test/logs/fastqc_proc_mpnst2_R2.log
    jobid: 28
    wildcards: read_id=mpnst2, read=R2
    resources: tmpdir=/tmp

Activating singularity image /home/jeszyman/sing_containers/biotools.sif
[Tue Apr 26 13:26:36 2022]
Finished job 6.
6 of 29 steps (21%) done
Select jobs to execute...

[Tue Apr 26 13:26:36 2022]
rule align:
    input: test/processed-fastq/mpnst1_proc_R1.fastq.gz, test/processed-fastq/mpnst1_proc_R2.fastq.gz
    output: test/bam/mpnst1.sam
    log: test/logs/align_mpnst1.log
    jobid: 10
    wildcards: read_id=mpnst1
    resources: tmpdir=/tmp

Activating singularity image /home/jeszyman/sing_containers/biotools.sif
[Tue Apr 26 13:26:38 2022]
Finished job 10.
7 of 29 steps (24%) done
Select jobs to execute...

[Tue Apr 26 13:26:38 2022]
rule align:
    input: test/processed-fastq/plex1_proc_R1.fastq.gz, test/processed-fastq/plex1_proc_R2.fastq.gz
    output: test/bam/plex1.sam
    log: test/logs/align_plex1.log
    jobid: 8
    wildcards: read_id=plex1
    resources: tmpdir=/tmp

Activating singularity image /home/jeszyman/sing_containers/biotools.sif
[Tue Apr 26 13:26:39 2022]
Finished job 8.
8 of 29 steps (28%) done
Select jobs to execute...

[Tue Apr 26 13:26:39 2022]
rule fastqc:
    input: test/fastq/plex1_R2.fastq.gz, test/processed-fastq/plex1_proc_R2.fastq.gz
    output: test/qc/plex1_R2_fastqc.html, test/qc/plex1_proc_R2_fastqc.html
    log: test/logs/fastqc_raw_plex1_R2.log, test/logs/fastqc_proc_plex1_R2.log
    jobid: 24
    wildcards: read_id=plex1, read=R2
    resources: tmpdir=/tmp

Activating singularity image /home/jeszyman/sing_containers/biotools.sif
[Tue Apr 26 13:26:42 2022]
Finished job 23.
9 of 29 steps (31%) done
Select jobs to execute...

[Tue Apr 26 13:26:42 2022]
rule alignment_processing:
    input: test/bam/plex1.sam
    output: test/bam/plex1_raw.bam, test/bam/plex1_dedup_unsort.bam, test/bam/plex1_dedup.bam, test/bam/plex1_dedup.bam.bai
    log: test/logs/alignment_processing_plex1.log
    jobid: 7
    wildcards: read_id=plex1
    resources: tmpdir=/tmp

Activating singularity image /home/jeszyman/sing_containers/biotools.sif
[Tue Apr 26 13:26:42 2022]
Finished job 26.
10 of 29 steps (34%) done
Select jobs to execute...

[Tue Apr 26 13:26:42 2022]
rule alignment_processing:
    input: test/bam/mpnst1.sam
    output: test/bam/mpnst1_raw.bam, test/bam/mpnst1_dedup_unsort.bam, test/bam/mpnst1_dedup.bam, test/bam/mpnst1_dedup.bam.bai
    log: test/logs/alignment_processing_mpnst1.log
    jobid: 9
    wildcards: read_id=mpnst1
    resources: tmpdir=/tmp

Activating singularity image /home/jeszyman/sing_containers/biotools.sif
Removing temporary output file test/bam/mpnst1_dedup_unsort.bam.
[Tue Apr 26 13:26:43 2022]
Finished job 9.
11 of 29 steps (38%) done
Select jobs to execute...

[Tue Apr 26 13:26:43 2022]
rule downsample_bams:
    input: test/bam/mpnst1_dedup.bam
    output: test/bam/mpnst1_ds20.bam
    jobid: 18
    wildcards: read_id=mpnst1, milreads=20
    resources: tmpdir=/tmp

Activating singularity image /home/jeszyman/sing_containers/biotools.sif
Removing temporary output file test/bam/plex1_dedup_unsort.bam.
[Tue Apr 26 13:26:43 2022]
Finished job 7.
12 of 29 steps (41%) done
Select jobs to execute...

[Tue Apr 26 13:26:43 2022]
rule downsample_bams:
    input: test/bam/plex1_dedup.bam
    output: test/bam/plex1_ds20.bam
    jobid: 16
    wildcards: read_id=plex1, milreads=20
    resources: tmpdir=/tmp

Activating singularity image /home/jeszyman/sing_containers/biotools.sif
[Tue Apr 26 13:26:44 2022]
Finished job 18.
13 of 29 steps (45%) done
Select jobs to execute...

[Tue Apr 26 13:26:44 2022]
rule downsample_bams:
    input: test/bam/mpnst1_dedup.bam
    output: test/bam/mpnst1_ds10.bam
    jobid: 17
    wildcards: read_id=mpnst1, milreads=10
    resources: tmpdir=/tmp

Activating singularity image /home/jeszyman/sing_containers/biotools.sif
[Tue Apr 26 13:26:44 2022]
Finished job 16.
14 of 29 steps (48%) done
Select jobs to execute...

[Tue Apr 26 13:26:44 2022]
rule downsample_bams:
    input: test/bam/plex1_dedup.bam
    output: test/bam/plex1_ds10.bam
    jobid: 15
    wildcards: read_id=plex1, milreads=10
    resources: tmpdir=/tmp

Activating singularity image /home/jeszyman/sing_containers/biotools.sif
[Tue Apr 26 13:26:44 2022]
Finished job 28.
15 of 29 steps (52%) done
Select jobs to execute...

[Tue Apr 26 13:26:44 2022]
rule alignment_processing:
    input: test/bam/plex2.sam
    output: test/bam/plex2_raw.bam, test/bam/plex2_dedup_unsort.bam, test/bam/plex2_dedup.bam, test/bam/plex2_dedup.bam.bai
    log: test/logs/alignment_processing_plex2.log
    jobid: 5
    wildcards: read_id=plex2
    resources: tmpdir=/tmp

Activating singularity image /home/jeszyman/sing_containers/biotools.sif
[Tue Apr 26 13:26:44 2022]
Finished job 17.
16 of 29 steps (55%) done
Select jobs to execute...

[Tue Apr 26 13:26:44 2022]
rule fastqc:
    input: test/fastq/mpnst1_R1.fastq.gz, test/processed-fastq/mpnst1_proc_R1.fastq.gz
    output: test/qc/mpnst1_R1_fastqc.html, test/qc/mpnst1_proc_R1_fastqc.html
    log: test/logs/fastqc_raw_mpnst1_R1.log, test/logs/fastqc_proc_mpnst1_R1.log
    jobid: 25
    wildcards: read_id=mpnst1, read=R1
    resources: tmpdir=/tmp

Activating singularity image /home/jeszyman/sing_containers/biotools.sif
[Tue Apr 26 13:26:44 2022]
Finished job 15.
17 of 29 steps (59%) done
Select jobs to execute...

[Tue Apr 26 13:26:44 2022]
rule alignment_processing:
    input: test/bam/mpnst2.sam
    output: test/bam/mpnst2_raw.bam, test/bam/mpnst2_dedup_unsort.bam, test/bam/mpnst2_dedup.bam, test/bam/mpnst2_dedup.bam.bai
    log: test/logs/alignment_processing_mpnst2.log
    jobid: 11
    wildcards: read_id=mpnst2
    resources: tmpdir=/tmp

Activating singularity image /home/jeszyman/sing_containers/biotools.sif
Removing temporary output file test/bam/plex2_dedup_unsort.bam.
[Tue Apr 26 13:26:45 2022]
Finished job 5.
18 of 29 steps (62%) done
Select jobs to execute...

[Tue Apr 26 13:26:45 2022]
rule downsample_bams:
    input: test/bam/plex2_dedup.bam
    output: test/bam/plex2_ds20.bam
    jobid: 14
    wildcards: read_id=plex2, milreads=20
    resources: tmpdir=/tmp

Activating singularity image /home/jeszyman/sing_containers/biotools.sif
Removing temporary output file test/bam/mpnst2_dedup_unsort.bam.
[Tue Apr 26 13:26:45 2022]
Finished job 11.
19 of 29 steps (66%) done
Select jobs to execute...

[Tue Apr 26 13:26:45 2022]
rule downsample_bams:
    input: test/bam/mpnst2_dedup.bam
    output: test/bam/mpnst2_ds20.bam
    jobid: 20
    wildcards: read_id=mpnst2, milreads=20
    resources: tmpdir=/tmp

Activating singularity image /home/jeszyman/sing_containers/biotools.sif
[Tue Apr 26 13:26:46 2022]
Finished job 14.
20 of 29 steps (69%) done
Select jobs to execute...

[Tue Apr 26 13:26:46 2022]
rule fastqc:
    input: test/fastq/plex2_R1.fastq.gz, test/processed-fastq/plex2_proc_R1.fastq.gz
    output: test/qc/plex2_R1_fastqc.html, test/qc/plex2_proc_R1_fastqc.html
    log: test/logs/fastqc_raw_plex2_R1.log, test/logs/fastqc_proc_plex2_R1.log
    jobid: 21
    wildcards: read_id=plex2, read=R1
    resources: tmpdir=/tmp

Activating singularity image /home/jeszyman/sing_containers/biotools.sif
[Tue Apr 26 13:26:46 2022]
Finished job 20.
21 of 29 steps (72%) done
Select jobs to execute...

[Tue Apr 26 13:26:46 2022]
rule fastqc:
    input: test/fastq/plex2_R2.fastq.gz, test/processed-fastq/plex2_proc_R2.fastq.gz
    output: test/qc/plex2_R2_fastqc.html, test/qc/plex2_proc_R2_fastqc.html
    log: test/logs/fastqc_raw_plex2_R2.log, test/logs/fastqc_proc_plex2_R2.log
    jobid: 22
    wildcards: read_id=plex2, read=R2
    resources: tmpdir=/tmp

Activating singularity image /home/jeszyman/sing_containers/biotools.sif
[Tue Apr 26 13:26:47 2022]
Finished job 24.
22 of 29 steps (76%) done
Select jobs to execute...

[Tue Apr 26 13:26:47 2022]
rule fastqc:
    input: test/fastq/mpnst2_R1.fastq.gz, test/processed-fastq/mpnst2_proc_R1.fastq.gz
    output: test/qc/mpnst2_R1_fastqc.html, test/qc/mpnst2_proc_R1_fastqc.html
    log: test/logs/fastqc_raw_mpnst2_R1.log, test/logs/fastqc_proc_mpnst2_R1.log
    jobid: 27
    wildcards: read_id=mpnst2, read=R1
    resources: tmpdir=/tmp

Activating singularity image /home/jeszyman/sing_containers/biotools.sif
[Tue Apr 26 13:26:51 2022]
Finished job 25.
23 of 29 steps (79%) done
Select jobs to execute...

[Tue Apr 26 13:26:51 2022]
rule downsample_bams:
    input: test/bam/plex2_dedup.bam
    output: test/bam/plex2_ds10.bam
    jobid: 13
    wildcards: read_id=plex2, milreads=10
    resources: tmpdir=/tmp

Activating singularity image /home/jeszyman/sing_containers/biotools.sif
[Tue Apr 26 13:26:51 2022]
Finished job 13.
24 of 29 steps (83%) done
Select jobs to execute...

[Tue Apr 26 13:26:51 2022]
rule downsample_bams:
    input: test/bam/mpnst2_dedup.bam
    output: test/bam/mpnst2_ds10.bam
    jobid: 19
    wildcards: read_id=mpnst2, milreads=10
    resources: tmpdir=/tmp

Activating singularity image /home/jeszyman/sing_containers/biotools.sif
[Tue Apr 26 13:26:51 2022]
Finished job 19.
25 of 29 steps (86%) done
[Tue Apr 26 13:26:52 2022]
Finished job 22.
26 of 29 steps (90%) done
[Tue Apr 26 13:26:52 2022]
Finished job 21.
27 of 29 steps (93%) done
[Tue Apr 26 13:26:54 2022]
Finished job 27.
28 of 29 steps (97%) done
Select jobs to execute...

[Tue Apr 26 13:26:54 2022]
localrule all:
    input: test/processed-fastq/plex2_proc_R1.fastq.gz, test/processed-fastq/plex2_proc_R2.fastq.gz, test/processed-fastq/plex1_proc_R1.fastq.gz, test/processed-fastq/plex1_proc_R2.fastq.gz, test/processed-fastq/mpnst1_proc_R1.fastq.gz, test/processed-fastq/mpnst1_proc_R2.fastq.gz, test/processed-fastq/mpnst2_proc_R1.fastq.gz, test/processed-fastq/mpnst2_proc_R2.fastq.gz, test/unpaired-fastq/plex2_unpr_R1.fastq.gz, test/unpaired-fastq/plex1_unpr_R1.fastq.gz, test/unpaired-fastq/mpnst1_unpr_R1.fastq.gz, test/unpaired-fastq/mpnst2_unpr_R1.fastq.gz, test/bam/plex2_dedup.bam, test/bam/plex1_dedup.bam, test/bam/mpnst1_dedup.bam, test/bam/mpnst2_dedup.bam, test/bam/plex2_ds10.bam, test/bam/plex2_ds20.bam, test/bam/plex1_ds10.bam, test/bam/plex1_ds20.bam, test/bam/mpnst1_ds10.bam, test/bam/mpnst1_ds20.bam, test/bam/mpnst2_ds10.bam, test/bam/mpnst2_ds20.bam, test/qc/plex2_R1_fastqc.html, test/qc/plex2_R2_fastqc.html, test/qc/plex1_R1_fastqc.html, test/qc/plex1_R2_fastqc.html, test/qc/mpnst1_R1_fastqc.html, test/qc/mpnst1_R2_fastqc.html, test/qc/mpnst2_R1_fastqc.html, test/qc/mpnst2_R2_fastqc.html, test/qc/plex2_proc_R1_fastqc.html, test/qc/plex2_proc_R2_fastqc.html, test/qc/plex1_proc_R1_fastqc.html, test/qc/plex1_proc_R2_fastqc.html, test/qc/mpnst1_proc_R1_fastqc.html, test/qc/mpnst1_proc_R2_fastqc.html, test/qc/mpnst2_proc_R1_fastqc.html, test/qc/mpnst2_proc_R2_fastqc.html
    jobid: 0
    resources: tmpdir=/tmp

[Tue Apr 26 13:26:54 2022]
Finished job 0.
29 of 29 steps (100%) done
Complete log: /home/jeszyman/repos/cfdna-wgs/.snakemake/log/2022-04-26T132630.395922.snakemake.log
