Building DAG of jobs...
Using shell: /bin/bash
Provided cores: 4
Rules claiming more threads will be scaled down.
Job stats:
job            count    min threads    max threads
-----------  -------  -------------  -------------
all                1              1              1
symlink            8              1              1
trimmomatic        4              1              1
total             13              1              1

Resources before job selection: {'_cores': 4, '_nodes': 9223372036854775807}
Ready jobs (8):
	symlink
	symlink
	symlink
	symlink
	symlink
	symlink
	symlink
	symlink
Select jobs to execute...
Selected jobs (4):
	symlink
	symlink
	symlink
	symlink
Resources after job selection: {'_cores': 0, '_nodes': 9223372036854775803}

[Tue May 31 12:08:37 2022]
rule symlink:
    input: test/inputs/lib001_R2.fastq.gz
    output: test/fastq/raw/lib001_R2.fastq.gz
    jobid: 2
    wildcards: library_id=lib001, read=R2
    resources: tmpdir=/tmp


        ln --force --relative --symbolic test/inputs/lib001_R2.fastq.gz test/fastq/raw/lib001_R2.fastq.gz
        

 singularity  exec --home /home/jeszyman/repos/cfdna-wgs --bind /home/jeszyman:/home/jeszyman --bind /mnt:/mnt --bind /opt/miniconda3/envs/snakemake/lib/python3.9/site-packages:/mnt/snakemake /home/jeszyman/sing_containers/biotools.sif bash -c 'ln --force --relative --symbolic test/inputs/lib001_R2.fastq.gz test/fastq/raw/lib001_R2.fastq.gz'
[Tue May 31 12:08:37 2022]
Activating singularity image /home/jeszyman/sing_containers/biotools.sif
rule symlink:
    input: test/inputs/lib002_R2.fastq.gz
    output: test/fastq/raw/lib002_R2.fastq.gz
    jobid: 4
    wildcards: library_id=lib002, read=R2
    resources: tmpdir=/tmp


        ln --force --relative --symbolic test/inputs/lib002_R2.fastq.gz test/fastq/raw/lib002_R2.fastq.gz
        
 singularity  exec --home /home/jeszyman/repos/cfdna-wgs --bind /home/jeszyman:/home/jeszyman --bind /mnt:/mnt --bind /opt/miniconda3/envs/snakemake/lib/python3.9/site-packages:/mnt/snakemake /home/jeszyman/sing_containers/biotools.sif bash -c 'ln --force --relative --symbolic test/inputs/lib002_R2.fastq.gz test/fastq/raw/lib002_R2.fastq.gz'
Activating singularity image /home/jeszyman/sing_containers/biotools.sif

[Tue May 31 12:08:37 2022]
rule symlink:
    input: test/inputs/lib001_R1.fastq.gz
    output: test/fastq/raw/lib001_R1.fastq.gz
    jobid: 1
    wildcards: library_id=lib001, read=R1
    resources: tmpdir=/tmp


        ln --force --relative --symbolic test/inputs/lib001_R1.fastq.gz test/fastq/raw/lib001_R1.fastq.gz
        
 singularity  exec --home /home/jeszyman/repos/cfdna-wgs --bind /home/jeszyman:/home/jeszyman --bind /mnt:/mnt --bind /opt/miniconda3/envs/snakemake/lib/python3.9/site-packages:/mnt/snakemake /home/jeszyman/sing_containers/biotools.sif bash -c 'ln --force --relative --symbolic test/inputs/lib001_R1.fastq.gz test/fastq/raw/lib001_R1.fastq.gz'
Activating singularity image /home/jeszyman/sing_containers/biotools.sif

[Tue May 31 12:08:37 2022]
rule symlink:
    input: test/inputs/lib004_R1.fastq.gz
    output: test/fastq/raw/lib004_R1.fastq.gz
    jobid: 7
    wildcards: library_id=lib004, read=R1
    resources: tmpdir=/tmp


        ln --force --relative --symbolic test/inputs/lib004_R1.fastq.gz test/fastq/raw/lib004_R1.fastq.gz
        
 singularity  exec --home /home/jeszyman/repos/cfdna-wgs --bind /home/jeszyman:/home/jeszyman --bind /mnt:/mnt --bind /opt/miniconda3/envs/snakemake/lib/python3.9/site-packages:/mnt/snakemake /home/jeszyman/sing_containers/biotools.sif bash -c 'ln --force --relative --symbolic test/inputs/lib004_R1.fastq.gz test/fastq/raw/lib004_R1.fastq.gz'
Activating singularity image /home/jeszyman/sing_containers/biotools.sif
[Tue May 31 12:08:37 2022]
Finished job 2.
1 of 13 steps (8%) done
Resources before job selection: {'_cores': 1, '_nodes': 9223372036854775804}
Ready jobs (4):
	symlink
	symlink
	symlink
	symlink
Select jobs to execute...
Selected jobs (1):
	symlink
Resources after job selection: {'_cores': 0, '_nodes': 9223372036854775803}

[Tue May 31 12:08:37 2022]
rule symlink:
    input: test/inputs/lib004_R2.fastq.gz
    output: test/fastq/raw/lib004_R2.fastq.gz
    jobid: 8
    wildcards: library_id=lib004, read=R2
    resources: tmpdir=/tmp


        ln --force --relative --symbolic test/inputs/lib004_R2.fastq.gz test/fastq/raw/lib004_R2.fastq.gz
        
 singularity  exec --home /home/jeszyman/repos/cfdna-wgs --bind /home/jeszyman:/home/jeszyman --bind /mnt:/mnt --bind /opt/miniconda3/envs/snakemake/lib/python3.9/site-packages:/mnt/snakemake /home/jeszyman/sing_containers/biotools.sif bash -c 'ln --force --relative --symbolic test/inputs/lib004_R2.fastq.gz test/fastq/raw/lib004_R2.fastq.gz'
Activating singularity image /home/jeszyman/sing_containers/biotools.sif
[Tue May 31 12:08:37 2022]
Finished job 4.
2 of 13 steps (15%) done
[Tue May 31 12:08:37 2022]
Finished job 1.
3 of 13 steps (23%) done
Resources before job selection: {'_cores': 2, '_nodes': 9223372036854775805}
Ready jobs (4):
	symlink
	symlink
	symlink
	trimmomatic
Select jobs to execute...
Selected jobs (2):
	symlink
	symlink
Resources after job selection: {'_cores': 0, '_nodes': 9223372036854775803}

[Tue May 31 12:08:37 2022]
rule symlink:
    input: test/inputs/lib003_R1.fastq.gz
    output: test/fastq/raw/lib003_R1.fastq.gz
    jobid: 5
    wildcards: library_id=lib003, read=R1
    resources: tmpdir=/tmp


        ln --force --relative --symbolic test/inputs/lib003_R1.fastq.gz test/fastq/raw/lib003_R1.fastq.gz
        
 singularity  exec --home /home/jeszyman/repos/cfdna-wgs --bind /home/jeszyman:/home/jeszyman --bind /mnt:/mnt --bind /opt/miniconda3/envs/snakemake/lib/python3.9/site-packages:/mnt/snakemake /home/jeszyman/sing_containers/biotools.sif bash -c 'ln --force --relative --symbolic test/inputs/lib003_R1.fastq.gz test/fastq/raw/lib003_R1.fastq.gz'
Activating singularity image /home/jeszyman/sing_containers/biotools.sif

[Tue May 31 12:08:37 2022]
rule symlink:
    input: test/inputs/lib002_R1.fastq.gz
    output: test/fastq/raw/lib002_R1.fastq.gz
    jobid: 3
    wildcards: library_id=lib002, read=R1
    resources: tmpdir=/tmp


        ln --force --relative --symbolic test/inputs/lib002_R1.fastq.gz test/fastq/raw/lib002_R1.fastq.gz
        
Resources before job selection: {'_cores': 0, '_nodes': 9223372036854775803}
Ready jobs (2):
	symlink
	trimmomatic
Select jobs to execute...
Selected jobs (0):
	
Resources after job selection: {'_cores': 0, '_nodes': 9223372036854775803}
 singularity  exec --home /home/jeszyman/repos/cfdna-wgs --bind /home/jeszyman:/home/jeszyman --bind /mnt:/mnt --bind /opt/miniconda3/envs/snakemake/lib/python3.9/site-packages:/mnt/snakemake /home/jeszyman/sing_containers/biotools.sif bash -c 'ln --force --relative --symbolic test/inputs/lib002_R1.fastq.gz test/fastq/raw/lib002_R1.fastq.gz'
Activating singularity image /home/jeszyman/sing_containers/biotools.sif
[Tue May 31 12:08:37 2022]
Finished job 7.
4 of 13 steps (31%) done
Resources before job selection: {'_cores': 1, '_nodes': 9223372036854775804}
Ready jobs (2):
	symlink
	trimmomatic
Select jobs to execute...
Selected jobs (1):
	symlink
Resources after job selection: {'_cores': 0, '_nodes': 9223372036854775803}

[Tue May 31 12:08:37 2022]
rule symlink:
    input: test/inputs/lib003_R2.fastq.gz
    output: test/fastq/raw/lib003_R2.fastq.gz
    jobid: 6
    wildcards: library_id=lib003, read=R2
    resources: tmpdir=/tmp


        ln --force --relative --symbolic test/inputs/lib003_R2.fastq.gz test/fastq/raw/lib003_R2.fastq.gz
        
 singularity  exec --home /home/jeszyman/repos/cfdna-wgs --bind /home/jeszyman:/home/jeszyman --bind /mnt:/mnt --bind /opt/miniconda3/envs/snakemake/lib/python3.9/site-packages:/mnt/snakemake /home/jeszyman/sing_containers/biotools.sif bash -c 'ln --force --relative --symbolic test/inputs/lib003_R2.fastq.gz test/fastq/raw/lib003_R2.fastq.gz'
Activating singularity image /home/jeszyman/sing_containers/biotools.sif
[Tue May 31 12:08:37 2022]
Finished job 8.
5 of 13 steps (38%) done
Resources before job selection: {'_cores': 1, '_nodes': 9223372036854775804}
Ready jobs (2):
	trimmomatic
	trimmomatic
Select jobs to execute...
Selected jobs (1):
	trimmomatic
Resources after job selection: {'_cores': 0, '_nodes': 9223372036854775803}

[Tue May 31 12:08:37 2022]
rule trimmomatic:
    input: test/fastq/raw/lib001_R1.fastq.gz, test/fastq/raw/lib001_R2.fastq.gz
    output: test/fastq/processed/lib001_proc_R1.fastq.gz, test/fastq/unpaired/lib001_unpr_R1.fastq.gz, test/fastq/processed/lib001_proc_R2.fastq.gz, testfastq/unpaired/lib001_unpr_R2.fastq.gz
    log: testlogs/trimmomatic_trimlog_lib001.log, testlogs/trimmomatic_lib001.log
    jobid: 9
    wildcards: read_id=lib001
    resources: tmpdir=/tmp


        trimmomatic PE                     -threads 4                     -trimlog testlogs/trimmomatic_trimlog_lib001.log                     test/fastq/raw/lib001_R1.fastq.gz test/fastq/raw/lib001_R2.fastq.gz                     test/fastq/processed/lib001_proc_R1.fastq.gz test/fastq/unpaired/lib001_unpr_R1.fastq.gz                     test/fastq/processed/lib001_proc_R2.fastq.gz testfastq/unpaired/lib001_unpr_R2.fastq.gz                     ILLUMINACLIP:test/inputs/TruSeq3-PE.fa:2:30:10                     LEADING:10 TRAILING:10 MAXINFO:50:0.97 MINLEN:20 &> testlogs/trimmomatic_lib001.log
        
 singularity  exec --home /home/jeszyman/repos/cfdna-wgs --bind /home/jeszyman:/home/jeszyman --bind /mnt:/mnt --bind /opt/miniconda3/envs/snakemake/lib/python3.9/site-packages:/mnt/snakemake /home/jeszyman/sing_containers/biotools.sif bash -c 'trimmomatic PE                     -threads 4                     -trimlog testlogs/trimmomatic_trimlog_lib001.log                     test/fastq/raw/lib001_R1.fastq.gz test/fastq/raw/lib001_R2.fastq.gz                     test/fastq/processed/lib001_proc_R1.fastq.gz test/fastq/unpaired/lib001_unpr_R1.fastq.gz                     test/fastq/processed/lib001_proc_R2.fastq.gz testfastq/unpaired/lib001_unpr_R2.fastq.gz                     ILLUMINACLIP:test/inputs/TruSeq3-PE.fa:2:30:10                     LEADING:10 TRAILING:10 MAXINFO:50:0.97 MINLEN:20 &> testlogs/trimmomatic_lib001.log'
Activating singularity image /home/jeszyman/sing_containers/biotools.sif
[Tue May 31 12:08:37 2022]
Finished job 5.
6 of 13 steps (46%) done
Resources before job selection: {'_cores': 1, '_nodes': 9223372036854775804}
Ready jobs (1):
	trimmomatic
Select jobs to execute...
Selected jobs (1):
	trimmomatic
Resources after job selection: {'_cores': 0, '_nodes': 9223372036854775803}

[Tue May 31 12:08:37 2022]
rule trimmomatic:
    input: test/fastq/raw/lib004_R1.fastq.gz, test/fastq/raw/lib004_R2.fastq.gz
    output: test/fastq/processed/lib004_proc_R1.fastq.gz, test/fastq/unpaired/lib004_unpr_R1.fastq.gz, test/fastq/processed/lib004_proc_R2.fastq.gz, testfastq/unpaired/lib004_unpr_R2.fastq.gz
    log: testlogs/trimmomatic_trimlog_lib004.log, testlogs/trimmomatic_lib004.log
    jobid: 12
    wildcards: read_id=lib004
    resources: tmpdir=/tmp


        trimmomatic PE                     -threads 4                     -trimlog testlogs/trimmomatic_trimlog_lib004.log                     test/fastq/raw/lib004_R1.fastq.gz test/fastq/raw/lib004_R2.fastq.gz                     test/fastq/processed/lib004_proc_R1.fastq.gz test/fastq/unpaired/lib004_unpr_R1.fastq.gz                     test/fastq/processed/lib004_proc_R2.fastq.gz testfastq/unpaired/lib004_unpr_R2.fastq.gz                     ILLUMINACLIP:test/inputs/TruSeq3-PE.fa:2:30:10                     LEADING:10 TRAILING:10 MAXINFO:50:0.97 MINLEN:20 &> testlogs/trimmomatic_lib004.log
        
 singularity  exec --home /home/jeszyman/repos/cfdna-wgs --bind /home/jeszyman:/home/jeszyman --bind /mnt:/mnt --bind /opt/miniconda3/envs/snakemake/lib/python3.9/site-packages:/mnt/snakemake /home/jeszyman/sing_containers/biotools.sif bash -c 'trimmomatic PE                     -threads 4                     -trimlog testlogs/trimmomatic_trimlog_lib004.log                     test/fastq/raw/lib004_R1.fastq.gz test/fastq/raw/lib004_R2.fastq.gz                     test/fastq/processed/lib004_proc_R1.fastq.gz test/fastq/unpaired/lib004_unpr_R1.fastq.gz                     test/fastq/processed/lib004_proc_R2.fastq.gz testfastq/unpaired/lib004_unpr_R2.fastq.gz                     ILLUMINACLIP:test/inputs/TruSeq3-PE.fa:2:30:10                     LEADING:10 TRAILING:10 MAXINFO:50:0.97 MINLEN:20 &> testlogs/trimmomatic_lib004.log'
Activating singularity image /home/jeszyman/sing_containers/biotools.sif
[Tue May 31 12:08:38 2022]
Finished job 6.
7 of 13 steps (54%) done
[Tue May 31 12:08:38 2022]
Finished job 3.
8 of 13 steps (62%) done
Resources before job selection: {'_cores': 2, '_nodes': 9223372036854775805}
Ready jobs (2):
	trimmomatic
	trimmomatic
Select jobs to execute...
Selected jobs (2):
	trimmomatic
	trimmomatic
Resources after job selection: {'_cores': 0, '_nodes': 9223372036854775803}

[Tue May 31 12:08:38 2022]
rule trimmomatic:
    input: test/fastq/raw/lib003_R1.fastq.gz, test/fastq/raw/lib003_R2.fastq.gz
    output: test/fastq/processed/lib003_proc_R1.fastq.gz, test/fastq/unpaired/lib003_unpr_R1.fastq.gz, test/fastq/processed/lib003_proc_R2.fastq.gz, testfastq/unpaired/lib003_unpr_R2.fastq.gz
    log: testlogs/trimmomatic_trimlog_lib003.log, testlogs/trimmomatic_lib003.log
    jobid: 11
    wildcards: read_id=lib003
    resources: tmpdir=/tmp


        trimmomatic PE                     -threads 4                     -trimlog testlogs/trimmomatic_trimlog_lib003.log                     test/fastq/raw/lib003_R1.fastq.gz test/fastq/raw/lib003_R2.fastq.gz                     test/fastq/processed/lib003_proc_R1.fastq.gz test/fastq/unpaired/lib003_unpr_R1.fastq.gz                     test/fastq/processed/lib003_proc_R2.fastq.gz testfastq/unpaired/lib003_unpr_R2.fastq.gz                     ILLUMINACLIP:test/inputs/TruSeq3-PE.fa:2:30:10                     LEADING:10 TRAILING:10 MAXINFO:50:0.97 MINLEN:20 &> testlogs/trimmomatic_lib003.log
        
 singularity  exec --home /home/jeszyman/repos/cfdna-wgs --bind /home/jeszyman:/home/jeszyman --bind /mnt:/mnt --bind /opt/miniconda3/envs/snakemake/lib/python3.9/site-packages:/mnt/snakemake /home/jeszyman/sing_containers/biotools.sif bash -c 'trimmomatic PE                     -threads 4                     -trimlog testlogs/trimmomatic_trimlog_lib003.log                     test/fastq/raw/lib003_R1.fastq.gz test/fastq/raw/lib003_R2.fastq.gz                     test/fastq/processed/lib003_proc_R1.fastq.gz test/fastq/unpaired/lib003_unpr_R1.fastq.gz                     test/fastq/processed/lib003_proc_R2.fastq.gz testfastq/unpaired/lib003_unpr_R2.fastq.gz                     ILLUMINACLIP:test/inputs/TruSeq3-PE.fa:2:30:10                     LEADING:10 TRAILING:10 MAXINFO:50:0.97 MINLEN:20 &> testlogs/trimmomatic_lib003.log'

Activating singularity image /home/jeszyman/sing_containers/biotools.sif
[Tue May 31 12:08:38 2022]
rule trimmomatic:
    input: test/fastq/raw/lib002_R1.fastq.gz, test/fastq/raw/lib002_R2.fastq.gz
    output: test/fastq/processed/lib002_proc_R1.fastq.gz, test/fastq/unpaired/lib002_unpr_R1.fastq.gz, test/fastq/processed/lib002_proc_R2.fastq.gz, testfastq/unpaired/lib002_unpr_R2.fastq.gz
    log: testlogs/trimmomatic_trimlog_lib002.log, testlogs/trimmomatic_lib002.log
    jobid: 10
    wildcards: read_id=lib002
    resources: tmpdir=/tmp


        trimmomatic PE                     -threads 4                     -trimlog testlogs/trimmomatic_trimlog_lib002.log                     test/fastq/raw/lib002_R1.fastq.gz test/fastq/raw/lib002_R2.fastq.gz                     test/fastq/processed/lib002_proc_R1.fastq.gz test/fastq/unpaired/lib002_unpr_R1.fastq.gz                     test/fastq/processed/lib002_proc_R2.fastq.gz testfastq/unpaired/lib002_unpr_R2.fastq.gz                     ILLUMINACLIP:test/inputs/TruSeq3-PE.fa:2:30:10                     LEADING:10 TRAILING:10 MAXINFO:50:0.97 MINLEN:20 &> testlogs/trimmomatic_lib002.log
        
 singularity  exec --home /home/jeszyman/repos/cfdna-wgs --bind /home/jeszyman:/home/jeszyman --bind /mnt:/mnt --bind /opt/miniconda3/envs/snakemake/lib/python3.9/site-packages:/mnt/snakemake /home/jeszyman/sing_containers/biotools.sif bash -c 'trimmomatic PE                     -threads 4                     -trimlog testlogs/trimmomatic_trimlog_lib002.log                     test/fastq/raw/lib002_R1.fastq.gz test/fastq/raw/lib002_R2.fastq.gz                     test/fastq/processed/lib002_proc_R1.fastq.gz test/fastq/unpaired/lib002_unpr_R1.fastq.gz                     test/fastq/processed/lib002_proc_R2.fastq.gz testfastq/unpaired/lib002_unpr_R2.fastq.gz                     ILLUMINACLIP:test/inputs/TruSeq3-PE.fa:2:30:10                     LEADING:10 TRAILING:10 MAXINFO:50:0.97 MINLEN:20 &> testlogs/trimmomatic_lib002.log'
Activating singularity image /home/jeszyman/sing_containers/biotools.sif
[Tue May 31 12:08:41 2022]
Finished job 9.
9 of 13 steps (69%) done
[Tue May 31 12:08:41 2022]
Finished job 12.
10 of 13 steps (77%) done
[Tue May 31 12:08:41 2022]
Finished job 11.
11 of 13 steps (85%) done
[Tue May 31 12:08:41 2022]
Finished job 10.
12 of 13 steps (92%) done
Resources before job selection: {'_cores': 4, '_nodes': 9223372036854775807}
Ready jobs (1):
	all
Select jobs to execute...
Selected jobs (1):
	all
Resources after job selection: {'_cores': 3, '_nodes': 9223372036854775806}

[Tue May 31 12:08:41 2022]
localrule all:
    input: test/fastq/raw/lib001_R1.fastq.gz, test/fastq/raw/lib001_R2.fastq.gz, test/fastq/raw/lib002_R1.fastq.gz, test/fastq/raw/lib002_R2.fastq.gz, test/fastq/raw/lib003_R1.fastq.gz, test/fastq/raw/lib003_R2.fastq.gz, test/fastq/raw/lib004_R1.fastq.gz, test/fastq/raw/lib004_R2.fastq.gz, test/fastq/processed/lib001_proc_R1.fastq.gz, test/fastq/processed/lib001_proc_R2.fastq.gz, test/fastq/processed/lib002_proc_R1.fastq.gz, test/fastq/processed/lib002_proc_R2.fastq.gz, test/fastq/processed/lib003_proc_R1.fastq.gz, test/fastq/processed/lib003_proc_R2.fastq.gz, test/fastq/processed/lib004_proc_R1.fastq.gz, test/fastq/processed/lib004_proc_R2.fastq.gz, test/fastq/unpaired/lib001_unpr_R1.fastq.gz, test/fastq/unpaired/lib002_unpr_R1.fastq.gz, test/fastq/unpaired/lib003_unpr_R1.fastq.gz, test/fastq/unpaired/lib004_unpr_R1.fastq.gz
    jobid: 0
    resources: tmpdir=/tmp

[Tue May 31 12:08:41 2022]
Finished job 0.
13 of 13 steps (100%) done
Complete log: /home/jeszyman/repos/cfdna-wgs/.snakemake/log/2022-05-31T120836.943387.snakemake.log
unlocking
removing lock
removing lock
removed all locks
