Building DAG of jobs...
Using shell: /bin/bash
Provided cores: 4
Rules claiming more threads will be scaled down.
Job stats:
job                count    min threads    max threads
---------------  -------  -------------  -------------
all                    1              1              1
downsample_bams        8              1              1
total                  9              1              1

Select jobs to execute...

[Tue May  3 11:01:34 2022]
rule downsample_bams:
    input: test/bam/plex2_dedup.bam
    output: test/bam/plex2_ds10.bam
    jobid: 1
    wildcards: read_id=plex2, milreads=10
    resources: tmpdir=/tmp


        cp test/bam/plex2_dedup.bam test/bam/plex2_ds10.bam
        
Activating singularity image /home/jeszyman/sing_containers/biotools.sif

[Tue May  3 11:01:34 2022]
rule downsample_bams:
    input: test/bam/mpnst1_dedup.bam
    output: test/bam/mpnst1_ds10.bam
    jobid: 5
    wildcards: read_id=mpnst1, milreads=10
    resources: tmpdir=/tmp


        cp test/bam/mpnst1_dedup.bam test/bam/mpnst1_ds10.bam
        

[Tue May  3 11:01:34 2022]
rule downsample_bams:
    input: test/bam/plex1_dedup.bam
    output: test/bam/plex1_ds10.bam
    jobid: 3
    wildcards: read_id=plex1, milreads=10
    resources: tmpdir=/tmp

Activating singularity image /home/jeszyman/sing_containers/biotools.sif

        cp test/bam/plex1_dedup.bam test/bam/plex1_ds10.bam
        

[Tue May  3 11:01:34 2022]
Activating singularity image /home/jeszyman/sing_containers/biotools.sif
rule downsample_bams:
    input: test/bam/mpnst2_dedup.bam
    output: test/bam/mpnst2_ds10.bam
    jobid: 7
    wildcards: read_id=mpnst2, milreads=10
    resources: tmpdir=/tmp


        cp test/bam/mpnst2_dedup.bam test/bam/mpnst2_ds10.bam
        
Activating singularity image /home/jeszyman/sing_containers/biotools.sif
[Tue May  3 11:01:35 2022]
Finished job 5.
1 of 9 steps (11%) done
Select jobs to execute...

[Tue May  3 11:01:35 2022]
rule downsample_bams:
    input: test/bam/mpnst2_dedup.bam
    output: test/bam/mpnst2_ds20.bam
    jobid: 8
    wildcards: read_id=mpnst2, milreads=20
    resources: tmpdir=/tmp


        cp test/bam/mpnst2_dedup.bam test/bam/mpnst2_ds20.bam
        
Activating singularity image /home/jeszyman/sing_containers/biotools.sif
[Tue May  3 11:01:35 2022]
Finished job 1.
2 of 9 steps (22%) done
Select jobs to execute...

[Tue May  3 11:01:35 2022]
rule downsample_bams:
    input: test/bam/plex2_dedup.bam
    output: test/bam/plex2_ds20.bam
    jobid: 2
    wildcards: read_id=plex2, milreads=20
    resources: tmpdir=/tmp


        cp test/bam/plex2_dedup.bam test/bam/plex2_ds20.bam
        
Activating singularity image /home/jeszyman/sing_containers/biotools.sif
[Tue May  3 11:01:35 2022]
Finished job 7.
3 of 9 steps (33%) done
[Tue May  3 11:01:35 2022]
Finished job 3.
4 of 9 steps (44%) done
Select jobs to execute...

[Tue May  3 11:01:35 2022]
rule downsample_bams:
    input: test/bam/plex1_dedup.bam
    output: test/bam/plex1_ds20.bam
    jobid: 4
    wildcards: read_id=plex1, milreads=20
    resources: tmpdir=/tmp


        cp test/bam/plex1_dedup.bam test/bam/plex1_ds20.bam
        

[Tue May  3 11:01:35 2022]
rule downsample_bams:
    input: test/bam/mpnst1_dedup.bam
    output: test/bam/mpnst1_ds20.bam
    jobid: 6
    wildcards: read_id=mpnst1, milreads=20
    resources: tmpdir=/tmp


        cp test/bam/mpnst1_dedup.bam test/bam/mpnst1_ds20.bam
        
Activating singularity image /home/jeszyman/sing_containers/biotools.sif
Activating singularity image /home/jeszyman/sing_containers/biotools.sif
[Tue May  3 11:01:35 2022]
Finished job 2.
5 of 9 steps (56%) done
[Tue May  3 11:01:35 2022]
Finished job 8.
6 of 9 steps (67%) done
[Tue May  3 11:01:35 2022]
Finished job 4.
7 of 9 steps (78%) done
[Tue May  3 11:01:35 2022]
Finished job 6.
8 of 9 steps (89%) done
Select jobs to execute...

[Tue May  3 11:01:35 2022]
localrule all:
    input: test/bam/plex2_ds10.bam, test/bam/plex2_ds20.bam, test/bam/plex1_ds10.bam, test/bam/plex1_ds20.bam, test/bam/mpnst1_ds10.bam, test/bam/mpnst1_ds20.bam, test/bam/mpnst2_ds10.bam, test/bam/mpnst2_ds20.bam
    jobid: 0
    resources: tmpdir=/tmp

[Tue May  3 11:01:35 2022]
Finished job 0.
9 of 9 steps (100%) done
Complete log: /home/jeszyman/repos/cfdna-wgs/.snakemake/log/2022-05-03T110134.698928.snakemake.log
