Building DAG of jobs...
Using shell: /bin/bash
Provided cores: 4
Rules claiming more threads will be scaled down.
Job stats:
job                count    min threads    max threads
---------------  -------  -------------  -------------
all                    1              1              1
downsample_bams        4              1              1
total                  5              1              1

Select jobs to execute...

[Wed Apr 13 13:41:59 2022]
rule downsample_bams:
    input: test/bam/lib002_dedup.bam
    output: test/bam/lib002_ds10.bam
    jobid: 18
    wildcards: fq_id=lib002
    resources: tmpdir=/tmp


Activating singularity image /home/jeszyman/sing_containers/biotools.sif
[Wed Apr 13 13:41:59 2022]
rule downsample_bams:
    input: test/bam/lib003_dedup.bam
    output: test/bam/lib003_ds10.bam
    jobid: 19
    wildcards: fq_id=lib003
    resources: tmpdir=/tmp

Activating singularity image /home/jeszyman/sing_containers/biotools.sif

[Wed Apr 13 13:41:59 2022]
rule downsample_bams:
    input: test/bam/lib001_dedup.bam
    output: test/bam/lib001_ds10.bam
    jobid: 17
    wildcards: fq_id=lib001
    resources: tmpdir=/tmp

Activating singularity image /home/jeszyman/sing_containers/biotools.sif

[Wed Apr 13 13:41:59 2022]
rule downsample_bams:
    input: test/bam/lib004_dedup.bam
    output: test/bam/lib004_ds10.bam
    jobid: 20
    wildcards: fq_id=lib004
    resources: tmpdir=/tmp

Activating singularity image /home/jeszyman/sing_containers/biotools.sif
[Wed Apr 13 13:41:59 2022]
Finished job 18.
1 of 5 steps (20%) done
[Wed Apr 13 13:41:59 2022]
Finished job 20.
2 of 5 steps (40%) done
[Wed Apr 13 13:41:59 2022]
Finished job 19.
3 of 5 steps (60%) done
[Wed Apr 13 13:41:59 2022]
Finished job 17.
4 of 5 steps (80%) done
Select jobs to execute...

[Wed Apr 13 13:41:59 2022]
localrule all:
    input: test/processed-fastq/lib001_proc_R1.fastq.gz, test/processed-fastq/lib001_proc_R2.fastq.gz, test/processed-fastq/lib002_proc_R1.fastq.gz, test/processed-fastq/lib002_proc_R2.fastq.gz, test/processed-fastq/lib003_proc_R1.fastq.gz, test/processed-fastq/lib003_proc_R2.fastq.gz, test/processed-fastq/lib004_proc_R1.fastq.gz, test/processed-fastq/lib004_proc_R2.fastq.gz, test/unpaired-fastq/lib001_unpr_R1.fastq.gz, test/unpaired-fastq/lib002_unpr_R1.fastq.gz, test/unpaired-fastq/lib003_unpr_R1.fastq.gz, test/unpaired-fastq/lib004_unpr_R1.fastq.gz, test/bam/lib001_dedup.bam, test/bam/lib002_dedup.bam, test/bam/lib003_dedup.bam, test/bam/lib004_dedup.bam, test/bam/lib001_ds10.bam, test/bam/lib002_ds10.bam, test/bam/lib003_ds10.bam, test/bam/lib004_ds10.bam, test/qc/all_qc.html
    jobid: 0
    resources: tmpdir=/tmp

[Wed Apr 13 13:41:59 2022]
Finished job 0.
5 of 5 steps (100%) done
Complete log: /home/jeszyman/repos/mpnst-preprocessing/.snakemake/log/2022-04-13T134158.385339.snakemake.log
