Building DAG of jobs...
Using shell: /bin/bash
Provided cores: 8
Rules claiming more threads will be scaled down.
Job stats:
job            count    min threads    max threads
-----------  -------  -------------  -------------
align              4              1              1
all                1              1              1
fastqc             8              1              1
rename             4              1              1
trimmomatic        4              1              1
total             21              1              1

Select jobs to execute...

[Tue Apr 12 12:52:41 2022]
rule rename:
    output: test/symlink_fastq/lib001_R1.fastq.gz, test/symlink_fastq/lib001_R2.fastq.gz
    jobid: 2
    wildcards: f=lib001
    resources: tmpdir=/tmp

Activating singularity image /home/jeszyman/sing_containers/biotools.sif

[Tue Apr 12 12:52:41 2022]
rule rename:
    output: test/symlink_fastq/lib002_R1.fastq.gz, test/symlink_fastq/lib002_R2.fastq.gz
    jobid: 4
    wildcards: f=lib002
    resources: tmpdir=/tmp

Activating singularity image /home/jeszyman/sing_containers/biotools.sif

[Tue Apr 12 12:52:41 2022]
rule rename:
    output: test/symlink_fastq/lib003_R1.fastq.gz, test/symlink_fastq/lib003_R2.fastq.gz
    jobid: 6
    wildcards: f=lib003
    resources: tmpdir=/tmp

Activating singularity image /home/jeszyman/sing_containers/biotools.sif

[Tue Apr 12 12:52:41 2022]
rule rename:
    output: test/symlink_fastq/lib004_R1.fastq.gz, test/symlink_fastq/lib004_R2.fastq.gz
    jobid: 8
    wildcards: f=lib004
    resources: tmpdir=/tmp

Activating singularity image /home/jeszyman/sing_containers/biotools.sif
[Tue Apr 12 12:52:41 2022]
Finished job 2.
1 of 21 steps (5%) done
Select jobs to execute...

[Tue Apr 12 12:52:41 2022]
rule trimmomatic:
    input: test/symlink_fastq/lib001_R1.fastq.gz, test/symlink_fastq/lib001_R2.fastq.gz
    output: test/processed-fastq/lib001_proc_R1.fastq.gz, test/unpaired-fastq/lib001_unpr_R1.fastq.gz, test/processed-fastq/lib001_proc_R2.fastq.gz, test/unpaired-fastq/lib001_unpr_R2.fastq.gz
    log: test/logs/trimmomatic_trimlog_lib001.log, test/logs/trimmomatic_lib001.log
    jobid: 1
    wildcards: fq_id=lib001
    resources: tmpdir=/tmp

Activating singularity image /home/jeszyman/sing_containers/biotools.sif
[Tue Apr 12 12:52:41 2022]
Finished job 4.
2 of 21 steps (10%) done
[Tue Apr 12 12:52:41 2022]
Finished job 8.
3 of 21 steps (14%) done
[Tue Apr 12 12:52:41 2022]
Finished job 6.
4 of 21 steps (19%) done
Select jobs to execute...

[Tue Apr 12 12:52:41 2022]
rule trimmomatic:
    input: test/symlink_fastq/lib002_R1.fastq.gz, test/symlink_fastq/lib002_R2.fastq.gz
    output: test/processed-fastq/lib002_proc_R1.fastq.gz, test/unpaired-fastq/lib002_unpr_R1.fastq.gz, test/processed-fastq/lib002_proc_R2.fastq.gz, test/unpaired-fastq/lib002_unpr_R2.fastq.gz
    log: test/logs/trimmomatic_trimlog_lib002.log, test/logs/trimmomatic_lib002.log
    jobid: 3
    wildcards: fq_id=lib002
    resources: tmpdir=/tmp

Activating singularity image /home/jeszyman/sing_containers/biotools.sif

[Tue Apr 12 12:52:41 2022]
rule trimmomatic:
    input: test/symlink_fastq/lib003_R1.fastq.gz, test/symlink_fastq/lib003_R2.fastq.gz
    output: test/processed-fastq/lib003_proc_R1.fastq.gz, test/unpaired-fastq/lib003_unpr_R1.fastq.gz, test/processed-fastq/lib003_proc_R2.fastq.gz, test/unpaired-fastq/lib003_unpr_R2.fastq.gz
    log: test/logs/trimmomatic_trimlog_lib003.log, test/logs/trimmomatic_lib003.log
    jobid: 5
    wildcards: fq_id=lib003
    resources: tmpdir=/tmp

Activating singularity image /home/jeszyman/sing_containers/biotools.sif

[Tue Apr 12 12:52:41 2022]
rule trimmomatic:
    input: test/symlink_fastq/lib004_R1.fastq.gz, test/symlink_fastq/lib004_R2.fastq.gz
    output: test/processed-fastq/lib004_proc_R1.fastq.gz, test/unpaired-fastq/lib004_unpr_R1.fastq.gz, test/processed-fastq/lib004_proc_R2.fastq.gz, test/unpaired-fastq/lib004_unpr_R2.fastq.gz
    log: test/logs/trimmomatic_trimlog_lib004.log, test/logs/trimmomatic_lib004.log
    jobid: 7
    wildcards: fq_id=lib004
    resources: tmpdir=/tmp

Activating singularity image /home/jeszyman/sing_containers/biotools.sif
[Tue Apr 12 12:52:44 2022]
Finished job 1.
5 of 21 steps (24%) done
Select jobs to execute...

[Tue Apr 12 12:52:44 2022]
rule fastqc:
    input: test/symlink_fastq/lib001_R2.fastq.gz, test/processed-fastq/lib001_proc_R2.fastq.gz
    output: test/qc/lib001_R2_fastqc.html, test/qc/lib001_proc_R2_fastqc.html
    log: test/logs/fastqc_raw_lib001_R2.log, test/logs/fastqc_proc_lib001_R2.log
    jobid: 10
    wildcards: read_id=lib001, read=R2
    resources: tmpdir=/tmp

Activating singularity image /home/jeszyman/sing_containers/biotools.sif

[Tue Apr 12 12:52:44 2022]
rule fastqc:
    input: test/symlink_fastq/lib001_R1.fastq.gz, test/processed-fastq/lib001_proc_R1.fastq.gz
    output: test/qc/lib001_R1_fastqc.html, test/qc/lib001_proc_R1_fastqc.html
    log: test/logs/fastqc_raw_lib001_R1.log, test/logs/fastqc_proc_lib001_R1.log
    jobid: 9
    wildcards: read_id=lib001, read=R1
    resources: tmpdir=/tmp


Activating singularity image /home/jeszyman/sing_containers/biotools.sif
[Tue Apr 12 12:52:44 2022]
rule align:
    input: test/processed-fastq/lib001_proc_R1.fastq.gz, test/processed-fastq/lib001_proc_R2.fastq.gz
    output: test/bam/lib001.sam
    log: test/logs/align_lib001.log
    jobid: 17
    wildcards: fq_id=lib001
    resources: tmpdir=/tmp

Activating singularity image /home/jeszyman/sing_containers/biotools.sif
[Tue Apr 12 12:52:45 2022]
Finished job 7.
6 of 21 steps (29%) done
Select jobs to execute...

[Tue Apr 12 12:52:45 2022]
rule fastqc:
    input: test/symlink_fastq/lib004_R2.fastq.gz, test/processed-fastq/lib004_proc_R2.fastq.gz
    output: test/qc/lib004_R2_fastqc.html, test/qc/lib004_proc_R2_fastqc.html
    log: test/logs/fastqc_raw_lib004_R2.log, test/logs/fastqc_proc_lib004_R2.log
    jobid: 16
    wildcards: read_id=lib004, read=R2
    resources: tmpdir=/tmp

Activating singularity image /home/jeszyman/sing_containers/biotools.sif

[Tue Apr 12 12:52:45 2022]
rule fastqc:
    input: test/symlink_fastq/lib004_R1.fastq.gz, test/processed-fastq/lib004_proc_R1.fastq.gz
    output: test/qc/lib004_R1_fastqc.html, test/qc/lib004_proc_R1_fastqc.html
    log: test/logs/fastqc_raw_lib004_R1.log, test/logs/fastqc_proc_lib004_R1.log
    jobid: 15
    wildcards: read_id=lib004, read=R1
    resources: tmpdir=/tmp


[Tue Apr 12 12:52:45 2022]
rule align:
    input: test/processed-fastq/lib004_proc_R1.fastq.gz, test/processed-fastq/lib004_proc_R2.fastq.gz
    output: test/bam/lib004.sam
    log: test/logs/align_lib004.log
    jobid: 20
    wildcards: fq_id=lib004
    resources: tmpdir=/tmp

Activating singularity image /home/jeszyman/sing_containers/biotools.sif
Activating singularity image /home/jeszyman/sing_containers/biotools.sif
[Tue Apr 12 12:52:45 2022]
Finished job 5.
7 of 21 steps (33%) done
Select jobs to execute...
[Tue Apr 12 12:52:45 2022]
Finished job 3.
8 of 21 steps (38%) done

[Tue Apr 12 12:52:45 2022]
rule align:
    input: test/processed-fastq/lib003_proc_R1.fastq.gz, test/processed-fastq/lib003_proc_R2.fastq.gz
    output: test/bam/lib003.sam
    log: test/logs/align_lib003.log
    jobid: 19
    wildcards: fq_id=lib003
    resources: tmpdir=/tmp

Select jobs to execute...
Activating singularity image /home/jeszyman/sing_containers/biotools.sif

[Tue Apr 12 12:52:45 2022]
rule fastqc:
    input: test/symlink_fastq/lib003_R2.fastq.gz, test/processed-fastq/lib003_proc_R2.fastq.gz
    output: test/qc/lib003_R2_fastqc.html, test/qc/lib003_proc_R2_fastqc.html
    log: test/logs/fastqc_raw_lib003_R2.log, test/logs/fastqc_proc_lib003_R2.log
    jobid: 14
    wildcards: read_id=lib003, read=R2
    resources: tmpdir=/tmp

Activating singularity image /home/jeszyman/sing_containers/biotools.sif
[Tue Apr 12 12:52:47 2022]
Finished job 20.
9 of 21 steps (43%) done
Select jobs to execute...

[Tue Apr 12 12:52:47 2022]
rule align:
    input: test/processed-fastq/lib002_proc_R1.fastq.gz, test/processed-fastq/lib002_proc_R2.fastq.gz
    output: test/bam/lib002.sam
    log: test/logs/align_lib002.log
    jobid: 18
    wildcards: fq_id=lib002
    resources: tmpdir=/tmp

Activating singularity image /home/jeszyman/sing_containers/biotools.sif
[Tue Apr 12 12:52:48 2022]
Finished job 19.
10 of 21 steps (48%) done
Select jobs to execute...

[Tue Apr 12 12:52:48 2022]
rule fastqc:
    input: test/symlink_fastq/lib002_R1.fastq.gz, test/processed-fastq/lib002_proc_R1.fastq.gz
    output: test/qc/lib002_R1_fastqc.html, test/qc/lib002_proc_R1_fastqc.html
    log: test/logs/fastqc_raw_lib002_R1.log, test/logs/fastqc_proc_lib002_R1.log
    jobid: 11
    wildcards: read_id=lib002, read=R1
    resources: tmpdir=/tmp

Activating singularity image /home/jeszyman/sing_containers/biotools.sif
[Tue Apr 12 12:52:48 2022]
Finished job 17.
11 of 21 steps (52%) done
Select jobs to execute...

[Tue Apr 12 12:52:48 2022]
rule fastqc:
    input: test/symlink_fastq/lib002_R2.fastq.gz, test/processed-fastq/lib002_proc_R2.fastq.gz
    output: test/qc/lib002_R2_fastqc.html, test/qc/lib002_proc_R2_fastqc.html
    log: test/logs/fastqc_raw_lib002_R2.log, test/logs/fastqc_proc_lib002_R2.log
    jobid: 12
    wildcards: read_id=lib002, read=R2
    resources: tmpdir=/tmp

Activating singularity image /home/jeszyman/sing_containers/biotools.sif
[Tue Apr 12 12:52:49 2022]
Finished job 18.
12 of 21 steps (57%) done
Select jobs to execute...

[Tue Apr 12 12:52:49 2022]
rule fastqc:
    input: test/symlink_fastq/lib003_R1.fastq.gz, test/processed-fastq/lib003_proc_R1.fastq.gz
    output: test/qc/lib003_R1_fastqc.html, test/qc/lib003_proc_R1_fastqc.html
    log: test/logs/fastqc_raw_lib003_R1.log, test/logs/fastqc_proc_lib003_R1.log
    jobid: 13
    wildcards: read_id=lib003, read=R1
    resources: tmpdir=/tmp

Activating singularity image /home/jeszyman/sing_containers/biotools.sif
[Tue Apr 12 12:52:54 2022]
Finished job 9.
13 of 21 steps (62%) done
[Tue Apr 12 12:52:55 2022]
Finished job 10.
14 of 21 steps (67%) done
[Tue Apr 12 12:52:55 2022]
Finished job 16.
15 of 21 steps (71%) done
[Tue Apr 12 12:52:56 2022]
Finished job 15.
16 of 21 steps (76%) done
[Tue Apr 12 12:52:56 2022]
Finished job 14.
17 of 21 steps (81%) done
[Tue Apr 12 12:52:57 2022]
Finished job 11.
18 of 21 steps (86%) done
[Tue Apr 12 12:52:57 2022]
Finished job 12.
19 of 21 steps (90%) done
[Tue Apr 12 12:52:58 2022]
Finished job 13.
20 of 21 steps (95%) done
Select jobs to execute...

[Tue Apr 12 12:52:58 2022]
localrule all:
    input: test/processed-fastq/lib001_proc_R1.fastq.gz, test/processed-fastq/lib001_proc_R2.fastq.gz, test/processed-fastq/lib002_proc_R1.fastq.gz, test/processed-fastq/lib002_proc_R2.fastq.gz, test/processed-fastq/lib003_proc_R1.fastq.gz, test/processed-fastq/lib003_proc_R2.fastq.gz, test/processed-fastq/lib004_proc_R1.fastq.gz, test/processed-fastq/lib004_proc_R2.fastq.gz, test/unpaired-fastq/lib001_unpr_R1.fastq.gz, test/unpaired-fastq/lib002_unpr_R1.fastq.gz, test/unpaired-fastq/lib003_unpr_R1.fastq.gz, test/unpaired-fastq/lib004_unpr_R1.fastq.gz, test/qc/lib001_R1_fastqc.html, test/qc/lib001_R2_fastqc.html, test/qc/lib002_R1_fastqc.html, test/qc/lib002_R2_fastqc.html, test/qc/lib003_R1_fastqc.html, test/qc/lib003_R2_fastqc.html, test/qc/lib004_R1_fastqc.html, test/qc/lib004_R2_fastqc.html, test/qc/lib001_proc_R1_fastqc.html, test/qc/lib001_proc_R2_fastqc.html, test/qc/lib002_proc_R1_fastqc.html, test/qc/lib002_proc_R2_fastqc.html, test/qc/lib003_proc_R1_fastqc.html, test/qc/lib003_proc_R2_fastqc.html, test/qc/lib004_proc_R1_fastqc.html, test/qc/lib004_proc_R2_fastqc.html, test/bam/lib001.sam, test/bam/lib002.sam, test/bam/lib003.sam, test/bam/lib004.sam
    jobid: 0
    resources: tmpdir=/tmp

[Tue Apr 12 12:52:58 2022]
Finished job 0.
21 of 21 steps (100%) done
Complete log: /home/jeszyman/repos/mpnst-preprocessing/.snakemake/log/2022-04-12T125241.117471.snakemake.log
