Building DAG of jobs...
Forcing incomplete files:
	test/qc/lib002_R1_fastqc.html
	test/qc/lib002_proc_R1_fastqc.html
Using shell: /bin/bash
Provided cores: 4
Rules claiming more threads will be scaled down.
Job stats:
job                           count    min threads    max threads
--------------------------  -------  -------------  -------------
all                               1              1              1
fastqc                            1              1              1
multiqc                           1              1              1
picard_collect_wgs_metrics        4              1              1
total                             7              1              1

Resources before job selection: {'_cores': 4, '_nodes': 9223372036854775807}
Ready jobs (5):
	picard_collect_wgs_metrics
	fastqc
	picard_collect_wgs_metrics
	picard_collect_wgs_metrics
	picard_collect_wgs_metrics
Select jobs to execute...
Selected jobs (4):
	picard_collect_wgs_metrics
	picard_collect_wgs_metrics
	fastqc
	picard_collect_wgs_metrics
Resources after job selection: {'_cores': 0, '_nodes': 9223372036854775803}

[Tue Jun  7 09:44:47 2022]
rule picard_collect_wgs_metrics:
    input: test/bam/lib003_dedup.bam
    output: test/qc/lib003_collect_wgs_metrics.txt
    jobid: 31
    wildcards: library_id=lib003
    resources: tmpdir=/tmp


        workflow/scripts/CollectWgsMetrics_wrapper.sh test/bam/lib003_dedup.bam test/inputs/chr8.fa test/qc/lib003_collect_wgs_metrics.txt
        
 singularity  exec --home /home/jeszyman/repos/cfdna-wgs --bind /home/jeszyman:/home/jeszyman --bind /mnt:/mnt /home/jeszyman/sing_containers/biotools.sif bash -c 'set -euo pipefail;  
        workflow/scripts/CollectWgsMetrics_wrapper.sh test/bam/lib003_dedup.bam test/inputs/chr8.fa test/qc/lib003_collect_wgs_metrics.txt'

Activating singularity image /home/jeszyman/sing_containers/biotools.sif
[Tue Jun  7 09:44:47 2022]
rule picard_collect_wgs_metrics:
    input: test/bam/lib004_dedup.bam
    output: test/qc/lib004_collect_wgs_metrics.txt
    jobid: 32
    wildcards: library_id=lib004
    resources: tmpdir=/tmp


        workflow/scripts/CollectWgsMetrics_wrapper.sh test/bam/lib004_dedup.bam test/inputs/chr8.fa test/qc/lib004_collect_wgs_metrics.txt
        
 singularity  exec --home /home/jeszyman/repos/cfdna-wgs --bind /home/jeszyman:/home/jeszyman --bind /mnt:/mnt /home/jeszyman/sing_containers/biotools.sif bash -c 'set -euo pipefail;  
        workflow/scripts/CollectWgsMetrics_wrapper.sh test/bam/lib004_dedup.bam test/inputs/chr8.fa test/qc/lib004_collect_wgs_metrics.txt'
Activating singularity image /home/jeszyman/sing_containers/biotools.sif

[Tue Jun  7 09:44:47 2022]
rule fastqc:
    input: test/fastq/raw/lib002_R1.fastq.gz, test/fastq/processed/lib002_proc_R1.fastq.gz
    output: test/qc/lib002_R1_fastqc.html, test/qc/lib002_proc_R1_fastqc.html
    log: test/logs/fastqc_raw_lib002_R1.log, test/logs/fastqc_proc_lib002_R1.log
    jobid: 19
    wildcards: read_id=lib002, read=R1
    resources: tmpdir=/tmp


        fastqc --outdir test/qc         --quiet         --threads 4 test/fastq/raw/lib002_R1.fastq.gz &> test/logs/fastqc_raw_lib002_R1.log test/logs/fastqc_proc_lib002_R1.log
        fastqc --outdir test/qc         --quiet         --threads 4 test/fastq/processed/lib002_proc_R1.fastq.gz &> test/logs/fastqc_raw_lib002_R1.log test/logs/fastqc_proc_lib002_R1.log
        

 singularity  exec --home /home/jeszyman/repos/cfdna-wgs --bind /home/jeszyman:/home/jeszyman --bind /mnt:/mnt /home/jeszyman/sing_containers/biotools.sif bash -c 'set -euo pipefail;  
        fastqc --outdir test/qc         --quiet         --threads 4 test/fastq/raw/lib002_R1.fastq.gz &> test/logs/fastqc_raw_lib002_R1.log test/logs/fastqc_proc_lib002_R1.log
        fastqc --outdir test/qc         --quiet         --threads 4 test/fastq/processed/lib002_proc_R1.fastq.gz &> test/logs/fastqc_raw_lib002_R1.log test/logs/fastqc_proc_lib002_R1.log'
[Tue Jun  7 09:44:47 2022]
Activating singularity image /home/jeszyman/sing_containers/biotools.sif
rule picard_collect_wgs_metrics:
    input: test/bam/lib001_dedup.bam
    output: test/qc/lib001_collect_wgs_metrics.txt
    jobid: 29
    wildcards: library_id=lib001
    resources: tmpdir=/tmp


        workflow/scripts/CollectWgsMetrics_wrapper.sh test/bam/lib001_dedup.bam test/inputs/chr8.fa test/qc/lib001_collect_wgs_metrics.txt
        
 singularity  exec --home /home/jeszyman/repos/cfdna-wgs --bind /home/jeszyman:/home/jeszyman --bind /mnt:/mnt /home/jeszyman/sing_containers/biotools.sif bash -c 'set -euo pipefail;  
        workflow/scripts/CollectWgsMetrics_wrapper.sh test/bam/lib001_dedup.bam test/inputs/chr8.fa test/qc/lib001_collect_wgs_metrics.txt'
Activating singularity image /home/jeszyman/sing_containers/biotools.sif
[Tue Jun  7 09:44:54 2022]
Finished job 19.
1 of 7 steps (14%) done
Resources before job selection: {'_cores': 1, '_nodes': 9223372036854775804}
Ready jobs (2):
	multiqc
	picard_collect_wgs_metrics
Select jobs to execute...
Selected jobs (1):
	multiqc
Resources after job selection: {'_cores': 0, '_nodes': 9223372036854775803}

[Tue Jun  7 09:44:54 2022]
rule multiqc:
    input: test/qc/lib001_R1_fastqc.html, test/qc/lib001_R2_fastqc.html, test/qc/lib002_R1_fastqc.html, test/qc/lib002_R2_fastqc.html, test/qc/lib003_R1_fastqc.html, test/qc/lib003_R2_fastqc.html, test/qc/lib004_R1_fastqc.html, test/qc/lib004_R2_fastqc.html, test/qc/lib001_proc_R1_fastqc.html, test/qc/lib001_proc_R2_fastqc.html, test/qc/lib002_proc_R1_fastqc.html, test/qc/lib002_proc_R2_fastqc.html, test/qc/lib003_proc_R1_fastqc.html, test/qc/lib003_proc_R2_fastqc.html, test/qc/lib004_proc_R1_fastqc.html, test/qc/lib004_proc_R2_fastqc.html, test/qc/lib001_dedup_samstats.txt, test/qc/lib001_raw_samstats.txt, test/qc/lib002_dedup_samstats.txt, test/qc/lib002_raw_samstats.txt, test/qc/lib003_dedup_samstats.txt, test/qc/lib003_raw_samstats.txt, test/qc/lib004_dedup_samstats.txt, test/qc/lib004_raw_samstats.txt, test/qc/lib001_dedup_flagstat.txt, test/qc/lib001_raw_flagstat.txt, test/qc/lib002_dedup_flagstat.txt, test/qc/lib002_raw_flagstat.txt, test/qc/lib003_dedup_flagstat.txt, test/qc/lib003_raw_flagstat.txt, test/qc/lib004_dedup_flagstat.txt, test/qc/lib004_raw_flagstat.txt
    output: test/qc/all_qc.html
    jobid: 49
    resources: tmpdir=/tmp


        multiqc test/qc         --force         --outdir test/qc         --filename all_qc
        
 singularity  exec --home /home/jeszyman/repos/cfdna-wgs --bind /home/jeszyman:/home/jeszyman --bind /mnt:/mnt /home/jeszyman/sing_containers/biotools.sif bash -c 'set -euo pipefail;  
        multiqc test/qc         --force         --outdir test/qc         --filename all_qc'
Activating singularity image /home/jeszyman/sing_containers/biotools.sif
[Tue Jun  7 09:45:00 2022]
Finished job 49.
2 of 7 steps (29%) done
Resources before job selection: {'_cores': 1, '_nodes': 9223372036854775804}
Ready jobs (1):
	picard_collect_wgs_metrics
Select jobs to execute...
Using greedy selector because only single job has to be scheduled.
Selected jobs (1):
	picard_collect_wgs_metrics
Resources after job selection: {'_cores': 0, '_nodes': 9223372036854775803}

[Tue Jun  7 09:45:00 2022]
rule picard_collect_wgs_metrics:
    input: test/bam/lib002_dedup.bam
    output: test/qc/lib002_collect_wgs_metrics.txt
    jobid: 30
    wildcards: library_id=lib002
    resources: tmpdir=/tmp


        workflow/scripts/CollectWgsMetrics_wrapper.sh test/bam/lib002_dedup.bam test/inputs/chr8.fa test/qc/lib002_collect_wgs_metrics.txt
        
 singularity  exec --home /home/jeszyman/repos/cfdna-wgs --bind /home/jeszyman:/home/jeszyman --bind /mnt:/mnt /home/jeszyman/sing_containers/biotools.sif bash -c 'set -euo pipefail;  
        workflow/scripts/CollectWgsMetrics_wrapper.sh test/bam/lib002_dedup.bam test/inputs/chr8.fa test/qc/lib002_collect_wgs_metrics.txt'
Activating singularity image /home/jeszyman/sing_containers/biotools.sif
[Tue Jun  7 09:45:01 2022]
Finished job 29.
3 of 7 steps (43%) done
[Tue Jun  7 09:45:02 2022]
Finished job 31.
4 of 7 steps (57%) done
[Tue Jun  7 09:45:03 2022]
Finished job 32.
5 of 7 steps (71%) done
[Tue Jun  7 09:45:12 2022]
Finished job 30.
6 of 7 steps (86%) done
Resources before job selection: {'_cores': 4, '_nodes': 9223372036854775807}
Ready jobs (1):
	all
Select jobs to execute...
Using greedy selector because only single job has to be scheduled.
Selected jobs (1):
	all
Resources after job selection: {'_cores': 3, '_nodes': 9223372036854775806}

[Tue Jun  7 09:45:12 2022]
localrule all:
    input: test/fastq/raw/lib001_R1.fastq.gz, test/fastq/raw/lib001_R2.fastq.gz, test/fastq/raw/lib002_R1.fastq.gz, test/fastq/raw/lib002_R2.fastq.gz, test/fastq/raw/lib003_R1.fastq.gz, test/fastq/raw/lib003_R2.fastq.gz, test/fastq/raw/lib004_R1.fastq.gz, test/fastq/raw/lib004_R2.fastq.gz, test/fastq/processed/lib001_proc_R1.fastq.gz, test/fastq/processed/lib001_proc_R2.fastq.gz, test/fastq/processed/lib002_proc_R1.fastq.gz, test/fastq/processed/lib002_proc_R2.fastq.gz, test/fastq/processed/lib003_proc_R1.fastq.gz, test/fastq/processed/lib003_proc_R2.fastq.gz, test/fastq/processed/lib004_proc_R1.fastq.gz, test/fastq/processed/lib004_proc_R2.fastq.gz, test/fastq/unpaired/lib001_unpr_R1.fastq.gz, test/fastq/unpaired/lib002_unpr_R1.fastq.gz, test/fastq/unpaired/lib003_unpr_R1.fastq.gz, test/fastq/unpaired/lib004_unpr_R1.fastq.gz, test/bam/lib001.sam, test/bam/lib002.sam, test/bam/lib003.sam, test/bam/lib004.sam, test/qc/lib001_R1_fastqc.html, test/qc/lib001_R2_fastqc.html, test/qc/lib002_R1_fastqc.html, test/qc/lib002_R2_fastqc.html, test/qc/lib003_R1_fastqc.html, test/qc/lib003_R2_fastqc.html, test/qc/lib004_R1_fastqc.html, test/qc/lib004_R2_fastqc.html, test/qc/lib001_proc_R1_fastqc.html, test/qc/lib001_proc_R2_fastqc.html, test/qc/lib002_proc_R1_fastqc.html, test/qc/lib002_proc_R2_fastqc.html, test/qc/lib003_proc_R1_fastqc.html, test/qc/lib003_proc_R2_fastqc.html, test/qc/lib004_proc_R1_fastqc.html, test/qc/lib004_proc_R2_fastqc.html, test/bam/lib001_dedup.bam, test/bam/lib002_dedup.bam, test/bam/lib003_dedup.bam, test/bam/lib004_dedup.bam, test/qc/lib001_collect_wgs_metrics.txt, test/qc/lib002_collect_wgs_metrics.txt, test/qc/lib003_collect_wgs_metrics.txt, test/qc/lib004_collect_wgs_metrics.txt, test/bam/lib001_dedup.bam.bai, test/bam/lib002_dedup.bam.bai, test/bam/lib003_dedup.bam.bai, test/bam/lib004_dedup.bam.bai, test/qc/lib001_dedup_samstats.txt, test/qc/lib001_raw_samstats.txt, test/qc/lib002_dedup_samstats.txt, test/qc/lib002_raw_samstats.txt, test/qc/lib003_dedup_samstats.txt, test/qc/lib003_raw_samstats.txt, test/qc/lib004_dedup_samstats.txt, test/qc/lib004_raw_samstats.txt, test/qc/lib001_dedup_flagstat.txt, test/qc/lib001_raw_flagstat.txt, test/qc/lib002_dedup_flagstat.txt, test/qc/lib002_raw_flagstat.txt, test/qc/lib003_dedup_flagstat.txt, test/qc/lib003_raw_flagstat.txt, test/qc/lib004_dedup_flagstat.txt, test/qc/lib004_raw_flagstat.txt, test/bam/lib001_ds10.bam, test/bam/lib001_ds20.bam, test/bam/lib002_ds10.bam, test/bam/lib002_ds20.bam, test/bam/lib003_ds10.bam, test/bam/lib003_ds20.bam, test/bam/lib004_ds10.bam, test/bam/lib004_ds20.bam, test/qc/all_qc.html
    jobid: 0
    resources: tmpdir=/tmp

[Tue Jun  7 09:45:12 2022]
Finished job 0.
7 of 7 steps (100%) done
Complete log: /home/jeszyman/repos/cfdna-wgs/.snakemake/log/2022-06-07T094447.007944.snakemake.log
unlocking
removing lock
removing lock
removed all locks
