Building DAG of jobs...
Using shell: /bin/bash
Provided cores: 4
Rules claiming more threads will be scaled down.
Job stats:
job        count    min threads    max threads
-------  -------  -------------  -------------
all            1              1              1
multiqc        1              1              1
total          2              1              1

Select jobs to execute...

[Wed Apr 13 12:51:04 2022]
rule multiqc:
    input: test/qc
    output: test/qc/bam_qc
    jobid: 33
    resources: tmpdir=/tmp

Activating singularity image /home/jeszyman/sing_containers/biotools.sif
Waiting at most 5 seconds for missing files.
MissingOutputException in line 248 of /home/jeszyman/repos/mpnst-preprocessing/workflow/read_preprocess.smk:
Job Missing files after 5 seconds:
test/qc/bam_qc
This might be due to filesystem latency. If that is the case, consider to increase the wait time with --latency-wait.
Job id: 33 completed successfully, but some output files are missing. 33
Shutting down, this might take some time.
Exiting because a job execution failed. Look above for error message
Complete log: /home/jeszyman/repos/mpnst-preprocessing/.snakemake/log/2022-04-13T125104.277382.snakemake.log
