Building DAG of jobs...
Using shell: /bin/bash
Provided cores: 4
Rules claiming more threads will be scaled down.
Job stats:
job      count    min threads    max threads
-----  -------  -------------  -------------
all          1              1              1
test         2              1              1
total        3              1              1

Select jobs to execute...

[Tue Apr 12 08:48:04 2022]
rule test:
    output: banana.txt
    jobid: 2
    wildcards: f=banana
    resources: tmpdir=/tmp


[Tue Apr 12 08:48:04 2022]
rule test:
    output: apple.txt
    jobid: 1
    wildcards: f=apple
    resources: tmpdir=/tmp

[Tue Apr 12 08:48:04 2022]
Finished job 2.
1 of 3 steps (33%) done
[Tue Apr 12 08:48:04 2022]
Finished job 1.
2 of 3 steps (67%) done
Select jobs to execute...

[Tue Apr 12 08:48:04 2022]
localrule all:
    input: apple.txt, banana.txt
    jobid: 0
    resources: tmpdir=/tmp

Removing temporary output file apple.txt.
Removing temporary output file banana.txt.
[Tue Apr 12 08:48:04 2022]
Finished job 0.
3 of 3 steps (100%) done
Complete log: /home/jeszyman/repos/mpnst-preprocessing/.snakemake/log/2022-04-12T084803.971919.snakemake.log
