Building DAG of jobs...
Using shell: /bin/bash
Provided cores: 4
Rules claiming more threads will be scaled down.
Job stats:
job                     count    min threads    max threads
--------------------  -------  -------------  -------------
align                       4              1              1
alignment_processing        4              1              1
all                         1              1              1
downsample_bams             8              1              1
trimmomatic                 4              1              1
total                      21              1              1

Select jobs to execute...

[Tue Apr 26 13:19:24 2022]
rule trimmomatic:
    input: test/fastq/plex1_R1.fastq.gz, test/fastq/plex1_R2.fastq.gz
    output: test/processed-fastq/plex1_proc_R1.fastq.gz, test/unpaired-fastq/plex1_unpr_R1.fastq.gz, test/processed-fastq/plex1_proc_R2.fastq.gz, test/unpaired-fastq/plex1_unpr_R2.fastq.gz
    log: test/logs/trimmomatic_trimlog_plex1.log, test/logs/trimmomatic_plex1.log
    jobid: 2
    wildcards: fq_id=plex1
    resources: tmpdir=/tmp

Activating singularity image /home/jeszyman/sing_containers/biotools.sif

[Tue Apr 26 13:19:24 2022]
rule trimmomatic:
    input: test/fastq/mpnst1_R1.fastq.gz, test/fastq/mpnst1_R2.fastq.gz
    output: test/processed-fastq/mpnst1_proc_R1.fastq.gz, test/unpaired-fastq/mpnst1_unpr_R1.fastq.gz, test/processed-fastq/mpnst1_proc_R2.fastq.gz, test/unpaired-fastq/mpnst1_unpr_R2.fastq.gz
    log: test/logs/trimmomatic_trimlog_mpnst1.log, test/logs/trimmomatic_mpnst1.log
    jobid: 3
    wildcards: fq_id=mpnst1
    resources: tmpdir=/tmp

Activating singularity image /home/jeszyman/sing_containers/biotools.sif

[Tue Apr 26 13:19:24 2022]
rule trimmomatic:
    input: test/fastq/plex2_R1.fastq.gz, test/fastq/plex2_R2.fastq.gz
    output: test/processed-fastq/plex2_proc_R1.fastq.gz, test/unpaired-fastq/plex2_unpr_R1.fastq.gz, test/processed-fastq/plex2_proc_R2.fastq.gz, test/unpaired-fastq/plex2_unpr_R2.fastq.gz
    log: test/logs/trimmomatic_trimlog_plex2.log, test/logs/trimmomatic_plex2.log
    jobid: 1
    wildcards: fq_id=plex2
    resources: tmpdir=/tmp

Activating singularity image /home/jeszyman/sing_containers/biotools.sif

[Tue Apr 26 13:19:24 2022]
rule trimmomatic:
    input: test/fastq/mpnst2_R1.fastq.gz, test/fastq/mpnst2_R2.fastq.gz
    output: test/processed-fastq/mpnst2_proc_R1.fastq.gz, test/unpaired-fastq/mpnst2_unpr_R1.fastq.gz, test/processed-fastq/mpnst2_proc_R2.fastq.gz, test/unpaired-fastq/mpnst2_unpr_R2.fastq.gz
    log: test/logs/trimmomatic_trimlog_mpnst2.log, test/logs/trimmomatic_mpnst2.log
    jobid: 4
    wildcards: fq_id=mpnst2
    resources: tmpdir=/tmp

Activating singularity image /home/jeszyman/sing_containers/biotools.sif
[Tue Apr 26 13:19:28 2022]
Finished job 3.
1 of 21 steps (5%) done
Select jobs to execute...

[Tue Apr 26 13:19:28 2022]
rule align:
    input: test/processed-fastq/mpnst1_proc_R1.fastq.gz, test/processed-fastq/mpnst1_proc_R2.fastq.gz
    output: test/bam/mpnst1.sam
    log: test/logs/align_mpnst1.log
    jobid: 10
    wildcards: fq_id=mpnst1
    resources: tmpdir=/tmp

Activating singularity image /home/jeszyman/sing_containers/biotools.sif
[Tue Apr 26 13:19:28 2022]
Finished job 1.
2 of 21 steps (10%) done
Select jobs to execute...

[Tue Apr 26 13:19:28 2022]
rule align:
    input: test/processed-fastq/plex2_proc_R1.fastq.gz, test/processed-fastq/plex2_proc_R2.fastq.gz
    output: test/bam/plex2.sam
    log: test/logs/align_plex2.log
    jobid: 6
    wildcards: fq_id=plex2
    resources: tmpdir=/tmp

Activating singularity image /home/jeszyman/sing_containers/biotools.sif
[Tue Apr 26 13:19:28 2022]
Finished job 4.
3 of 21 steps (14%) done
Select jobs to execute...

[Tue Apr 26 13:19:28 2022]
rule align:
    input: test/processed-fastq/mpnst2_proc_R1.fastq.gz, test/processed-fastq/mpnst2_proc_R2.fastq.gz
    output: test/bam/mpnst2.sam
    log: test/logs/align_mpnst2.log
    jobid: 12
    wildcards: fq_id=mpnst2
    resources: tmpdir=/tmp

Activating singularity image /home/jeszyman/sing_containers/biotools.sif
[Tue Apr 26 13:19:28 2022]
Finished job 2.
4 of 21 steps (19%) done
Select jobs to execute...

[Tue Apr 26 13:19:28 2022]
rule align:
    input: test/processed-fastq/plex1_proc_R1.fastq.gz, test/processed-fastq/plex1_proc_R2.fastq.gz
    output: test/bam/plex1.sam
    log: test/logs/align_plex1.log
    jobid: 8
    wildcards: fq_id=plex1
    resources: tmpdir=/tmp

Activating singularity image /home/jeszyman/sing_containers/biotools.sif
[Tue Apr 26 13:19:30 2022]
Finished job 12.
5 of 21 steps (24%) done
Select jobs to execute...

[Tue Apr 26 13:19:30 2022]
rule alignment_processing:
    input: test/bam/mpnst2.sam
    output: test/bam/mpnst2_raw.bam, test/bam/mpnst2_dedup_unsort.bam, test/bam/mpnst2_dedup.bam, test/bam/mpnst2_dedup.bam.bai
    log: test/logs/alignment_processing_mpnst2.log
    jobid: 11
    wildcards: fq_id=mpnst2
    resources: tmpdir=/tmp

Activating singularity image /home/jeszyman/sing_containers/biotools.sif
[Tue Apr 26 13:19:30 2022]
Finished job 6.
6 of 21 steps (29%) done
Select jobs to execute...

[Tue Apr 26 13:19:30 2022]
rule alignment_processing:
    input: test/bam/plex2.sam
    output: test/bam/plex2_raw.bam, test/bam/plex2_dedup_unsort.bam, test/bam/plex2_dedup.bam, test/bam/plex2_dedup.bam.bai
    log: test/logs/alignment_processing_plex2.log
    jobid: 5
    wildcards: fq_id=plex2
    resources: tmpdir=/tmp

Activating singularity image /home/jeszyman/sing_containers/biotools.sif
[Tue Apr 26 13:19:30 2022]
Finished job 8.
7 of 21 steps (33%) done
Select jobs to execute...

[Tue Apr 26 13:19:30 2022]
rule alignment_processing:
    input: test/bam/plex1.sam
    output: test/bam/plex1_raw.bam, test/bam/plex1_dedup_unsort.bam, test/bam/plex1_dedup.bam, test/bam/plex1_dedup.bam.bai
    log: test/logs/alignment_processing_plex1.log
    jobid: 7
    wildcards: fq_id=plex1
    resources: tmpdir=/tmp

Activating singularity image /home/jeszyman/sing_containers/biotools.sif
[Tue Apr 26 13:19:30 2022]
Finished job 10.
8 of 21 steps (38%) done
Select jobs to execute...

[Tue Apr 26 13:19:30 2022]
rule alignment_processing:
    input: test/bam/mpnst1.sam
    output: test/bam/mpnst1_raw.bam, test/bam/mpnst1_dedup_unsort.bam, test/bam/mpnst1_dedup.bam, test/bam/mpnst1_dedup.bam.bai
    log: test/logs/alignment_processing_mpnst1.log
    jobid: 9
    wildcards: fq_id=mpnst1
    resources: tmpdir=/tmp

Activating singularity image /home/jeszyman/sing_containers/biotools.sif
Removing temporary output file test/bam/mpnst2_dedup_unsort.bam.
[Tue Apr 26 13:19:31 2022]
Finished job 11.
9 of 21 steps (43%) done
Select jobs to execute...

[Tue Apr 26 13:19:31 2022]
rule downsample_bams:
    input: test/bam/mpnst2_dedup.bam
    output: test/bam/mpnst2_ds10.bam
    jobid: 19
    wildcards: fq_id=mpnst2, milreads=10
    resources: tmpdir=/tmp

Activating singularity image /home/jeszyman/sing_containers/biotools.sif
Removing temporary output file test/bam/plex2_dedup_unsort.bam.
[Tue Apr 26 13:19:32 2022]
Finished job 5.
10 of 21 steps (48%) done
Select jobs to execute...

[Tue Apr 26 13:19:32 2022]
rule downsample_bams:
    input: test/bam/plex2_dedup.bam
    output: test/bam/plex2_ds20.bam
    jobid: 14
    wildcards: fq_id=plex2, milreads=20
    resources: tmpdir=/tmp

Activating singularity image /home/jeszyman/sing_containers/biotools.sif
Removing temporary output file test/bam/plex1_dedup_unsort.bam.
[Tue Apr 26 13:19:32 2022]
Finished job 7.
11 of 21 steps (52%) done
Select jobs to execute...

[Tue Apr 26 13:19:32 2022]
rule downsample_bams:
    input: test/bam/plex1_dedup.bam
    output: test/bam/plex1_ds10.bam
    jobid: 15
    wildcards: fq_id=plex1, milreads=10
    resources: tmpdir=/tmp

Activating singularity image /home/jeszyman/sing_containers/biotools.sif
[Tue Apr 26 13:19:32 2022]
Finished job 19.
12 of 21 steps (57%) done
Select jobs to execute...

[Tue Apr 26 13:19:32 2022]
rule downsample_bams:
    input: test/bam/plex2_dedup.bam
    output: test/bam/plex2_ds10.bam
    jobid: 13
    wildcards: fq_id=plex2, milreads=10
    resources: tmpdir=/tmp

Activating singularity image /home/jeszyman/sing_containers/biotools.sif
Removing temporary output file test/bam/mpnst1_dedup_unsort.bam.
[Tue Apr 26 13:19:32 2022]
Finished job 9.
13 of 21 steps (62%) done
Select jobs to execute...

[Tue Apr 26 13:19:32 2022]
rule downsample_bams:
    input: test/bam/mpnst1_dedup.bam
    output: test/bam/mpnst1_ds10.bam
    jobid: 17
    wildcards: fq_id=mpnst1, milreads=10
    resources: tmpdir=/tmp

Activating singularity image /home/jeszyman/sing_containers/biotools.sif
[Tue Apr 26 13:19:32 2022]
Finished job 14.
14 of 21 steps (67%) done
Select jobs to execute...

[Tue Apr 26 13:19:32 2022]
rule downsample_bams:
    input: test/bam/plex1_dedup.bam
    output: test/bam/plex1_ds20.bam
    jobid: 16
    wildcards: fq_id=plex1, milreads=20
    resources: tmpdir=/tmp

Activating singularity image /home/jeszyman/sing_containers/biotools.sif
[Tue Apr 26 13:19:32 2022]
Finished job 13.
15 of 21 steps (71%) done
[Tue Apr 26 13:19:32 2022]
Finished job 15.
16 of 21 steps (76%) done
Select jobs to execute...

[Tue Apr 26 13:19:32 2022]
rule downsample_bams:
    input: test/bam/mpnst2_dedup.bam
    output: test/bam/mpnst2_ds20.bam
    jobid: 20
    wildcards: fq_id=mpnst2, milreads=20
    resources: tmpdir=/tmp


Activating singularity image /home/jeszyman/sing_containers/biotools.sif
[Tue Apr 26 13:19:32 2022]
rule downsample_bams:
    input: test/bam/mpnst1_dedup.bam
    output: test/bam/mpnst1_ds20.bam
    jobid: 18
    wildcards: fq_id=mpnst1, milreads=20
    resources: tmpdir=/tmp

Activating singularity image /home/jeszyman/sing_containers/biotools.sif
[Tue Apr 26 13:19:32 2022]
Finished job 17.
17 of 21 steps (81%) done
[Tue Apr 26 13:19:33 2022]
Finished job 16.
18 of 21 steps (86%) done
[Tue Apr 26 13:19:33 2022]
Finished job 18.
19 of 21 steps (90%) done
[Tue Apr 26 13:19:33 2022]
Finished job 20.
20 of 21 steps (95%) done
Select jobs to execute...

[Tue Apr 26 13:19:33 2022]
localrule all:
    input: test/processed-fastq/plex2_proc_R1.fastq.gz, test/processed-fastq/plex2_proc_R2.fastq.gz, test/processed-fastq/plex1_proc_R1.fastq.gz, test/processed-fastq/plex1_proc_R2.fastq.gz, test/processed-fastq/mpnst1_proc_R1.fastq.gz, test/processed-fastq/mpnst1_proc_R2.fastq.gz, test/processed-fastq/mpnst2_proc_R1.fastq.gz, test/processed-fastq/mpnst2_proc_R2.fastq.gz, test/unpaired-fastq/plex2_unpr_R1.fastq.gz, test/unpaired-fastq/plex1_unpr_R1.fastq.gz, test/unpaired-fastq/mpnst1_unpr_R1.fastq.gz, test/unpaired-fastq/mpnst2_unpr_R1.fastq.gz, test/bam/plex2_dedup.bam, test/bam/plex1_dedup.bam, test/bam/mpnst1_dedup.bam, test/bam/mpnst2_dedup.bam, test/bam/plex2_ds10.bam, test/bam/plex2_ds20.bam, test/bam/plex1_ds10.bam, test/bam/plex1_ds20.bam, test/bam/mpnst1_ds10.bam, test/bam/mpnst1_ds20.bam, test/bam/mpnst2_ds10.bam, test/bam/mpnst2_ds20.bam
    jobid: 0
    resources: tmpdir=/tmp

[Tue Apr 26 13:19:33 2022]
Finished job 0.
21 of 21 steps (100%) done
Complete log: /home/jeszyman/repos/cfdna-wgs/.snakemake/log/2022-04-26T131924.051540.snakemake.log
