Building DAG of jobs...
Using shell: /bin/bash
Provided cores: 4
Rules claiming more threads will be scaled down.
Job stats:
job      count    min threads    max threads
-----  -------  -------------  -------------
all          1              1              1
test         2              1              1
total        3              1              1

Select jobs to execute...

[Tue Apr 12 08:52:15 2022]
rule test:
    output: test/tmp2/banana.txt
    jobid: 2
    wildcards: f=banana
    resources: tmpdir=/tmp


[Tue Apr 12 08:52:15 2022]
rule test:
    output: test/tmp2/apple.txt
    jobid: 1
    wildcards: f=apple
    resources: tmpdir=/tmp

Waiting at most 5 seconds for missing files.
MissingOutputException in line 10 of /home/jeszyman/repos/mpnst-preprocessing/workflow/test.smk:
Job Missing files after 5 seconds:
test/tmp2/apple.txt
This might be due to filesystem latency. If that is the case, consider to increase the wait time with --latency-wait.
Job id: 1 completed successfully, but some output files are missing. 1
Waiting at most 5 seconds for missing files.
MissingOutputException in line 10 of /home/jeszyman/repos/mpnst-preprocessing/workflow/test.smk:
Job Missing files after 5 seconds:
test/tmp2/banana.txt
This might be due to filesystem latency. If that is the case, consider to increase the wait time with --latency-wait.
Job id: 2 completed successfully, but some output files are missing. 2
Shutting down, this might take some time.
Exiting because a job execution failed. Look above for error message
Complete log: /home/jeszyman/repos/mpnst-preprocessing/.snakemake/log/2022-04-12T085215.348590.snakemake.log
