Building DAG of jobs...
Using shell: /bin/bash
Provided cores: 8
Rules claiming more threads will be scaled down.
Job stats:
job       count    min threads    max threads
------  -------  -------------  -------------
all           1              1              1
rename        4              1              1
total         5              1              1

Select jobs to execute...

[Tue Apr 12 11:46:17 2022]
rule rename:
    output: test/symlink_fastq/mpnst1_R1.fastq.gz
    jobid: 1
    wildcards: f=mpnst1
    resources: tmpdir=/tmp

InputFunctionException in line 14 of /home/jeszyman/repos/mpnst-preprocessing/workflow/read_qc.smk:
Error:
  KeyError: 'mpnst1'
Wildcards:
  f=mpnst1
Traceback:
  File "/home/jeszyman/repos/mpnst-preprocessing/workflow/read_qc.smk", line 16, in <lambda>
