Building DAG of jobs...
Job stats:
job                     count    min threads    max threads
--------------------  -------  -------------  -------------
align                       4              1              1
alignment_processing        4              1              1
alignment_qc                8              1              1
all                         1              1              1
downsample_bams             8              1              1
fastqc                      8              1              1
multiqc                     1              1              1
trimmomatic                 4              1              1
total                      38              1              1


[Wed May  4 08:14:47 2022]
rule trimmomatic:
    input: test/fastq/plex2_R1.fastq.gz, test/fastq/plex2_R2.fastq.gz
    output: test/processed-fastq/plex2_proc_R1.fastq.gz, test/unpaired-fastq/plex2_unpr_R1.fastq.gz, test/processed-fastq/plex2_proc_R2.fastq.gz, test/unpaired-fastq/plex2_unpr_R2.fastq.gz
    log: test/logs/trimmomatic_trimlog_plex2.log, test/logs/trimmomatic_plex2.log
    jobid: 1
    wildcards: read_id=plex2
    resources: tmpdir=/tmp


        trimmomatic PE                     -threads 4                     -trimlog test/logs/trimmomatic_trimlog_plex2.log                     test/fastq/plex2_R1.fastq.gz test/fastq/plex2_R2.fastq.gz                     test/processed-fastq/plex2_proc_R1.fastq.gz test/unpaired-fastq/plex2_unpr_R1.fastq.gz                     test/processed-fastq/plex2_proc_R2.fastq.gz test/unpaired-fastq/plex2_unpr_R2.fastq.gz                     ILLUMINACLIP:test/inputs/TruSeq3-PE.fa:2:30:10                     LEADING:10 TRAILING:10 MAXINFO:50:0.97 MINLEN:20 &> test/logs/trimmomatic_plex2.log
        

[Wed May  4 08:14:47 2022]
rule trimmomatic:
    input: test/fastq/mpnst1_R1.fastq.gz, test/fastq/mpnst1_R2.fastq.gz
    output: test/processed-fastq/mpnst1_proc_R1.fastq.gz, test/unpaired-fastq/mpnst1_unpr_R1.fastq.gz, test/processed-fastq/mpnst1_proc_R2.fastq.gz, test/unpaired-fastq/mpnst1_unpr_R2.fastq.gz
    log: test/logs/trimmomatic_trimlog_mpnst1.log, test/logs/trimmomatic_mpnst1.log
    jobid: 3
    wildcards: read_id=mpnst1
    resources: tmpdir=/tmp


        trimmomatic PE                     -threads 4                     -trimlog test/logs/trimmomatic_trimlog_mpnst1.log                     test/fastq/mpnst1_R1.fastq.gz test/fastq/mpnst1_R2.fastq.gz                     test/processed-fastq/mpnst1_proc_R1.fastq.gz test/unpaired-fastq/mpnst1_unpr_R1.fastq.gz                     test/processed-fastq/mpnst1_proc_R2.fastq.gz test/unpaired-fastq/mpnst1_unpr_R2.fastq.gz                     ILLUMINACLIP:test/inputs/TruSeq3-PE.fa:2:30:10                     LEADING:10 TRAILING:10 MAXINFO:50:0.97 MINLEN:20 &> test/logs/trimmomatic_mpnst1.log
        

[Wed May  4 08:14:47 2022]
rule trimmomatic:
    input: test/fastq/mpnst2_R1.fastq.gz, test/fastq/mpnst2_R2.fastq.gz
    output: test/processed-fastq/mpnst2_proc_R1.fastq.gz, test/unpaired-fastq/mpnst2_unpr_R1.fastq.gz, test/processed-fastq/mpnst2_proc_R2.fastq.gz, test/unpaired-fastq/mpnst2_unpr_R2.fastq.gz
    log: test/logs/trimmomatic_trimlog_mpnst2.log, test/logs/trimmomatic_mpnst2.log
    jobid: 4
    wildcards: read_id=mpnst2
    resources: tmpdir=/tmp


        trimmomatic PE                     -threads 4                     -trimlog test/logs/trimmomatic_trimlog_mpnst2.log                     test/fastq/mpnst2_R1.fastq.gz test/fastq/mpnst2_R2.fastq.gz                     test/processed-fastq/mpnst2_proc_R1.fastq.gz test/unpaired-fastq/mpnst2_unpr_R1.fastq.gz                     test/processed-fastq/mpnst2_proc_R2.fastq.gz test/unpaired-fastq/mpnst2_unpr_R2.fastq.gz                     ILLUMINACLIP:test/inputs/TruSeq3-PE.fa:2:30:10                     LEADING:10 TRAILING:10 MAXINFO:50:0.97 MINLEN:20 &> test/logs/trimmomatic_mpnst2.log
        

[Wed May  4 08:14:47 2022]
rule trimmomatic:
    input: test/fastq/plex1_R1.fastq.gz, test/fastq/plex1_R2.fastq.gz
    output: test/processed-fastq/plex1_proc_R1.fastq.gz, test/unpaired-fastq/plex1_unpr_R1.fastq.gz, test/processed-fastq/plex1_proc_R2.fastq.gz, test/unpaired-fastq/plex1_unpr_R2.fastq.gz
    log: test/logs/trimmomatic_trimlog_plex1.log, test/logs/trimmomatic_plex1.log
    jobid: 2
    wildcards: read_id=plex1
    resources: tmpdir=/tmp


        trimmomatic PE                     -threads 4                     -trimlog test/logs/trimmomatic_trimlog_plex1.log                     test/fastq/plex1_R1.fastq.gz test/fastq/plex1_R2.fastq.gz                     test/processed-fastq/plex1_proc_R1.fastq.gz test/unpaired-fastq/plex1_unpr_R1.fastq.gz                     test/processed-fastq/plex1_proc_R2.fastq.gz test/unpaired-fastq/plex1_unpr_R2.fastq.gz                     ILLUMINACLIP:test/inputs/TruSeq3-PE.fa:2:30:10                     LEADING:10 TRAILING:10 MAXINFO:50:0.97 MINLEN:20 &> test/logs/trimmomatic_plex1.log
        

[Wed May  4 08:14:47 2022]
rule fastqc:
    input: test/fastq/plex2_R1.fastq.gz, test/processed-fastq/plex2_proc_R1.fastq.gz
    output: test/qc/plex2_R1_fastqc.html, test/qc/plex2_proc_R1_fastqc.html
    log: test/logs/fastqc_raw_plex2_R1.log, test/logs/fastqc_proc_plex2_R1.log
    jobid: 9
    wildcards: read_id=plex2, read=R1
    resources: tmpdir=/tmp


        fastqc --outdir test/qc         --quiet         --threads 4 test/fastq/plex2_R1.fastq.gz &> test/logs/fastqc_raw_plex2_R1.log test/logs/fastqc_proc_plex2_R1.log
        fastqc --outdir test/qc         --quiet         --threads 4 test/processed-fastq/plex2_proc_R1.fastq.gz &> test/logs/fastqc_raw_plex2_R1.log test/logs/fastqc_proc_plex2_R1.log
        

[Wed May  4 08:14:47 2022]
rule fastqc:
    input: test/fastq/mpnst1_R1.fastq.gz, test/processed-fastq/mpnst1_proc_R1.fastq.gz
    output: test/qc/mpnst1_R1_fastqc.html, test/qc/mpnst1_proc_R1_fastqc.html
    log: test/logs/fastqc_raw_mpnst1_R1.log, test/logs/fastqc_proc_mpnst1_R1.log
    jobid: 13
    wildcards: read_id=mpnst1, read=R1
    resources: tmpdir=/tmp


        fastqc --outdir test/qc         --quiet         --threads 4 test/fastq/mpnst1_R1.fastq.gz &> test/logs/fastqc_raw_mpnst1_R1.log test/logs/fastqc_proc_mpnst1_R1.log
        fastqc --outdir test/qc         --quiet         --threads 4 test/processed-fastq/mpnst1_proc_R1.fastq.gz &> test/logs/fastqc_raw_mpnst1_R1.log test/logs/fastqc_proc_mpnst1_R1.log
        

[Wed May  4 08:14:47 2022]
rule align:
    input: test/processed-fastq/mpnst2_proc_R1.fastq.gz, test/processed-fastq/mpnst2_proc_R2.fastq.gz
    output: test/bam/mpnst2.sam
    log: test/logs/align_mpnst2.log
    jobid: 8
    wildcards: read_id=mpnst2
    resources: tmpdir=/tmp


        bwa mem -M -t 4 test/ref/chr8 test/processed-fastq/mpnst2_proc_R1.fastq.gz test/processed-fastq/mpnst2_proc_R2.fastq.gz > test/bam/mpnst2.sam
	

[Wed May  4 08:14:47 2022]
rule fastqc:
    input: test/fastq/mpnst2_R1.fastq.gz, test/processed-fastq/mpnst2_proc_R1.fastq.gz
    output: test/qc/mpnst2_R1_fastqc.html, test/qc/mpnst2_proc_R1_fastqc.html
    log: test/logs/fastqc_raw_mpnst2_R1.log, test/logs/fastqc_proc_mpnst2_R1.log
    jobid: 15
    wildcards: read_id=mpnst2, read=R1
    resources: tmpdir=/tmp


        fastqc --outdir test/qc         --quiet         --threads 4 test/fastq/mpnst2_R1.fastq.gz &> test/logs/fastqc_raw_mpnst2_R1.log test/logs/fastqc_proc_mpnst2_R1.log
        fastqc --outdir test/qc         --quiet         --threads 4 test/processed-fastq/mpnst2_proc_R1.fastq.gz &> test/logs/fastqc_raw_mpnst2_R1.log test/logs/fastqc_proc_mpnst2_R1.log
        

[Wed May  4 08:14:47 2022]
rule align:
    input: test/processed-fastq/plex1_proc_R1.fastq.gz, test/processed-fastq/plex1_proc_R2.fastq.gz
    output: test/bam/plex1.sam
    log: test/logs/align_plex1.log
    jobid: 6
    wildcards: read_id=plex1
    resources: tmpdir=/tmp


        bwa mem -M -t 4 test/ref/chr8 test/processed-fastq/plex1_proc_R1.fastq.gz test/processed-fastq/plex1_proc_R2.fastq.gz > test/bam/plex1.sam
	

[Wed May  4 08:14:47 2022]
rule fastqc:
    input: test/fastq/plex1_R1.fastq.gz, test/processed-fastq/plex1_proc_R1.fastq.gz
    output: test/qc/plex1_R1_fastqc.html, test/qc/plex1_proc_R1_fastqc.html
    log: test/logs/fastqc_raw_plex1_R1.log, test/logs/fastqc_proc_plex1_R1.log
    jobid: 11
    wildcards: read_id=plex1, read=R1
    resources: tmpdir=/tmp


        fastqc --outdir test/qc         --quiet         --threads 4 test/fastq/plex1_R1.fastq.gz &> test/logs/fastqc_raw_plex1_R1.log test/logs/fastqc_proc_plex1_R1.log
        fastqc --outdir test/qc         --quiet         --threads 4 test/processed-fastq/plex1_proc_R1.fastq.gz &> test/logs/fastqc_raw_plex1_R1.log test/logs/fastqc_proc_plex1_R1.log
        

[Wed May  4 08:14:47 2022]
rule fastqc:
    input: test/fastq/plex2_R2.fastq.gz, test/processed-fastq/plex2_proc_R2.fastq.gz
    output: test/qc/plex2_R2_fastqc.html, test/qc/plex2_proc_R2_fastqc.html
    log: test/logs/fastqc_raw_plex2_R2.log, test/logs/fastqc_proc_plex2_R2.log
    jobid: 10
    wildcards: read_id=plex2, read=R2
    resources: tmpdir=/tmp


        fastqc --outdir test/qc         --quiet         --threads 4 test/fastq/plex2_R2.fastq.gz &> test/logs/fastqc_raw_plex2_R2.log test/logs/fastqc_proc_plex2_R2.log
        fastqc --outdir test/qc         --quiet         --threads 4 test/processed-fastq/plex2_proc_R2.fastq.gz &> test/logs/fastqc_raw_plex2_R2.log test/logs/fastqc_proc_plex2_R2.log
        

[Wed May  4 08:14:47 2022]
rule align:
    input: test/processed-fastq/plex2_proc_R1.fastq.gz, test/processed-fastq/plex2_proc_R2.fastq.gz
    output: test/bam/plex2.sam
    log: test/logs/align_plex2.log
    jobid: 5
    wildcards: read_id=plex2
    resources: tmpdir=/tmp


        bwa mem -M -t 4 test/ref/chr8 test/processed-fastq/plex2_proc_R1.fastq.gz test/processed-fastq/plex2_proc_R2.fastq.gz > test/bam/plex2.sam
	

[Wed May  4 08:14:47 2022]
rule align:
    input: test/processed-fastq/mpnst1_proc_R1.fastq.gz, test/processed-fastq/mpnst1_proc_R2.fastq.gz
    output: test/bam/mpnst1.sam
    log: test/logs/align_mpnst1.log
    jobid: 7
    wildcards: read_id=mpnst1
    resources: tmpdir=/tmp


        bwa mem -M -t 4 test/ref/chr8 test/processed-fastq/mpnst1_proc_R1.fastq.gz test/processed-fastq/mpnst1_proc_R2.fastq.gz > test/bam/mpnst1.sam
	

[Wed May  4 08:14:47 2022]
rule fastqc:
    input: test/fastq/mpnst1_R2.fastq.gz, test/processed-fastq/mpnst1_proc_R2.fastq.gz
    output: test/qc/mpnst1_R2_fastqc.html, test/qc/mpnst1_proc_R2_fastqc.html
    log: test/logs/fastqc_raw_mpnst1_R2.log, test/logs/fastqc_proc_mpnst1_R2.log
    jobid: 14
    wildcards: read_id=mpnst1, read=R2
    resources: tmpdir=/tmp


        fastqc --outdir test/qc         --quiet         --threads 4 test/fastq/mpnst1_R2.fastq.gz &> test/logs/fastqc_raw_mpnst1_R2.log test/logs/fastqc_proc_mpnst1_R2.log
        fastqc --outdir test/qc         --quiet         --threads 4 test/processed-fastq/mpnst1_proc_R2.fastq.gz &> test/logs/fastqc_raw_mpnst1_R2.log test/logs/fastqc_proc_mpnst1_R2.log
        

[Wed May  4 08:14:47 2022]
rule fastqc:
    input: test/fastq/mpnst2_R2.fastq.gz, test/processed-fastq/mpnst2_proc_R2.fastq.gz
    output: test/qc/mpnst2_R2_fastqc.html, test/qc/mpnst2_proc_R2_fastqc.html
    log: test/logs/fastqc_raw_mpnst2_R2.log, test/logs/fastqc_proc_mpnst2_R2.log
    jobid: 16
    wildcards: read_id=mpnst2, read=R2
    resources: tmpdir=/tmp


        fastqc --outdir test/qc         --quiet         --threads 4 test/fastq/mpnst2_R2.fastq.gz &> test/logs/fastqc_raw_mpnst2_R2.log test/logs/fastqc_proc_mpnst2_R2.log
        fastqc --outdir test/qc         --quiet         --threads 4 test/processed-fastq/mpnst2_proc_R2.fastq.gz &> test/logs/fastqc_raw_mpnst2_R2.log test/logs/fastqc_proc_mpnst2_R2.log
        

[Wed May  4 08:14:47 2022]
rule fastqc:
    input: test/fastq/plex1_R2.fastq.gz, test/processed-fastq/plex1_proc_R2.fastq.gz
    output: test/qc/plex1_R2_fastqc.html, test/qc/plex1_proc_R2_fastqc.html
    log: test/logs/fastqc_raw_plex1_R2.log, test/logs/fastqc_proc_plex1_R2.log
    jobid: 12
    wildcards: read_id=plex1, read=R2
    resources: tmpdir=/tmp


        fastqc --outdir test/qc         --quiet         --threads 4 test/fastq/plex1_R2.fastq.gz &> test/logs/fastqc_raw_plex1_R2.log test/logs/fastqc_proc_plex1_R2.log
        fastqc --outdir test/qc         --quiet         --threads 4 test/processed-fastq/plex1_proc_R2.fastq.gz &> test/logs/fastqc_raw_plex1_R2.log test/logs/fastqc_proc_plex1_R2.log
        

[Wed May  4 08:14:47 2022]
rule alignment_processing:
    input: test/bam/plex1.sam
    output: test/bam/plex1_raw.bam, test/bam/plex1_dedup_unsort.bam, test/bam/plex1_dedup.bam, test/bam/plex1_dedup.bam.bai
    log: test/logs/alignment_processing_plex1.log
    jobid: 18
    wildcards: read_id=plex1
    resources: tmpdir=/tmp


        sambamba view -t 4 -S -f bam test/bam/plex1.sam > test/bam/plex1_raw.bam
        sambamba markdup -r -t 4 test/bam/plex1_raw.bam test/bam/plex1_dedup_unsort.bam
        sambamba sort -t 4 test/bam/plex1_dedup_unsort.bam -o test/bam/plex1_dedup.bam
        sambamba index -t 4 test/bam/plex1_dedup.bam
        

[Wed May  4 08:14:47 2022]
rule alignment_processing:
    input: test/bam/mpnst1.sam
    output: test/bam/mpnst1_raw.bam, test/bam/mpnst1_dedup_unsort.bam, test/bam/mpnst1_dedup.bam, test/bam/mpnst1_dedup.bam.bai
    log: test/logs/alignment_processing_mpnst1.log
    jobid: 19
    wildcards: read_id=mpnst1
    resources: tmpdir=/tmp


        sambamba view -t 4 -S -f bam test/bam/mpnst1.sam > test/bam/mpnst1_raw.bam
        sambamba markdup -r -t 4 test/bam/mpnst1_raw.bam test/bam/mpnst1_dedup_unsort.bam
        sambamba sort -t 4 test/bam/mpnst1_dedup_unsort.bam -o test/bam/mpnst1_dedup.bam
        sambamba index -t 4 test/bam/mpnst1_dedup.bam
        

[Wed May  4 08:14:47 2022]
rule alignment_processing:
    input: test/bam/mpnst2.sam
    output: test/bam/mpnst2_raw.bam, test/bam/mpnst2_dedup_unsort.bam, test/bam/mpnst2_dedup.bam, test/bam/mpnst2_dedup.bam.bai
    log: test/logs/alignment_processing_mpnst2.log
    jobid: 20
    wildcards: read_id=mpnst2
    resources: tmpdir=/tmp


        sambamba view -t 4 -S -f bam test/bam/mpnst2.sam > test/bam/mpnst2_raw.bam
        sambamba markdup -r -t 4 test/bam/mpnst2_raw.bam test/bam/mpnst2_dedup_unsort.bam
        sambamba sort -t 4 test/bam/mpnst2_dedup_unsort.bam -o test/bam/mpnst2_dedup.bam
        sambamba index -t 4 test/bam/mpnst2_dedup.bam
        

[Wed May  4 08:14:47 2022]
rule alignment_processing:
    input: test/bam/plex2.sam
    output: test/bam/plex2_raw.bam, test/bam/plex2_dedup_unsort.bam, test/bam/plex2_dedup.bam, test/bam/plex2_dedup.bam.bai
    log: test/logs/alignment_processing_plex2.log
    jobid: 17
    wildcards: read_id=plex2
    resources: tmpdir=/tmp


        sambamba view -t 4 -S -f bam test/bam/plex2.sam > test/bam/plex2_raw.bam
        sambamba markdup -r -t 4 test/bam/plex2_raw.bam test/bam/plex2_dedup_unsort.bam
        sambamba sort -t 4 test/bam/plex2_dedup_unsort.bam -o test/bam/plex2_dedup.bam
        sambamba index -t 4 test/bam/plex2_dedup.bam
        

[Wed May  4 08:14:47 2022]
rule downsample_bams:
    input: test/bam/plex1_dedup.bam
    output: test/bam/plex1_ds20.bam
    jobid: 32
    wildcards: read_id=plex1, milreads=20
    resources: tmpdir=/tmp

RuleException in line 92 of /home/jeszyman/repos/cfdna-wgs/workflow/read_preprocess.smk:
NameError: The name 'cfdna_wgs_script_dir' is unknown in this context. Please make sure that you defined that variable. Also note that braces not used for variable access have to be escaped by repeating them, i.e. {{print $1}}
