Building DAG of jobs...
Using shell: /bin/bash
Provided cores: 4
Rules claiming more threads will be scaled down.
Job stats:
job                     count    min threads    max threads
--------------------  -------  -------------  -------------
align                       4              1              1
alignment_processing        4              1              1
all                         1              1              1
fastqc                      8              1              1
rename                      4              1              1
trimmomatic                 4              1              1
total                      25              1              1

Select jobs to execute...

[Wed Apr 13 10:35:45 2022]
rule rename:
    output: test/symlink_fastq/lib002_R1.fastq.gz, test/symlink_fastq/lib002_R2.fastq.gz
    jobid: 4
    wildcards: f=lib002
    resources: tmpdir=/tmp

Activating singularity image /home/jeszyman/sing_containers/biotools.sif

[Wed Apr 13 10:35:45 2022]
rule rename:
    output: test/symlink_fastq/lib003_R1.fastq.gz, test/symlink_fastq/lib003_R2.fastq.gz
    jobid: 6
    wildcards: f=lib003
    resources: tmpdir=/tmp


[Wed Apr 13 10:35:45 2022]
rule rename:
    output: test/symlink_fastq/lib001_R1.fastq.gz, test/symlink_fastq/lib001_R2.fastq.gz
    jobid: 2
    wildcards: f=lib001
    resources: tmpdir=/tmp

Activating singularity image /home/jeszyman/sing_containers/biotools.sif
Activating singularity image /home/jeszyman/sing_containers/biotools.sif

[Wed Apr 13 10:35:45 2022]
rule rename:
    output: test/symlink_fastq/lib004_R1.fastq.gz, test/symlink_fastq/lib004_R2.fastq.gz
    jobid: 8
    wildcards: f=lib004
    resources: tmpdir=/tmp

Activating singularity image /home/jeszyman/sing_containers/biotools.sif
[Wed Apr 13 10:35:45 2022]
Finished job 4.
1 of 25 steps (4%) done
Select jobs to execute...

[Wed Apr 13 10:35:45 2022]
rule trimmomatic:
    input: test/symlink_fastq/lib002_R1.fastq.gz, test/symlink_fastq/lib002_R2.fastq.gz
    output: test/processed-fastq/lib002_proc_R1.fastq.gz, test/unpaired-fastq/lib002_unpr_R1.fastq.gz, test/processed-fastq/lib002_proc_R2.fastq.gz, test/unpaired-fastq/lib002_unpr_R2.fastq.gz
    log: test/logs/trimmomatic_trimlog_lib002.log, test/logs/trimmomatic_lib002.log
    jobid: 3
    wildcards: fq_id=lib002
    resources: tmpdir=/tmp

Activating singularity image /home/jeszyman/sing_containers/biotools.sif
[Wed Apr 13 10:35:45 2022]
Finished job 8.
2 of 25 steps (8%) done
Select jobs to execute...

[Wed Apr 13 10:35:45 2022]
rule trimmomatic:
    input: test/symlink_fastq/lib004_R1.fastq.gz, test/symlink_fastq/lib004_R2.fastq.gz
    output: test/processed-fastq/lib004_proc_R1.fastq.gz, test/unpaired-fastq/lib004_unpr_R1.fastq.gz, test/processed-fastq/lib004_proc_R2.fastq.gz, test/unpaired-fastq/lib004_unpr_R2.fastq.gz
    log: test/logs/trimmomatic_trimlog_lib004.log, test/logs/trimmomatic_lib004.log
    jobid: 7
    wildcards: fq_id=lib004
    resources: tmpdir=/tmp

Activating singularity image /home/jeszyman/sing_containers/biotools.sif
[Wed Apr 13 10:35:45 2022]
Finished job 2.
3 of 25 steps (12%) done
Select jobs to execute...

[Wed Apr 13 10:35:45 2022]
rule trimmomatic:
    input: test/symlink_fastq/lib001_R1.fastq.gz, test/symlink_fastq/lib001_R2.fastq.gz
    output: test/processed-fastq/lib001_proc_R1.fastq.gz, test/unpaired-fastq/lib001_unpr_R1.fastq.gz, test/processed-fastq/lib001_proc_R2.fastq.gz, test/unpaired-fastq/lib001_unpr_R2.fastq.gz
    log: test/logs/trimmomatic_trimlog_lib001.log, test/logs/trimmomatic_lib001.log
    jobid: 1
    wildcards: fq_id=lib001
    resources: tmpdir=/tmp

Activating singularity image /home/jeszyman/sing_containers/biotools.sif
[Wed Apr 13 10:35:46 2022]
Finished job 6.
4 of 25 steps (16%) done
Select jobs to execute...

[Wed Apr 13 10:35:46 2022]
rule trimmomatic:
    input: test/symlink_fastq/lib003_R1.fastq.gz, test/symlink_fastq/lib003_R2.fastq.gz
    output: test/processed-fastq/lib003_proc_R1.fastq.gz, test/unpaired-fastq/lib003_unpr_R1.fastq.gz, test/processed-fastq/lib003_proc_R2.fastq.gz, test/unpaired-fastq/lib003_unpr_R2.fastq.gz
    log: test/logs/trimmomatic_trimlog_lib003.log, test/logs/trimmomatic_lib003.log
    jobid: 5
    wildcards: fq_id=lib003
    resources: tmpdir=/tmp

Activating singularity image /home/jeszyman/sing_containers/biotools.sif
[Wed Apr 13 10:35:53 2022]
Finished job 7.
5 of 25 steps (20%) done
Select jobs to execute...

[Wed Apr 13 10:35:53 2022]
rule align:
    input: test/processed-fastq/lib004_proc_R1.fastq.gz, test/processed-fastq/lib004_proc_R2.fastq.gz
    output: test/bam/lib004.sam
    log: test/logs/align_lib004.log
    jobid: 24
    wildcards: fq_id=lib004
    resources: tmpdir=/tmp

Activating singularity image /home/jeszyman/sing_containers/biotools.sif
[Wed Apr 13 10:35:54 2022]
Finished job 3.
6 of 25 steps (24%) done
Select jobs to execute...

[Wed Apr 13 10:35:54 2022]
rule fastqc:
    input: test/symlink_fastq/lib002_R2.fastq.gz, test/processed-fastq/lib002_proc_R2.fastq.gz
    output: test/qc/lib002_R2_fastqc.html, test/qc/lib002_proc_R2_fastqc.html
    log: test/logs/fastqc_raw_lib002_R2.log, test/logs/fastqc_proc_lib002_R2.log
    jobid: 12
    wildcards: read_id=lib002, read=R2
    resources: tmpdir=/tmp

Activating singularity image /home/jeszyman/sing_containers/biotools.sif
[Wed Apr 13 10:35:54 2022]
Finished job 1.
7 of 25 steps (28%) done
Select jobs to execute...

[Wed Apr 13 10:35:54 2022]
rule align:
    input: test/processed-fastq/lib001_proc_R1.fastq.gz, test/processed-fastq/lib001_proc_R2.fastq.gz
    output: test/bam/lib001.sam
    log: test/logs/align_lib001.log
    jobid: 18
    wildcards: fq_id=lib001
    resources: tmpdir=/tmp

Activating singularity image /home/jeszyman/sing_containers/biotools.sif
[Wed Apr 13 10:35:54 2022]
Finished job 5.
8 of 25 steps (32%) done
Select jobs to execute...

[Wed Apr 13 10:35:54 2022]
rule align:
    input: test/processed-fastq/lib003_proc_R1.fastq.gz, test/processed-fastq/lib003_proc_R2.fastq.gz
    output: test/bam/lib003.sam
    log: test/logs/align_lib003.log
    jobid: 22
    wildcards: fq_id=lib003
    resources: tmpdir=/tmp

Activating singularity image /home/jeszyman/sing_containers/biotools.sif
[Wed Apr 13 10:35:57 2022]
Finished job 24.
9 of 25 steps (36%) done
Select jobs to execute...

[Wed Apr 13 10:35:57 2022]
rule fastqc:
    input: test/symlink_fastq/lib003_R2.fastq.gz, test/processed-fastq/lib003_proc_R2.fastq.gz
    output: test/qc/lib003_R2_fastqc.html, test/qc/lib003_proc_R2_fastqc.html
    log: test/logs/fastqc_raw_lib003_R2.log, test/logs/fastqc_proc_lib003_R2.log
    jobid: 14
    wildcards: read_id=lib003, read=R2
    resources: tmpdir=/tmp

Activating singularity image /home/jeszyman/sing_containers/biotools.sif
[Wed Apr 13 10:35:58 2022]
Finished job 22.
10 of 25 steps (40%) done
Select jobs to execute...

[Wed Apr 13 10:35:58 2022]
rule fastqc:
    input: test/symlink_fastq/lib001_R2.fastq.gz, test/processed-fastq/lib001_proc_R2.fastq.gz
    output: test/qc/lib001_R2_fastqc.html, test/qc/lib001_proc_R2_fastqc.html
    log: test/logs/fastqc_raw_lib001_R2.log, test/logs/fastqc_proc_lib001_R2.log
    jobid: 10
    wildcards: read_id=lib001, read=R2
    resources: tmpdir=/tmp

Activating singularity image /home/jeszyman/sing_containers/biotools.sif
[Wed Apr 13 10:36:02 2022]
Finished job 18.
11 of 25 steps (44%) done
Select jobs to execute...

[Wed Apr 13 10:36:02 2022]
rule align:
    input: test/processed-fastq/lib002_proc_R1.fastq.gz, test/processed-fastq/lib002_proc_R2.fastq.gz
    output: test/bam/lib002.sam
    log: test/logs/align_lib002.log
    jobid: 20
    wildcards: fq_id=lib002
    resources: tmpdir=/tmp

Activating singularity image /home/jeszyman/sing_containers/biotools.sif
[Wed Apr 13 10:36:05 2022]
Finished job 20.
12 of 25 steps (48%) done
Select jobs to execute...

[Wed Apr 13 10:36:05 2022]
rule fastqc:
    input: test/symlink_fastq/lib004_R2.fastq.gz, test/processed-fastq/lib004_proc_R2.fastq.gz
    output: test/qc/lib004_R2_fastqc.html, test/qc/lib004_proc_R2_fastqc.html
    log: test/logs/fastqc_raw_lib004_R2.log, test/logs/fastqc_proc_lib004_R2.log
    jobid: 16
    wildcards: read_id=lib004, read=R2
    resources: tmpdir=/tmp

Activating singularity image /home/jeszyman/sing_containers/biotools.sif
[Wed Apr 13 10:36:10 2022]
Finished job 12.
13 of 25 steps (52%) done
Select jobs to execute...

[Wed Apr 13 10:36:10 2022]
rule alignment_processing:
    input: test/bam/lib002.sam
    output: test/bam/lib002.bam, test/bam/lib002_dedup.bam, test/bam/lib002_dedup_sort.bam, test/bam/lib002_dedup_sort.bam.bai
    log: test/logs/alignment_processing_lib002.log
    jobid: 19
    wildcards: fq_id=lib002
    resources: tmpdir=/tmp

Activating singularity image /home/jeszyman/sing_containers/biotools.sif
[Wed Apr 13 10:36:13 2022]
Finished job 19.
14 of 25 steps (56%) done
Select jobs to execute...

[Wed Apr 13 10:36:13 2022]
rule alignment_processing:
    input: test/bam/lib001.sam
    output: test/bam/lib001.bam, test/bam/lib001_dedup.bam, test/bam/lib001_dedup_sort.bam, test/bam/lib001_dedup_sort.bam.bai
    log: test/logs/alignment_processing_lib001.log
    jobid: 17
    wildcards: fq_id=lib001
    resources: tmpdir=/tmp

Activating singularity image /home/jeszyman/sing_containers/biotools.sif
[Wed Apr 13 10:36:14 2022]
Finished job 14.
15 of 25 steps (60%) done
Select jobs to execute...

[Wed Apr 13 10:36:14 2022]
rule alignment_processing:
    input: test/bam/lib003.sam
    output: test/bam/lib003.bam, test/bam/lib003_dedup.bam, test/bam/lib003_dedup_sort.bam, test/bam/lib003_dedup_sort.bam.bai
    log: test/logs/alignment_processing_lib003.log
    jobid: 21
    wildcards: fq_id=lib003
    resources: tmpdir=/tmp

Activating singularity image /home/jeszyman/sing_containers/biotools.sif
[Wed Apr 13 10:36:14 2022]
Finished job 10.
16 of 25 steps (64%) done
Select jobs to execute...

[Wed Apr 13 10:36:14 2022]
rule fastqc:
    input: test/symlink_fastq/lib003_R1.fastq.gz, test/processed-fastq/lib003_proc_R1.fastq.gz
    output: test/qc/lib003_R1_fastqc.html, test/qc/lib003_proc_R1_fastqc.html
    log: test/logs/fastqc_raw_lib003_R1.log, test/logs/fastqc_proc_lib003_R1.log
    jobid: 13
    wildcards: read_id=lib003, read=R1
    resources: tmpdir=/tmp

Activating singularity image /home/jeszyman/sing_containers/biotools.sif
[Wed Apr 13 10:36:17 2022]
Finished job 17.
17 of 25 steps (68%) done
Select jobs to execute...

[Wed Apr 13 10:36:17 2022]
rule fastqc:
    input: test/symlink_fastq/lib002_R1.fastq.gz, test/processed-fastq/lib002_proc_R1.fastq.gz
    output: test/qc/lib002_R1_fastqc.html, test/qc/lib002_proc_R1_fastqc.html
    log: test/logs/fastqc_raw_lib002_R1.log, test/logs/fastqc_proc_lib002_R1.log
    jobid: 11
    wildcards: read_id=lib002, read=R1
    resources: tmpdir=/tmp

Activating singularity image /home/jeszyman/sing_containers/biotools.sif
[Wed Apr 13 10:36:18 2022]
Finished job 21.
18 of 25 steps (72%) done
Select jobs to execute...

[Wed Apr 13 10:36:18 2022]
rule fastqc:
    input: test/symlink_fastq/lib001_R1.fastq.gz, test/processed-fastq/lib001_proc_R1.fastq.gz
    output: test/qc/lib001_R1_fastqc.html, test/qc/lib001_proc_R1_fastqc.html
    log: test/logs/fastqc_raw_lib001_R1.log, test/logs/fastqc_proc_lib001_R1.log
    jobid: 9
    wildcards: read_id=lib001, read=R1
    resources: tmpdir=/tmp

Activating singularity image /home/jeszyman/sing_containers/biotools.sif
[Wed Apr 13 10:36:21 2022]
Finished job 16.
19 of 25 steps (76%) done
Select jobs to execute...

[Wed Apr 13 10:36:21 2022]
rule alignment_processing:
    input: test/bam/lib004.sam
    output: test/bam/lib004.bam, test/bam/lib004_dedup.bam, test/bam/lib004_dedup_sort.bam, test/bam/lib004_dedup_sort.bam.bai
    log: test/logs/alignment_processing_lib004.log
    jobid: 23
    wildcards: fq_id=lib004
    resources: tmpdir=/tmp

Activating singularity image /home/jeszyman/sing_containers/biotools.sif
[Wed Apr 13 10:36:26 2022]
Finished job 23.
20 of 25 steps (80%) done
Select jobs to execute...

[Wed Apr 13 10:36:26 2022]
rule fastqc:
    input: test/symlink_fastq/lib004_R1.fastq.gz, test/processed-fastq/lib004_proc_R1.fastq.gz
    output: test/qc/lib004_R1_fastqc.html, test/qc/lib004_proc_R1_fastqc.html
    log: test/logs/fastqc_raw_lib004_R1.log, test/logs/fastqc_proc_lib004_R1.log
    jobid: 15
    wildcards: read_id=lib004, read=R1
    resources: tmpdir=/tmp

Activating singularity image /home/jeszyman/sing_containers/biotools.sif
[Wed Apr 13 10:36:32 2022]
Finished job 13.
21 of 25 steps (84%) done
[Wed Apr 13 10:36:33 2022]
Finished job 11.
22 of 25 steps (88%) done
[Wed Apr 13 10:36:34 2022]
Finished job 9.
23 of 25 steps (92%) done
[Wed Apr 13 10:36:38 2022]
Finished job 15.
24 of 25 steps (96%) done
Select jobs to execute...

[Wed Apr 13 10:36:38 2022]
localrule all:
    input: test/processed-fastq/lib001_proc_R1.fastq.gz, test/processed-fastq/lib001_proc_R2.fastq.gz, test/processed-fastq/lib002_proc_R1.fastq.gz, test/processed-fastq/lib002_proc_R2.fastq.gz, test/processed-fastq/lib003_proc_R1.fastq.gz, test/processed-fastq/lib003_proc_R2.fastq.gz, test/processed-fastq/lib004_proc_R1.fastq.gz, test/processed-fastq/lib004_proc_R2.fastq.gz, test/unpaired-fastq/lib001_unpr_R1.fastq.gz, test/unpaired-fastq/lib002_unpr_R1.fastq.gz, test/unpaired-fastq/lib003_unpr_R1.fastq.gz, test/unpaired-fastq/lib004_unpr_R1.fastq.gz, test/qc/lib001_R1_fastqc.html, test/qc/lib001_R2_fastqc.html, test/qc/lib002_R1_fastqc.html, test/qc/lib002_R2_fastqc.html, test/qc/lib003_R1_fastqc.html, test/qc/lib003_R2_fastqc.html, test/qc/lib004_R1_fastqc.html, test/qc/lib004_R2_fastqc.html, test/qc/lib001_proc_R1_fastqc.html, test/qc/lib001_proc_R2_fastqc.html, test/qc/lib002_proc_R1_fastqc.html, test/qc/lib002_proc_R2_fastqc.html, test/qc/lib003_proc_R1_fastqc.html, test/qc/lib003_proc_R2_fastqc.html, test/qc/lib004_proc_R1_fastqc.html, test/qc/lib004_proc_R2_fastqc.html, test/bam/lib001_dedup_sort.bam, test/bam/lib002_dedup_sort.bam, test/bam/lib003_dedup_sort.bam, test/bam/lib004_dedup_sort.bam
    jobid: 0
    resources: tmpdir=/tmp

[Wed Apr 13 10:36:38 2022]
Finished job 0.
25 of 25 steps (100%) done
Complete log: /home/jeszyman/repos/mpnst-preprocessing/.snakemake/log/2022-04-13T103544.963707.snakemake.log
