Building DAG of jobs...
Using shell: /bin/bash
Provided cores: 4
Rules claiming more threads will be scaled down.
Job stats:
job            count    min threads    max threads
-----------  -------  -------------  -------------
all                1              1              1
fastqc_raw         8              1              1
fastqc_trim        8              1              1
total             17              1              1

Select jobs to execute...

[Thu Apr  7 13:51:17 2022]
rule fastqc_raw:
    input: test/fastq/plex2_R2.fastq.gz
    output: test/qc/plex2_R2_fastqc.html, test/qc/plex2_R2_fastqc.zip
    log: test/logs/fastqc_raw_plex2_R2.log
    jobid: 2
    wildcards: fq_id=plex2, read=R2
    resources: tmpdir=/tmp

Activating singularity image /home/jeszyman/sing_containers/biotools.sif

[Thu Apr  7 13:51:17 2022]
rule fastqc_raw:
    input: test/fastq/mpnst1_R1.fastq.gz
    output: test/qc/mpnst1_R1_fastqc.html, test/qc/mpnst1_R1_fastqc.zip
    log: test/logs/fastqc_raw_mpnst1_R1.log
    jobid: 5
    wildcards: fq_id=mpnst1, read=R1
    resources: tmpdir=/tmp

Activating singularity image /home/jeszyman/sing_containers/biotools.sif

[Thu Apr  7 13:51:17 2022]
rule fastqc_trim:
    input: test/processed-fastq/mpnst2_proc_R1.fastq.gz
    output: test/qc/mpnst2_proc_R1_fastqc.html, test/qc/mpnst2_R1_proc_fastqc.zip
    log: test/logs/fastqc_raw_mpnst2_proc_R1.log
    jobid: 15
    wildcards: fq_id=mpnst2, read=R1
    resources: tmpdir=/tmp

Activating singularity image /home/jeszyman/sing_containers/biotools.sif

[Thu Apr  7 13:51:17 2022]
rule fastqc_raw:
    input: test/fastq/plex2_R1.fastq.gz
    output: test/qc/plex2_R1_fastqc.html, test/qc/plex2_R1_fastqc.zip
    log: test/logs/fastqc_raw_plex2_R1.log
    jobid: 1
    wildcards: fq_id=plex2, read=R1
    resources: tmpdir=/tmp

Activating singularity image /home/jeszyman/sing_containers/biotools.sif
[Thu Apr  7 13:51:19 2022]
Finished job 5.
1 of 17 steps (6%) done
Select jobs to execute...

[Thu Apr  7 13:51:19 2022]
rule fastqc_raw:
    input: test/fastq/plex1_R2.fastq.gz
    output: test/qc/plex1_R2_fastqc.html, test/qc/plex1_R2_fastqc.zip
    log: test/logs/fastqc_raw_plex1_R2.log
    jobid: 4
    wildcards: fq_id=plex1, read=R2
    resources: tmpdir=/tmp

Activating singularity image /home/jeszyman/sing_containers/biotools.sif
Waiting at most 5 seconds for missing files.
MissingOutputException in line 27 of /home/jeszyman/repos/mpnst-preprocessing/workflow/read_qc.smk:
Job Missing files after 5 seconds:
test/qc/mpnst2_R1_proc_fastqc.zip
This might be due to filesystem latency. If that is the case, consider to increase the wait time with --latency-wait.
Job id: 15 completed successfully, but some output files are missing. 15
Removing output files of failed job fastqc_trim since they might be corrupted:
test/qc/mpnst2_proc_R1_fastqc.html
[Thu Apr  7 13:51:24 2022]
Finished job 2.
2 of 17 steps (12%) done
[Thu Apr  7 13:51:24 2022]
Finished job 1.
3 of 17 steps (18%) done
[Thu Apr  7 13:51:24 2022]
Finished job 4.
4 of 17 steps (24%) done
Shutting down, this might take some time.
Exiting because a job execution failed. Look above for error message
Complete log: /home/jeszyman/repos/mpnst-preprocessing/.snakemake/log/2022-04-07T135116.773018.snakemake.log
