Building DAG of jobs...
Using shell: /bin/bash
Provided cores: 4
Rules claiming more threads will be scaled down.
Job stats:
job        count    min threads    max threads
-------  -------  -------------  -------------
all            1              1              1
multiqc        1              1              1
total          2              1              1

Select jobs to execute...

[Wed Apr 13 12:50:31 2022]
rule multiqc:
    input: test/qc
    output: test/qc/bam_qc
    jobid: 33
    resources: tmpdir=/tmp

Activating singularity image /home/jeszyman/sing_containers/biotools.sif
[Wed Apr 13 12:50:41 2022]
Error in rule multiqc:
    jobid: 33
    output: test/qc/bam_qc
    shell:
        
        multiqc test/qc         --force         --outdir test/qc
        --filename bam_qc 
        
        (one of the commands exited with non-zero exit code; note that snakemake uses bash strict mode!)

Shutting down, this might take some time.
Exiting because a job execution failed. Look above for error message
Complete log: /home/jeszyman/repos/mpnst-preprocessing/.snakemake/log/2022-04-13T125031.180729.snakemake.log
